number,value,datetime_start,datetime_complete,duration,params_alpha_edge,params_alpha_neuron,params_kernel_type,params_layer_width,params_num_inducing,user_attrs_alpha_edge,user_attrs_alpha_neuron,fit_duration_sec,kernel_type,user_attrs_layer_width,user_attrs_num_inducing,sigma_scale,val_rmse,system_attrs_grid_id,system_attrs_search_space,state,test_rmse
285,3.815151111399142e-05,2026-07-30 11:36:00.440858,2026-07-30 11:36:26.613507,26.172649,0.001,0,rbf,750,100,0.001,0,24.3125275830389,rbf,750,100,1,3.815151111399142e-05,285,"{'alpha_edge': [0, 0.001, 0.1, 1, 10], 'alpha_neuron': [0], 'kernel_type': ['rbf', 'matern', 'periodic'], 'layer_width': [100, 250, 500, 750, 1000], 'num_inducing': [10, 25, 50, 75, 100]}",COMPLETE,
286,4.132174687036155e-06,2026-07-30 11:36:26.616409,2026-07-30 11:37:02.459988,35.843579,10.0,0,matern,750,100,10.0,0,32.78806049999548,matern,750,100,1,4.132174687036155e-06,286,"{'alpha_edge': [0, 0.001, 0.1, 1, 10], 'alpha_neuron': [0], 'kernel_type': ['rbf', 'matern', 'periodic'], 'layer_width': [100, 250, 500, 750, 1000], 'num_inducing': [10, 25, 50, 75, 100]}",COMPLETE,
287,2.1359410272142577e-09,2026-07-30 11:37:02.464521,2026-07-30 11:37:08.113075,5.648554,0.001,0,rbf,1000,10,0.001,0,5.3111195000237785,rbf,1000,10,1,2.1359410272142577e-09,287,"{'alpha_edge': [0, 0.001, 0.1, 1, 10], 'alpha_neuron': [0], 'kernel_type': ['rbf', 'matern', 'periodic'], 'layer_width': [100, 250, 500, 750, 1000], 'num_inducing': [10, 25, 50, 75, 100]}",COMPLETE,
288,0.00683020547522143,2026-07-30 11:37:08.137799,2026-07-30 11:37:09.183041,1.045242,10.0,0,matern,100,25,10.0,0,0.9466546659823507,matern,100,25,1,0.00683020547522143,288,"{'alpha_edge': [0, 0.001, 0.1, 1, 10], 'alpha_neuron': [0], 'kernel_type': ['rbf', 'matern', 'periodic'], 'layer_width': [100, 250, 500, 750, 1000], 'num_inducing': [10, 25, 50, 75, 100]}",COMPLETE,
289,5.452132191161706e-08,2026-07-30 11:37:09.186998,2026-07-30 11:37:36.729932,27.542934,0.1,0,rbf,750,100,0.1,0,25.751701792003587,rbf,750,100,1,5.452132191161706e-08,289,"{'alpha_edge': [0, 0.001, 0.1, 1, 10], 'alpha_neuron': [0], 'kernel_type': ['rbf', 'matern', 'periodic'], 'layer_width': [100, 250, 500, 750, 1000], 'num_inducing': [10, 25, 50, 75, 100]}",COMPLETE,
290,0.054734018170275026,2026-07-30 11:37:36.733026,2026-07-30 11:38:17.735614,41.002588,0.0,0,periodic,750,100,0.0,0,36.49127758300165,periodic,750,100,1,0.054734018170275026,290,"{'alpha_edge': [0, 0.001, 0.1, 1, 10], 'alpha_neuron': [0], 'kernel_type': ['rbf', 'matern', 'periodic'], 'layer_width': [100, 250, 500, 750, 1000], 'num_inducing': [10, 25, 50, 75, 100]}",COMPLETE,
291,0.006273271790933091,2026-07-30 11:38:17.739528,2026-07-30 11:38:52.218622,34.479094,0.0,0,matern,1000,75,0.0,0,31.599528457969427,matern,1000,75,1,0.006273271790933091,291,"{'alpha_edge': [0, 0.001, 0.1, 1, 10], 'alpha_neuron': [0], 'kernel_type': ['rbf', 'matern', 'periodic'], 'layer_width': [100, 250, 500, 750, 1000], 'num_inducing': [10, 25, 50, 75, 100]}",COMPLETE,
292,0.07846772888675037,2026-07-30 11:38:52.222544,2026-07-30 11:38:58.400114,6.17757,0.1,0,periodic,250,50,0.1,0,5.574368832982145,periodic,250,50,1,0.07846772888675037,292,"{'alpha_edge': [0, 0.001, 0.1, 1, 10], 'alpha_neuron': [0], 'kernel_type': ['rbf', 'matern', 'periodic'], 'layer_width': [100, 250, 500, 750, 1000], 'num_inducing': [10, 25, 50, 75, 100]}",COMPLETE,
293,0.10398120832003649,2026-07-30 11:38:58.404473,2026-07-30 11:39:03.860084,5.455611,1.0,0,periodic,100,100,1.0,0,5.006375500001013,periodic,100,100,1,0.10398120832003649,293,"{'alpha_edge': [0, 0.001, 0.1, 1, 10], 'alpha_neuron': [0], 'kernel_type': ['rbf', 'matern', 'periodic'], 'layer_width': [100, 250, 500, 750, 1000], 'num_inducing': [10, 25, 50, 75, 100]}",COMPLETE,
294,0.008839618856514731,2026-07-30 11:39:03.864611,2026-07-30 11:39:05.733211,1.8686,1.0,0,rbf,100,50,1.0,0,1.691884082974866,rbf,100,50,1,0.008839618856514731,294,"{'alpha_edge': [0, 0.001, 0.1, 1, 10], 'alpha_neuron': [0], 'kernel_type': ['rbf', 'matern', 'periodic'], 'layer_width': [100, 250, 500, 750, 1000], 'num_inducing': [10, 25, 50, 75, 100]}",COMPLETE,
295,0.0470146951839286,2026-07-30 11:39:05.738158,2026-07-30 11:39:41.637201,35.899043,0.001,0,periodic,1000,75,0.001,0,32.48244516697014,periodic,1000,75,1,0.0470146951839286,295,"{'alpha_edge': [0, 0.001, 0.1, 1, 10], 'alpha_neuron': [0], 'kernel_type': ['rbf', 'matern', 'periodic'], 'layer_width': [100, 250, 500, 750, 1000], 'num_inducing': [10, 25, 50, 75, 100]}",COMPLETE,
296,0.049267798563232976,2026-07-30 11:39:41.640496,2026-07-30 11:40:09.154856,27.51436,0.001,0,periodic,750,75,0.001,0,24.960709834005684,periodic,750,75,1,0.049267798563232976,296,"{'alpha_edge': [0, 0.001, 0.1, 1, 10], 'alpha_neuron': [0], 'kernel_type': ['rbf', 'matern', 'periodic'], 'layer_width': [100, 250, 500, 750, 1000], 'num_inducing': [10, 25, 50, 75, 100]}",COMPLETE,
297,0.0020645899840772406,2026-07-30 11:40:09.157870,2026-07-30 11:40:10.670035,1.512165,0.1,0,matern,250,10,0.1,0,1.342515749973245,matern,250,10,1,0.0020645899840772406,297,"{'alpha_edge': [0, 0.001, 0.1, 1, 10], 'alpha_neuron': [0], 'kernel_type': ['rbf', 'matern', 'periodic'], 'layer_width': [100, 250, 500, 750, 1000], 'num_inducing': [10, 25, 50, 75, 100]}",COMPLETE,
298,0.08624534548470567,2026-07-30 11:40:10.673271,2026-07-30 11:40:13.754795,3.081524,0.001,0,periodic,250,25,0.001,0,2.7237822920433246,periodic,250,25,1,0.08624534548470567,298,"{'alpha_edge': [0, 0.001, 0.1, 1, 10], 'alpha_neuron': [0], 'kernel_type': ['rbf', 'matern', 'periodic'], 'layer_width': [100, 250, 500, 750, 1000], 'num_inducing': [10, 25, 50, 75, 100]}",COMPLETE,
299,0.0007659735682512275,2026-07-30 11:40:13.757684,2026-07-30 11:40:19.822228,6.064544,10.0,0,matern,250,50,10.0,0,5.573414500046056,matern,250,50,1,0.0007659735682512275,299,"{'alpha_edge': [0, 0.001, 0.1, 1, 10], 'alpha_neuron': [0], 'kernel_type': ['rbf', 'matern', 'periodic'], 'layer_width': [100, 250, 500, 750, 1000], 'num_inducing': [10, 25, 50, 75, 100]}",COMPLETE,
300,0.06117424506244045,2026-07-30 11:40:19.825293,2026-07-30 11:40:54.504207,34.678914,10.0,0,periodic,1000,75,10.0,0,31.266053750005085,periodic,1000,75,1,0.06117424506244045,300,"{'alpha_edge': [0, 0.001, 0.1, 1, 10], 'alpha_neuron': [0], 'kernel_type': ['rbf', 'matern', 'periodic'], 'layer_width': [100, 250, 500, 750, 1000], 'num_inducing': [10, 25, 50, 75, 100]}",COMPLETE,
301,6.543944199894394e-05,2026-07-30 11:40:54.507189,2026-07-30 11:41:05.862284,11.355095,1.0,0,matern,500,50,1.0,0,10.356050958973356,matern,500,50,1,6.543944199894394e-05,301,"{'alpha_edge': [0, 0.001, 0.1, 1, 10], 'alpha_neuron': [0], 'kernel_type': ['rbf', 'matern', 'periodic'], 'layer_width': [100, 250, 500, 750, 1000], 'num_inducing': [10, 25, 50, 75, 100]}",COMPLETE,
302,0.09214112616351046,2026-07-30 11:41:05.865284,2026-07-30 11:41:09.357344,3.49206,0.1,0,periodic,100,75,0.1,0,3.1391398750129156,periodic,100,75,1,0.09214112616351046,302,"{'alpha_edge': [0, 0.001, 0.1, 1, 10], 'alpha_neuron': [0], 'kernel_type': ['rbf', 'matern', 'periodic'], 'layer_width': [100, 250, 500, 750, 1000], 'num_inducing': [10, 25, 50, 75, 100]}",COMPLETE,
303,0.0019469411063298154,2026-07-30 11:41:09.360473,2026-07-30 11:41:17.773412,8.412939,0.001,0,rbf,250,100,0.001,0,7.835254125006031,rbf,250,100,1,0.0019469411063298154,303,"{'alpha_edge': [0, 0.001, 0.1, 1, 10], 'alpha_neuron': [0], 'kernel_type': ['rbf', 'matern', 'periodic'], 'layer_width': [100, 250, 500, 750, 1000], 'num_inducing': [10, 25, 50, 75, 100]}",COMPLETE,
304,7.313867415432419e-05,2026-07-30 11:41:17.776380,2026-07-30 11:41:30.645607,12.869227,0.001,0,matern,1000,25,0.001,0,11.406554624962155,matern,1000,25,1,7.313867415432419e-05,304,"{'alpha_edge': [0, 0.001, 0.1, 1, 10], 'alpha_neuron': [0], 'kernel_type': ['rbf', 'matern', 'periodic'], 'layer_width': [100, 250, 500, 750, 1000], 'num_inducing': [10, 25, 50, 75, 100]}",COMPLETE,
305,1.7064298901448914e-09,2026-07-30 11:41:30.648706,2026-07-30 11:41:37.058882,6.410176,10.0,0,rbf,1000,10,10.0,0,6.075455457961652,rbf,1000,10,1,1.7064298901448914e-09,305,"{'alpha_edge': [0, 0.001, 0.1, 1, 10], 'alpha_neuron': [0], 'kernel_type': ['rbf', 'matern', 'periodic'], 'layer_width': [100, 250, 500, 750, 1000], 'num_inducing': [10, 25, 50, 75, 100]}",COMPLETE,2.3924140898455615e-07
306,1.3401218577119941e-05,2026-07-30 11:41:37.063654,2026-07-30 11:41:46.266272,9.202618,10.0,0,matern,750,25,10.0,0,8.470991208043415,matern,750,25,1,1.3401218577119941e-05,306,"{'alpha_edge': [0, 0.001, 0.1, 1, 10], 'alpha_neuron': [0], 'kernel_type': ['rbf', 'matern', 'periodic'], 'layer_width': [100, 250, 500, 750, 1000], 'num_inducing': [10, 25, 50, 75, 100]}",COMPLETE,
307,7.5493424397219e-06,2026-07-30 11:41:46.271192,2026-07-30 11:41:53.631060,7.359868,0.001,0,rbf,750,25,0.001,0,6.654376499995124,rbf,750,25,1,7.5493424397219e-06,307,"{'alpha_edge': [0, 0.001, 0.1, 1, 10], 'alpha_neuron': [0], 'kernel_type': ['rbf', 'matern', 'periodic'], 'layer_width': [100, 250, 500, 750, 1000], 'num_inducing': [10, 25, 50, 75, 100]}",COMPLETE,
308,0.0018021421486990184,2026-07-30 11:41:53.636941,2026-07-30 11:41:58.068117,4.431176,0.001,0,rbf,250,50,0.001,0,4.089717041992117,rbf,250,50,1,0.0018021421486990184,308,"{'alpha_edge': [0, 0.001, 0.1, 1, 10], 'alpha_neuron': [0], 'kernel_type': ['rbf', 'matern', 'periodic'], 'layer_width': [100, 250, 500, 750, 1000], 'num_inducing': [10, 25, 50, 75, 100]}",COMPLETE,
309,2.7803995645324234e-05,2026-07-30 11:41:58.071254,2026-07-30 11:42:15.750920,17.679666,1.0,0,matern,750,50,1.0,0,16.15866083302535,matern,750,50,1,2.7803995645324234e-05,309,"{'alpha_edge': [0, 0.001, 0.1, 1, 10], 'alpha_neuron': [0], 'kernel_type': ['rbf', 'matern', 'periodic'], 'layer_width': [100, 250, 500, 750, 1000], 'num_inducing': [10, 25, 50, 75, 100]}",COMPLETE,
310,0.00018799619205369853,2026-07-30 11:42:15.754189,2026-07-30 11:42:51.154090,35.399901,0.001,0,matern,750,100,0.001,0,32.60634370800108,matern,750,100,1,0.00018799619205369853,310,"{'alpha_edge': [0, 0.001, 0.1, 1, 10], 'alpha_neuron': [0], 'kernel_type': ['rbf', 'matern', 'periodic'], 'layer_width': [100, 250, 500, 750, 1000], 'num_inducing': [10, 25, 50, 75, 100]}",COMPLETE,
311,0.06947330713597423,2026-07-30 11:42:51.157123,2026-07-30 11:43:01.207496,10.050373,1.0,0,periodic,750,25,1.0,0,9.016607416968327,periodic,750,25,1,0.06947330713597423,311,"{'alpha_edge': [0, 0.001, 0.1, 1, 10], 'alpha_neuron': [0], 'kernel_type': ['rbf', 'matern', 'periodic'], 'layer_width': [100, 250, 500, 750, 1000], 'num_inducing': [10, 25, 50, 75, 100]}",COMPLETE,
312,0.07371736672347307,2026-07-30 11:43:01.210806,2026-07-30 11:43:07.384657,6.173851,0.0,0,periodic,250,50,0.0,0,5.517684000020381,periodic,250,50,1,0.07371736672347307,312,"{'alpha_edge': [0, 0.001, 0.1, 1, 10], 'alpha_neuron': [0], 'kernel_type': ['rbf', 'matern', 'periodic'], 'layer_width': [100, 250, 500, 750, 1000], 'num_inducing': [10, 25, 50, 75, 100]}",COMPLETE,
313,0.0022519128488819942,2026-07-30 11:43:07.387748,2026-07-30 11:43:13.262404,5.874656,1.0,0,matern,250,50,1.0,0,5.329699458030518,matern,250,50,1,0.0022519128488819942,313,"{'alpha_edge': [0, 0.001, 0.1, 1, 10], 'alpha_neuron': [0], 'kernel_type': ['rbf', 'matern', 'periodic'], 'layer_width': [100, 250, 500, 750, 1000], 'num_inducing': [10, 25, 50, 75, 100]}",COMPLETE,
314,0.001075232816887961,2026-07-30 11:43:13.265181,2026-07-30 11:43:14.677782,1.412601,10.0,0,matern,250,10,10.0,0,1.2596921660006046,matern,250,10,1,0.001075232816887961,314,"{'alpha_edge': [0, 0.001, 0.1, 1, 10], 'alpha_neuron': [0], 'kernel_type': ['rbf', 'matern', 'periodic'], 'layer_width': [100, 250, 500, 750, 1000], 'num_inducing': [10, 25, 50, 75, 100]}",COMPLETE,
315,0.006239076469191904,2026-07-30 11:43:14.681568,2026-07-30 11:43:32.551161,17.869593,0.0,0,matern,750,50,0.0,0,16.324472290987615,matern,750,50,1,0.006239076469191904,315,"{'alpha_edge': [0, 0.001, 0.1, 1, 10], 'alpha_neuron': [0], 'kernel_type': ['rbf', 'matern', 'periodic'], 'layer_width': [100, 250, 500, 750, 1000], 'num_inducing': [10, 25, 50, 75, 100]}",COMPLETE,
316,0.0032223441313583056,2026-07-30 11:43:32.562803,2026-07-30 11:43:34.097018,1.534215,0.001,0,matern,250,10,0.001,0,1.4210675000213087,matern,250,10,1,0.0032223441313583056,316,"{'alpha_edge': [0, 0.001, 0.1, 1, 10], 'alpha_neuron': [0], 'kernel_type': ['rbf', 'matern', 'periodic'], 'layer_width': [100, 250, 500, 750, 1000], 'num_inducing': [10, 25, 50, 75, 100]}",COMPLETE,
317,2.550787835006119e-05,2026-07-30 11:43:34.102953,2026-07-30 11:44:09.062699,34.959746,1.0,0,matern,1000,75,1.0,0,32.19201904098736,matern,1000,75,1,2.550787835006119e-05,317,"{'alpha_edge': [0, 0.001, 0.1, 1, 10], 'alpha_neuron': [0], 'kernel_type': ['rbf', 'matern', 'periodic'], 'layer_width': [100, 250, 500, 750, 1000], 'num_inducing': [10, 25, 50, 75, 100]}",COMPLETE,
318,0.007025241371291496,2026-07-30 11:44:09.068516,2026-07-30 11:44:12.484730,3.416214,10.0,0,matern,100,75,10.0,0,3.054469875001814,matern,100,75,1,0.007025241371291496,318,"{'alpha_edge': [0, 0.001, 0.1, 1, 10], 'alpha_neuron': [0], 'kernel_type': ['rbf', 'matern', 'periodic'], 'layer_width': [100, 250, 500, 750, 1000], 'num_inducing': [10, 25, 50, 75, 100]}",COMPLETE,
319,0.008248872782916751,2026-07-30 11:44:12.515069,2026-07-30 11:44:29.240953,16.725884,0.0,0,matern,500,75,0.0,0,15.194428833958227,matern,500,75,1,0.008248872782916751,319,"{'alpha_edge': [0, 0.001, 0.1, 1, 10], 'alpha_neuron': [0], 'kernel_type': ['rbf', 'matern', 'periodic'], 'layer_width': [100, 250, 500, 750, 1000], 'num_inducing': [10, 25, 50, 75, 100]}",COMPLETE,
320,0.09557862558164251,2026-07-30 11:44:29.243839,2026-07-30 11:44:32.753483,3.509644,0.0,0,periodic,100,75,0.0,0,3.1746351250330918,periodic,100,75,1,0.09557862558164251,320,"{'alpha_edge': [0, 0.001, 0.1, 1, 10], 'alpha_neuron': [0], 'kernel_type': ['rbf', 'matern', 'periodic'], 'layer_width': [100, 250, 500, 750, 1000], 'num_inducing': [10, 25, 50, 75, 100]}",COMPLETE,
321,7.0509197396438565e-09,2026-07-30 11:44:32.756451,2026-07-30 11:44:50.956137,18.199686,10.0,0,rbf,1000,50,10.0,0,16.65071524999803,rbf,1000,50,1,7.0509197396438565e-09,321,"{'alpha_edge': [0, 0.001, 0.1, 1, 10], 'alpha_neuron': [0], 'kernel_type': ['rbf', 'matern', 'periodic'], 'layer_width': [100, 250, 500, 750, 1000], 'num_inducing': [10, 25, 50, 75, 100]}",COMPLETE,
322,0.10417228207569489,2026-07-30 11:44:50.959337,2026-07-30 11:44:54.641525,3.682188,0.001,0,periodic,100,75,0.001,0,3.26046437502373,periodic,100,75,1,0.10417228207569489,322,"{'alpha_edge': [0, 0.001, 0.1, 1, 10], 'alpha_neuron': [0], 'kernel_type': ['rbf', 'matern', 'periodic'], 'layer_width': [100, 250, 500, 750, 1000], 'num_inducing': [10, 25, 50, 75, 100]}",COMPLETE,
323,0.06797569529549212,2026-07-30 11:44:54.644444,2026-07-30 11:44:59.961504,5.31706,1.0,0,periodic,750,10,1.0,0,4.861993041995447,periodic,750,10,1,0.06797569529549212,323,"{'alpha_edge': [0, 0.001, 0.1, 1, 10], 'alpha_neuron': [0], 'kernel_type': ['rbf', 'matern', 'periodic'], 'layer_width': [100, 250, 500, 750, 1000], 'num_inducing': [10, 25, 50, 75, 100]}",COMPLETE,
324,0.0333695358199766,2026-07-30 11:44:59.964690,2026-07-30 11:45:03.446123,3.481433,0.0,0,matern,100,75,0.0,0,3.1282960409880616,matern,100,75,1,0.0333695358199766,324,"{'alpha_edge': [0, 0.001, 0.1, 1, 10], 'alpha_neuron': [0], 'kernel_type': ['rbf', 'matern', 'periodic'], 'layer_width': [100, 250, 500, 750, 1000], 'num_inducing': [10, 25, 50, 75, 100]}",COMPLETE,
325,0.0024466223592853557,2026-07-30 11:45:03.451737,2026-07-30 11:45:12.032955,8.581218,0.1,0,matern,250,75,0.1,0,7.727707166981418,matern,250,75,1,0.0024466223592853557,325,"{'alpha_edge': [0, 0.001, 0.1, 1, 10], 'alpha_neuron': [0], 'kernel_type': ['rbf', 'matern', 'periodic'], 'layer_width': [100, 250, 500, 750, 1000], 'num_inducing': [10, 25, 50, 75, 100]}",COMPLETE,
326,1.0440746417695427e-06,2026-07-30 11:45:12.070025,2026-07-30 11:45:25.536737,13.466712,0.1,0,rbf,500,75,0.1,0,12.391807792009786,rbf,500,75,1,1.0440746417695427e-06,326,"{'alpha_edge': [0, 0.001, 0.1, 1, 10], 'alpha_neuron': [0], 'kernel_type': ['rbf', 'matern', 'periodic'], 'layer_width': [100, 250, 500, 750, 1000], 'num_inducing': [10, 25, 50, 75, 100]}",COMPLETE,
327,0.007984835433152523,2026-07-30 11:45:25.540154,2026-07-30 11:45:26.496708,0.956554,0.1,0,rbf,100,25,0.1,0,0.8366053339559585,rbf,100,25,1,0.007984835433152523,327,"{'alpha_edge': [0, 0.001, 0.1, 1, 10], 'alpha_neuron': [0], 'kernel_type': ['rbf', 'matern', 'periodic'], 'layer_width': [100, 250, 500, 750, 1000], 'num_inducing': [10, 25, 50, 75, 100]}",COMPLETE,
328,6.550437411148683e-08,2026-07-30 11:45:26.500079,2026-07-30 11:45:54.543020,28.042941,1.0,0,rbf,750,100,1.0,0,25.908136333047878,rbf,750,100,1,6.550437411148683e-08,328,"{'alpha_edge': [0, 0.001, 0.1, 1, 10], 'alpha_neuron': [0], 'kernel_type': ['rbf', 'matern', 'periodic'], 'layer_width': [100, 250, 500, 750, 1000], 'num_inducing': [10, 25, 50, 75, 100]}",COMPLETE,
329,0.09427492764444528,2026-07-30 11:45:54.546132,2026-07-30 11:45:56.963594,2.417462,0.1,0,periodic,100,50,0.1,0,2.1366162500344217,periodic,100,50,1,0.09427492764444528,329,"{'alpha_edge': [0, 0.001, 0.1, 1, 10], 'alpha_neuron': [0], 'kernel_type': ['rbf', 'matern', 'periodic'], 'layer_width': [100, 250, 500, 750, 1000], 'num_inducing': [10, 25, 50, 75, 100]}",COMPLETE,
330,0.01575102896415903,2026-07-30 11:45:56.968315,2026-07-30 11:45:59.822126,2.853811,0.0,0,matern,250,25,0.0,0,2.622547915962059,matern,250,25,1,0.01575102896415903,330,"{'alpha_edge': [0, 0.001, 0.1, 1, 10], 'alpha_neuron': [0], 'kernel_type': ['rbf', 'matern', 'periodic'], 'layer_width': [100, 250, 500, 750, 1000], 'num_inducing': [10, 25, 50, 75, 100]}",COMPLETE,
331,0.021852410236776806,2026-07-30 11:45:59.824933,2026-07-30 11:46:05.651307,5.826374,0.0,0,matern,250,50,0.0,0,5.318885374988895,matern,250,50,1,0.021852410236776806,331,"{'alpha_edge': [0, 0.001, 0.1, 1, 10], 'alpha_neuron': [0], 'kernel_type': ['rbf', 'matern', 'periodic'], 'layer_width': [100, 250, 500, 750, 1000], 'num_inducing': [10, 25, 50, 75, 100]}",COMPLETE,
332,0.10508922002786977,2026-07-30 11:46:05.654107,2026-07-30 11:46:08.021745,2.367638,0.001,0,periodic,100,50,0.001,0,2.1397406670148484,periodic,100,50,1,0.10508922002786977,332,"{'alpha_edge': [0, 0.001, 0.1, 1, 10], 'alpha_neuron': [0], 'kernel_type': ['rbf', 'matern', 'periodic'], 'layer_width': [100, 250, 500, 750, 1000], 'num_inducing': [10, 25, 50, 75, 100]}",COMPLETE,
333,7.451194226480265e-05,2026-07-30 11:46:08.025153,2026-07-30 11:46:11.006002,2.980849,0.1,0,matern,500,10,0.1,0,2.724408084002789,matern,500,10,1,7.451194226480265e-05,333,"{'alpha_edge': [0, 0.001, 0.1, 1, 10], 'alpha_neuron': [0], 'kernel_type': ['rbf', 'matern', 'periodic'], 'layer_width': [100, 250, 500, 750, 1000], 'num_inducing': [10, 25, 50, 75, 100]}",COMPLETE,
334,4.388794590841778e-06,2026-07-30 11:46:11.010188,2026-07-30 11:46:35.683620,24.673432,10.0,0,matern,1000,50,10.0,0,22.446264082973357,matern,1000,50,1,4.388794590841778e-06,334,"{'alpha_edge': [0, 0.001, 0.1, 1, 10], 'alpha_neuron': [0], 'kernel_type': ['rbf', 'matern', 'periodic'], 'layer_width': [100, 250, 500, 750, 1000], 'num_inducing': [10, 25, 50, 75, 100]}",COMPLETE,
335,0.06078827162928264,2026-07-30 11:46:35.686672,2026-07-30 11:46:54.746063,19.059391,1.0,0,periodic,500,75,1.0,0,17.182662667008117,periodic,500,75,1,0.06078827162928264,335,"{'alpha_edge': [0, 0.001, 0.1, 1, 10], 'alpha_neuron': [0], 'kernel_type': ['rbf', 'matern', 'periodic'], 'layer_width': [100, 250, 500, 750, 1000], 'num_inducing': [10, 25, 50, 75, 100]}",COMPLETE,
336,0.1230626241041389,2026-07-30 11:46:54.751685,2026-07-30 11:46:57.121050,2.369365,10.0,0,periodic,100,50,10.0,0,2.125724707962945,periodic,100,50,1,0.1230626241041389,336,"{'alpha_edge': [0, 0.001, 0.1, 1, 10], 'alpha_neuron': [0], 'kernel_type': ['rbf', 'matern', 'periodic'], 'layer_width': [100, 250, 500, 750, 1000], 'num_inducing': [10, 25, 50, 75, 100]}",COMPLETE,
337,0.0463267170353987,2026-07-30 11:46:57.124481,2026-07-30 11:47:22.568866,25.444385,0.001,0,periodic,1000,50,0.001,0,22.794499291980173,periodic,1000,50,1,0.0463267170353987,337,"{'alpha_edge': [0, 0.001, 0.1, 1, 10], 'alpha_neuron': [0], 'kernel_type': ['rbf', 'matern', 'periodic'], 'layer_width': [100, 250, 500, 750, 1000], 'num_inducing': [10, 25, 50, 75, 100]}",COMPLETE,
338,0.060178479128224556,2026-07-30 11:47:22.572510,2026-07-30 11:47:26.077535,3.505025,1.0,0,periodic,500,10,1.0,0,3.1371001660008915,periodic,500,10,1,0.060178479128224556,338,"{'alpha_edge': [0, 0.001, 0.1, 1, 10], 'alpha_neuron': [0], 'kernel_type': ['rbf', 'matern', 'periodic'], 'layer_width': [100, 250, 500, 750, 1000], 'num_inducing': [10, 25, 50, 75, 100]}",COMPLETE,
339,2.535773648741641e-06,2026-07-30 11:47:26.081621,2026-07-30 11:47:32.428391,6.34677,10.0,0,matern,1000,10,10.0,0,5.90730291599175,matern,1000,10,1,2.535773648741641e-06,339,"{'alpha_edge': [0, 0.001, 0.1, 1, 10], 'alpha_neuron': [0], 'kernel_type': ['rbf', 'matern', 'periodic'], 'layer_width': [100, 250, 500, 750, 1000], 'num_inducing': [10, 25, 50, 75, 100]}",COMPLETE,
340,0.022977178272651166,2026-07-30 11:47:32.433351,2026-07-30 11:47:34.826000,2.392649,0.1,0,matern,100,50,0.1,0,2.141391957993619,matern,100,50,1,0.022977178272651166,340,"{'alpha_edge': [0, 0.001, 0.1, 1, 10], 'alpha_neuron': [0], 'kernel_type': ['rbf', 'matern', 'periodic'], 'layer_width': [100, 250, 500, 750, 1000], 'num_inducing': [10, 25, 50, 75, 100]}",COMPLETE,
341,2.0776788352897132e-06,2026-07-30 11:47:34.828875,2026-07-30 11:48:11.434443,36.605568,0.001,0,rbf,1000,100,0.001,0,34.22557241702452,rbf,1000,100,1,2.0776788352897132e-06,341,"{'alpha_edge': [0, 0.001, 0.1, 1, 10], 'alpha_neuron': [0], 'kernel_type': ['rbf', 'matern', 'periodic'], 'layer_width': [100, 250, 500, 750, 1000], 'num_inducing': [10, 25, 50, 75, 100]}",COMPLETE,
