number,value,datetime_start,datetime_complete,duration,params_alpha_edge,params_alpha_neuron,params_layer_width,params_num_inducing,user_attrs_alpha_edge,user_attrs_alpha_neuron,fit_duration_sec,kernel_type,user_attrs_layer_width,user_attrs_num_inducing,sigma_scale,val_rmse,system_attrs_grid_id,system_attrs_search_space,state,test_rmse
249,0.007876000817897662,2026-07-26 16:42:18.923049,2026-07-26 16:42:25.205360,6.282311,0.001,10.0,1000,25,0.001,10.0,5.42336208402412,rbf,1000,25,1,0.007876000817897662,249,"{'alpha_edge': [0, 0.001, 0.1, 1, 10], 'alpha_neuron': [0, 0.001, 0.1, 1, 10], 'layer_width': [100, 250, 500, 750, 1000], 'num_inducing': [10, 25, 50, 75, 100]}",COMPLETE,
250,0.011449008026631837,2026-07-26 16:42:25.210231,2026-07-26 16:42:31.674455,6.464224,1.0,10.0,1000,25,1.0,10.0,5.69872933300212,rbf,1000,25,1,0.011449008026631837,250,"{'alpha_edge': [0, 0.001, 0.1, 1, 10], 'alpha_neuron': [0, 0.001, 0.1, 1, 10], 'layer_width': [100, 250, 500, 750, 1000], 'num_inducing': [10, 25, 50, 75, 100]}",COMPLETE,
251,0.019079263744774273,2026-07-26 16:42:31.678571,2026-07-26 16:42:33.541649,1.863078,0.001,0.1,100,100,0.001,0.1,1.6323079579742625,rbf,100,100,1,0.019079263744774273,251,"{'alpha_edge': [0, 0.001, 0.1, 1, 10], 'alpha_neuron': [0, 0.001, 0.1, 1, 10], 'layer_width': [100, 250, 500, 750, 1000], 'num_inducing': [10, 25, 50, 75, 100]}",COMPLETE,
252,0.002262881819737094,2026-07-26 16:42:33.546024,2026-07-26 16:42:52.245302,18.699278,10.0,0.1,1000,100,10.0,0.1,16.377396999974735,rbf,1000,100,1,0.002262881819737094,252,"{'alpha_edge': [0, 0.001, 0.1, 1, 10], 'alpha_neuron': [0, 0.001, 0.1, 1, 10], 'layer_width': [100, 250, 500, 750, 1000], 'num_inducing': [10, 25, 50, 75, 100]}",COMPLETE,
253,0.00934422944959463,2026-07-26 16:42:52.248370,2026-07-26 16:43:00.125985,7.877615,0.1,10.0,750,50,0.1,10.0,6.924867708003148,rbf,750,50,1,0.00934422944959463,253,"{'alpha_edge': [0, 0.001, 0.1, 1, 10], 'alpha_neuron': [0, 0.001, 0.1, 1, 10], 'layer_width': [100, 250, 500, 750, 1000], 'num_inducing': [10, 25, 50, 75, 100]}",COMPLETE,
254,0.0248525658380235,2026-07-26 16:43:00.130555,2026-07-26 16:43:01.641866,1.511311,10.0,10.0,250,25,10.0,10.0,1.3485248750075698,rbf,250,25,1,0.0248525658380235,254,"{'alpha_edge': [0, 0.001, 0.1, 1, 10], 'alpha_neuron': [0, 0.001, 0.1, 1, 10], 'layer_width': [100, 250, 500, 750, 1000], 'num_inducing': [10, 25, 50, 75, 100]}",COMPLETE,
255,0.03736207997616325,2026-07-26 16:43:01.645393,2026-07-26 16:43:02.754119,1.108726,1.0,10.0,100,50,1.0,10.0,0.9458269170136191,rbf,100,50,1,0.03736207997616325,255,"{'alpha_edge': [0, 0.001, 0.1, 1, 10], 'alpha_neuron': [0, 0.001, 0.1, 1, 10], 'layer_width': [100, 250, 500, 750, 1000], 'num_inducing': [10, 25, 50, 75, 100]}",COMPLETE,
256,0.010458499440451604,2026-07-26 16:43:02.758254,2026-07-26 16:43:07.222976,4.464722,0.1,10.0,750,25,0.1,10.0,3.974512082990259,rbf,750,25,1,0.010458499440451604,256,"{'alpha_edge': [0, 0.001, 0.1, 1, 10], 'alpha_neuron': [0, 0.001, 0.1, 1, 10], 'layer_width': [100, 250, 500, 750, 1000], 'num_inducing': [10, 25, 50, 75, 100]}",COMPLETE,
257,0.0017797050550920632,2026-07-26 16:43:07.226118,2026-07-26 16:43:08.954141,1.728023,0.001,0.1,500,10,0.001,0.1,1.592881583957933,rbf,500,10,1,0.0017797050550920632,257,"{'alpha_edge': [0, 0.001, 0.1, 1, 10], 'alpha_neuron': [0, 0.001, 0.1, 1, 10], 'layer_width': [100, 250, 500, 750, 1000], 'num_inducing': [10, 25, 50, 75, 100]}",COMPLETE,
258,0.013870575559641432,2026-07-26 16:43:08.956747,2026-07-26 16:43:10.446833,1.490086,0.001,0.001,100,75,0.001,0.001,1.2826993329799734,rbf,100,75,1,0.013870575559641432,258,"{'alpha_edge': [0, 0.001, 0.1, 1, 10], 'alpha_neuron': [0, 0.001, 0.1, 1, 10], 'layer_width': [100, 250, 500, 750, 1000], 'num_inducing': [10, 25, 50, 75, 100]}",COMPLETE,
259,0.06437031184316824,2026-07-26 16:43:10.452353,2026-07-26 16:43:13.709975,3.257622,0.0,0.1,100,100,0.0,0.1,3.0431620000163093,rbf,100,100,1,0.06437031184316824,259,"{'alpha_edge': [0, 0.001, 0.1, 1, 10], 'alpha_neuron': [0, 0.001, 0.1, 1, 10], 'layer_width': [100, 250, 500, 750, 1000], 'num_inducing': [10, 25, 50, 75, 100]}",COMPLETE,
260,0.06891500980343954,2026-07-26 16:43:13.713296,2026-07-26 16:43:14.685711,0.972415,0.0,0.001,250,10,0.0,0.001,0.8644653339870274,rbf,250,10,1,0.06891500980343954,260,"{'alpha_edge': [0, 0.001, 0.1, 1, 10], 'alpha_neuron': [0, 0.001, 0.1, 1, 10], 'layer_width': [100, 250, 500, 750, 1000], 'num_inducing': [10, 25, 50, 75, 100]}",COMPLETE,
261,0.09077718286747874,2026-07-26 16:43:14.688596,2026-07-26 16:43:15.164720,0.476124,0.0,10.0,100,10,0.0,10.0,0.3851065000053495,rbf,100,10,1,0.09077718286747874,261,"{'alpha_edge': [0, 0.001, 0.1, 1, 10], 'alpha_neuron': [0, 0.001, 0.1, 1, 10], 'layer_width': [100, 250, 500, 750, 1000], 'num_inducing': [10, 25, 50, 75, 100]}",COMPLETE,
262,0.0437912976111117,2026-07-26 16:43:15.168935,2026-07-26 16:43:15.629602,0.460667,1.0,10.0,100,10,1.0,10.0,0.425037584034726,rbf,100,10,1,0.0437912976111117,262,"{'alpha_edge': [0, 0.001, 0.1, 1, 10], 'alpha_neuron': [0, 0.001, 0.1, 1, 10], 'layer_width': [100, 250, 500, 750, 1000], 'num_inducing': [10, 25, 50, 75, 100]}",COMPLETE,
263,0.00025269239004101327,2026-07-26 16:43:15.632588,2026-07-26 16:43:34.406347,18.773759,1.0,0.001,1000,100,1.0,0.001,16.412452124990523,rbf,1000,100,1,0.00025269239004101327,263,"{'alpha_edge': [0, 0.001, 0.1, 1, 10], 'alpha_neuron': [0, 0.001, 0.1, 1, 10], 'layer_width': [100, 250, 500, 750, 1000], 'num_inducing': [10, 25, 50, 75, 100]}",COMPLETE,
264,0.010379245877868593,2026-07-26 16:43:34.413120,2026-07-26 16:43:49.142213,14.729093,1.0,10.0,1000,75,1.0,10.0,13.048928958014585,rbf,1000,75,1,0.010379245877868593,264,"{'alpha_edge': [0, 0.001, 0.1, 1, 10], 'alpha_neuron': [0, 0.001, 0.1, 1, 10], 'layer_width': [100, 250, 500, 750, 1000], 'num_inducing': [10, 25, 50, 75, 100]}",COMPLETE,
265,0.04767807703412215,2026-07-26 16:43:49.172625,2026-07-26 16:43:51.380432,2.207807,0.0,0.1,250,25,0.0,0.1,1.975600125035271,rbf,250,25,1,0.04767807703412215,265,"{'alpha_edge': [0, 0.001, 0.1, 1, 10], 'alpha_neuron': [0, 0.001, 0.1, 1, 10], 'layer_width': [100, 250, 500, 750, 1000], 'num_inducing': [10, 25, 50, 75, 100]}",COMPLETE,
266,0.01804108350797096,2026-07-26 16:43:51.383115,2026-07-26 16:43:53.399632,2.016517,0.0,0.1,500,10,0.0,0.1,1.843263584014494,rbf,500,10,1,0.01804108350797096,266,"{'alpha_edge': [0, 0.001, 0.1, 1, 10], 'alpha_neuron': [0, 0.001, 0.1, 1, 10], 'layer_width': [100, 250, 500, 750, 1000], 'num_inducing': [10, 25, 50, 75, 100]}",COMPLETE,
267,0.004441989433591592,2026-07-26 16:43:53.438330,2026-07-26 16:43:58.419656,4.981326,0.1,1.0,500,50,0.1,1.0,4.402375958045013,rbf,500,50,1,0.004441989433591592,267,"{'alpha_edge': [0, 0.001, 0.1, 1, 10], 'alpha_neuron': [0, 0.001, 0.1, 1, 10], 'layer_width': [100, 250, 500, 750, 1000], 'num_inducing': [10, 25, 50, 75, 100]}",COMPLETE,
268,4.812337233344517e-07,2026-07-26 16:43:58.422674,2026-07-26 16:44:03.710164,5.28749,0.1,0.0,500,50,0.1,0.0,4.678102125006262,rbf,500,50,1,4.812337233344517e-07,268,"{'alpha_edge': [0, 0.001, 0.1, 1, 10], 'alpha_neuron': [0, 0.001, 0.1, 1, 10], 'layer_width': [100, 250, 500, 750, 1000], 'num_inducing': [10, 25, 50, 75, 100]}",COMPLETE,
269,0.008684179981495324,2026-07-26 16:44:03.713122,2026-07-26 16:44:17.770607,14.057485,0.1,10.0,750,100,0.1,10.0,12.108338499965612,rbf,750,100,1,0.008684179981495324,269,"{'alpha_edge': [0, 0.001, 0.1, 1, 10], 'alpha_neuron': [0, 0.001, 0.1, 1, 10], 'layer_width': [100, 250, 500, 750, 1000], 'num_inducing': [10, 25, 50, 75, 100]}",COMPLETE,
270,0.00010226379232934452,2026-07-26 16:44:17.774024,2026-07-26 16:44:26.934195,9.160171,0.1,0.0,500,100,0.1,0.0,8.007190708944108,rbf,500,100,1,0.00010226379232934452,270,"{'alpha_edge': [0, 0.001, 0.1, 1, 10], 'alpha_neuron': [0, 0.001, 0.1, 1, 10], 'layer_width': [100, 250, 500, 750, 1000], 'num_inducing': [10, 25, 50, 75, 100]}",COMPLETE,
271,0.0031999071692932445,2026-07-26 16:44:26.937943,2026-07-26 16:44:28.472800,1.534857,0.1,0.1,250,25,0.1,0.1,1.3149752920144238,rbf,250,25,1,0.0031999071692932445,271,"{'alpha_edge': [0, 0.001, 0.1, 1, 10], 'alpha_neuron': [0, 0.001, 0.1, 1, 10], 'layer_width': [100, 250, 500, 750, 1000], 'num_inducing': [10, 25, 50, 75, 100]}",COMPLETE,
272,0.00632176127526573,2026-07-26 16:44:28.479675,2026-07-26 16:44:32.241007,3.761332,0.001,1.0,250,75,0.001,1.0,3.3540382080245763,rbf,250,75,1,0.00632176127526573,272,"{'alpha_edge': [0, 0.001, 0.1, 1, 10], 'alpha_neuron': [0, 0.001, 0.1, 1, 10], 'layer_width': [100, 250, 500, 750, 1000], 'num_inducing': [10, 25, 50, 75, 100]}",COMPLETE,
273,0.008587072250913272,2026-07-26 16:44:32.244584,2026-07-26 16:44:33.635136,1.390552,10.0,0.0,100,75,10.0,0.0,1.1428973330184817,rbf,100,75,1,0.008587072250913272,273,"{'alpha_edge': [0, 0.001, 0.1, 1, 10], 'alpha_neuron': [0, 0.001, 0.1, 1, 10], 'layer_width': [100, 250, 500, 750, 1000], 'num_inducing': [10, 25, 50, 75, 100]}",COMPLETE,
274,0.0001881266963323054,2026-07-26 16:44:33.638105,2026-07-26 16:44:48.463631,14.825526,0.1,0.001,1000,75,0.1,0.001,12.96964308299357,rbf,1000,75,1,0.0001881266963323054,274,"{'alpha_edge': [0, 0.001, 0.1, 1, 10], 'alpha_neuron': [0, 0.001, 0.1, 1, 10], 'layer_width': [100, 250, 500, 750, 1000], 'num_inducing': [10, 25, 50, 75, 100]}",COMPLETE,
275,0.00025861402504552593,2026-07-26 16:44:48.468623,2026-07-26 16:44:56.020393,7.55177,0.001,0.001,750,50,0.001,0.001,6.726138792000711,rbf,750,50,1,0.00025861402504552593,275,"{'alpha_edge': [0, 0.001, 0.1, 1, 10], 'alpha_neuron': [0, 0.001, 0.1, 1, 10], 'layer_width': [100, 250, 500, 750, 1000], 'num_inducing': [10, 25, 50, 75, 100]}",COMPLETE,
276,0.03695760045722001,2026-07-26 16:44:56.023217,2026-07-26 16:45:08.390847,12.36763,0.0,0.001,500,75,0.0,0.001,11.580614915990736,rbf,500,75,1,0.03695760045722001,276,"{'alpha_edge': [0, 0.001, 0.1, 1, 10], 'alpha_neuron': [0, 0.001, 0.1, 1, 10], 'layer_width': [100, 250, 500, 750, 1000], 'num_inducing': [10, 25, 50, 75, 100]}",COMPLETE,
277,4.279101901206292e-09,2026-07-26 16:45:08.395285,2026-07-26 16:45:19.774517,11.379232,10.0,0.0,750,75,10.0,0.0,10.2283373750397,rbf,750,75,1,4.279101901206292e-09,277,"{'alpha_edge': [0, 0.001, 0.1, 1, 10], 'alpha_neuron': [0, 0.001, 0.1, 1, 10], 'layer_width': [100, 250, 500, 750, 1000], 'num_inducing': [10, 25, 50, 75, 100]}",COMPLETE,
278,0.03766559013658966,2026-07-26 16:45:19.777834,2026-07-26 16:45:20.481682,0.703848,1.0,10.0,100,25,1.0,10.0,0.603572084044572,rbf,100,25,1,0.03766559013658966,278,"{'alpha_edge': [0, 0.001, 0.1, 1, 10], 'alpha_neuron': [0, 0.001, 0.1, 1, 10], 'layer_width': [100, 250, 500, 750, 1000], 'num_inducing': [10, 25, 50, 75, 100]}",COMPLETE,
279,0.0064176159406559,2026-07-26 16:45:20.486295,2026-07-26 16:45:24.091953,3.605658,0.1,1.0,250,75,0.1,1.0,3.200552875001449,rbf,250,75,1,0.0064176159406559,279,"{'alpha_edge': [0, 0.001, 0.1, 1, 10], 'alpha_neuron': [0, 0.001, 0.1, 1, 10], 'layer_width': [100, 250, 500, 750, 1000], 'num_inducing': [10, 25, 50, 75, 100]}",COMPLETE,
280,0.0005730990412173896,2026-07-26 16:45:24.095020,2026-07-26 16:45:27.117547,3.022527,10.0,0.001,500,25,10.0,0.001,2.7073747499962337,rbf,500,25,1,0.0005730990412173896,280,"{'alpha_edge': [0, 0.001, 0.1, 1, 10], 'alpha_neuron': [0, 0.001, 0.1, 1, 10], 'layer_width': [100, 250, 500, 750, 1000], 'num_inducing': [10, 25, 50, 75, 100]}",COMPLETE,
281,0.000582048323925474,2026-07-26 16:45:27.121235,2026-07-26 16:45:34.014908,6.893673,0.001,0.001,500,75,0.001,0.001,6.096214542048983,rbf,500,75,1,0.000582048323925474,281,"{'alpha_edge': [0, 0.001, 0.1, 1, 10], 'alpha_neuron': [0, 0.001, 0.1, 1, 10], 'layer_width': [100, 250, 500, 750, 1000], 'num_inducing': [10, 25, 50, 75, 100]}",COMPLETE,
282,0.0659101474354238,2026-07-26 16:45:34.019953,2026-07-26 16:46:07.858302,33.838349,0.0,10.0,1000,100,0.0,10.0,31.67148591700243,rbf,1000,100,1,0.0659101474354238,282,"{'alpha_edge': [0, 0.001, 0.1, 1, 10], 'alpha_neuron': [0, 0.001, 0.1, 1, 10], 'layer_width': [100, 250, 500, 750, 1000], 'num_inducing': [10, 25, 50, 75, 100]}",COMPLETE,
283,0.018914254965146704,2026-07-26 16:46:07.861657,2026-07-26 16:46:09.590857,1.7292,0.001,0.001,100,100,0.001,0.001,1.4937157079693861,rbf,100,100,1,0.018914254965146704,283,"{'alpha_edge': [0, 0.001, 0.1, 1, 10], 'alpha_neuron': [0, 0.001, 0.1, 1, 10], 'layer_width': [100, 250, 500, 750, 1000], 'num_inducing': [10, 25, 50, 75, 100]}",COMPLETE,
284,0.04524207562087361,2026-07-26 16:46:09.596171,2026-07-26 16:46:17.606954,8.010783,0.0,0.1,250,100,0.0,0.1,7.262560959032271,rbf,250,100,1,0.04524207562087361,284,"{'alpha_edge': [0, 0.001, 0.1, 1, 10], 'alpha_neuron': [0, 0.001, 0.1, 1, 10], 'layer_width': [100, 250, 500, 750, 1000], 'num_inducing': [10, 25, 50, 75, 100]}",COMPLETE,
285,0.00801729284850429,2026-07-26 16:46:17.611439,2026-07-26 16:46:19.532229,1.92079,10.0,0.0,100,100,10.0,0.0,1.6801452079671435,rbf,100,100,1,0.00801729284850429,285,"{'alpha_edge': [0, 0.001, 0.1, 1, 10], 'alpha_neuron': [0, 0.001, 0.1, 1, 10], 'layer_width': [100, 250, 500, 750, 1000], 'num_inducing': [10, 25, 50, 75, 100]}",COMPLETE,
286,0.009804707005604815,2026-07-26 16:46:19.534956,2026-07-26 16:46:24.943799,5.408843,10.0,1.0,500,50,10.0,1.0,4.719034540990833,rbf,500,50,1,0.009804707005604815,286,"{'alpha_edge': [0, 0.001, 0.1, 1, 10], 'alpha_neuron': [0, 0.001, 0.1, 1, 10], 'layer_width': [100, 250, 500, 750, 1000], 'num_inducing': [10, 25, 50, 75, 100]}",COMPLETE,
287,3.910684656457167e-07,2026-07-26 16:46:24.946788,2026-07-26 16:46:34.749529,9.802741,1.0,0.0,500,100,1.0,0.0,8.61564025003463,rbf,500,100,1,3.910684656457167e-07,287,"{'alpha_edge': [0, 0.001, 0.1, 1, 10], 'alpha_neuron': [0, 0.001, 0.1, 1, 10], 'layer_width': [100, 250, 500, 750, 1000], 'num_inducing': [10, 25, 50, 75, 100]}",COMPLETE,
288,0.0028727563053411076,2026-07-26 16:46:34.754196,2026-07-26 16:46:38.262136,3.50794,0.001,0.001,250,75,0.001,0.001,3.088424457993824,rbf,250,75,1,0.0028727563053411076,288,"{'alpha_edge': [0, 0.001, 0.1, 1, 10], 'alpha_neuron': [0, 0.001, 0.1, 1, 10], 'layer_width': [100, 250, 500, 750, 1000], 'num_inducing': [10, 25, 50, 75, 100]}",COMPLETE,
289,0.06712853324676415,2026-07-26 16:46:38.264972,2026-07-26 16:46:39.158159,0.893187,0.0,0.1,100,25,0.0,0.1,0.8207551660016179,rbf,100,25,1,0.06712853324676415,289,"{'alpha_edge': [0, 0.001, 0.1, 1, 10], 'alpha_neuron': [0, 0.001, 0.1, 1, 10], 'layer_width': [100, 250, 500, 750, 1000], 'num_inducing': [10, 25, 50, 75, 100]}",COMPLETE,
290,0.003682910772829768,2026-07-26 16:46:39.160951,2026-07-26 16:46:44.731270,5.570319,0.1,1.0,1000,25,0.1,1.0,4.907561375002842,rbf,1000,25,1,0.003682910772829768,290,"{'alpha_edge': [0, 0.001, 0.1, 1, 10], 'alpha_neuron': [0, 0.001, 0.1, 1, 10], 'layer_width': [100, 250, 500, 750, 1000], 'num_inducing': [10, 25, 50, 75, 100]}",COMPLETE,
291,0.01154477850228247,2026-07-26 16:46:44.736252,2026-07-26 16:47:04.201504,19.465252,10.0,10.0,1000,100,10.0,10.0,17.123334208969027,rbf,1000,100,1,0.01154477850228247,291,"{'alpha_edge': [0, 0.001, 0.1, 1, 10], 'alpha_neuron': [0, 0.001, 0.1, 1, 10], 'layer_width': [100, 250, 500, 750, 1000], 'num_inducing': [10, 25, 50, 75, 100]}",COMPLETE,
292,0.0031712560256917724,2026-07-26 16:47:04.205131,2026-07-26 16:47:18.267703,14.062572,0.001,1.0,750,100,0.001,1.0,12.164470959047321,rbf,750,100,1,0.0031712560256917724,292,"{'alpha_edge': [0, 0.001, 0.1, 1, 10], 'alpha_neuron': [0, 0.001, 0.1, 1, 10], 'layer_width': [100, 250, 500, 750, 1000], 'num_inducing': [10, 25, 50, 75, 100]}",COMPLETE,
293,0.041421298228291104,2026-07-26 16:47:18.271308,2026-07-26 16:47:51.989168,33.71786,0.0,0.1,1000,100,0.0,0.1,31.16139641701011,rbf,1000,100,1,0.041421298228291104,293,"{'alpha_edge': [0, 0.001, 0.1, 1, 10], 'alpha_neuron': [0, 0.001, 0.1, 1, 10], 'layer_width': [100, 250, 500, 750, 1000], 'num_inducing': [10, 25, 50, 75, 100]}",COMPLETE,
294,0.0005571166565811858,2026-07-26 16:47:51.992573,2026-07-26 16:47:54.709042,2.716469,0.1,0.001,250,50,0.1,0.001,2.3996402919874527,rbf,250,50,1,0.0005571166565811858,294,"{'alpha_edge': [0, 0.001, 0.1, 1, 10], 'alpha_neuron': [0, 0.001, 0.1, 1, 10], 'layer_width': [100, 250, 500, 750, 1000], 'num_inducing': [10, 25, 50, 75, 100]}",COMPLETE,
295,0.08077546964059423,2026-07-26 16:47:54.714427,2026-07-26 16:47:58.101974,3.387547,0.0,0.0,100,100,0.0,0.0,3.1258838750072755,rbf,100,100,1,0.08077546964059423,295,"{'alpha_edge': [0, 0.001, 0.1, 1, 10], 'alpha_neuron': [0, 0.001, 0.1, 1, 10], 'layer_width': [100, 250, 500, 750, 1000], 'num_inducing': [10, 25, 50, 75, 100]}",COMPLETE,
296,0.010573261384438837,2026-07-26 16:47:58.105298,2026-07-26 16:48:08.387966,10.282668,1.0,10.0,1000,50,1.0,10.0,9.131303083966486,rbf,1000,50,1,0.010573261384438837,296,"{'alpha_edge': [0, 0.001, 0.1, 1, 10], 'alpha_neuron': [0, 0.001, 0.1, 1, 10], 'layer_width': [100, 250, 500, 750, 1000], 'num_inducing': [10, 25, 50, 75, 100]}",COMPLETE,
297,0.0053773871864445785,2026-07-26 16:48:08.390929,2026-07-26 16:48:16.034800,7.643871,10.0,1.0,750,50,10.0,1.0,6.778348832973279,rbf,750,50,1,0.0053773871864445785,297,"{'alpha_edge': [0, 0.001, 0.1, 1, 10], 'alpha_neuron': [0, 0.001, 0.1, 1, 10], 'layer_width': [100, 250, 500, 750, 1000], 'num_inducing': [10, 25, 50, 75, 100]}",COMPLETE,
298,0.022913065844980766,2026-07-26 16:48:16.039538,2026-07-26 16:48:16.527848,0.48831,0.1,1.0,100,10,0.1,1.0,0.454100166040007,rbf,100,10,1,0.022913065844980766,298,"{'alpha_edge': [0, 0.001, 0.1, 1, 10], 'alpha_neuron': [0, 0.001, 0.1, 1, 10], 'layer_width': [100, 250, 500, 750, 1000], 'num_inducing': [10, 25, 50, 75, 100]}",COMPLETE,
299,9.321600733858171e-09,2026-07-26 16:48:16.530838,2026-07-26 16:48:20.054391,3.523553,1.0,0.0,750,10,1.0,0.0,3.2222718330449425,rbf,750,10,1,9.321600733858171e-09,299,"{'alpha_edge': [0, 0.001, 0.1, 1, 10], 'alpha_neuron': [0, 0.001, 0.1, 1, 10], 'layer_width': [100, 250, 500, 750, 1000], 'num_inducing': [10, 25, 50, 75, 100]}",COMPLETE,
300,0.08016584973116818,2026-07-26 16:48:20.057440,2026-07-26 16:48:21.360757,1.303317,0.0,0.0,250,10,0.0,0.0,1.17187570896931,rbf,250,10,1,0.08016584973116818,300,"{'alpha_edge': [0, 0.001, 0.1, 1, 10], 'alpha_neuron': [0, 0.001, 0.1, 1, 10], 'layer_width': [100, 250, 500, 750, 1000], 'num_inducing': [10, 25, 50, 75, 100]}",COMPLETE,
301,1.6780552164375538e-05,2026-07-26 16:48:21.363562,2026-07-26 16:48:27.534957,6.171395,0.001,0.0,750,25,0.001,0.0,5.227612625050824,rbf,750,25,1,1.6780552164375538e-05,301,"{'alpha_edge': [0, 0.001, 0.1, 1, 10], 'alpha_neuron': [0, 0.001, 0.1, 1, 10], 'layer_width': [100, 250, 500, 750, 1000], 'num_inducing': [10, 25, 50, 75, 100]}",COMPLETE,
302,0.009395464038420164,2026-07-26 16:48:27.538392,2026-07-26 16:48:28.403978,0.865586,1.0,0.001,100,25,1.0,0.001,0.7409446249948815,rbf,100,25,1,0.009395464038420164,302,"{'alpha_edge': [0, 0.001, 0.1, 1, 10], 'alpha_neuron': [0, 0.001, 0.1, 1, 10], 'layer_width': [100, 250, 500, 750, 1000], 'num_inducing': [10, 25, 50, 75, 100]}",COMPLETE,
303,0.00014626935980628617,2026-07-26 16:48:28.407257,2026-07-26 16:48:31.053645,2.646388,0.001,0.0,500,10,0.001,0.0,2.373793333012145,rbf,500,10,1,0.00014626935980628617,303,"{'alpha_edge': [0, 0.001, 0.1, 1, 10], 'alpha_neuron': [0, 0.001, 0.1, 1, 10], 'layer_width': [100, 250, 500, 750, 1000], 'num_inducing': [10, 25, 50, 75, 100]}",COMPLETE,
304,0.0027770920756965615,2026-07-26 16:48:31.056749,2026-07-26 16:48:52.717960,21.661211,0.1,1.0,750,100,0.1,1.0,18.347323249967303,rbf,750,100,1,0.0027770920756965615,304,"{'alpha_edge': [0, 0.001, 0.1, 1, 10], 'alpha_neuron': [0, 0.001, 0.1, 1, 10], 'layer_width': [100, 250, 500, 750, 1000], 'num_inducing': [10, 25, 50, 75, 100]}",COMPLETE,
305,0.003928593045610786,2026-07-26 16:48:52.722916,2026-07-26 16:48:59.154422,6.431506,10.0,0.1,500,25,10.0,0.1,5.580687041976489,rbf,500,25,1,0.003928593045610786,305,"{'alpha_edge': [0, 0.001, 0.1, 1, 10], 'alpha_neuron': [0, 0.001, 0.1, 1, 10], 'layer_width': [100, 250, 500, 750, 1000], 'num_inducing': [10, 25, 50, 75, 100]}",COMPLETE,
306,0.027343884704158255,2026-07-26 16:48:59.158373,2026-07-26 16:49:26.944466,27.786093,0.0,0.0,1000,50,0.0,0.0,25.335194624960423,rbf,1000,50,1,0.027343884704158255,306,"{'alpha_edge': [0, 0.001, 0.1, 1, 10], 'alpha_neuron': [0, 0.001, 0.1, 1, 10], 'layer_width': [100, 250, 500, 750, 1000], 'num_inducing': [10, 25, 50, 75, 100]}",COMPLETE,
307,0.004542745808474395,2026-07-26 16:49:26.948857,2026-07-26 16:49:28.282740,1.333883,0.1,0.001,100,25,0.1,0.001,1.1638404579716735,rbf,100,25,1,0.004542745808474395,307,"{'alpha_edge': [0, 0.001, 0.1, 1, 10], 'alpha_neuron': [0, 0.001, 0.1, 1, 10], 'layer_width': [100, 250, 500, 750, 1000], 'num_inducing': [10, 25, 50, 75, 100]}",COMPLETE,
308,0.0007151139056582903,2026-07-26 16:49:28.290062,2026-07-26 16:49:37.248531,8.958469,0.1,0.001,250,100,0.1,0.001,7.5433677500113845,rbf,250,100,1,0.0007151139056582903,308,"{'alpha_edge': [0, 0.001, 0.1, 1, 10], 'alpha_neuron': [0, 0.001, 0.1, 1, 10], 'layer_width': [100, 250, 500, 750, 1000], 'num_inducing': [10, 25, 50, 75, 100]}",COMPLETE,
309,0.00778905387618117,2026-07-26 16:49:37.257495,2026-07-26 16:49:39.061302,1.803807,10.0,0.0,100,50,10.0,0.0,1.5969683330040425,rbf,100,50,1,0.00778905387618117,309,"{'alpha_edge': [0, 0.001, 0.1, 1, 10], 'alpha_neuron': [0, 0.001, 0.1, 1, 10], 'layer_width': [100, 250, 500, 750, 1000], 'num_inducing': [10, 25, 50, 75, 100]}",COMPLETE,
310,0.012182336432207185,2026-07-26 16:49:39.065982,2026-07-26 16:50:00.245672,21.17969,10.0,10.0,750,100,10.0,10.0,18.515333875024226,rbf,750,100,1,0.012182336432207185,310,"{'alpha_edge': [0, 0.001, 0.1, 1, 10], 'alpha_neuron': [0, 0.001, 0.1, 1, 10], 'layer_width': [100, 250, 500, 750, 1000], 'num_inducing': [10, 25, 50, 75, 100]}",COMPLETE,
