number,value,datetime_start,datetime_complete,duration,params_alpha_edge,params_alpha_neuron,params_layer_width,params_num_inducing,user_attrs_alpha_edge,user_attrs_alpha_neuron,fit_duration_sec,kernel_type,user_attrs_layer_width,user_attrs_num_inducing,sigma_scale,val_rmse,system_attrs_grid_id,system_attrs_search_space,state,test_rmse
435,0.07388373736929095,2026-07-26 17:04:47.004200,2026-07-26 17:04:50.158266,3.154066,0.0,10.0,100,100,0.0,10.0,2.9316323330276646,rbf,100,100,1,0.07388373736929095,435,"{'alpha_edge': [0, 0.001, 0.1, 1, 10], 'alpha_neuron': [0, 0.001, 0.1, 1, 10], 'layer_width': [100, 250, 500, 750, 1000], 'num_inducing': [10, 25, 50, 75, 100]}",COMPLETE,
436,0.0013187446817901959,2026-07-26 17:04:50.161730,2026-07-26 17:04:53.004025,2.842295,10.0,0.001,250,50,10.0,0.001,2.4973560419748537,rbf,250,50,1,0.0013187446817901959,436,"{'alpha_edge': [0, 0.001, 0.1, 1, 10], 'alpha_neuron': [0, 0.001, 0.1, 1, 10], 'layer_width': [100, 250, 500, 750, 1000], 'num_inducing': [10, 25, 50, 75, 100]}",COMPLETE,
437,0.009156206296303116,2026-07-26 17:04:53.006949,2026-07-26 17:04:55.595370,2.588421,10.0,0.001,100,100,10.0,0.001,2.324035957979504,rbf,100,100,1,0.009156206296303116,437,"{'alpha_edge': [0, 0.001, 0.1, 1, 10], 'alpha_neuron': [0, 0.001, 0.1, 1, 10], 'layer_width': [100, 250, 500, 750, 1000], 'num_inducing': [10, 25, 50, 75, 100]}",COMPLETE,
438,0.00134638361189302,2026-07-26 17:04:55.598424,2026-07-26 17:04:59.621481,4.023057,10.0,0.001,250,75,10.0,0.001,3.5435747500159778,rbf,250,75,1,0.00134638361189302,438,"{'alpha_edge': [0, 0.001, 0.1, 1, 10], 'alpha_neuron': [0, 0.001, 0.1, 1, 10], 'layer_width': [100, 250, 500, 750, 1000], 'num_inducing': [10, 25, 50, 75, 100]}",COMPLETE,
439,0.002850727952951254,2026-07-26 17:04:59.626370,2026-07-26 17:05:02.617821,2.991451,0.001,1.0,750,10,0.001,1.0,2.5600003749714233,rbf,750,10,1,0.002850727952951254,439,"{'alpha_edge': [0, 0.001, 0.1, 1, 10], 'alpha_neuron': [0, 0.001, 0.1, 1, 10], 'layer_width': [100, 250, 500, 750, 1000], 'num_inducing': [10, 25, 50, 75, 100]}",COMPLETE,
440,0.007114506521007456,2026-07-26 17:05:02.620897,2026-07-26 17:05:03.735200,1.114303,10.0,0.1,250,10,10.0,0.1,0.9853718339581974,rbf,250,10,1,0.007114506521007456,440,"{'alpha_edge': [0, 0.001, 0.1, 1, 10], 'alpha_neuron': [0, 0.001, 0.1, 1, 10], 'layer_width': [100, 250, 500, 750, 1000], 'num_inducing': [10, 25, 50, 75, 100]}",COMPLETE,
441,0.002241498198643955,2026-07-26 17:05:03.738519,2026-07-26 17:05:13.823784,10.085265,0.001,0.1,500,100,0.001,0.1,8.817963708017487,rbf,500,100,1,0.002241498198643955,441,"{'alpha_edge': [0, 0.001, 0.1, 1, 10], 'alpha_neuron': [0, 0.001, 0.1, 1, 10], 'layer_width': [100, 250, 500, 750, 1000], 'num_inducing': [10, 25, 50, 75, 100]}",COMPLETE,
442,0.0033566262845442754,2026-07-26 17:05:13.827561,2026-07-26 17:05:24.044766,10.217205,0.001,1.0,500,100,0.001,1.0,9.048154624993913,rbf,500,100,1,0.0033566262845442754,442,"{'alpha_edge': [0, 0.001, 0.1, 1, 10], 'alpha_neuron': [0, 0.001, 0.1, 1, 10], 'layer_width': [100, 250, 500, 750, 1000], 'num_inducing': [10, 25, 50, 75, 100]}",COMPLETE,
443,0.025496209556812796,2026-07-26 17:05:24.048762,2026-07-26 17:05:24.516852,0.46809,10.0,1.0,100,10,10.0,1.0,0.39953424996929243,rbf,100,10,1,0.025496209556812796,443,"{'alpha_edge': [0, 0.001, 0.1, 1, 10], 'alpha_neuron': [0, 0.001, 0.1, 1, 10], 'layer_width': [100, 250, 500, 750, 1000], 'num_inducing': [10, 25, 50, 75, 100]}",COMPLETE,
444,0.011451691834807704,2026-07-26 17:05:24.520217,2026-07-26 17:05:26.705770,2.185553,0.001,1.0,100,100,0.001,1.0,1.8742467500269413,rbf,100,100,1,0.011451691834807704,444,"{'alpha_edge': [0, 0.001, 0.1, 1, 10], 'alpha_neuron': [0, 0.001, 0.1, 1, 10], 'layer_width': [100, 250, 500, 750, 1000], 'num_inducing': [10, 25, 50, 75, 100]}",COMPLETE,
445,0.014462544654359128,2026-07-26 17:05:26.709752,2026-07-26 17:05:31.875443,5.165691,0.001,10.0,250,100,0.001,10.0,4.582670292002149,rbf,250,100,1,0.014462544654359128,445,"{'alpha_edge': [0, 0.001, 0.1, 1, 10], 'alpha_neuron': [0, 0.001, 0.1, 1, 10], 'layer_width': [100, 250, 500, 750, 1000], 'num_inducing': [10, 25, 50, 75, 100]}",COMPLETE,
446,0.00011319426589251958,2026-07-26 17:05:31.878655,2026-07-26 17:05:37.066245,5.18759,0.1,0.0,250,100,0.1,0.0,4.48362587497104,rbf,250,100,1,0.00011319426589251958,446,"{'alpha_edge': [0, 0.001, 0.1, 1, 10], 'alpha_neuron': [0, 0.001, 0.1, 1, 10], 'layer_width': [100, 250, 500, 750, 1000], 'num_inducing': [10, 25, 50, 75, 100]}",COMPLETE,
447,0.028744044404469097,2026-07-26 17:05:37.069478,2026-07-26 17:05:50.968560,13.899082,0.0,0.1,750,50,0.0,0.1,12.905122915981337,rbf,750,50,1,0.028744044404469097,447,"{'alpha_edge': [0, 0.001, 0.1, 1, 10], 'alpha_neuron': [0, 0.001, 0.1, 1, 10], 'layer_width': [100, 250, 500, 750, 1000], 'num_inducing': [10, 25, 50, 75, 100]}",COMPLETE,
448,0.07573437786563603,2026-07-26 17:05:50.971616,2026-07-26 17:06:28.533654,37.562038,0.0,0.0,1000,100,0.0,0.0,35.08698391698999,rbf,1000,100,1,0.07573437786563603,448,"{'alpha_edge': [0, 0.001, 0.1, 1, 10], 'alpha_neuron': [0, 0.001, 0.1, 1, 10], 'layer_width': [100, 250, 500, 750, 1000], 'num_inducing': [10, 25, 50, 75, 100]}",COMPLETE,
449,0.00013521037156934707,2026-07-26 17:06:28.536920,2026-07-26 17:06:30.534022,1.997102,1.0,0.0,250,25,1.0,0.0,1.6346639589755796,rbf,250,25,1,0.00013521037156934707,449,"{'alpha_edge': [0, 0.001, 0.1, 1, 10], 'alpha_neuron': [0, 0.001, 0.1, 1, 10], 'layer_width': [100, 250, 500, 750, 1000], 'num_inducing': [10, 25, 50, 75, 100]}",COMPLETE,
450,0.002944146375294537,2026-07-26 17:06:30.537249,2026-07-26 17:06:35.738779,5.20153,0.001,1.0,750,25,0.001,1.0,4.47433529200498,rbf,750,25,1,0.002944146375294537,450,"{'alpha_edge': [0, 0.001, 0.1, 1, 10], 'alpha_neuron': [0, 0.001, 0.1, 1, 10], 'layer_width': [100, 250, 500, 750, 1000], 'num_inducing': [10, 25, 50, 75, 100]}",COMPLETE,
451,0.013528794436536064,2026-07-26 17:06:35.742163,2026-07-26 17:06:36.199004,0.456841,0.1,0.1,100,10,0.1,0.1,0.38669333298457786,rbf,100,10,1,0.013528794436536064,451,"{'alpha_edge': [0, 0.001, 0.1, 1, 10], 'alpha_neuron': [0, 0.001, 0.1, 1, 10], 'layer_width': [100, 250, 500, 750, 1000], 'num_inducing': [10, 25, 50, 75, 100]}",COMPLETE,
452,0.02500503903631616,2026-07-26 17:06:36.203507,2026-07-26 17:06:38.059132,1.855625,1.0,10.0,250,25,1.0,10.0,1.6043490419979207,rbf,250,25,1,0.02500503903631616,452,"{'alpha_edge': [0, 0.001, 0.1, 1, 10], 'alpha_neuron': [0, 0.001, 0.1, 1, 10], 'layer_width': [100, 250, 500, 750, 1000], 'num_inducing': [10, 25, 50, 75, 100]}",COMPLETE,
453,0.0025955667703228217,2026-07-26 17:06:38.062325,2026-07-26 17:06:53.709682,15.647357,0.001,1.0,1000,75,0.001,1.0,13.730584916018415,rbf,1000,75,1,0.0025955667703228217,453,"{'alpha_edge': [0, 0.001, 0.1, 1, 10], 'alpha_neuron': [0, 0.001, 0.1, 1, 10], 'layer_width': [100, 250, 500, 750, 1000], 'num_inducing': [10, 25, 50, 75, 100]}",COMPLETE,
454,0.01848643870221989,2026-07-26 17:06:53.714095,2026-07-26 17:06:55.657232,1.943137,0.001,0.0,100,100,0.001,0.0,1.6714164170552976,rbf,100,100,1,0.01848643870221989,454,"{'alpha_edge': [0, 0.001, 0.1, 1, 10], 'alpha_neuron': [0, 0.001, 0.1, 1, 10], 'layer_width': [100, 250, 500, 750, 1000], 'num_inducing': [10, 25, 50, 75, 100]}",COMPLETE,
455,0.0023996875753348737,2026-07-26 17:06:55.660428,2026-07-26 17:07:16.219840,20.559412,0.1,1.0,1000,100,0.1,1.0,18.12083554099081,rbf,1000,100,1,0.0023996875753348737,455,"{'alpha_edge': [0, 0.001, 0.1, 1, 10], 'alpha_neuron': [0, 0.001, 0.1, 1, 10], 'layer_width': [100, 250, 500, 750, 1000], 'num_inducing': [10, 25, 50, 75, 100]}",COMPLETE,
456,0.03715239307901423,2026-07-26 17:07:16.225862,2026-07-26 17:07:21.466966,5.241104,0.0,10.0,500,25,0.0,10.0,4.677482291997876,rbf,500,25,1,0.03715239307901423,456,"{'alpha_edge': [0, 0.001, 0.1, 1, 10], 'alpha_neuron': [0, 0.001, 0.1, 1, 10], 'layer_width': [100, 250, 500, 750, 1000], 'num_inducing': [10, 25, 50, 75, 100]}",COMPLETE,
457,0.0003061284748153383,2026-07-26 17:07:21.470651,2026-07-26 17:07:26.642485,5.171834,0.001,0.001,750,25,0.001,0.001,4.524945374985691,rbf,750,25,1,0.0003061284748153383,457,"{'alpha_edge': [0, 0.001, 0.1, 1, 10], 'alpha_neuron': [0, 0.001, 0.1, 1, 10], 'layer_width': [100, 250, 500, 750, 1000], 'num_inducing': [10, 25, 50, 75, 100]}",COMPLETE,
458,5.175796928787774e-08,2026-07-26 17:07:26.646016,2026-07-26 17:07:36.576252,9.930236,0.1,0.0,750,50,0.1,0.0,8.634703167015687,rbf,750,50,1,5.175796928787774e-08,458,"{'alpha_edge': [0, 0.001, 0.1, 1, 10], 'alpha_neuron': [0, 0.001, 0.1, 1, 10], 'layer_width': [100, 250, 500, 750, 1000], 'num_inducing': [10, 25, 50, 75, 100]}",COMPLETE,
459,0.006494211393375296,2026-07-26 17:07:36.582131,2026-07-26 17:07:39.906543,3.324412,0.001,1.0,250,50,0.001,1.0,2.989402000035625,rbf,250,50,1,0.006494211393375296,459,"{'alpha_edge': [0, 0.001, 0.1, 1, 10], 'alpha_neuron': [0, 0.001, 0.1, 1, 10], 'layer_width': [100, 250, 500, 750, 1000], 'num_inducing': [10, 25, 50, 75, 100]}",COMPLETE,
460,0.0028347817697714833,2026-07-26 17:07:39.910277,2026-07-26 17:07:47.682225,7.771948,1.0,0.1,500,75,1.0,0.1,6.727248959010467,rbf,500,75,1,0.0028347817697714833,460,"{'alpha_edge': [0, 0.001, 0.1, 1, 10], 'alpha_neuron': [0, 0.001, 0.1, 1, 10], 'layer_width': [100, 250, 500, 750, 1000], 'num_inducing': [10, 25, 50, 75, 100]}",COMPLETE,
461,0.02478220928464652,2026-07-26 17:07:47.686834,2026-07-26 17:07:51.358104,3.67127,0.0,0.001,750,10,0.0,0.001,3.1005563749931753,rbf,750,10,1,0.02478220928464652,461,"{'alpha_edge': [0, 0.001, 0.1, 1, 10], 'alpha_neuron': [0, 0.001, 0.1, 1, 10], 'layer_width': [100, 250, 500, 750, 1000], 'num_inducing': [10, 25, 50, 75, 100]}",COMPLETE,
462,6.5705766360629096e-09,2026-07-26 17:07:51.361634,2026-07-26 17:08:13.312793,21.951159,0.1,0.0,1000,100,0.1,0.0,19.367818415979855,rbf,1000,100,1,6.5705766360629096e-09,462,"{'alpha_edge': [0, 0.001, 0.1, 1, 10], 'alpha_neuron': [0, 0.001, 0.1, 1, 10], 'layer_width': [100, 250, 500, 750, 1000], 'num_inducing': [10, 25, 50, 75, 100]}",COMPLETE,
463,0.024910050534986062,2026-07-26 17:08:13.317945,2026-07-26 17:08:17.386625,4.06868,10.0,10.0,250,75,10.0,10.0,3.5339958329568617,rbf,250,75,1,0.024910050534986062,463,"{'alpha_edge': [0, 0.001, 0.1, 1, 10], 'alpha_neuron': [0, 0.001, 0.1, 1, 10], 'layer_width': [100, 250, 500, 750, 1000], 'num_inducing': [10, 25, 50, 75, 100]}",COMPLETE,
464,0.08066059009477289,2026-07-26 17:08:17.389698,2026-07-26 17:08:20.930673,3.540975,0.0,1.0,100,100,0.0,1.0,3.293058957962785,rbf,100,100,1,0.08066059009477289,464,"{'alpha_edge': [0, 0.001, 0.1, 1, 10], 'alpha_neuron': [0, 0.001, 0.1, 1, 10], 'layer_width': [100, 250, 500, 750, 1000], 'num_inducing': [10, 25, 50, 75, 100]}",COMPLETE,
465,0.015568064027237618,2026-07-26 17:08:20.967574,2026-07-26 17:08:31.139277,10.171703,1.0,10.0,500,100,1.0,10.0,9.007299499993678,rbf,500,100,1,0.015568064027237618,465,"{'alpha_edge': [0, 0.001, 0.1, 1, 10], 'alpha_neuron': [0, 0.001, 0.1, 1, 10], 'layer_width': [100, 250, 500, 750, 1000], 'num_inducing': [10, 25, 50, 75, 100]}",COMPLETE,
466,0.012032438315579192,2026-07-26 17:08:31.142841,2026-07-26 17:08:36.245864,5.103023,1.0,10.0,750,25,1.0,10.0,4.376434125006199,rbf,750,25,1,0.012032438315579192,466,"{'alpha_edge': [0, 0.001, 0.1, 1, 10], 'alpha_neuron': [0, 0.001, 0.1, 1, 10], 'layer_width': [100, 250, 500, 750, 1000], 'num_inducing': [10, 25, 50, 75, 100]}",COMPLETE,
467,0.020899860145060862,2026-07-26 17:08:36.250595,2026-07-26 17:08:37.426564,1.175969,0.1,1.0,100,50,0.1,1.0,1.0348601250443608,rbf,100,50,1,0.020899860145060862,467,"{'alpha_edge': [0, 0.001, 0.1, 1, 10], 'alpha_neuron': [0, 0.001, 0.1, 1, 10], 'layer_width': [100, 250, 500, 750, 1000], 'num_inducing': [10, 25, 50, 75, 100]}",COMPLETE,
468,0.03419991090758447,2026-07-26 17:08:37.429680,2026-07-26 17:08:51.386692,13.957012,0.0,0.0,500,75,0.0,0.0,13.022350083978381,rbf,500,75,1,0.03419991090758447,468,"{'alpha_edge': [0, 0.001, 0.1, 1, 10], 'alpha_neuron': [0, 0.001, 0.1, 1, 10], 'layer_width': [100, 250, 500, 750, 1000], 'num_inducing': [10, 25, 50, 75, 100]}",COMPLETE,
469,0.00032895427339107606,2026-07-26 17:08:51.389465,2026-07-26 17:08:57.264591,5.875126,0.1,0.001,500,50,0.1,0.001,5.11597012495622,rbf,500,50,1,0.00032895427339107606,469,"{'alpha_edge': [0, 0.001, 0.1, 1, 10], 'alpha_neuron': [0, 0.001, 0.1, 1, 10], 'layer_width': [100, 250, 500, 750, 1000], 'num_inducing': [10, 25, 50, 75, 100]}",COMPLETE,
470,0.00416056708716245,2026-07-26 17:08:57.269189,2026-07-26 17:09:12.914504,15.645315,1.0,1.0,750,100,1.0,1.0,13.647474833007436,rbf,750,100,1,0.00416056708716245,470,"{'alpha_edge': [0, 0.001, 0.1, 1, 10], 'alpha_neuron': [0, 0.001, 0.1, 1, 10], 'layer_width': [100, 250, 500, 750, 1000], 'num_inducing': [10, 25, 50, 75, 100]}",COMPLETE,
471,0.018335446801639656,2026-07-26 17:09:12.917446,2026-07-26 17:09:13.668310,0.750864,0.1,1.0,100,25,0.1,1.0,0.6418986669741571,rbf,100,25,1,0.018335446801639656,471,"{'alpha_edge': [0, 0.001, 0.1, 1, 10], 'alpha_neuron': [0, 0.001, 0.1, 1, 10], 'layer_width': [100, 250, 500, 750, 1000], 'num_inducing': [10, 25, 50, 75, 100]}",COMPLETE,
472,0.033274054104348354,2026-07-26 17:09:13.673212,2026-07-26 17:09:23.526281,9.853069,0.0,10.0,1000,25,0.0,10.0,8.958372832974419,rbf,1000,25,1,0.033274054104348354,472,"{'alpha_edge': [0, 0.001, 0.1, 1, 10], 'alpha_neuron': [0, 0.001, 0.1, 1, 10], 'layer_width': [100, 250, 500, 750, 1000], 'num_inducing': [10, 25, 50, 75, 100]}",COMPLETE,
473,0.0034027885768724373,2026-07-26 17:09:23.529927,2026-07-26 17:09:24.184157,0.65423,0.1,0.0,100,25,0.1,0.0,0.5617626669700257,rbf,100,25,1,0.0034027885768724373,473,"{'alpha_edge': [0, 0.001, 0.1, 1, 10], 'alpha_neuron': [0, 0.001, 0.1, 1, 10], 'layer_width': [100, 250, 500, 750, 1000], 'num_inducing': [10, 25, 50, 75, 100]}",COMPLETE,
474,0.02637881911648073,2026-07-26 17:09:24.188412,2026-07-26 17:09:25.807699,1.619287,0.001,10.0,100,75,0.001,10.0,1.4299491250421852,rbf,100,75,1,0.02637881911648073,474,"{'alpha_edge': [0, 0.001, 0.1, 1, 10], 'alpha_neuron': [0, 0.001, 0.1, 1, 10], 'layer_width': [100, 250, 500, 750, 1000], 'num_inducing': [10, 25, 50, 75, 100]}",COMPLETE,
475,0.0003356707246673901,2026-07-26 17:09:25.811291,2026-07-26 17:09:30.936560,5.125269,1.0,0.001,750,25,1.0,0.001,4.489646499976516,rbf,750,25,1,0.0003356707246673901,475,"{'alpha_edge': [0, 0.001, 0.1, 1, 10], 'alpha_neuron': [0, 0.001, 0.1, 1, 10], 'layer_width': [100, 250, 500, 750, 1000], 'num_inducing': [10, 25, 50, 75, 100]}",COMPLETE,
476,0.01567544544541221,2026-07-26 17:09:30.955410,2026-07-26 17:09:33.021018,2.065608,0.1,10.0,500,10,0.1,10.0,1.7668253750307485,rbf,500,10,1,0.01567544544541221,476,"{'alpha_edge': [0, 0.001, 0.1, 1, 10], 'alpha_neuron': [0, 0.001, 0.1, 1, 10], 'layer_width': [100, 250, 500, 750, 1000], 'num_inducing': [10, 25, 50, 75, 100]}",COMPLETE,
477,0.0006081336559989736,2026-07-26 17:09:33.024210,2026-07-26 17:09:36.446706,3.422496,0.001,0.001,500,25,0.001,0.001,2.936555916967336,rbf,500,25,1,0.0006081336559989736,477,"{'alpha_edge': [0, 0.001, 0.1, 1, 10], 'alpha_neuron': [0, 0.001, 0.1, 1, 10], 'layer_width': [100, 250, 500, 750, 1000], 'num_inducing': [10, 25, 50, 75, 100]}",COMPLETE,
478,0.04644176084855828,2026-07-26 17:09:36.449783,2026-07-26 17:09:42.800595,6.350812,0.0,1.0,250,75,0.0,1.0,5.829040916985832,rbf,250,75,1,0.04644176084855828,478,"{'alpha_edge': [0, 0.001, 0.1, 1, 10], 'alpha_neuron': [0, 0.001, 0.1, 1, 10], 'layer_width': [100, 250, 500, 750, 1000], 'num_inducing': [10, 25, 50, 75, 100]}",COMPLETE,
479,0.002378365439737915,2026-07-26 17:09:42.803537,2026-07-26 17:09:47.007451,4.203914,1.0,0.1,1000,10,1.0,0.1,3.705449166998733,rbf,1000,10,1,0.002378365439737915,479,"{'alpha_edge': [0, 0.001, 0.1, 1, 10], 'alpha_neuron': [0, 0.001, 0.1, 1, 10], 'layer_width': [100, 250, 500, 750, 1000], 'num_inducing': [10, 25, 50, 75, 100]}",COMPLETE,
480,0.022536711450537324,2026-07-26 17:09:47.010538,2026-07-26 17:10:00.185782,13.175244,0.0,10.0,750,50,0.0,10.0,12.187005624989979,rbf,750,50,1,0.022536711450537324,480,"{'alpha_edge': [0, 0.001, 0.1, 1, 10], 'alpha_neuron': [0, 0.001, 0.1, 1, 10], 'layer_width': [100, 250, 500, 750, 1000], 'num_inducing': [10, 25, 50, 75, 100]}",COMPLETE,
481,0.007030834894803286,2026-07-26 17:10:00.188733,2026-07-26 17:10:21.858784,21.670051,0.1,10.0,1000,100,0.1,10.0,19.1270363330259,rbf,1000,100,1,0.007030834894803286,481,"{'alpha_edge': [0, 0.001, 0.1, 1, 10], 'alpha_neuron': [0, 0.001, 0.1, 1, 10], 'layer_width': [100, 250, 500, 750, 1000], 'num_inducing': [10, 25, 50, 75, 100]}",COMPLETE,
482,0.012274766280619265,2026-07-26 17:10:21.861816,2026-07-26 17:10:36.622533,14.760717,1.0,10.0,750,100,1.0,10.0,12.90236695803469,rbf,750,100,1,0.012274766280619265,482,"{'alpha_edge': [0, 0.001, 0.1, 1, 10], 'alpha_neuron': [0, 0.001, 0.1, 1, 10], 'layer_width': [100, 250, 500, 750, 1000], 'num_inducing': [10, 25, 50, 75, 100]}",COMPLETE,
483,1.2152839519567323e-09,2026-07-26 17:10:36.759566,2026-07-26 17:10:50.530499,13.770933,10.0,0.0,1000,50,10.0,0.0,11.92093812499661,rbf,1000,50,1,1.2152839519567323e-09,483,"{'alpha_edge': [0, 0.001, 0.1, 1, 10], 'alpha_neuron': [0, 0.001, 0.1, 1, 10], 'layer_width': [100, 250, 500, 750, 1000], 'num_inducing': [10, 25, 50, 75, 100]}",COMPLETE,
484,0.007929348872412475,2026-07-26 17:10:50.534153,2026-07-26 17:11:00.430268,9.896115,1.0,1.0,500,100,1.0,1.0,8.618962250009645,rbf,500,100,1,0.007929348872412475,484,"{'alpha_edge': [0, 0.001, 0.1, 1, 10], 'alpha_neuron': [0, 0.001, 0.1, 1, 10], 'layer_width': [100, 250, 500, 750, 1000], 'num_inducing': [10, 25, 50, 75, 100]}",COMPLETE,
485,0.09281437442515206,2026-07-26 17:11:00.434149,2026-07-26 17:11:00.881609,0.44746,0.0,0.001,100,10,0.0,0.001,0.3941650420310907,rbf,100,10,1,0.09281437442515206,485,"{'alpha_edge': [0, 0.001, 0.1, 1, 10], 'alpha_neuron': [0, 0.001, 0.1, 1, 10], 'layer_width': [100, 250, 500, 750, 1000], 'num_inducing': [10, 25, 50, 75, 100]}",COMPLETE,
486,0.024920198513888485,2026-07-26 17:11:00.885952,2026-07-26 17:11:03.225786,2.339834,0.0,10.0,500,10,0.0,10.0,2.0918478749808855,rbf,500,10,1,0.024920198513888485,486,"{'alpha_edge': [0, 0.001, 0.1, 1, 10], 'alpha_neuron': [0, 0.001, 0.1, 1, 10], 'layer_width': [100, 250, 500, 750, 1000], 'num_inducing': [10, 25, 50, 75, 100]}",COMPLETE,
487,8.838443666171524e-06,2026-07-26 17:11:03.228631,2026-07-26 17:11:23.804911,20.57628,0.001,0.0,1000,100,0.001,0.0,17.207174208015203,rbf,1000,100,1,8.838443666171524e-06,487,"{'alpha_edge': [0, 0.001, 0.1, 1, 10], 'alpha_neuron': [0, 0.001, 0.1, 1, 10], 'layer_width': [100, 250, 500, 750, 1000], 'num_inducing': [10, 25, 50, 75, 100]}",COMPLETE,
488,0.0005380767481213313,2026-07-26 17:11:23.809684,2026-07-26 17:11:31.649907,7.840223,1.0,0.001,500,75,1.0,0.001,6.983200124988798,rbf,500,75,1,0.0005380767481213313,488,"{'alpha_edge': [0, 0.001, 0.1, 1, 10], 'alpha_neuron': [0, 0.001, 0.1, 1, 10], 'layer_width': [100, 250, 500, 750, 1000], 'num_inducing': [10, 25, 50, 75, 100]}",COMPLETE,
489,0.010512898550907958,2026-07-26 17:11:31.653779,2026-07-26 17:11:32.913686,1.259907,0.001,0.001,100,50,0.001,0.001,1.0951578329550102,rbf,100,50,1,0.010512898550907958,489,"{'alpha_edge': [0, 0.001, 0.1, 1, 10], 'alpha_neuron': [0, 0.001, 0.1, 1, 10], 'layer_width': [100, 250, 500, 750, 1000], 'num_inducing': [10, 25, 50, 75, 100]}",COMPLETE,
490,0.030653453768203127,2026-07-26 17:11:32.917723,2026-07-26 17:11:40.634287,7.716564,0.0,0.0,750,25,0.0,0.0,6.894303666020278,rbf,750,25,1,0.030653453768203127,490,"{'alpha_edge': [0, 0.001, 0.1, 1, 10], 'alpha_neuron': [0, 0.001, 0.1, 1, 10], 'layer_width': [100, 250, 500, 750, 1000], 'num_inducing': [10, 25, 50, 75, 100]}",COMPLETE,
491,9.709909783800708e-10,2026-07-26 17:11:40.637434,2026-07-26 17:11:57.214240,16.576806,10.0,0.0,1000,75,10.0,0.0,14.86049929203,rbf,1000,75,1,9.709909783800708e-10,491,"{'alpha_edge': [0, 0.001, 0.1, 1, 10], 'alpha_neuron': [0, 0.001, 0.1, 1, 10], 'layer_width': [100, 250, 500, 750, 1000], 'num_inducing': [10, 25, 50, 75, 100]}",COMPLETE,
492,0.009721767797244579,2026-07-26 17:11:57.219030,2026-07-26 17:11:59.066374,1.847344,0.1,1.0,250,25,0.1,1.0,1.5237898750347085,rbf,250,25,1,0.009721767797244579,492,"{'alpha_edge': [0, 0.001, 0.1, 1, 10], 'alpha_neuron': [0, 0.001, 0.1, 1, 10], 'layer_width': [100, 250, 500, 750, 1000], 'num_inducing': [10, 25, 50, 75, 100]}",COMPLETE,
493,0.05467825931787924,2026-07-26 17:11:59.070686,2026-07-26 17:12:13.059151,13.988465,0.0,10.0,250,100,0.0,10.0,13.329855457996018,rbf,250,100,1,0.05467825931787924,493,"{'alpha_edge': [0, 0.001, 0.1, 1, 10], 'alpha_neuron': [0, 0.001, 0.1, 1, 10], 'layer_width': [100, 250, 500, 750, 1000], 'num_inducing': [10, 25, 50, 75, 100]}",COMPLETE,
494,0.024888256458097335,2026-07-26 17:12:13.062211,2026-07-26 17:12:15.120996,2.058785,10.0,1.0,100,100,10.0,1.0,1.8202529999543913,rbf,100,100,1,0.024888256458097335,494,"{'alpha_edge': [0, 0.001, 0.1, 1, 10], 'alpha_neuron': [0, 0.001, 0.1, 1, 10], 'layer_width': [100, 250, 500, 750, 1000], 'num_inducing': [10, 25, 50, 75, 100]}",COMPLETE,
495,0.009160925998948438,2026-07-26 17:12:15.125616,2026-07-26 17:12:18.628348,3.502732,1.0,1.0,500,25,1.0,1.0,3.0008537499816157,rbf,500,25,1,0.009160925998948438,495,"{'alpha_edge': [0, 0.001, 0.1, 1, 10], 'alpha_neuron': [0, 0.001, 0.1, 1, 10], 'layer_width': [100, 250, 500, 750, 1000], 'num_inducing': [10, 25, 50, 75, 100]}",COMPLETE,
496,0.0012897768530575528,2026-07-26 17:12:18.654508,2026-07-26 17:12:23.700575,5.046067,10.0,0.001,250,100,10.0,0.001,4.389716000005137,rbf,250,100,1,0.0012897768530575528,496,"{'alpha_edge': [0, 0.001, 0.1, 1, 10], 'alpha_neuron': [0, 0.001, 0.1, 1, 10], 'layer_width': [100, 250, 500, 750, 1000], 'num_inducing': [10, 25, 50, 75, 100]}",COMPLETE,
