number,value,datetime_start,datetime_complete,duration,params_alpha_edge,params_alpha_neuron,params_layer_width,params_num_inducing,user_attrs_alpha_edge,user_attrs_alpha_neuron,fit_duration_sec,kernel_type,user_attrs_layer_width,user_attrs_num_inducing,sigma_scale,val_rmse,system_attrs_grid_id,system_attrs_search_space,state,test_rmse
621,0.09969382119640388,2026-07-26 17:29:32.836768,2026-07-26 17:29:41.787306,8.950538,0.0,0.0,250,100,0.0,0.0,8.290974333009217,rbf,250,100,1,0.09969382119640388,621,"{'alpha_edge': [0, 0.001, 0.1, 1, 10], 'alpha_neuron': [0, 0.001, 0.1, 1, 10], 'layer_width': [100, 250, 500, 750, 1000], 'num_inducing': [10, 25, 50, 75, 100]}",COMPLETE,
622,0.014909516361757635,2026-07-26 17:29:41.790725,2026-07-26 17:29:46.998295,5.20757,0.1,10.0,250,100,0.1,10.0,4.610308250004891,rbf,250,100,1,0.014909516361757635,622,"{'alpha_edge': [0, 0.001, 0.1, 1, 10], 'alpha_neuron': [0, 0.001, 0.1, 1, 10], 'layer_width': [100, 250, 500, 750, 1000], 'num_inducing': [10, 25, 50, 75, 100]}",COMPLETE,
623,0.0011422892086258068,2026-07-26 17:29:47.002043,2026-07-26 17:29:56.381868,9.379825,0.001,0.1,750,50,0.001,0.1,8.222592666978016,rbf,750,50,1,0.0011422892086258068,623,"{'alpha_edge': [0, 0.001, 0.1, 1, 10], 'alpha_neuron': [0, 0.001, 0.1, 1, 10], 'layer_width': [100, 250, 500, 750, 1000], 'num_inducing': [10, 25, 50, 75, 100]}",COMPLETE,
624,0.00632128872897572,2026-07-26 17:29:56.386049,2026-07-26 17:30:02.136720,5.750671,10.0,0.1,250,100,10.0,0.1,4.967919040995184,rbf,250,100,1,0.00632128872897572,624,"{'alpha_edge': [0, 0.001, 0.1, 1, 10], 'alpha_neuron': [0, 0.001, 0.1, 1, 10], 'layer_width': [100, 250, 500, 750, 1000], 'num_inducing': [10, 25, 50, 75, 100]}",COMPLETE,
