number,value,datetime_start,datetime_complete,duration,params_alpha_edge,params_alpha_neuron,params_layer_width,params_num_inducing,user_attrs_alpha_edge,user_attrs_alpha_neuron,fit_duration_sec,kernel_type,user_attrs_layer_width,user_attrs_num_inducing,sigma_scale,val_rmse,system_attrs_grid_id,system_attrs_search_space,state,test_rmse
0,0.021477395685994854,2026-07-26 16:18:15.112193,2026-07-26 16:18:16.845291,1.733098,0.1,10.0,250,25,0.1,10.0,1.6080444999970496,rbf,250,25,1,0.021477395685994854,0,"{'alpha_edge': [0, 0.001, 0.1, 1, 10], 'alpha_neuron': [0, 0.001, 0.1, 1, 10], 'layer_width': [100, 250, 500, 750, 1000], 'num_inducing': [10, 25, 50, 75, 100]}",COMPLETE,
1,0.00020939777893441437,2026-07-26 16:18:16.848430,2026-07-26 16:18:35.355746,18.507316,0.1,0.001,1000,100,0.1,0.001,16.222318874963094,rbf,1000,100,1,0.00020939777893441437,1,"{'alpha_edge': [0, 0.001, 0.1, 1, 10], 'alpha_neuron': [0, 0.001, 0.1, 1, 10], 'layer_width': [100, 250, 500, 750, 1000], 'num_inducing': [10, 25, 50, 75, 100]}",COMPLETE,
2,0.0134195279803771,2026-07-26 16:18:35.359436,2026-07-26 16:18:35.780893,0.421457,1.0,0.1,100,10,1.0,0.1,0.3870819589938037,rbf,100,10,1,0.0134195279803771,2,"{'alpha_edge': [0, 0.001, 0.1, 1, 10], 'alpha_neuron': [0, 0.001, 0.1, 1, 10], 'layer_width': [100, 250, 500, 750, 1000], 'num_inducing': [10, 25, 50, 75, 100]}",COMPLETE,
3,0.0016006490871070642,2026-07-26 16:18:35.786377,2026-07-26 16:18:42.951283,7.164906,0.1,0.1,500,75,0.1,0.1,6.344564208004158,rbf,500,75,1,0.0016006490871070642,3,"{'alpha_edge': [0, 0.001, 0.1, 1, 10], 'alpha_neuron': [0, 0.001, 0.1, 1, 10], 'layer_width': [100, 250, 500, 750, 1000], 'num_inducing': [10, 25, 50, 75, 100]}",COMPLETE,
4,0.013312865114665978,2026-07-26 16:18:42.955300,2026-07-26 16:18:44.776094,1.820794,1.0,0.1,100,100,1.0,0.1,1.5920377919683233,rbf,100,100,1,0.013312865114665978,4,"{'alpha_edge': [0, 0.001, 0.1, 1, 10], 'alpha_neuron': [0, 0.001, 0.1, 1, 10], 'layer_width': [100, 250, 500, 750, 1000], 'num_inducing': [10, 25, 50, 75, 100]}",COMPLETE,
5,0.09645684841035274,2026-07-26 16:18:44.780728,2026-07-26 16:18:46.389407,1.608679,0.0,0.1,100,50,0.0,0.1,1.4757815420161933,rbf,100,50,1,0.09645684841035274,5,"{'alpha_edge': [0, 0.001, 0.1, 1, 10], 'alpha_neuron': [0, 0.001, 0.1, 1, 10], 'layer_width': [100, 250, 500, 750, 1000], 'num_inducing': [10, 25, 50, 75, 100]}",COMPLETE,
6,0.012179338326039053,2026-07-26 16:18:46.393197,2026-07-26 16:18:48.390767,1.99757,0.001,10.0,500,10,0.001,10.0,1.8262022920534946,rbf,500,10,1,0.012179338326039053,6,"{'alpha_edge': [0, 0.001, 0.1, 1, 10], 'alpha_neuron': [0, 0.001, 0.1, 1, 10], 'layer_width': [100, 250, 500, 750, 1000], 'num_inducing': [10, 25, 50, 75, 100]}",COMPLETE,
7,0.013004818460334033,2026-07-26 16:18:48.395302,2026-07-26 16:18:49.366978,0.971676,1.0,1.0,250,10,1.0,1.0,0.8927314999746159,rbf,250,10,1,0.013004818460334033,7,"{'alpha_edge': [0, 0.001, 0.1, 1, 10], 'alpha_neuron': [0, 0.001, 0.1, 1, 10], 'layer_width': [100, 250, 500, 750, 1000], 'num_inducing': [10, 25, 50, 75, 100]}",COMPLETE,
8,0.00037179051114733403,2026-07-26 16:18:49.371916,2026-07-26 16:18:59.552238,10.180322,10.0,0.001,1000,50,10.0,0.001,8.938273417006712,rbf,1000,50,1,0.00037179051114733403,8,"{'alpha_edge': [0, 0.001, 0.1, 1, 10], 'alpha_neuron': [0, 0.001, 0.1, 1, 10], 'layer_width': [100, 250, 500, 750, 1000], 'num_inducing': [10, 25, 50, 75, 100]}",COMPLETE,
9,0.0034074730366766854,2026-07-26 16:18:59.579830,2026-07-26 16:19:06.764317,7.184487,0.001,1.0,500,75,0.001,1.0,6.226813791960012,rbf,500,75,1,0.0034074730366766854,9,"{'alpha_edge': [0, 0.001, 0.1, 1, 10], 'alpha_neuron': [0, 0.001, 0.1, 1, 10], 'layer_width': [100, 250, 500, 750, 1000], 'num_inducing': [10, 25, 50, 75, 100]}",COMPLETE,
10,0.00036502912175556207,2026-07-26 16:19:06.769903,2026-07-26 16:19:22.215312,15.445409,10.0,0.001,1000,75,10.0,0.001,13.323631917010061,rbf,1000,75,1,0.00036502912175556207,10,"{'alpha_edge': [0, 0.001, 0.1, 1, 10], 'alpha_neuron': [0, 0.001, 0.1, 1, 10], 'layer_width': [100, 250, 500, 750, 1000], 'num_inducing': [10, 25, 50, 75, 100]}",COMPLETE,
11,0.004842235977937914,2026-07-26 16:19:22.221715,2026-07-26 16:19:40.607326,18.385611,1.0,1.0,1000,100,1.0,1.0,16.192114375007804,rbf,1000,100,1,0.004842235977937914,11,"{'alpha_edge': [0, 0.001, 0.1, 1, 10], 'alpha_neuron': [0, 0.001, 0.1, 1, 10], 'layer_width': [100, 250, 500, 750, 1000], 'num_inducing': [10, 25, 50, 75, 100]}",COMPLETE,
12,0.01041160274199347,2026-07-26 16:19:40.611853,2026-07-26 16:19:41.790519,1.178666,0.001,0.0,100,50,0.001,0.0,1.069419667008333,rbf,100,50,1,0.01041160274199347,12,"{'alpha_edge': [0, 0.001, 0.1, 1, 10], 'alpha_neuron': [0, 0.001, 0.1, 1, 10], 'layer_width': [100, 250, 500, 750, 1000], 'num_inducing': [10, 25, 50, 75, 100]}",COMPLETE,
13,0.016544961896837164,2026-07-26 16:19:41.793717,2026-07-26 16:19:43.996771,2.203054,0.0,1.0,500,10,0.0,1.0,2.0454639999661595,rbf,500,10,1,0.016544961896837164,13,"{'alpha_edge': [0, 0.001, 0.1, 1, 10], 'alpha_neuron': [0, 0.001, 0.1, 1, 10], 'layer_width': [100, 250, 500, 750, 1000], 'num_inducing': [10, 25, 50, 75, 100]}",COMPLETE,
14,0.013643727681014765,2026-07-26 16:19:44.001871,2026-07-26 16:19:45.827605,1.825734,0.1,0.001,100,100,0.1,0.001,1.6103721670224331,rbf,100,100,1,0.013643727681014765,14,"{'alpha_edge': [0, 0.001, 0.1, 1, 10], 'alpha_neuron': [0, 0.001, 0.1, 1, 10], 'layer_width': [100, 250, 500, 750, 1000], 'num_inducing': [10, 25, 50, 75, 100]}",COMPLETE,
15,0.00013103210171572542,2026-07-26 16:19:45.830611,2026-07-26 16:19:47.573952,1.743341,10.0,0.0,250,25,10.0,0.0,1.4001883750315756,rbf,250,25,1,0.00013103210171572542,15,"{'alpha_edge': [0, 0.001, 0.1, 1, 10], 'alpha_neuron': [0, 0.001, 0.1, 1, 10], 'layer_width': [100, 250, 500, 750, 1000], 'num_inducing': [10, 25, 50, 75, 100]}",COMPLETE,
16,0.003405669656931145,2026-07-26 16:19:47.578498,2026-07-26 16:19:50.696637,3.118139,0.001,1.0,500,25,0.001,1.0,2.715464290988166,rbf,500,25,1,0.003405669656931145,16,"{'alpha_edge': [0, 0.001, 0.1, 1, 10], 'alpha_neuron': [0, 0.001, 0.1, 1, 10], 'layer_width': [100, 250, 500, 750, 1000], 'num_inducing': [10, 25, 50, 75, 100]}",COMPLETE,
17,0.003558827174322937,2026-07-26 16:19:50.699678,2026-07-26 16:19:53.730842,3.031164,1.0,0.1,500,25,1.0,0.1,2.6872244579717517,rbf,500,25,1,0.003558827174322937,17,"{'alpha_edge': [0, 0.001, 0.1, 1, 10], 'alpha_neuron': [0, 0.001, 0.1, 1, 10], 'layer_width': [100, 250, 500, 750, 1000], 'num_inducing': [10, 25, 50, 75, 100]}",COMPLETE,
18,0.012073050165315692,2026-07-26 16:19:53.736144,2026-07-26 16:19:55.121933,1.385789,0.1,0.001,100,75,0.1,0.001,1.2374950830126181,rbf,100,75,1,0.012073050165315692,18,"{'alpha_edge': [0, 0.001, 0.1, 1, 10], 'alpha_neuron': [0, 0.001, 0.1, 1, 10], 'layer_width': [100, 250, 500, 750, 1000], 'num_inducing': [10, 25, 50, 75, 100]}",COMPLETE,
19,0.011649462162476903,2026-07-26 16:19:55.124833,2026-07-26 16:19:58.787055,3.662222,1.0,10.0,1000,10,1.0,10.0,3.216192374995444,rbf,1000,10,1,0.011649462162476903,19,"{'alpha_edge': [0, 0.001, 0.1, 1, 10], 'alpha_neuron': [0, 0.001, 0.1, 1, 10], 'layer_width': [100, 250, 500, 750, 1000], 'num_inducing': [10, 25, 50, 75, 100]}",COMPLETE,
20,0.01634033018881056,2026-07-26 16:19:58.790087,2026-07-26 16:19:59.747756,0.957669,0.001,1.0,100,50,0.001,1.0,0.8619295000098646,rbf,100,50,1,0.01634033018881056,20,"{'alpha_edge': [0, 0.001, 0.1, 1, 10], 'alpha_neuron': [0, 0.001, 0.1, 1, 10], 'layer_width': [100, 250, 500, 750, 1000], 'num_inducing': [10, 25, 50, 75, 100]}",COMPLETE,
21,0.0018343503926433868,2026-07-26 16:19:59.752615,2026-07-26 16:20:04.778364,5.025749,0.001,0.1,500,50,0.001,0.1,4.400152042042464,rbf,500,50,1,0.0018343503926433868,21,"{'alpha_edge': [0, 0.001, 0.1, 1, 10], 'alpha_neuron': [0, 0.001, 0.1, 1, 10], 'layer_width': [100, 250, 500, 750, 1000], 'num_inducing': [10, 25, 50, 75, 100]}",COMPLETE,
22,1.9221165705876604e-08,2026-07-26 16:20:04.781488,2026-07-26 16:20:09.742969,4.961481,10.0,0.0,750,25,10.0,0.0,4.405588667024858,rbf,750,25,1,1.9221165705876604e-08,22,"{'alpha_edge': [0, 0.001, 0.1, 1, 10], 'alpha_neuron': [0, 0.001, 0.1, 1, 10], 'layer_width': [100, 250, 500, 750, 1000], 'num_inducing': [10, 25, 50, 75, 100]}",COMPLETE,
23,0.010755426749759026,2026-07-26 16:20:09.746030,2026-07-26 16:20:16.873689,7.127659,0.1,10.0,500,75,0.1,10.0,6.256588916992769,rbf,500,75,1,0.010755426749759026,23,"{'alpha_edge': [0, 0.001, 0.1, 1, 10], 'alpha_neuron': [0, 0.001, 0.1, 1, 10], 'layer_width': [100, 250, 500, 750, 1000], 'num_inducing': [10, 25, 50, 75, 100]}",COMPLETE,
24,0.00041033563790133793,2026-07-26 16:20:16.876896,2026-07-26 16:20:20.616622,3.739726,10.0,0.001,1000,10,10.0,0.001,3.3984296250273474,rbf,1000,10,1,0.00041033563790133793,24,"{'alpha_edge': [0, 0.001, 0.1, 1, 10], 'alpha_neuron': [0, 0.001, 0.1, 1, 10], 'layer_width': [100, 250, 500, 750, 1000], 'num_inducing': [10, 25, 50, 75, 100]}",COMPLETE,
25,0.005688904626698165,2026-07-26 16:20:20.622174,2026-07-26 16:20:23.312962,2.690788,1.0,1.0,750,10,1.0,1.0,2.433443207992241,rbf,750,10,1,0.005688904626698165,25,"{'alpha_edge': [0, 0.001, 0.1, 1, 10], 'alpha_neuron': [0, 0.001, 0.1, 1, 10], 'layer_width': [100, 250, 500, 750, 1000], 'num_inducing': [10, 25, 50, 75, 100]}",COMPLETE,
26,0.0061891068104141566,2026-07-26 16:20:23.322800,2026-07-26 16:20:24.907313,1.584513,0.001,1.0,250,25,0.001,1.0,1.383458000025712,rbf,250,25,1,0.0061891068104141566,26,"{'alpha_edge': [0, 0.001, 0.1, 1, 10], 'alpha_neuron': [0, 0.001, 0.1, 1, 10], 'layer_width': [100, 250, 500, 750, 1000], 'num_inducing': [10, 25, 50, 75, 100]}",COMPLETE,
27,0.03705137964503315,2026-07-26 16:20:24.955416,2026-07-26 16:20:25.561196,0.60578,0.1,10.0,100,25,0.1,10.0,0.4987008749740198,rbf,100,25,1,0.03705137964503315,27,"{'alpha_edge': [0, 0.001, 0.1, 1, 10], 'alpha_neuron': [0, 0.001, 0.1, 1, 10], 'layer_width': [100, 250, 500, 750, 1000], 'num_inducing': [10, 25, 50, 75, 100]}",COMPLETE,
28,0.04593390138832479,2026-07-26 16:20:25.564112,2026-07-26 16:20:49.881689,24.317577,0.0,0.001,1000,75,0.0,0.001,22.356875416997354,rbf,1000,75,1,0.04593390138832479,28,"{'alpha_edge': [0, 0.001, 0.1, 1, 10], 'alpha_neuron': [0, 0.001, 0.1, 1, 10], 'layer_width': [100, 250, 500, 750, 1000], 'num_inducing': [10, 25, 50, 75, 100]}",COMPLETE,
29,0.0071017424322653575,2026-07-26 16:20:49.887141,2026-07-26 16:21:08.728431,18.84129,0.001,10.0,1000,100,0.001,10.0,16.535139874962624,rbf,1000,100,1,0.0071017424322653575,29,"{'alpha_edge': [0, 0.001, 0.1, 1, 10], 'alpha_neuron': [0, 0.001, 0.1, 1, 10], 'layer_width': [100, 250, 500, 750, 1000], 'num_inducing': [10, 25, 50, 75, 100]}",COMPLETE,
30,0.018280883249455725,2026-07-26 16:21:08.731405,2026-07-26 16:21:09.164774,0.433369,0.001,1.0,100,10,0.001,1.0,0.40158604097086936,rbf,100,10,1,0.018280883249455725,30,"{'alpha_edge': [0, 0.001, 0.1, 1, 10], 'alpha_neuron': [0, 0.001, 0.1, 1, 10], 'layer_width': [100, 250, 500, 750, 1000], 'num_inducing': [10, 25, 50, 75, 100]}",COMPLETE,
31,0.008597832471350082,2026-07-26 16:21:09.169724,2026-07-26 16:21:10.302395,1.132671,1.0,0.001,100,50,1.0,0.001,1.0046959170140326,rbf,100,50,1,0.008597832471350082,31,"{'alpha_edge': [0, 0.001, 0.1, 1, 10], 'alpha_neuron': [0, 0.001, 0.1, 1, 10], 'layer_width': [100, 250, 500, 750, 1000], 'num_inducing': [10, 25, 50, 75, 100]}",COMPLETE,
32,0.00392318745848145,2026-07-26 16:21:10.305377,2026-07-26 16:21:19.394151,9.088774,0.1,1.0,500,100,0.1,1.0,7.895189707982354,rbf,500,100,1,0.00392318745848145,32,"{'alpha_edge': [0, 0.001, 0.1, 1, 10], 'alpha_neuron': [0, 0.001, 0.1, 1, 10], 'layer_width': [100, 250, 500, 750, 1000], 'num_inducing': [10, 25, 50, 75, 100]}",COMPLETE,
33,0.01349693678456176,2026-07-26 16:21:19.397332,2026-07-26 16:21:21.883531,2.486199,10.0,1.0,250,50,10.0,1.0,2.183357125031762,rbf,250,50,1,0.01349693678456176,33,"{'alpha_edge': [0, 0.001, 0.1, 1, 10], 'alpha_neuron': [0, 0.001, 0.1, 1, 10], 'layer_width': [100, 250, 500, 750, 1000], 'num_inducing': [10, 25, 50, 75, 100]}",COMPLETE,
34,0.02967885889244757,2026-07-26 16:21:21.888170,2026-07-26 16:21:33.612829,11.724659,0.0,0.0,750,50,0.0,0.0,10.884706417040434,rbf,750,50,1,0.02967885889244757,34,"{'alpha_edge': [0, 0.001, 0.1, 1, 10], 'alpha_neuron': [0, 0.001, 0.1, 1, 10], 'layer_width': [100, 250, 500, 750, 1000], 'num_inducing': [10, 25, 50, 75, 100]}",COMPLETE,
35,0.0068970276838680985,2026-07-26 16:21:33.615898,2026-07-26 16:21:34.581853,0.965955,0.001,1.0,250,10,0.001,1.0,0.8566677090129815,rbf,250,10,1,0.0068970276838680985,35,"{'alpha_edge': [0, 0.001, 0.1, 1, 10], 'alpha_neuron': [0, 0.001, 0.1, 1, 10], 'layer_width': [100, 250, 500, 750, 1000], 'num_inducing': [10, 25, 50, 75, 100]}",COMPLETE,
36,0.024727849034214152,2026-07-26 16:21:34.586949,2026-07-26 16:21:38.151619,3.56467,1.0,10.0,250,75,1.0,10.0,3.101425124972593,rbf,250,75,1,0.024727849034214152,36,"{'alpha_edge': [0, 0.001, 0.1, 1, 10], 'alpha_neuron': [0, 0.001, 0.1, 1, 10], 'layer_width': [100, 250, 500, 750, 1000], 'num_inducing': [10, 25, 50, 75, 100]}",COMPLETE,
37,0.0036089322610801176,2026-07-26 16:21:38.156931,2026-07-26 16:21:40.027341,1.87041,0.001,1.0,500,10,0.001,1.0,1.7121306250337511,rbf,500,10,1,0.0036089322610801176,37,"{'alpha_edge': [0, 0.001, 0.1, 1, 10], 'alpha_neuron': [0, 0.001, 0.1, 1, 10], 'layer_width': [100, 250, 500, 750, 1000], 'num_inducing': [10, 25, 50, 75, 100]}",COMPLETE,
38,0.08506904763649266,2026-07-26 16:21:40.031225,2026-07-26 16:22:12.324420,32.293195,0.0,0.001,1000,100,0.0,0.001,30.004130040993914,rbf,1000,100,1,0.08506904763649266,38,"{'alpha_edge': [0, 0.001, 0.1, 1, 10], 'alpha_neuron': [0, 0.001, 0.1, 1, 10], 'layer_width': [100, 250, 500, 750, 1000], 'num_inducing': [10, 25, 50, 75, 100]}",COMPLETE,
39,0.07646524772261674,2026-07-26 16:22:12.327575,2026-07-26 16:22:14.625555,2.29798,0.0,10.0,100,75,0.0,10.0,2.142358042008709,rbf,100,75,1,0.07646524772261674,39,"{'alpha_edge': [0, 0.001, 0.1, 1, 10], 'alpha_neuron': [0, 0.001, 0.1, 1, 10], 'layer_width': [100, 250, 500, 750, 1000], 'num_inducing': [10, 25, 50, 75, 100]}",COMPLETE,
40,0.0019077089459079845,2026-07-26 16:22:14.630588,2026-07-26 16:22:18.338751,3.708163,0.1,0.1,1000,10,0.1,0.1,3.3307088339934126,rbf,1000,10,1,0.0019077089459079845,40,"{'alpha_edge': [0, 0.001, 0.1, 1, 10], 'alpha_neuron': [0, 0.001, 0.1, 1, 10], 'layer_width': [100, 250, 500, 750, 1000], 'num_inducing': [10, 25, 50, 75, 100]}",COMPLETE,
41,0.014376374846420542,2026-07-26 16:22:18.341782,2026-07-26 16:22:21.011468,2.669686,10.0,10.0,750,10,10.0,10.0,2.4390543330227956,rbf,750,10,1,0.014376374846420542,41,"{'alpha_edge': [0, 0.001, 0.1, 1, 10], 'alpha_neuron': [0, 0.001, 0.1, 1, 10], 'layer_width': [100, 250, 500, 750, 1000], 'num_inducing': [10, 25, 50, 75, 100]}",COMPLETE,
42,0.024724767282208567,2026-07-26 16:22:21.018293,2026-07-26 16:22:22.174869,1.156576,1.0,1.0,100,50,1.0,1.0,1.0441413749940693,rbf,100,50,1,0.024724767282208567,42,"{'alpha_edge': [0, 0.001, 0.1, 1, 10], 'alpha_neuron': [0, 0.001, 0.1, 1, 10], 'layer_width': [100, 250, 500, 750, 1000], 'num_inducing': [10, 25, 50, 75, 100]}",COMPLETE,
43,0.0029904470856381617,2026-07-26 16:22:22.178139,2026-07-26 16:22:24.725325,2.547186,0.1,0.1,750,10,0.1,0.1,2.3438545420067385,rbf,750,10,1,0.0029904470856381617,43,"{'alpha_edge': [0, 0.001, 0.1, 1, 10], 'alpha_neuron': [0, 0.001, 0.1, 1, 10], 'layer_width': [100, 250, 500, 750, 1000], 'num_inducing': [10, 25, 50, 75, 100]}",COMPLETE,
44,0.02975609953739698,2026-07-26 16:22:24.729085,2026-07-26 16:22:26.534298,1.805213,1.0,10.0,100,100,1.0,10.0,1.5994647079496644,rbf,100,100,1,0.02975609953739698,44,"{'alpha_edge': [0, 0.001, 0.1, 1, 10], 'alpha_neuron': [0, 0.001, 0.1, 1, 10], 'layer_width': [100, 250, 500, 750, 1000], 'num_inducing': [10, 25, 50, 75, 100]}",COMPLETE,
45,0.07860670442742945,2026-07-26 16:22:26.538564,2026-07-26 16:22:28.221583,1.683019,0.0,1.0,100,50,0.0,1.0,1.5663797080051154,rbf,100,50,1,0.07860670442742945,45,"{'alpha_edge': [0, 0.001, 0.1, 1, 10], 'alpha_neuron': [0, 0.001, 0.1, 1, 10], 'layer_width': [100, 250, 500, 750, 1000], 'num_inducing': [10, 25, 50, 75, 100]}",COMPLETE,
46,0.012187854124701027,2026-07-26 16:22:28.224654,2026-07-26 16:22:31.352106,3.127452,0.1,10.0,500,25,0.1,10.0,2.728003374999389,rbf,500,25,1,0.012187854124701027,46,"{'alpha_edge': [0, 0.001, 0.1, 1, 10], 'alpha_neuron': [0, 0.001, 0.1, 1, 10], 'layer_width': [100, 250, 500, 750, 1000], 'num_inducing': [10, 25, 50, 75, 100]}",COMPLETE,
47,2.2900819423965908e-07,2026-07-26 16:22:31.355509,2026-07-26 16:22:40.498289,9.14278,10.0,0.0,500,100,10.0,0.0,8.02524629200343,rbf,500,100,1,2.2900819423965908e-07,47,"{'alpha_edge': [0, 0.001, 0.1, 1, 10], 'alpha_neuron': [0, 0.001, 0.1, 1, 10], 'layer_width': [100, 250, 500, 750, 1000], 'num_inducing': [10, 25, 50, 75, 100]}",COMPLETE,
48,0.002655449361605598,2026-07-26 16:22:40.504003,2026-07-26 16:22:54.905104,14.401101,0.1,1.0,1000,75,0.1,1.0,12.669071457989048,rbf,1000,75,1,0.002655449361605598,48,"{'alpha_edge': [0, 0.001, 0.1, 1, 10], 'alpha_neuron': [0, 0.001, 0.1, 1, 10], 'layer_width': [100, 250, 500, 750, 1000], 'num_inducing': [10, 25, 50, 75, 100]}",COMPLETE,
49,0.03346257904250016,2026-07-26 16:22:54.908092,2026-07-26 16:23:11.180388,16.272296,0.0,0.0,500,100,0.0,0.0,15.15341475000605,rbf,500,100,1,0.03346257904250016,49,"{'alpha_edge': [0, 0.001, 0.1, 1, 10], 'alpha_neuron': [0, 0.001, 0.1, 1, 10], 'layer_width': [100, 250, 500, 750, 1000], 'num_inducing': [10, 25, 50, 75, 100]}",COMPLETE,
50,0.002609706695976498,2026-07-26 16:23:11.184908,2026-07-26 16:23:13.791427,2.606519,0.001,0.001,250,50,0.001,0.001,2.3376774580101483,rbf,250,50,1,0.002609706695976498,50,"{'alpha_edge': [0, 0.001, 0.1, 1, 10], 'alpha_neuron': [0, 0.001, 0.1, 1, 10], 'layer_width': [100, 250, 500, 750, 1000], 'num_inducing': [10, 25, 50, 75, 100]}",COMPLETE,
51,0.0005215868672686485,2026-07-26 16:23:13.797088,2026-07-26 16:23:19.074452,5.277364,0.001,0.001,500,50,0.001,0.001,4.656437875004485,rbf,500,50,1,0.0005215868672686485,51,"{'alpha_edge': [0, 0.001, 0.1, 1, 10], 'alpha_neuron': [0, 0.001, 0.1, 1, 10], 'layer_width': [100, 250, 500, 750, 1000], 'num_inducing': [10, 25, 50, 75, 100]}",COMPLETE,
52,1.2460841694112344e-06,2026-07-26 16:23:19.086854,2026-07-26 16:23:22.045725,2.958871,10.0,0.0,500,25,10.0,0.0,2.568011875031516,rbf,500,25,1,1.2460841694112344e-06,52,"{'alpha_edge': [0, 0.001, 0.1, 1, 10], 'alpha_neuron': [0, 0.001, 0.1, 1, 10], 'layer_width': [100, 250, 500, 750, 1000], 'num_inducing': [10, 25, 50, 75, 100]}",COMPLETE,
53,0.00669742961986,2026-07-26 16:23:22.048957,2026-07-26 16:23:25.470787,3.42183,0.001,10.0,1000,10,0.001,10.0,3.0568564999848604,rbf,1000,10,1,0.00669742961986,53,"{'alpha_edge': [0, 0.001, 0.1, 1, 10], 'alpha_neuron': [0, 0.001, 0.1, 1, 10], 'layer_width': [100, 250, 500, 750, 1000], 'num_inducing': [10, 25, 50, 75, 100]}",COMPLETE,
54,0.010270329688579513,2026-07-26 16:23:25.474916,2026-07-26 16:23:43.579290,18.104374,1.0,10.0,1000,100,1.0,10.0,15.870635667000897,rbf,1000,100,1,0.010270329688579513,54,"{'alpha_edge': [0, 0.001, 0.1, 1, 10], 'alpha_neuron': [0, 0.001, 0.1, 1, 10], 'layer_width': [100, 250, 500, 750, 1000], 'num_inducing': [10, 25, 50, 75, 100]}",COMPLETE,
55,0.0683863651072583,2026-07-26 16:23:43.582886,2026-07-26 16:23:44.450104,0.867218,0.0,0.0,100,25,0.0,0.0,0.7605516249896027,rbf,100,25,1,0.0683863651072583,55,"{'alpha_edge': [0, 0.001, 0.1, 1, 10], 'alpha_neuron': [0, 0.001, 0.1, 1, 10], 'layer_width': [100, 250, 500, 750, 1000], 'num_inducing': [10, 25, 50, 75, 100]}",COMPLETE,
56,0.03790424764014176,2026-07-26 16:23:44.481801,2026-07-26 16:23:52.323248,7.841447,0.0,0.1,500,50,0.0,0.1,7.269661083992105,rbf,500,50,1,0.03790424764014176,56,"{'alpha_edge': [0, 0.001, 0.1, 1, 10], 'alpha_neuron': [0, 0.001, 0.1, 1, 10], 'layer_width': [100, 250, 500, 750, 1000], 'num_inducing': [10, 25, 50, 75, 100]}",COMPLETE,
57,0.07319877428262136,2026-07-26 16:23:52.326559,2026-07-26 16:23:53.359248,1.032689,0.0,0.1,250,10,0.0,0.1,0.9453732080291957,rbf,250,10,1,0.07319877428262136,57,"{'alpha_edge': [0, 0.001, 0.1, 1, 10], 'alpha_neuron': [0, 0.001, 0.1, 1, 10], 'layer_width': [100, 250, 500, 750, 1000], 'num_inducing': [10, 25, 50, 75, 100]}",COMPLETE,
58,0.013395673431652337,2026-07-26 16:23:53.366109,2026-07-26 16:23:54.419346,1.053237,1.0,0.1,100,50,1.0,0.1,0.9358017920167185,rbf,100,50,1,0.013395673431652337,58,"{'alpha_edge': [0, 0.001, 0.1, 1, 10], 'alpha_neuron': [0, 0.001, 0.1, 1, 10], 'layer_width': [100, 250, 500, 750, 1000], 'num_inducing': [10, 25, 50, 75, 100]}",COMPLETE,
59,0.006654703689568828,2026-07-26 16:23:54.422040,2026-07-26 16:23:54.820547,0.398507,0.1,0.0,100,10,0.1,0.0,0.37371766701107845,rbf,100,10,1,0.006654703689568828,59,"{'alpha_edge': [0, 0.001, 0.1, 1, 10], 'alpha_neuron': [0, 0.001, 0.1, 1, 10], 'layer_width': [100, 250, 500, 750, 1000], 'num_inducing': [10, 25, 50, 75, 100]}",COMPLETE,
60,0.0071111992091487265,2026-07-26 16:23:54.823547,2026-07-26 16:23:59.501695,4.678148,0.1,1.0,250,100,0.1,1.0,4.0484027080237865,rbf,250,100,1,0.0071111992091487265,60,"{'alpha_edge': [0, 0.001, 0.1, 1, 10], 'alpha_neuron': [0, 0.001, 0.1, 1, 10], 'layer_width': [100, 250, 500, 750, 1000], 'num_inducing': [10, 25, 50, 75, 100]}",COMPLETE,
61,0.0010822220612778449,2026-07-26 16:23:59.505085,2026-07-26 16:24:13.294739,13.789654,0.001,0.1,750,100,0.001,0.1,12.030941166973207,rbf,750,100,1,0.0010822220612778449,61,"{'alpha_edge': [0, 0.001, 0.1, 1, 10], 'alpha_neuron': [0, 0.001, 0.1, 1, 10], 'layer_width': [100, 250, 500, 750, 1000], 'num_inducing': [10, 25, 50, 75, 100]}",COMPLETE,
