number,value,datetime_start,datetime_complete,duration,params_alpha_edge,params_alpha_neuron,params_kernel_type,params_layer_width,params_num_inducing,user_attrs_alpha_edge,user_attrs_alpha_neuron,fit_duration_sec,kernel_type,user_attrs_layer_width,user_attrs_num_inducing,sigma_scale,val_rmse,system_attrs_grid_id,system_attrs_search_space,state,test_rmse
342,7.593799074214672e-05,2026-07-30 11:48:11.437480,2026-07-30 11:48:28.813754,17.376274,10.0,0,matern,500,75,10.0,0,15.98937054205453,matern,500,75,1,7.593799074214672e-05,342,"{'alpha_edge': [0, 0.001, 0.1, 1, 10], 'alpha_neuron': [0], 'kernel_type': ['rbf', 'matern', 'periodic'], 'layer_width': [100, 250, 500, 750, 1000], 'num_inducing': [10, 25, 50, 75, 100]}",COMPLETE,
343,4.474171735271088e-05,2026-07-30 11:48:28.818491,2026-07-30 11:48:31.987810,3.169319,10.0,0,matern,500,10,10.0,0,2.891197833989281,matern,500,10,1,4.474171735271088e-05,343,"{'alpha_edge': [0, 0.001, 0.1, 1, 10], 'alpha_neuron': [0], 'kernel_type': ['rbf', 'matern', 'periodic'], 'layer_width': [100, 250, 500, 750, 1000], 'num_inducing': [10, 25, 50, 75, 100]}",COMPLETE,
344,3.506359851331453e-05,2026-07-30 11:48:31.990787,2026-07-30 11:48:55.645421,23.654634,0.1,0,matern,1000,50,0.1,0,21.675222791032866,matern,1000,50,1,3.506359851331453e-05,344,"{'alpha_edge': [0, 0.001, 0.1, 1, 10], 'alpha_neuron': [0], 'kernel_type': ['rbf', 'matern', 'periodic'], 'layer_width': [100, 250, 500, 750, 1000], 'num_inducing': [10, 25, 50, 75, 100]}",COMPLETE,
345,2.048060335101498e-08,2026-07-30 11:48:55.650630,2026-07-30 11:49:15.671759,20.021129,1.0,0,rbf,750,75,1.0,0,18.60198187502101,rbf,750,75,1,2.048060335101498e-08,345,"{'alpha_edge': [0, 0.001, 0.1, 1, 10], 'alpha_neuron': [0], 'kernel_type': ['rbf', 'matern', 'periodic'], 'layer_width': [100, 250, 500, 750, 1000], 'num_inducing': [10, 25, 50, 75, 100]}",COMPLETE,
346,0.0001910830357599441,2026-07-30 11:49:15.675047,2026-07-30 11:49:19.938096,4.263049,0.001,0,matern,750,10,0.001,0,4.001414416008629,matern,750,10,1,0.0001910830357599441,346,"{'alpha_edge': [0, 0.001, 0.1, 1, 10], 'alpha_neuron': [0], 'kernel_type': ['rbf', 'matern', 'periodic'], 'layer_width': [100, 250, 500, 750, 1000], 'num_inducing': [10, 25, 50, 75, 100]}",COMPLETE,
347,5.790707630038364e-06,2026-07-30 11:49:19.941486,2026-07-30 11:49:24.533708,4.592222,1.0,0,matern,750,10,1.0,0,4.265665040991735,matern,750,10,1,5.790707630038364e-06,347,"{'alpha_edge': [0, 0.001, 0.1, 1, 10], 'alpha_neuron': [0], 'kernel_type': ['rbf', 'matern', 'periodic'], 'layer_width': [100, 250, 500, 750, 1000], 'num_inducing': [10, 25, 50, 75, 100]}",COMPLETE,
348,0.047617690798721524,2026-07-30 11:49:24.536676,2026-07-30 11:49:50.805409,26.268733,0.0,0,periodic,1000,50,0.0,0,23.649352166976314,periodic,1000,50,1,0.047617690798721524,348,"{'alpha_edge': [0, 0.001, 0.1, 1, 10], 'alpha_neuron': [0], 'kernel_type': ['rbf', 'matern', 'periodic'], 'layer_width': [100, 250, 500, 750, 1000], 'num_inducing': [10, 25, 50, 75, 100]}",COMPLETE,
349,0.0006883779097085202,2026-07-30 11:49:50.808527,2026-07-30 11:49:59.907436,9.098909,10.0,0,matern,250,75,10.0,0,8.396754916990176,matern,250,75,1,0.0006883779097085202,349,"{'alpha_edge': [0, 0.001, 0.1, 1, 10], 'alpha_neuron': [0], 'kernel_type': ['rbf', 'matern', 'periodic'], 'layer_width': [100, 250, 500, 750, 1000], 'num_inducing': [10, 25, 50, 75, 100]}",COMPLETE,
350,0.02282228929059402,2026-07-30 11:49:59.910500,2026-07-30 11:50:00.537020,0.62652,0.0,0,matern,100,10,0.0,0,0.5862336659920402,matern,100,10,1,0.02282228929059402,350,"{'alpha_edge': [0, 0.001, 0.1, 1, 10], 'alpha_neuron': [0], 'kernel_type': ['rbf', 'matern', 'periodic'], 'layer_width': [100, 250, 500, 750, 1000], 'num_inducing': [10, 25, 50, 75, 100]}",COMPLETE,
351,7.960430570046382e-08,2026-07-30 11:50:00.540801,2026-07-30 11:50:04.733102,4.192301,0.1,0,rbf,750,10,0.1,0,3.8811465419712476,rbf,750,10,1,7.960430570046382e-08,351,"{'alpha_edge': [0, 0.001, 0.1, 1, 10], 'alpha_neuron': [0], 'kernel_type': ['rbf', 'matern', 'periodic'], 'layer_width': [100, 250, 500, 750, 1000], 'num_inducing': [10, 25, 50, 75, 100]}",COMPLETE,
352,5.693031531331381e-05,2026-07-30 11:50:04.736462,2026-07-30 11:50:16.915487,12.179025,10.0,0,matern,500,50,10.0,0,11.217358709021937,matern,500,50,1,5.693031531331381e-05,352,"{'alpha_edge': [0, 0.001, 0.1, 1, 10], 'alpha_neuron': [0], 'kernel_type': ['rbf', 'matern', 'periodic'], 'layer_width': [100, 250, 500, 750, 1000], 'num_inducing': [10, 25, 50, 75, 100]}",COMPLETE,
353,0.08471398285859705,2026-07-30 11:50:16.918461,2026-07-30 11:50:35.807028,18.888567,10.0,0,periodic,750,50,10.0,0,17.21701874997234,periodic,750,50,1,0.08471398285859705,353,"{'alpha_edge': [0, 0.001, 0.1, 1, 10], 'alpha_neuron': [0], 'kernel_type': ['rbf', 'matern', 'periodic'], 'layer_width': [100, 250, 500, 750, 1000], 'num_inducing': [10, 25, 50, 75, 100]}",COMPLETE,
354,5.217511156930044e-09,2026-07-30 11:50:35.810182,2026-07-30 11:51:08.591422,32.78124,0.1,0,rbf,1000,100,0.1,0,30.44105404097354,rbf,1000,100,1,5.217511156930044e-09,354,"{'alpha_edge': [0, 0.001, 0.1, 1, 10], 'alpha_neuron': [0], 'kernel_type': ['rbf', 'matern', 'periodic'], 'layer_width': [100, 250, 500, 750, 1000], 'num_inducing': [10, 25, 50, 75, 100]}",COMPLETE,
355,0.08022596570143224,2026-07-30 11:51:08.594585,2026-07-30 11:51:14.352329,5.757744,10.0,0,periodic,500,25,10.0,0,5.1142925840104,periodic,500,25,1,0.08022596570143224,355,"{'alpha_edge': [0, 0.001, 0.1, 1, 10], 'alpha_neuron': [0], 'kernel_type': ['rbf', 'matern', 'periodic'], 'layer_width': [100, 250, 500, 750, 1000], 'num_inducing': [10, 25, 50, 75, 100]}",COMPLETE,
356,0.017982509861208966,2026-07-30 11:51:14.355461,2026-07-30 11:51:36.183686,21.828225,0.0,0,matern,500,100,0.0,0,20.102969124971423,matern,500,100,1,0.017982509861208966,356,"{'alpha_edge': [0, 0.001, 0.1, 1, 10], 'alpha_neuron': [0], 'kernel_type': ['rbf', 'matern', 'periodic'], 'layer_width': [100, 250, 500, 750, 1000], 'num_inducing': [10, 25, 50, 75, 100]}",COMPLETE,
357,7.768450887834126e-05,2026-07-30 11:51:36.187241,2026-07-30 11:51:59.617116,23.429875,0.1,0,matern,750,75,0.1,0,21.479493416962214,matern,750,75,1,7.768450887834126e-05,357,"{'alpha_edge': [0, 0.001, 0.1, 1, 10], 'alpha_neuron': [0], 'kernel_type': ['rbf', 'matern', 'periodic'], 'layer_width': [100, 250, 500, 750, 1000], 'num_inducing': [10, 25, 50, 75, 100]}",COMPLETE,
358,6.57355781088475e-07,2026-07-30 11:51:59.620513,2026-07-30 11:52:15.930528,16.310015,10.0,0,rbf,500,100,10.0,0,15.154494000016712,rbf,500,100,1,6.57355781088475e-07,358,"{'alpha_edge': [0, 0.001, 0.1, 1, 10], 'alpha_neuron': [0], 'kernel_type': ['rbf', 'matern', 'periodic'], 'layer_width': [100, 250, 500, 750, 1000], 'num_inducing': [10, 25, 50, 75, 100]}",COMPLETE,
359,2.1163755858596478e-05,2026-07-30 11:52:15.933558,2026-07-30 11:52:27.948777,12.015219,0.001,0,rbf,500,75,0.001,0,11.179624666983727,rbf,500,75,1,2.1163755858596478e-05,359,"{'alpha_edge': [0, 0.001, 0.1, 1, 10], 'alpha_neuron': [0], 'kernel_type': ['rbf', 'matern', 'periodic'], 'layer_width': [100, 250, 500, 750, 1000], 'num_inducing': [10, 25, 50, 75, 100]}",COMPLETE,
360,0.10290882416493619,2026-07-30 11:52:27.951770,2026-07-30 11:52:35.241020,7.28925,0.0,0,periodic,1000,10,0.0,0,6.615527791960631,periodic,1000,10,1,0.10290882416493619,360,"{'alpha_edge': [0, 0.001, 0.1, 1, 10], 'alpha_neuron': [0], 'kernel_type': ['rbf', 'matern', 'periodic'], 'layer_width': [100, 250, 500, 750, 1000], 'num_inducing': [10, 25, 50, 75, 100]}",COMPLETE,
361,0.00014970679470896852,2026-07-30 11:52:35.245631,2026-07-30 11:52:43.676728,8.431097,0.001,0,rbf,500,50,0.001,0,7.742930167005397,rbf,500,50,1,0.00014970679470896852,361,"{'alpha_edge': [0, 0.001, 0.1, 1, 10], 'alpha_neuron': [0], 'kernel_type': ['rbf', 'matern', 'periodic'], 'layer_width': [100, 250, 500, 750, 1000], 'num_inducing': [10, 25, 50, 75, 100]}",COMPLETE,
362,0.052158481761841485,2026-07-30 11:52:43.681461,2026-07-30 11:53:00.688815,17.007354,1.0,0,periodic,750,50,1.0,0,15.138290708942804,periodic,750,50,1,0.052158481761841485,362,"{'alpha_edge': [0, 0.001, 0.1, 1, 10], 'alpha_neuron': [0], 'kernel_type': ['rbf', 'matern', 'periodic'], 'layer_width': [100, 250, 500, 750, 1000], 'num_inducing': [10, 25, 50, 75, 100]}",COMPLETE,
363,1.1798663644344156e-07,2026-07-30 11:53:00.691923,2026-07-30 11:53:13.147591,12.455668,1.0,0,rbf,750,50,1.0,0,11.587955292023253,rbf,750,50,1,1.1798663644344156e-07,363,"{'alpha_edge': [0, 0.001, 0.1, 1, 10], 'alpha_neuron': [0], 'kernel_type': ['rbf', 'matern', 'periodic'], 'layer_width': [100, 250, 500, 750, 1000], 'num_inducing': [10, 25, 50, 75, 100]}",COMPLETE,
364,0.10551038481700999,2026-07-30 11:53:13.150492,2026-07-30 11:53:15.528903,2.378411,1.0,0,periodic,100,50,1.0,0,2.092785290966276,periodic,100,50,1,0.10551038481700999,364,"{'alpha_edge': [0, 0.001, 0.1, 1, 10], 'alpha_neuron': [0], 'kernel_type': ['rbf', 'matern', 'periodic'], 'layer_width': [100, 250, 500, 750, 1000], 'num_inducing': [10, 25, 50, 75, 100]}",COMPLETE,
365,0.07969728492917041,2026-07-30 11:53:15.531724,2026-07-30 11:53:21.880845,6.349121,0.1,0,periodic,500,25,0.1,0,5.506404709012713,periodic,500,25,1,0.07969728492917041,365,"{'alpha_edge': [0, 0.001, 0.1, 1, 10], 'alpha_neuron': [0], 'kernel_type': ['rbf', 'matern', 'periodic'], 'layer_width': [100, 250, 500, 750, 1000], 'num_inducing': [10, 25, 50, 75, 100]}",COMPLETE,
366,0.025962224447158982,2026-07-30 11:53:21.885091,2026-07-30 11:53:28.730237,6.845146,0.0,0,rbf,250,100,0.0,0,6.3554622500087135,rbf,250,100,1,0.025962224447158982,366,"{'alpha_edge': [0, 0.001, 0.1, 1, 10], 'alpha_neuron': [0], 'kernel_type': ['rbf', 'matern', 'periodic'], 'layer_width': [100, 250, 500, 750, 1000], 'num_inducing': [10, 25, 50, 75, 100]}",COMPLETE,
367,0.08378957263558075,2026-07-30 11:53:28.733229,2026-07-30 11:53:39.599926,10.866697,10.0,0,periodic,250,100,10.0,0,9.822232542035636,periodic,250,100,1,0.08378957263558075,367,"{'alpha_edge': [0, 0.001, 0.1, 1, 10], 'alpha_neuron': [0], 'kernel_type': ['rbf', 'matern', 'periodic'], 'layer_width': [100, 250, 500, 750, 1000], 'num_inducing': [10, 25, 50, 75, 100]}",COMPLETE,
368,8.137697142417221e-06,2026-07-30 11:53:39.603287,2026-07-30 11:53:45.591488,5.988201,0.1,0,matern,1000,10,0.1,0,5.4638836669619195,matern,1000,10,1,8.137697142417221e-06,368,"{'alpha_edge': [0, 0.001, 0.1, 1, 10], 'alpha_neuron': [0], 'kernel_type': ['rbf', 'matern', 'periodic'], 'layer_width': [100, 250, 500, 750, 1000], 'num_inducing': [10, 25, 50, 75, 100]}",COMPLETE,
369,0.0186706389723162,2026-07-30 11:53:45.596719,2026-07-30 11:53:46.660591,1.063872,1.0,0,matern,100,25,1.0,0,0.9784897079807706,matern,100,25,1,0.0186706389723162,369,"{'alpha_edge': [0, 0.001, 0.1, 1, 10], 'alpha_neuron': [0], 'kernel_type': ['rbf', 'matern', 'periodic'], 'layer_width': [100, 250, 500, 750, 1000], 'num_inducing': [10, 25, 50, 75, 100]}",COMPLETE,
370,9.126102804270856e-09,2026-07-30 11:53:46.663806,2026-07-30 11:54:11.477153,24.813347,10.0,0,rbf,1000,75,10.0,0,23.129625833011232,rbf,1000,75,1,9.126102804270856e-09,370,"{'alpha_edge': [0, 0.001, 0.1, 1, 10], 'alpha_neuron': [0], 'kernel_type': ['rbf', 'matern', 'periodic'], 'layer_width': [100, 250, 500, 750, 1000], 'num_inducing': [10, 25, 50, 75, 100]}",COMPLETE,
371,4.297595215914584e-05,2026-07-30 11:54:11.481370,2026-07-30 11:54:27.364048,15.882678,0.1,0,matern,750,50,0.1,0,14.479365542007145,matern,750,50,1,4.297595215914584e-05,371,"{'alpha_edge': [0, 0.001, 0.1, 1, 10], 'alpha_neuron': [0], 'kernel_type': ['rbf', 'matern', 'periodic'], 'layer_width': [100, 250, 500, 750, 1000], 'num_inducing': [10, 25, 50, 75, 100]}",COMPLETE,
372,0.0002212892203267051,2026-07-30 11:54:27.367105,2026-07-30 11:54:43.907776,16.540671,0.001,0,matern,750,50,0.001,0,15.028942540986463,matern,750,50,1,0.0002212892203267051,372,"{'alpha_edge': [0, 0.001, 0.1, 1, 10], 'alpha_neuron': [0], 'kernel_type': ['rbf', 'matern', 'periodic'], 'layer_width': [100, 250, 500, 750, 1000], 'num_inducing': [10, 25, 50, 75, 100]}",COMPLETE,
373,0.007529323830631678,2026-07-30 11:54:43.912717,2026-07-30 11:55:05.848799,21.936082,0.0,0,matern,1000,50,0.0,0,20.105850083986297,matern,1000,50,1,0.007529323830631678,373,"{'alpha_edge': [0, 0.001, 0.1, 1, 10], 'alpha_neuron': [0], 'kernel_type': ['rbf', 'matern', 'periodic'], 'layer_width': [100, 250, 500, 750, 1000], 'num_inducing': [10, 25, 50, 75, 100]}",COMPLETE,
374,2.7123007275379e-09,2026-07-30 11:55:05.863976,2026-07-30 11:55:23.650186,17.78621,0.1,0,rbf,1000,50,0.1,0,16.019644165993668,rbf,1000,50,1,2.7123007275379e-09,374,"{'alpha_edge': [0, 0.001, 0.1, 1, 10], 'alpha_neuron': [0], 'kernel_type': ['rbf', 'matern', 'periodic'], 'layer_width': [100, 250, 500, 750, 1000], 'num_inducing': [10, 25, 50, 75, 100]}",COMPLETE,
