number,value,datetime_start,datetime_complete,duration,params_alpha_edge,params_alpha_neuron,params_layer_width,params_num_inducing,user_attrs_alpha_edge,user_attrs_alpha_neuron,fit_duration_sec,kernel_type,user_attrs_layer_width,user_attrs_num_inducing,sigma_scale,val_rmse,system_attrs_grid_id,system_attrs_search_space,state,test_rmse
497,0.0002644578947177999,2026-07-26 17:12:23.703794,2026-07-26 17:12:33.919926,10.216132,0.001,0.0,500,100,0.001,0.0,8.90643962501781,rbf,500,100,1,0.0002644578947177999,497,"{'alpha_edge': [0, 0.001, 0.1, 1, 10], 'alpha_neuron': [0, 0.001, 0.1, 1, 10], 'layer_width': [100, 250, 500, 750, 1000], 'num_inducing': [10, 25, 50, 75, 100]}",COMPLETE,
498,0.009970270391915788,2026-07-26 17:12:33.922910,2026-07-26 17:12:39.487936,5.565026,0.001,10.0,500,50,0.001,10.0,4.909867790993303,rbf,500,50,1,0.009970270391915788,498,"{'alpha_edge': [0, 0.001, 0.1, 1, 10], 'alpha_neuron': [0, 0.001, 0.1, 1, 10], 'layer_width': [100, 250, 500, 750, 1000], 'num_inducing': [10, 25, 50, 75, 100]}",COMPLETE,
499,0.02438324350975673,2026-07-26 17:12:39.493207,2026-07-26 17:12:40.263461,0.770254,1.0,1.0,100,25,1.0,1.0,0.64287866698578,rbf,100,25,1,0.02438324350975673,499,"{'alpha_edge': [0, 0.001, 0.1, 1, 10], 'alpha_neuron': [0, 0.001, 0.1, 1, 10], 'layer_width': [100, 250, 500, 750, 1000], 'num_inducing': [10, 25, 50, 75, 100]}",COMPLETE,
500,3.320208679123435e-07,2026-07-26 17:12:40.266533,2026-07-26 17:12:42.685930,2.419397,0.1,0.0,500,10,0.1,0.0,2.138857415993698,rbf,500,10,1,3.320208679123435e-07,500,"{'alpha_edge': [0, 0.001, 0.1, 1, 10], 'alpha_neuron': [0, 0.001, 0.1, 1, 10], 'layer_width': [100, 250, 500, 750, 1000], 'num_inducing': [10, 25, 50, 75, 100]}",COMPLETE,
501,0.03149012623338206,2026-07-26 17:12:42.688917,2026-07-26 17:12:43.847539,1.158622,0.1,10.0,100,50,0.1,10.0,1.004291292047128,rbf,100,50,1,0.03149012623338206,501,"{'alpha_edge': [0, 0.001, 0.1, 1, 10], 'alpha_neuron': [0, 0.001, 0.1, 1, 10], 'layer_width': [100, 250, 500, 750, 1000], 'num_inducing': [10, 25, 50, 75, 100]}",COMPLETE,
502,1.4678879932645226e-09,2026-07-26 17:12:43.851395,2026-07-26 17:12:48.810730,4.959335,0.1,0.0,1000,10,0.1,0.0,4.422140415990725,rbf,1000,10,1,1.4678879932645226e-09,502,"{'alpha_edge': [0, 0.001, 0.1, 1, 10], 'alpha_neuron': [0, 0.001, 0.1, 1, 10], 'layer_width': [100, 250, 500, 750, 1000], 'num_inducing': [10, 25, 50, 75, 100]}",COMPLETE,
503,0.001085670280418162,2026-07-26 17:12:48.813895,2026-07-26 17:12:57.363761,8.549866,0.1,0.1,750,50,0.1,0.1,7.573889709019568,rbf,750,50,1,0.001085670280418162,503,"{'alpha_edge': [0, 0.001, 0.1, 1, 10], 'alpha_neuron': [0, 0.001, 0.1, 1, 10], 'layer_width': [100, 250, 500, 750, 1000], 'num_inducing': [10, 25, 50, 75, 100]}",COMPLETE,
504,0.012282729309942682,2026-07-26 17:12:57.367084,2026-07-26 17:13:05.849892,8.482808,1.0,10.0,750,50,1.0,10.0,7.485638374986593,rbf,750,50,1,0.012282729309942682,504,"{'alpha_edge': [0, 0.001, 0.1, 1, 10], 'alpha_neuron': [0, 0.001, 0.1, 1, 10], 'layer_width': [100, 250, 500, 750, 1000], 'num_inducing': [10, 25, 50, 75, 100]}",COMPLETE,
505,0.001032869858655543,2026-07-26 17:13:05.853206,2026-07-26 17:13:21.702622,15.849416,0.1,0.1,1000,75,0.1,0.1,13.801945541985333,rbf,1000,75,1,0.001032869858655543,505,"{'alpha_edge': [0, 0.001, 0.1, 1, 10], 'alpha_neuron': [0, 0.001, 0.1, 1, 10], 'layer_width': [100, 250, 500, 750, 1000], 'num_inducing': [10, 25, 50, 75, 100]}",COMPLETE,
506,0.0037408528947778935,2026-07-26 17:13:21.706996,2026-07-26 17:13:29.693589,7.986593,10.0,0.1,500,75,10.0,0.1,6.920759625034407,rbf,500,75,1,0.0037408528947778935,506,"{'alpha_edge': [0, 0.001, 0.1, 1, 10], 'alpha_neuron': [0, 0.001, 0.1, 1, 10], 'layer_width': [100, 250, 500, 750, 1000], 'num_inducing': [10, 25, 50, 75, 100]}",COMPLETE,
507,0.006930000882395908,2026-07-26 17:13:29.698375,2026-07-26 17:13:45.436487,15.738112,0.001,10.0,1000,75,0.001,10.0,13.863917124981526,rbf,1000,75,1,0.006930000882395908,507,"{'alpha_edge': [0, 0.001, 0.1, 1, 10], 'alpha_neuron': [0, 0.001, 0.1, 1, 10], 'layer_width': [100, 250, 500, 750, 1000], 'num_inducing': [10, 25, 50, 75, 100]}",COMPLETE,
508,0.024156961522778617,2026-07-26 17:13:45.439617,2026-07-26 17:13:45.888201,0.448584,1.0,1.0,100,10,1.0,1.0,0.4099142079940066,rbf,100,10,1,0.024156961522778617,508,"{'alpha_edge': [0, 0.001, 0.1, 1, 10], 'alpha_neuron': [0, 0.001, 0.1, 1, 10], 'layer_width': [100, 250, 500, 750, 1000], 'num_inducing': [10, 25, 50, 75, 100]}",COMPLETE,
509,0.0005859369238495934,2026-07-26 17:13:45.892307,2026-07-26 17:13:47.927020,2.034713,1.0,0.001,500,10,1.0,0.001,1.695086124993395,rbf,500,10,1,0.0005859369238495934,509,"{'alpha_edge': [0, 0.001, 0.1, 1, 10], 'alpha_neuron': [0, 0.001, 0.1, 1, 10], 'layer_width': [100, 250, 500, 750, 1000], 'num_inducing': [10, 25, 50, 75, 100]}",COMPLETE,
510,2.8580644821731665e-07,2026-07-26 17:13:47.930301,2026-07-26 17:13:56.113090,8.182789,10.0,0.0,500,75,10.0,0.0,7.200633250002284,rbf,500,75,1,2.8580644821731665e-07,510,"{'alpha_edge': [0, 0.001, 0.1, 1, 10], 'alpha_neuron': [0, 0.001, 0.1, 1, 10], 'layer_width': [100, 250, 500, 750, 1000], 'num_inducing': [10, 25, 50, 75, 100]}",COMPLETE,
511,0.006621914224462393,2026-07-26 17:13:56.144712,2026-07-26 17:13:58.111356,1.966644,10.0,0.1,250,25,10.0,0.1,1.6625387920066714,rbf,250,25,1,0.006621914224462393,511,"{'alpha_edge': [0, 0.001, 0.1, 1, 10], 'alpha_neuron': [0, 0.001, 0.1, 1, 10], 'layer_width': [100, 250, 500, 750, 1000], 'num_inducing': [10, 25, 50, 75, 100]}",COMPLETE,
512,0.03476986668411887,2026-07-26 17:13:58.133031,2026-07-26 17:14:26.064546,27.931515,0.0,0.0,750,100,0.0,0.0,26.023214166983962,rbf,750,100,1,0.03476986668411887,512,"{'alpha_edge': [0, 0.001, 0.1, 1, 10], 'alpha_neuron': [0, 0.001, 0.1, 1, 10], 'layer_width': [100, 250, 500, 750, 1000], 'num_inducing': [10, 25, 50, 75, 100]}",COMPLETE,
513,0.016951703302521912,2026-07-26 17:14:26.068331,2026-07-26 17:14:27.606625,1.538294,0.1,1.0,100,75,0.1,1.0,1.3491044589900412,rbf,100,75,1,0.016951703302521912,513,"{'alpha_edge': [0, 0.001, 0.1, 1, 10], 'alpha_neuron': [0, 0.001, 0.1, 1, 10], 'layer_width': [100, 250, 500, 750, 1000], 'num_inducing': [10, 25, 50, 75, 100]}",COMPLETE,
514,0.00031802600734119976,2026-07-26 17:14:27.611700,2026-07-26 17:14:34.682380,7.07068,0.1,0.001,1000,25,0.1,0.001,6.1378276659525,rbf,1000,25,1,0.00031802600734119976,514,"{'alpha_edge': [0, 0.001, 0.1, 1, 10], 'alpha_neuron': [0, 0.001, 0.1, 1, 10], 'layer_width': [100, 250, 500, 750, 1000], 'num_inducing': [10, 25, 50, 75, 100]}",COMPLETE,
515,2.465990337748021e-08,2026-07-26 17:14:34.685770,2026-07-26 17:14:50.443510,15.75774,0.1,0.0,750,100,0.1,0.0,13.864603208028711,rbf,750,100,1,2.465990337748021e-08,515,"{'alpha_edge': [0, 0.001, 0.1, 1, 10], 'alpha_neuron': [0, 0.001, 0.1, 1, 10], 'layer_width': [100, 250, 500, 750, 1000], 'num_inducing': [10, 25, 50, 75, 100]}",COMPLETE,
516,0.03191300737486382,2026-07-26 17:14:50.447319,2026-07-26 17:14:51.116408,0.669089,0.001,10.0,100,25,0.001,10.0,0.5875628750072792,rbf,100,25,1,0.03191300737486382,516,"{'alpha_edge': [0, 0.001, 0.1, 1, 10], 'alpha_neuron': [0, 0.001, 0.1, 1, 10], 'layer_width': [100, 250, 500, 750, 1000], 'num_inducing': [10, 25, 50, 75, 100]}",COMPLETE,
517,0.028910752693707045,2026-07-26 17:14:51.120725,2026-07-26 17:15:19.873429,28.752704,0.0,1.0,750,100,0.0,1.0,26.79741954099154,rbf,750,100,1,0.028910752693707045,517,"{'alpha_edge': [0, 0.001, 0.1, 1, 10], 'alpha_neuron': [0, 0.001, 0.1, 1, 10], 'layer_width': [100, 250, 500, 750, 1000], 'num_inducing': [10, 25, 50, 75, 100]}",COMPLETE,
518,8.597002895825957e-09,2026-07-26 17:15:19.878531,2026-07-26 17:15:23.534544,3.656013,10.0,0.0,750,10,10.0,0.0,3.229488791024778,rbf,750,10,1,8.597002895825957e-09,518,"{'alpha_edge': [0, 0.001, 0.1, 1, 10], 'alpha_neuron': [0, 0.001, 0.1, 1, 10], 'layer_width': [100, 250, 500, 750, 1000], 'num_inducing': [10, 25, 50, 75, 100]}",COMPLETE,
519,0.0007240163493142403,2026-07-26 17:15:23.537537,2026-07-26 17:15:24.546223,1.008686,0.1,0.001,250,10,0.1,0.001,0.9317533749854192,rbf,250,10,1,0.0007240163493142403,519,"{'alpha_edge': [0, 0.001, 0.1, 1, 10], 'alpha_neuron': [0, 0.001, 0.1, 1, 10], 'layer_width': [100, 250, 500, 750, 1000], 'num_inducing': [10, 25, 50, 75, 100]}",COMPLETE,
520,0.00041513143483052045,2026-07-26 17:15:24.549145,2026-07-26 17:15:28.192764,3.643619,0.1,0.001,500,25,0.1,0.001,3.174731375009287,rbf,500,25,1,0.00041513143483052045,520,"{'alpha_edge': [0, 0.001, 0.1, 1, 10], 'alpha_neuron': [0, 0.001, 0.1, 1, 10], 'layer_width': [100, 250, 500, 750, 1000], 'num_inducing': [10, 25, 50, 75, 100]}",COMPLETE,
521,0.009545318679106128,2026-07-26 17:15:28.196749,2026-07-26 17:15:30.406625,2.209876,10.0,1.0,500,10,10.0,1.0,1.971305208047852,rbf,500,10,1,0.009545318679106128,521,"{'alpha_edge': [0, 0.001, 0.1, 1, 10], 'alpha_neuron': [0, 0.001, 0.1, 1, 10], 'layer_width': [100, 250, 500, 750, 1000], 'num_inducing': [10, 25, 50, 75, 100]}",COMPLETE,
522,0.0018738969310489934,2026-07-26 17:15:30.421472,2026-07-26 17:15:46.088615,15.667143,1.0,0.1,750,100,1.0,0.1,13.808199000020977,rbf,750,100,1,0.0018738969310489934,522,"{'alpha_edge': [0, 0.001, 0.1, 1, 10], 'alpha_neuron': [0, 0.001, 0.1, 1, 10], 'layer_width': [100, 250, 500, 750, 1000], 'num_inducing': [10, 25, 50, 75, 100]}",COMPLETE,
523,0.003807942299852533,2026-07-26 17:15:46.091769,2026-07-26 17:15:51.296969,5.2052,0.001,0.1,250,100,0.001,0.1,4.470579707995057,rbf,250,100,1,0.003807942299852533,523,"{'alpha_edge': [0, 0.001, 0.1, 1, 10], 'alpha_neuron': [0, 0.001, 0.1, 1, 10], 'layer_width': [100, 250, 500, 750, 1000], 'num_inducing': [10, 25, 50, 75, 100]}",COMPLETE,
524,0.009054397190942857,2026-07-26 17:15:51.302388,2026-07-26 17:15:58.545977,7.243589,0.1,10.0,1000,25,0.1,10.0,6.315757999953348,rbf,1000,25,1,0.009054397190942857,524,"{'alpha_edge': [0, 0.001, 0.1, 1, 10], 'alpha_neuron': [0, 0.001, 0.1, 1, 10], 'layer_width': [100, 250, 500, 750, 1000], 'num_inducing': [10, 25, 50, 75, 100]}",COMPLETE,
525,0.01984756747401724,2026-07-26 17:15:58.550045,2026-07-26 17:16:00.756159,2.206114,10.0,10.0,500,10,10.0,10.0,1.9785485839820467,rbf,500,10,1,0.01984756747401724,525,"{'alpha_edge': [0, 0.001, 0.1, 1, 10], 'alpha_neuron': [0, 0.001, 0.1, 1, 10], 'layer_width': [100, 250, 500, 750, 1000], 'num_inducing': [10, 25, 50, 75, 100]}",COMPLETE,
526,0.00662031125468665,2026-07-26 17:16:00.761062,2026-07-26 17:16:01.172228,0.411166,0.1,0.001,100,10,0.1,0.001,0.36315837496658787,rbf,100,10,1,0.00662031125468665,526,"{'alpha_edge': [0, 0.001, 0.1, 1, 10], 'alpha_neuron': [0, 0.001, 0.1, 1, 10], 'layer_width': [100, 250, 500, 750, 1000], 'num_inducing': [10, 25, 50, 75, 100]}",COMPLETE,
527,0.00957721069669007,2026-07-26 17:16:01.175206,2026-07-26 17:16:09.061929,7.886723,10.0,1.0,500,75,10.0,1.0,6.991575250052847,rbf,500,75,1,0.00957721069669007,527,"{'alpha_edge': [0, 0.001, 0.1, 1, 10], 'alpha_neuron': [0, 0.001, 0.1, 1, 10], 'layer_width': [100, 250, 500, 750, 1000], 'num_inducing': [10, 25, 50, 75, 100]}",COMPLETE,
528,0.002212143920562606,2026-07-26 17:16:09.064980,2026-07-26 17:16:12.246146,3.181166,0.001,0.1,250,50,0.001,0.1,2.8549930419540033,rbf,250,50,1,0.002212143920562606,528,"{'alpha_edge': [0, 0.001, 0.1, 1, 10], 'alpha_neuron': [0, 0.001, 0.1, 1, 10], 'layer_width': [100, 250, 500, 750, 1000], 'num_inducing': [10, 25, 50, 75, 100]}",COMPLETE,
529,0.05244887829538842,2026-07-26 17:16:12.249119,2026-07-26 17:16:16.701042,4.451923,0.0,0.001,250,50,0.0,0.001,4.101000750029925,rbf,250,50,1,0.05244887829538842,529,"{'alpha_edge': [0, 0.001, 0.1, 1, 10], 'alpha_neuron': [0, 0.001, 0.1, 1, 10], 'layer_width': [100, 250, 500, 750, 1000], 'num_inducing': [10, 25, 50, 75, 100]}",COMPLETE,
530,0.0745531813756401,2026-07-26 17:16:16.704986,2026-07-26 17:16:17.924513,1.219527,0.0,1.0,250,10,0.0,1.0,1.0194880409981124,rbf,250,10,1,0.0745531813756401,530,"{'alpha_edge': [0, 0.001, 0.1, 1, 10], 'alpha_neuron': [0, 0.001, 0.1, 1, 10], 'layer_width': [100, 250, 500, 750, 1000], 'num_inducing': [10, 25, 50, 75, 100]}",COMPLETE,
531,0.004357604088413708,2026-07-26 17:16:17.930604,2026-07-26 17:16:21.059706,3.129102,0.1,0.1,250,50,0.1,0.1,2.765291541989427,rbf,250,50,1,0.004357604088413708,531,"{'alpha_edge': [0, 0.001, 0.1, 1, 10], 'alpha_neuron': [0, 0.001, 0.1, 1, 10], 'layer_width': [100, 250, 500, 750, 1000], 'num_inducing': [10, 25, 50, 75, 100]}",COMPLETE,
532,0.030110489125421604,2026-07-26 17:16:21.062606,2026-07-26 17:16:26.031668,4.969062,0.0,0.0,500,25,0.0,0.0,4.459444332984276,rbf,500,25,1,0.030110489125421604,532,"{'alpha_edge': [0, 0.001, 0.1, 1, 10], 'alpha_neuron': [0, 0.001, 0.1, 1, 10], 'layer_width': [100, 250, 500, 750, 1000], 'num_inducing': [10, 25, 50, 75, 100]}",COMPLETE,
533,0.057286011596557364,2026-07-26 17:16:26.034729,2026-07-26 17:16:46.691682,20.656953,0.0,0.001,750,75,0.0,0.001,19.23534562502755,rbf,750,75,1,0.057286011596557364,533,"{'alpha_edge': [0, 0.001, 0.1, 1, 10], 'alpha_neuron': [0, 0.001, 0.1, 1, 10], 'layer_width': [100, 250, 500, 750, 1000], 'num_inducing': [10, 25, 50, 75, 100]}",COMPLETE,
534,0.03982203387023507,2026-07-26 17:16:46.696549,2026-07-26 17:16:51.849142,5.152593,0.0,1.0,500,25,0.0,1.0,4.598487791023217,rbf,500,25,1,0.03982203387023507,534,"{'alpha_edge': [0, 0.001, 0.1, 1, 10], 'alpha_neuron': [0, 0.001, 0.1, 1, 10], 'layer_width': [100, 250, 500, 750, 1000], 'num_inducing': [10, 25, 50, 75, 100]}",COMPLETE,
535,0.02803922241506799,2026-07-26 17:16:51.853058,2026-07-26 17:16:56.973704,5.120646,0.0,0.001,500,25,0.0,0.001,4.563802166027017,rbf,500,25,1,0.02803922241506799,535,"{'alpha_edge': [0, 0.001, 0.1, 1, 10], 'alpha_neuron': [0, 0.001, 0.1, 1, 10], 'layer_width': [100, 250, 500, 750, 1000], 'num_inducing': [10, 25, 50, 75, 100]}",COMPLETE,
536,0.04434398759746173,2026-07-26 17:16:56.978653,2026-07-26 17:17:03.608227,6.629574,0.0,0.1,250,75,0.0,0.1,6.1754192499793135,rbf,250,75,1,0.04434398759746173,536,"{'alpha_edge': [0, 0.001, 0.1, 1, 10], 'alpha_neuron': [0, 0.001, 0.1, 1, 10], 'layer_width': [100, 250, 500, 750, 1000], 'num_inducing': [10, 25, 50, 75, 100]}",COMPLETE,
537,0.03170649131559817,2026-07-26 17:17:03.612850,2026-07-26 17:17:10.918392,7.305542,0.0,0.001,750,25,0.0,0.001,6.599478459043894,rbf,750,25,1,0.03170649131559817,537,"{'alpha_edge': [0, 0.001, 0.1, 1, 10], 'alpha_neuron': [0, 0.001, 0.1, 1, 10], 'layer_width': [100, 250, 500, 750, 1000], 'num_inducing': [10, 25, 50, 75, 100]}",COMPLETE,
538,0.0009547230933199417,2026-07-26 17:17:10.922718,2026-07-26 17:17:14.597460,3.674742,1.0,0.001,500,25,1.0,0.001,3.118040750036016,rbf,500,25,1,0.0009547230933199417,538,"{'alpha_edge': [0, 0.001, 0.1, 1, 10], 'alpha_neuron': [0, 0.001, 0.1, 1, 10], 'layer_width': [100, 250, 500, 750, 1000], 'num_inducing': [10, 25, 50, 75, 100]}",COMPLETE,
539,0.006892176726594393,2026-07-26 17:17:14.600552,2026-07-26 17:17:20.256299,5.655747,0.001,1.0,250,100,0.001,1.0,4.634859624959063,rbf,250,100,1,0.006892176726594393,539,"{'alpha_edge': [0, 0.001, 0.1, 1, 10], 'alpha_neuron': [0, 0.001, 0.1, 1, 10], 'layer_width': [100, 250, 500, 750, 1000], 'num_inducing': [10, 25, 50, 75, 100]}",COMPLETE,
540,6.480496216444765e-06,2026-07-26 17:17:20.260689,2026-07-26 17:17:36.365695,16.105006,0.001,0.0,1000,75,0.001,0.0,14.086386166047305,rbf,1000,75,1,6.480496216444765e-06,540,"{'alpha_edge': [0, 0.001, 0.1, 1, 10], 'alpha_neuron': [0, 0.001, 0.1, 1, 10], 'layer_width': [100, 250, 500, 750, 1000], 'num_inducing': [10, 25, 50, 75, 100]}",COMPLETE,
541,0.04088904374976879,2026-07-26 17:17:36.370328,2026-07-26 17:18:03.621878,27.25155,0.0,10.0,1000,75,0.0,10.0,25.39348670799518,rbf,1000,75,1,0.04088904374976879,541,"{'alpha_edge': [0, 0.001, 0.1, 1, 10], 'alpha_neuron': [0, 0.001, 0.1, 1, 10], 'layer_width': [100, 250, 500, 750, 1000], 'num_inducing': [10, 25, 50, 75, 100]}",COMPLETE,
542,0.03416867157382156,2026-07-26 17:18:03.625189,2026-07-26 17:18:31.452782,27.827593,0.0,1.0,1000,75,0.0,1.0,25.82536691700807,rbf,1000,75,1,0.03416867157382156,542,"{'alpha_edge': [0, 0.001, 0.1, 1, 10], 'alpha_neuron': [0, 0.001, 0.1, 1, 10], 'layer_width': [100, 250, 500, 750, 1000], 'num_inducing': [10, 25, 50, 75, 100]}",COMPLETE,
543,0.007933198342866966,2026-07-26 17:18:31.456345,2026-07-26 17:18:32.599220,1.142875,1.0,0.0,100,50,1.0,0.0,0.9987669169786386,rbf,100,50,1,0.007933198342866966,543,"{'alpha_edge': [0, 0.001, 0.1, 1, 10], 'alpha_neuron': [0, 0.001, 0.1, 1, 10], 'layer_width': [100, 250, 500, 750, 1000], 'num_inducing': [10, 25, 50, 75, 100]}",COMPLETE,
544,0.0020715000498019082,2026-07-26 17:18:32.603050,2026-07-26 17:18:33.593352,0.990302,0.001,0.0,250,10,0.001,0.0,0.8659248750191182,rbf,250,10,1,0.0020715000498019082,544,"{'alpha_edge': [0, 0.001, 0.1, 1, 10], 'alpha_neuron': [0, 0.001, 0.1, 1, 10], 'layer_width': [100, 250, 500, 750, 1000], 'num_inducing': [10, 25, 50, 75, 100]}",COMPLETE,
545,0.027392591966015716,2026-07-26 17:18:33.597626,2026-07-26 17:19:01.271574,27.673948,0.0,0.0,1000,75,0.0,0.0,25.758320458000526,rbf,1000,75,1,0.027392591966015716,545,"{'alpha_edge': [0, 0.001, 0.1, 1, 10], 'alpha_neuron': [0, 0.001, 0.1, 1, 10], 'layer_width': [100, 250, 500, 750, 1000], 'num_inducing': [10, 25, 50, 75, 100]}",COMPLETE,
546,0.00036330620097104675,2026-07-26 17:19:01.274571,2026-07-26 17:19:21.843960,20.569389,10.0,0.001,1000,100,10.0,0.001,18.005612625041977,rbf,1000,100,1,0.00036330620097104675,546,"{'alpha_edge': [0, 0.001, 0.1, 1, 10], 'alpha_neuron': [0, 0.001, 0.1, 1, 10], 'layer_width': [100, 250, 500, 750, 1000], 'num_inducing': [10, 25, 50, 75, 100]}",COMPLETE,
547,0.010305718696016014,2026-07-26 17:19:21.848263,2026-07-26 17:19:26.060627,4.212364,0.1,10.0,1000,10,0.1,10.0,3.7425721249892376,rbf,1000,10,1,0.010305718696016014,547,"{'alpha_edge': [0, 0.001, 0.1, 1, 10], 'alpha_neuron': [0, 0.001, 0.1, 1, 10], 'layer_width': [100, 250, 500, 750, 1000], 'num_inducing': [10, 25, 50, 75, 100]}",COMPLETE,
548,3.398440343956754e-07,2026-07-26 17:19:26.064992,2026-07-26 17:19:32.090369,6.025377,10.0,0.0,500,50,10.0,0.0,5.2577079579932615,rbf,500,50,1,3.398440343956754e-07,548,"{'alpha_edge': [0, 0.001, 0.1, 1, 10], 'alpha_neuron': [0, 0.001, 0.1, 1, 10], 'layer_width': [100, 250, 500, 750, 1000], 'num_inducing': [10, 25, 50, 75, 100]}",COMPLETE,
549,7.377776003392659e-05,2026-07-26 17:19:32.095725,2026-07-26 17:19:36.137133,4.041408,1.0,0.0,250,75,1.0,0.0,3.489452208043076,rbf,250,75,1,7.377776003392659e-05,549,"{'alpha_edge': [0, 0.001, 0.1, 1, 10], 'alpha_neuron': [0, 0.001, 0.1, 1, 10], 'layer_width': [100, 250, 500, 750, 1000], 'num_inducing': [10, 25, 50, 75, 100]}",COMPLETE,
550,0.016512407950824353,2026-07-26 17:19:36.140140,2026-07-26 17:19:36.944884,0.804744,0.001,1.0,100,25,0.001,1.0,0.6778382909833454,rbf,100,25,1,0.016512407950824353,550,"{'alpha_edge': [0, 0.001, 0.1, 1, 10], 'alpha_neuron': [0, 0.001, 0.1, 1, 10], 'layer_width': [100, 250, 500, 750, 1000], 'num_inducing': [10, 25, 50, 75, 100]}",COMPLETE,
551,0.009451438371093893,2026-07-26 17:19:36.948412,2026-07-26 17:19:49.207129,12.258717,0.1,10.0,750,75,0.1,10.0,10.80722016596701,rbf,750,75,1,0.009451438371093893,551,"{'alpha_edge': [0, 0.001, 0.1, 1, 10], 'alpha_neuron': [0, 0.001, 0.1, 1, 10], 'layer_width': [100, 250, 500, 750, 1000], 'num_inducing': [10, 25, 50, 75, 100]}",COMPLETE,
552,6.625590215123701e-07,2026-07-26 17:19:49.210004,2026-07-26 17:19:55.172115,5.962111,1.0,0.0,500,50,1.0,0.0,5.281916374980938,rbf,500,50,1,6.625590215123701e-07,552,"{'alpha_edge': [0, 0.001, 0.1, 1, 10], 'alpha_neuron': [0, 0.001, 0.1, 1, 10], 'layer_width': [100, 250, 500, 750, 1000], 'num_inducing': [10, 25, 50, 75, 100]}",COMPLETE,
553,0.00020997239700778431,2026-07-26 17:19:55.175159,2026-07-26 17:20:04.238763,9.063604,0.1,0.001,750,50,0.1,0.001,8.006851040991023,rbf,750,50,1,0.00020997239700778431,553,"{'alpha_edge': [0, 0.001, 0.1, 1, 10], 'alpha_neuron': [0, 0.001, 0.1, 1, 10], 'layer_width': [100, 250, 500, 750, 1000], 'num_inducing': [10, 25, 50, 75, 100]}",COMPLETE,
554,0.00011457238148010812,2026-07-26 17:20:04.241587,2026-07-26 17:20:05.942521,1.700934,0.1,0.0,250,25,0.1,0.0,1.4565318749519065,rbf,250,25,1,0.00011457238148010812,554,"{'alpha_edge': [0, 0.001, 0.1, 1, 10], 'alpha_neuron': [0, 0.001, 0.1, 1, 10], 'layer_width': [100, 250, 500, 750, 1000], 'num_inducing': [10, 25, 50, 75, 100]}",COMPLETE,
555,0.000903353752859892,2026-07-26 17:20:05.946980,2026-07-26 17:20:17.957087,12.010107,0.001,0.1,1000,50,0.001,0.1,10.575357374968007,rbf,1000,50,1,0.000903353752859892,555,"{'alpha_edge': [0, 0.001, 0.1, 1, 10], 'alpha_neuron': [0, 0.001, 0.1, 1, 10], 'layer_width': [100, 250, 500, 750, 1000], 'num_inducing': [10, 25, 50, 75, 100]}",COMPLETE,
556,0.005093079722324393,2026-07-26 17:20:17.960397,2026-07-26 17:20:22.917621,4.957224,0.0,1.0,1000,10,0.0,1.0,4.3397896669921465,rbf,1000,10,1,0.005093079722324393,556,"{'alpha_edge': [0, 0.001, 0.1, 1, 10], 'alpha_neuron': [0, 0.001, 0.1, 1, 10], 'layer_width': [100, 250, 500, 750, 1000], 'num_inducing': [10, 25, 50, 75, 100]}",COMPLETE,
557,0.039250219593862476,2026-07-26 17:20:22.921154,2026-07-26 17:20:25.243829,2.322675,10.0,10.0,100,100,10.0,10.0,2.0993284169817343,rbf,100,100,1,0.039250219593862476,557,"{'alpha_edge': [0, 0.001, 0.1, 1, 10], 'alpha_neuron': [0, 0.001, 0.1, 1, 10], 'layer_width': [100, 250, 500, 750, 1000], 'num_inducing': [10, 25, 50, 75, 100]}",COMPLETE,
558,0.0003803503683701434,2026-07-26 17:20:25.248278,2026-07-26 17:20:40.433590,15.185312,0.001,0.001,750,100,0.001,0.001,13.310868334025145,rbf,750,100,1,0.0003803503683701434,558,"{'alpha_edge': [0, 0.001, 0.1, 1, 10], 'alpha_neuron': [0, 0.001, 0.1, 1, 10], 'layer_width': [100, 250, 500, 750, 1000], 'num_inducing': [10, 25, 50, 75, 100]}",COMPLETE,
