number,value,datetime_start,datetime_complete,duration,params_alpha_edge,params_alpha_neuron,params_kernel_type,params_layer_width,params_num_inducing,user_attrs_alpha_edge,user_attrs_alpha_neuron,fit_duration_sec,kernel_type,user_attrs_layer_width,user_attrs_num_inducing,sigma_scale,val_rmse,system_attrs_grid_id,system_attrs_search_space,state,test_rmse
289,0.13423828802751472,2026-08-06 19:37:09.825857,2026-08-06 19:37:35.033052,25.207195,0.1,0,rbf,750,100,0.1,0,23.475677625014214,rbf,750,100,1,0.13423828802751472,289,"{'alpha_edge': [0, 0.001, 0.1, 1, 10], 'alpha_neuron': [0], 'kernel_type': ['rbf', 'matern', 'periodic'], 'layer_width': [100, 250, 500, 750, 1000], 'num_inducing': [10, 25, 50, 75, 100]}",COMPLETE,
290,0.15057534970654093,2026-08-06 19:37:35.036329,2026-08-06 19:38:08.609778,33.573449,0.0,0,periodic,750,100,0.0,0,30.40216016600607,periodic,750,100,1,0.15057534970654093,290,"{'alpha_edge': [0, 0.001, 0.1, 1, 10], 'alpha_neuron': [0], 'kernel_type': ['rbf', 'matern', 'periodic'], 'layer_width': [100, 250, 500, 750, 1000], 'num_inducing': [10, 25, 50, 75, 100]}",COMPLETE,
291,0.13569935657868262,2026-08-06 19:38:08.614756,2026-08-06 19:38:40.270923,31.656167,0.0,0,matern,1000,75,0.0,0,29.07102154198219,matern,1000,75,1,0.13569935657868262,291,"{'alpha_edge': [0, 0.001, 0.1, 1, 10], 'alpha_neuron': [0], 'kernel_type': ['rbf', 'matern', 'periodic'], 'layer_width': [100, 250, 500, 750, 1000], 'num_inducing': [10, 25, 50, 75, 100]}",COMPLETE,
292,0.13506330318442997,2026-08-06 19:38:40.274036,2026-08-06 19:38:45.693019,5.418983,0.1,0,periodic,250,50,0.1,0,4.792285417002859,periodic,250,50,1,0.13506330318442997,292,"{'alpha_edge': [0, 0.001, 0.1, 1, 10], 'alpha_neuron': [0], 'kernel_type': ['rbf', 'matern', 'periodic'], 'layer_width': [100, 250, 500, 750, 1000], 'num_inducing': [10, 25, 50, 75, 100]}",COMPLETE,
293,0.13137479827194978,2026-08-06 19:38:45.698313,2026-08-06 19:38:50.338611,4.640298,1.0,0,periodic,100,100,1.0,0,4.156796708994079,periodic,100,100,1,0.13137479827194978,293,"{'alpha_edge': [0, 0.001, 0.1, 1, 10], 'alpha_neuron': [0], 'kernel_type': ['rbf', 'matern', 'periodic'], 'layer_width': [100, 250, 500, 750, 1000], 'num_inducing': [10, 25, 50, 75, 100]}",COMPLETE,
294,0.13760420412811064,2026-08-06 19:38:50.342004,2026-08-06 19:38:52.070055,1.728051,1.0,0,rbf,100,50,1.0,0,1.6072604579967447,rbf,100,50,1,0.13760420412811064,294,"{'alpha_edge': [0, 0.001, 0.1, 1, 10], 'alpha_neuron': [0], 'kernel_type': ['rbf', 'matern', 'periodic'], 'layer_width': [100, 250, 500, 750, 1000], 'num_inducing': [10, 25, 50, 75, 100]}",COMPLETE,
295,0.1363883021429172,2026-08-06 19:38:52.074659,2026-08-06 19:39:33.377059,41.3024,0.001,0,periodic,1000,75,0.001,0,38.18497245799517,periodic,1000,75,1,0.1363883021429172,295,"{'alpha_edge': [0, 0.001, 0.1, 1, 10], 'alpha_neuron': [0], 'kernel_type': ['rbf', 'matern', 'periodic'], 'layer_width': [100, 250, 500, 750, 1000], 'num_inducing': [10, 25, 50, 75, 100]}",COMPLETE,
296,0.13200616686440744,2026-08-06 19:39:33.382110,2026-08-06 19:39:58.201213,24.819103,0.001,0,periodic,750,75,0.001,0,22.534000540996203,periodic,750,75,1,0.13200616686440744,296,"{'alpha_edge': [0, 0.001, 0.1, 1, 10], 'alpha_neuron': [0], 'kernel_type': ['rbf', 'matern', 'periodic'], 'layer_width': [100, 250, 500, 750, 1000], 'num_inducing': [10, 25, 50, 75, 100]}",COMPLETE,
297,0.12588859659933008,2026-08-06 19:39:58.206605,2026-08-06 19:39:59.436491,1.229886,0.1,0,matern,250,10,0.1,0,1.1267311249976046,matern,250,10,1,0.12588859659933008,297,"{'alpha_edge': [0, 0.001, 0.1, 1, 10], 'alpha_neuron': [0], 'kernel_type': ['rbf', 'matern', 'periodic'], 'layer_width': [100, 250, 500, 750, 1000], 'num_inducing': [10, 25, 50, 75, 100]}",COMPLETE,
298,0.13146716575558806,2026-08-06 19:39:59.439831,2026-08-06 19:40:02.586185,3.146354,0.001,0,periodic,250,25,0.001,0,2.8298496670031454,periodic,250,25,1,0.13146716575558806,298,"{'alpha_edge': [0, 0.001, 0.1, 1, 10], 'alpha_neuron': [0], 'kernel_type': ['rbf', 'matern', 'periodic'], 'layer_width': [100, 250, 500, 750, 1000], 'num_inducing': [10, 25, 50, 75, 100]}",COMPLETE,
299,0.1262386852396817,2026-08-06 19:40:02.589424,2026-08-06 19:40:08.192678,5.603254,10.0,0,matern,250,50,10.0,0,5.1357087919896,matern,250,50,1,0.1262386852396817,299,"{'alpha_edge': [0, 0.001, 0.1, 1, 10], 'alpha_neuron': [0], 'kernel_type': ['rbf', 'matern', 'periodic'], 'layer_width': [100, 250, 500, 750, 1000], 'num_inducing': [10, 25, 50, 75, 100]}",COMPLETE,
300,0.21201452523366882,2026-08-06 19:40:08.197640,2026-08-06 19:40:41.478703,33.281063,10.0,0,periodic,1000,75,10.0,0,30.254673082992667,periodic,1000,75,1,0.21201452523366882,300,"{'alpha_edge': [0, 0.001, 0.1, 1, 10], 'alpha_neuron': [0], 'kernel_type': ['rbf', 'matern', 'periodic'], 'layer_width': [100, 250, 500, 750, 1000], 'num_inducing': [10, 25, 50, 75, 100]}",COMPLETE,
301,0.12669633505321642,2026-08-06 19:40:41.483103,2026-08-06 19:40:52.207122,10.724019,1.0,0,matern,500,50,1.0,0,9.78345779099618,matern,500,50,1,0.12669633505321642,301,"{'alpha_edge': [0, 0.001, 0.1, 1, 10], 'alpha_neuron': [0], 'kernel_type': ['rbf', 'matern', 'periodic'], 'layer_width': [100, 250, 500, 750, 1000], 'num_inducing': [10, 25, 50, 75, 100]}",COMPLETE,
302,0.13156119325323198,2026-08-06 19:40:52.210209,2026-08-06 19:40:55.571551,3.361342,0.1,0,periodic,100,75,0.1,0,2.9447071249887813,periodic,100,75,1,0.13156119325323198,302,"{'alpha_edge': [0, 0.001, 0.1, 1, 10], 'alpha_neuron': [0], 'kernel_type': ['rbf', 'matern', 'periodic'], 'layer_width': [100, 250, 500, 750, 1000], 'num_inducing': [10, 25, 50, 75, 100]}",COMPLETE,
303,0.12330635670614003,2026-08-06 19:40:55.575642,2026-08-06 19:41:03.581205,8.005563,0.001,0,rbf,250,100,0.001,0,7.431112499994924,rbf,250,100,1,0.12330635670614003,303,"{'alpha_edge': [0, 0.001, 0.1, 1, 10], 'alpha_neuron': [0], 'kernel_type': ['rbf', 'matern', 'periodic'], 'layer_width': [100, 250, 500, 750, 1000], 'num_inducing': [10, 25, 50, 75, 100]}",COMPLETE,
304,0.13413429082077385,2026-08-06 19:41:03.585016,2026-08-06 19:41:14.332162,10.747146,0.001,0,matern,1000,25,0.001,0,9.872351041994989,matern,1000,25,1,0.13413429082077385,304,"{'alpha_edge': [0, 0.001, 0.1, 1, 10], 'alpha_neuron': [0], 'kernel_type': ['rbf', 'matern', 'periodic'], 'layer_width': [100, 250, 500, 750, 1000], 'num_inducing': [10, 25, 50, 75, 100]}",COMPLETE,
305,0.13541183117932956,2026-08-06 19:41:14.334816,2026-08-06 19:41:19.869534,5.534718,10.0,0,rbf,1000,10,10.0,0,4.93976645800285,rbf,1000,10,1,0.13541183117932956,305,"{'alpha_edge': [0, 0.001, 0.1, 1, 10], 'alpha_neuron': [0], 'kernel_type': ['rbf', 'matern', 'periodic'], 'layer_width': [100, 250, 500, 750, 1000], 'num_inducing': [10, 25, 50, 75, 100]}",COMPLETE,
306,0.1333794284906103,2026-08-06 19:41:19.873118,2026-08-06 19:41:27.779257,7.906139,10.0,0,matern,750,25,10.0,0,7.2572687919891905,matern,750,25,1,0.1333794284906103,306,"{'alpha_edge': [0, 0.001, 0.1, 1, 10], 'alpha_neuron': [0], 'kernel_type': ['rbf', 'matern', 'periodic'], 'layer_width': [100, 250, 500, 750, 1000], 'num_inducing': [10, 25, 50, 75, 100]}",COMPLETE,
307,0.12671659293909054,2026-08-06 19:41:27.783036,2026-08-06 19:41:34.473454,6.690418,0.001,0,rbf,750,25,0.001,0,6.1578392919909675,rbf,750,25,1,0.12671659293909054,307,"{'alpha_edge': [0, 0.001, 0.1, 1, 10], 'alpha_neuron': [0], 'kernel_type': ['rbf', 'matern', 'periodic'], 'layer_width': [100, 250, 500, 750, 1000], 'num_inducing': [10, 25, 50, 75, 100]}",COMPLETE,
308,0.12577070556836245,2026-08-06 19:41:34.476290,2026-08-06 19:41:38.467211,3.990921,0.001,0,rbf,250,50,0.001,0,3.5868464579980355,rbf,250,50,1,0.12577070556836245,308,"{'alpha_edge': [0, 0.001, 0.1, 1, 10], 'alpha_neuron': [0], 'kernel_type': ['rbf', 'matern', 'periodic'], 'layer_width': [100, 250, 500, 750, 1000], 'num_inducing': [10, 25, 50, 75, 100]}",COMPLETE,
309,0.12992614471388517,2026-08-06 19:41:38.470580,2026-08-06 19:41:53.775771,15.305191,1.0,0,matern,750,50,1.0,0,14.172473250015173,matern,750,50,1,0.12992614471388517,309,"{'alpha_edge': [0, 0.001, 0.1, 1, 10], 'alpha_neuron': [0], 'kernel_type': ['rbf', 'matern', 'periodic'], 'layer_width': [100, 250, 500, 750, 1000], 'num_inducing': [10, 25, 50, 75, 100]}",COMPLETE,
310,0.13022660442602094,2026-08-06 19:41:53.780791,2026-08-06 19:42:25.704643,31.923852,0.001,0,matern,750,100,0.001,0,29.152930417010793,matern,750,100,1,0.13022660442602094,310,"{'alpha_edge': [0, 0.001, 0.1, 1, 10], 'alpha_neuron': [0], 'kernel_type': ['rbf', 'matern', 'periodic'], 'layer_width': [100, 250, 500, 750, 1000], 'num_inducing': [10, 25, 50, 75, 100]}",COMPLETE,
311,0.14104239952845918,2026-08-06 19:42:25.707679,2026-08-06 19:42:34.405991,8.698312,1.0,0,periodic,750,25,1.0,0,7.787168416980421,periodic,750,25,1,0.14104239952845918,311,"{'alpha_edge': [0, 0.001, 0.1, 1, 10], 'alpha_neuron': [0], 'kernel_type': ['rbf', 'matern', 'periodic'], 'layer_width': [100, 250, 500, 750, 1000], 'num_inducing': [10, 25, 50, 75, 100]}",COMPLETE,
312,0.12848883031542957,2026-08-06 19:42:34.409169,2026-08-06 19:42:39.652603,5.243434,0.0,0,periodic,250,50,0.0,0,4.741858583001886,periodic,250,50,1,0.12848883031542957,312,"{'alpha_edge': [0, 0.001, 0.1, 1, 10], 'alpha_neuron': [0], 'kernel_type': ['rbf', 'matern', 'periodic'], 'layer_width': [100, 250, 500, 750, 1000], 'num_inducing': [10, 25, 50, 75, 100]}",COMPLETE,
313,0.1256713568505902,2026-08-06 19:42:39.655816,2026-08-06 19:42:44.660439,5.004623,1.0,0,matern,250,50,1.0,0,4.629633458011085,matern,250,50,1,0.1256713568505902,313,"{'alpha_edge': [0, 0.001, 0.1, 1, 10], 'alpha_neuron': [0], 'kernel_type': ['rbf', 'matern', 'periodic'], 'layer_width': [100, 250, 500, 750, 1000], 'num_inducing': [10, 25, 50, 75, 100]}",COMPLETE,
314,0.1247878428344822,2026-08-06 19:42:44.664878,2026-08-06 19:42:45.995103,1.330225,10.0,0,matern,250,10,10.0,0,1.2389148749934975,matern,250,10,1,0.1247878428344822,314,"{'alpha_edge': [0, 0.001, 0.1, 1, 10], 'alpha_neuron': [0], 'kernel_type': ['rbf', 'matern', 'periodic'], 'layer_width': [100, 250, 500, 750, 1000], 'num_inducing': [10, 25, 50, 75, 100]}",COMPLETE,
315,0.13365458398353944,2026-08-06 19:42:45.998471,2026-08-06 19:43:01.150205,15.151734,0.0,0,matern,750,50,0.0,0,13.968605333007872,matern,750,50,1,0.13365458398353944,315,"{'alpha_edge': [0, 0.001, 0.1, 1, 10], 'alpha_neuron': [0], 'kernel_type': ['rbf', 'matern', 'periodic'], 'layer_width': [100, 250, 500, 750, 1000], 'num_inducing': [10, 25, 50, 75, 100]}",COMPLETE,
316,0.12198958065289627,2026-08-06 19:43:01.154879,2026-08-06 19:43:02.466117,1.311238,0.001,0,matern,250,10,0.001,0,1.1098042500088923,matern,250,10,1,0.12198958065289627,316,"{'alpha_edge': [0, 0.001, 0.1, 1, 10], 'alpha_neuron': [0], 'kernel_type': ['rbf', 'matern', 'periodic'], 'layer_width': [100, 250, 500, 750, 1000], 'num_inducing': [10, 25, 50, 75, 100]}",COMPLETE,
317,0.1342449354978029,2026-08-06 19:43:02.471324,2026-08-06 19:43:34.398832,31.927508,1.0,0,matern,1000,75,1.0,0,29.30676362500526,matern,1000,75,1,0.1342449354978029,317,"{'alpha_edge': [0, 0.001, 0.1, 1, 10], 'alpha_neuron': [0], 'kernel_type': ['rbf', 'matern', 'periodic'], 'layer_width': [100, 250, 500, 750, 1000], 'num_inducing': [10, 25, 50, 75, 100]}",COMPLETE,
318,0.13728170403024073,2026-08-06 19:43:34.409921,2026-08-06 19:43:37.452183,3.042262,10.0,0,matern,100,75,10.0,0,2.8084685410140082,matern,100,75,1,0.13728170403024073,318,"{'alpha_edge': [0, 0.001, 0.1, 1, 10], 'alpha_neuron': [0], 'kernel_type': ['rbf', 'matern', 'periodic'], 'layer_width': [100, 250, 500, 750, 1000], 'num_inducing': [10, 25, 50, 75, 100]}",COMPLETE,
319,0.12768029815649393,2026-08-06 19:43:37.456333,2026-08-06 19:43:53.425376,15.969043,0.0,0,matern,500,75,0.0,0,14.613261416991008,matern,500,75,1,0.12768029815649393,319,"{'alpha_edge': [0, 0.001, 0.1, 1, 10], 'alpha_neuron': [0], 'kernel_type': ['rbf', 'matern', 'periodic'], 'layer_width': [100, 250, 500, 750, 1000], 'num_inducing': [10, 25, 50, 75, 100]}",COMPLETE,
320,0.14754079938641715,2026-08-06 19:43:53.428279,2026-08-06 19:43:56.654135,3.225856,0.0,0,periodic,100,75,0.0,0,2.9108252500009257,periodic,100,75,1,0.14754079938641715,320,"{'alpha_edge': [0, 0.001, 0.1, 1, 10], 'alpha_neuron': [0], 'kernel_type': ['rbf', 'matern', 'periodic'], 'layer_width': [100, 250, 500, 750, 1000], 'num_inducing': [10, 25, 50, 75, 100]}",COMPLETE,
321,0.1358399864989343,2026-08-06 19:43:56.657257,2026-08-06 19:44:13.026591,16.369334,10.0,0,rbf,1000,50,10.0,0,15.093594958016183,rbf,1000,50,1,0.1358399864989343,321,"{'alpha_edge': [0, 0.001, 0.1, 1, 10], 'alpha_neuron': [0], 'kernel_type': ['rbf', 'matern', 'periodic'], 'layer_width': [100, 250, 500, 750, 1000], 'num_inducing': [10, 25, 50, 75, 100]}",COMPLETE,
322,0.1360103603443337,2026-08-06 19:44:13.029976,2026-08-06 19:44:16.059238,3.029262,0.001,0,periodic,100,75,0.001,0,2.7758772500092164,periodic,100,75,1,0.1360103603443337,322,"{'alpha_edge': [0, 0.001, 0.1, 1, 10], 'alpha_neuron': [0], 'kernel_type': ['rbf', 'matern', 'periodic'], 'layer_width': [100, 250, 500, 750, 1000], 'num_inducing': [10, 25, 50, 75, 100]}",COMPLETE,
323,0.15820359915329993,2026-08-06 19:44:16.062107,2026-08-06 19:44:21.160475,5.098368,1.0,0,periodic,750,10,1.0,0,4.582581791997654,periodic,750,10,1,0.15820359915329993,323,"{'alpha_edge': [0, 0.001, 0.1, 1, 10], 'alpha_neuron': [0], 'kernel_type': ['rbf', 'matern', 'periodic'], 'layer_width': [100, 250, 500, 750, 1000], 'num_inducing': [10, 25, 50, 75, 100]}",COMPLETE,
324,0.14801549865382133,2026-08-06 19:44:21.170603,2026-08-06 19:44:24.320738,3.150135,0.0,0,matern,100,75,0.0,0,2.882671917002881,matern,100,75,1,0.14801549865382133,324,"{'alpha_edge': [0, 0.001, 0.1, 1, 10], 'alpha_neuron': [0], 'kernel_type': ['rbf', 'matern', 'periodic'], 'layer_width': [100, 250, 500, 750, 1000], 'num_inducing': [10, 25, 50, 75, 100]}",COMPLETE,
325,0.12762592648951396,2026-08-06 19:44:24.323807,2026-08-06 19:44:31.929767,7.60596,0.1,0,matern,250,75,0.1,0,6.951852792000864,matern,250,75,1,0.12762592648951396,325,"{'alpha_edge': [0, 0.001, 0.1, 1, 10], 'alpha_neuron': [0], 'kernel_type': ['rbf', 'matern', 'periodic'], 'layer_width': [100, 250, 500, 750, 1000], 'num_inducing': [10, 25, 50, 75, 100]}",COMPLETE,
326,0.12952153572646813,2026-08-06 19:44:31.932689,2026-08-06 19:44:43.649489,11.7168,0.1,0,rbf,500,75,0.1,0,10.91503649999504,rbf,500,75,1,0.12952153572646813,326,"{'alpha_edge': [0, 0.001, 0.1, 1, 10], 'alpha_neuron': [0], 'kernel_type': ['rbf', 'matern', 'periodic'], 'layer_width': [100, 250, 500, 750, 1000], 'num_inducing': [10, 25, 50, 75, 100]}",COMPLETE,
327,0.13845778454329055,2026-08-06 19:44:43.652715,2026-08-06 19:44:44.714768,1.062053,0.1,0,rbf,100,25,0.1,0,0.975369583000429,rbf,100,25,1,0.13845778454329055,327,"{'alpha_edge': [0, 0.001, 0.1, 1, 10], 'alpha_neuron': [0], 'kernel_type': ['rbf', 'matern', 'periodic'], 'layer_width': [100, 250, 500, 750, 1000], 'num_inducing': [10, 25, 50, 75, 100]}",COMPLETE,
328,0.12961715606973803,2026-08-06 19:44:44.717956,2026-08-06 19:45:09.592321,24.874365,1.0,0,rbf,750,100,1.0,0,23.162709249998443,rbf,750,100,1,0.12961715606973803,328,"{'alpha_edge': [0, 0.001, 0.1, 1, 10], 'alpha_neuron': [0], 'kernel_type': ['rbf', 'matern', 'periodic'], 'layer_width': [100, 250, 500, 750, 1000], 'num_inducing': [10, 25, 50, 75, 100]}",COMPLETE,
329,0.13208916142631838,2026-08-06 19:45:09.597204,2026-08-06 19:45:13.438603,3.841399,0.1,0,periodic,100,50,0.1,0,3.6243156249984168,periodic,100,50,1,0.13208916142631838,329,"{'alpha_edge': [0, 0.001, 0.1, 1, 10], 'alpha_neuron': [0], 'kernel_type': ['rbf', 'matern', 'periodic'], 'layer_width': [100, 250, 500, 750, 1000], 'num_inducing': [10, 25, 50, 75, 100]}",COMPLETE,
330,0.1273404107529791,2026-08-06 19:45:13.441764,2026-08-06 19:45:16.287085,2.845321,0.0,0,matern,250,25,0.0,0,2.632251333008753,matern,250,25,1,0.1273404107529791,330,"{'alpha_edge': [0, 0.001, 0.1, 1, 10], 'alpha_neuron': [0], 'kernel_type': ['rbf', 'matern', 'periodic'], 'layer_width': [100, 250, 500, 750, 1000], 'num_inducing': [10, 25, 50, 75, 100]}",COMPLETE,
331,0.1275146379716055,2026-08-06 19:45:16.290534,2026-08-06 19:45:21.611015,5.320481,0.0,0,matern,250,50,0.0,0,4.915291624987731,matern,250,50,1,0.1275146379716055,331,"{'alpha_edge': [0, 0.001, 0.1, 1, 10], 'alpha_neuron': [0], 'kernel_type': ['rbf', 'matern', 'periodic'], 'layer_width': [100, 250, 500, 750, 1000], 'num_inducing': [10, 25, 50, 75, 100]}",COMPLETE,
332,0.1339974373776555,2026-08-06 19:45:21.614090,2026-08-06 19:45:23.893530,2.27944,0.001,0,periodic,100,50,0.001,0,2.0377601670043077,periodic,100,50,1,0.1339974373776555,332,"{'alpha_edge': [0, 0.001, 0.1, 1, 10], 'alpha_neuron': [0], 'kernel_type': ['rbf', 'matern', 'periodic'], 'layer_width': [100, 250, 500, 750, 1000], 'num_inducing': [10, 25, 50, 75, 100]}",COMPLETE,
333,0.12692867731282367,2026-08-06 19:45:23.897962,2026-08-06 19:45:26.638248,2.740286,0.1,0,matern,500,10,0.1,0,2.5620960829837713,matern,500,10,1,0.12692867731282367,333,"{'alpha_edge': [0, 0.001, 0.1, 1, 10], 'alpha_neuron': [0], 'kernel_type': ['rbf', 'matern', 'periodic'], 'layer_width': [100, 250, 500, 750, 1000], 'num_inducing': [10, 25, 50, 75, 100]}",COMPLETE,
334,0.13517171339579165,2026-08-06 19:45:26.641480,2026-08-06 19:45:46.970168,20.328688,10.0,0,matern,1000,50,10.0,0,18.67525133298477,matern,1000,50,1,0.13517171339579165,334,"{'alpha_edge': [0, 0.001, 0.1, 1, 10], 'alpha_neuron': [0], 'kernel_type': ['rbf', 'matern', 'periodic'], 'layer_width': [100, 250, 500, 750, 1000], 'num_inducing': [10, 25, 50, 75, 100]}",COMPLETE,
335,0.16029621501076297,2026-08-06 19:45:46.973321,2026-08-06 19:46:02.919809,15.946488,1.0,0,periodic,500,75,1.0,0,14.607910749997245,periodic,500,75,1,0.16029621501076297,335,"{'alpha_edge': [0, 0.001, 0.1, 1, 10], 'alpha_neuron': [0], 'kernel_type': ['rbf', 'matern', 'periodic'], 'layer_width': [100, 250, 500, 750, 1000], 'num_inducing': [10, 25, 50, 75, 100]}",COMPLETE,
336,0.12709449242890553,2026-08-06 19:46:02.922921,2026-08-06 19:46:05.020656,2.097735,10.0,0,periodic,100,50,10.0,0,1.885898417007411,periodic,100,50,1,0.12709449242890553,336,"{'alpha_edge': [0, 0.001, 0.1, 1, 10], 'alpha_neuron': [0], 'kernel_type': ['rbf', 'matern', 'periodic'], 'layer_width': [100, 250, 500, 750, 1000], 'num_inducing': [10, 25, 50, 75, 100]}",COMPLETE,
337,0.15165345259590512,2026-08-06 19:46:05.025035,2026-08-06 19:46:27.099492,22.074457,0.001,0,periodic,1000,50,0.001,0,19.914922875002958,periodic,1000,50,1,0.15165345259590512,337,"{'alpha_edge': [0, 0.001, 0.1, 1, 10], 'alpha_neuron': [0], 'kernel_type': ['rbf', 'matern', 'periodic'], 'layer_width': [100, 250, 500, 750, 1000], 'num_inducing': [10, 25, 50, 75, 100]}",COMPLETE,
338,0.15382701131484677,2026-08-06 19:46:27.103118,2026-08-06 19:46:30.320655,3.217537,1.0,0,periodic,500,10,1.0,0,2.8139025419950485,periodic,500,10,1,0.15382701131484677,338,"{'alpha_edge': [0, 0.001, 0.1, 1, 10], 'alpha_neuron': [0], 'kernel_type': ['rbf', 'matern', 'periodic'], 'layer_width': [100, 250, 500, 750, 1000], 'num_inducing': [10, 25, 50, 75, 100]}",COMPLETE,
339,0.13567670049227193,2026-08-06 19:46:30.323773,2026-08-06 19:46:36.060911,5.737138,10.0,0,matern,1000,10,10.0,0,5.317570457991678,matern,1000,10,1,0.13567670049227193,339,"{'alpha_edge': [0, 0.001, 0.1, 1, 10], 'alpha_neuron': [0], 'kernel_type': ['rbf', 'matern', 'periodic'], 'layer_width': [100, 250, 500, 750, 1000], 'num_inducing': [10, 25, 50, 75, 100]}",COMPLETE,
340,0.1481465732679013,2026-08-06 19:46:36.063943,2026-08-06 19:46:38.046007,1.982064,0.1,0,matern,100,50,0.1,0,1.83141345801414,matern,100,50,1,0.1481465732679013,340,"{'alpha_edge': [0, 0.001, 0.1, 1, 10], 'alpha_neuron': [0], 'kernel_type': ['rbf', 'matern', 'periodic'], 'layer_width': [100, 250, 500, 750, 1000], 'num_inducing': [10, 25, 50, 75, 100]}",COMPLETE,
341,0.13665877115695999,2026-08-06 19:46:38.048981,2026-08-06 19:47:12.254577,34.205596,0.001,0,rbf,1000,100,0.001,0,31.96713858397561,rbf,1000,100,1,0.13665877115695999,341,"{'alpha_edge': [0, 0.001, 0.1, 1, 10], 'alpha_neuron': [0], 'kernel_type': ['rbf', 'matern', 'periodic'], 'layer_width': [100, 250, 500, 750, 1000], 'num_inducing': [10, 25, 50, 75, 100]}",COMPLETE,
342,0.1309812448141558,2026-08-06 19:47:12.257280,2026-08-06 19:47:27.195902,14.938622,10.0,0,matern,500,75,10.0,0,13.781705915986095,matern,500,75,1,0.1309812448141558,342,"{'alpha_edge': [0, 0.001, 0.1, 1, 10], 'alpha_neuron': [0], 'kernel_type': ['rbf', 'matern', 'periodic'], 'layer_width': [100, 250, 500, 750, 1000], 'num_inducing': [10, 25, 50, 75, 100]}",COMPLETE,
343,0.12747534808193625,2026-08-06 19:47:27.198916,2026-08-06 19:47:30.077858,2.878942,10.0,0,matern,500,10,10.0,0,2.586487541993847,matern,500,10,1,0.12747534808193625,343,"{'alpha_edge': [0, 0.001, 0.1, 1, 10], 'alpha_neuron': [0], 'kernel_type': ['rbf', 'matern', 'periodic'], 'layer_width': [100, 250, 500, 750, 1000], 'num_inducing': [10, 25, 50, 75, 100]}",COMPLETE,
344,0.13813375603603595,2026-08-06 19:47:30.080520,2026-08-06 19:47:52.505636,22.425116,0.1,0,matern,1000,50,0.1,0,20.806493582989788,matern,1000,50,1,0.13813375603603595,344,"{'alpha_edge': [0, 0.001, 0.1, 1, 10], 'alpha_neuron': [0], 'kernel_type': ['rbf', 'matern', 'periodic'], 'layer_width': [100, 250, 500, 750, 1000], 'num_inducing': [10, 25, 50, 75, 100]}",COMPLETE,
345,0.13011539424035173,2026-08-06 19:47:52.511208,2026-08-06 19:48:11.277554,18.766346,1.0,0,rbf,750,75,1.0,0,17.502961457998026,rbf,750,75,1,0.13011539424035173,345,"{'alpha_edge': [0, 0.001, 0.1, 1, 10], 'alpha_neuron': [0], 'kernel_type': ['rbf', 'matern', 'periodic'], 'layer_width': [100, 250, 500, 750, 1000], 'num_inducing': [10, 25, 50, 75, 100]}",COMPLETE,
