number,value,datetime_start,datetime_complete,duration,params_alpha_edge,params_alpha_neuron,params_kernel_type,params_layer_width,params_num_inducing,user_attrs_alpha_edge,user_attrs_alpha_neuron,fit_duration_sec,kernel_type,user_attrs_layer_width,user_attrs_num_inducing,sigma_scale,val_rmse,system_attrs_grid_id,system_attrs_search_space,state,test_rmse
346,0.13147109874979826,2026-08-06 19:48:11.280423,2026-08-06 19:48:15.433037,4.152614,0.001,0,matern,750,10,0.001,0,3.865007249987684,matern,750,10,1,0.13147109874979826,346,"{'alpha_edge': [0, 0.001, 0.1, 1, 10], 'alpha_neuron': [0], 'kernel_type': ['rbf', 'matern', 'periodic'], 'layer_width': [100, 250, 500, 750, 1000], 'num_inducing': [10, 25, 50, 75, 100]}",COMPLETE,
347,0.1297937297054924,2026-08-06 19:48:15.437313,2026-08-06 19:48:19.663953,4.22664,1.0,0,matern,750,10,1.0,0,3.9278782079927623,matern,750,10,1,0.1297937297054924,347,"{'alpha_edge': [0, 0.001, 0.1, 1, 10], 'alpha_neuron': [0], 'kernel_type': ['rbf', 'matern', 'periodic'], 'layer_width': [100, 250, 500, 750, 1000], 'num_inducing': [10, 25, 50, 75, 100]}",COMPLETE,
348,0.15965523853691171,2026-08-06 19:48:19.667006,2026-08-06 19:48:41.799256,22.13225,0.0,0,periodic,1000,50,0.0,0,20.0172929999826,periodic,1000,50,1,0.15965523853691171,348,"{'alpha_edge': [0, 0.001, 0.1, 1, 10], 'alpha_neuron': [0], 'kernel_type': ['rbf', 'matern', 'periodic'], 'layer_width': [100, 250, 500, 750, 1000], 'num_inducing': [10, 25, 50, 75, 100]}",COMPLETE,
349,0.13997192684510107,2026-08-06 19:48:41.802580,2026-08-06 19:48:49.294461,7.491881,10.0,0,matern,250,75,10.0,0,6.8337285419984255,matern,250,75,1,0.13997192684510107,349,"{'alpha_edge': [0, 0.001, 0.1, 1, 10], 'alpha_neuron': [0], 'kernel_type': ['rbf', 'matern', 'periodic'], 'layer_width': [100, 250, 500, 750, 1000], 'num_inducing': [10, 25, 50, 75, 100]}",COMPLETE,
350,0.14392633701516108,2026-08-06 19:48:49.297695,2026-08-06 19:48:49.901575,0.60388,0.0,0,matern,100,10,0.0,0,0.535589125007391,matern,100,10,1,0.14392633701516108,350,"{'alpha_edge': [0, 0.001, 0.1, 1, 10], 'alpha_neuron': [0], 'kernel_type': ['rbf', 'matern', 'periodic'], 'layer_width': [100, 250, 500, 750, 1000], 'num_inducing': [10, 25, 50, 75, 100]}",COMPLETE,
351,0.12970078942931793,2026-08-06 19:48:49.904741,2026-08-06 19:48:53.688765,3.784024,0.1,0,rbf,750,10,0.1,0,3.4414055829984136,rbf,750,10,1,0.12970078942931793,351,"{'alpha_edge': [0, 0.001, 0.1, 1, 10], 'alpha_neuron': [0], 'kernel_type': ['rbf', 'matern', 'periodic'], 'layer_width': [100, 250, 500, 750, 1000], 'num_inducing': [10, 25, 50, 75, 100]}",COMPLETE,
352,0.13052868004524856,2026-08-06 19:48:53.693335,2026-08-06 19:49:03.684977,9.991642,10.0,0,matern,500,50,10.0,0,9.121302292012842,matern,500,50,1,0.13052868004524856,352,"{'alpha_edge': [0, 0.001, 0.1, 1, 10], 'alpha_neuron': [0], 'kernel_type': ['rbf', 'matern', 'periodic'], 'layer_width': [100, 250, 500, 750, 1000], 'num_inducing': [10, 25, 50, 75, 100]}",COMPLETE,
353,0.1740612807377051,2026-08-06 19:49:03.694259,2026-08-06 19:49:20.603230,16.908971,10.0,0,periodic,750,50,10.0,0,15.172540250001475,periodic,750,50,1,0.1740612807377051,353,"{'alpha_edge': [0, 0.001, 0.1, 1, 10], 'alpha_neuron': [0], 'kernel_type': ['rbf', 'matern', 'periodic'], 'layer_width': [100, 250, 500, 750, 1000], 'num_inducing': [10, 25, 50, 75, 100]}",COMPLETE,
354,0.13579868197876296,2026-08-06 19:49:20.606090,2026-08-06 19:49:53.330933,32.724843,0.1,0,rbf,1000,100,0.1,0,30.377741042000707,rbf,1000,100,1,0.13579868197876296,354,"{'alpha_edge': [0, 0.001, 0.1, 1, 10], 'alpha_neuron': [0], 'kernel_type': ['rbf', 'matern', 'periodic'], 'layer_width': [100, 250, 500, 750, 1000], 'num_inducing': [10, 25, 50, 75, 100]}",COMPLETE,
355,0.1302258984762054,2026-08-06 19:49:53.334010,2026-08-06 19:49:59.313479,5.979469,10.0,0,periodic,500,25,10.0,0,5.262984375003725,periodic,500,25,1,0.1302258984762054,355,"{'alpha_edge': [0, 0.001, 0.1, 1, 10], 'alpha_neuron': [0], 'kernel_type': ['rbf', 'matern', 'periodic'], 'layer_width': [100, 250, 500, 750, 1000], 'num_inducing': [10, 25, 50, 75, 100]}",COMPLETE,
356,0.12778531964721473,2026-08-06 19:49:59.316474,2026-08-06 19:50:20.757692,21.441218,0.0,0,matern,500,100,0.0,0,19.227702332980698,matern,500,100,1,0.12778531964721473,356,"{'alpha_edge': [0, 0.001, 0.1, 1, 10], 'alpha_neuron': [0], 'kernel_type': ['rbf', 'matern', 'periodic'], 'layer_width': [100, 250, 500, 750, 1000], 'num_inducing': [10, 25, 50, 75, 100]}",COMPLETE,
357,0.12981423902411027,2026-08-06 19:50:20.762716,2026-08-06 19:50:45.181740,24.419024,0.1,0,matern,750,75,0.1,0,22.46966520798742,matern,750,75,1,0.12981423902411027,357,"{'alpha_edge': [0, 0.001, 0.1, 1, 10], 'alpha_neuron': [0], 'kernel_type': ['rbf', 'matern', 'periodic'], 'layer_width': [100, 250, 500, 750, 1000], 'num_inducing': [10, 25, 50, 75, 100]}",COMPLETE,
358,0.12565876448226898,2026-08-06 19:50:45.184532,2026-08-06 19:51:01.848567,16.664035,10.0,0,rbf,500,100,10.0,0,15.487913374992786,rbf,500,100,1,0.12565876448226898,358,"{'alpha_edge': [0, 0.001, 0.1, 1, 10], 'alpha_neuron': [0], 'kernel_type': ['rbf', 'matern', 'periodic'], 'layer_width': [100, 250, 500, 750, 1000], 'num_inducing': [10, 25, 50, 75, 100]}",COMPLETE,
359,0.12565847012607861,2026-08-06 19:51:01.852116,2026-08-06 19:51:14.432200,12.580084,0.001,0,rbf,500,75,0.001,0,11.792950041999575,rbf,500,75,1,0.12565847012607861,359,"{'alpha_edge': [0, 0.001, 0.1, 1, 10], 'alpha_neuron': [0], 'kernel_type': ['rbf', 'matern', 'periodic'], 'layer_width': [100, 250, 500, 750, 1000], 'num_inducing': [10, 25, 50, 75, 100]}",COMPLETE,
360,0.1384336269272748,2026-08-06 19:51:14.436309,2026-08-06 19:51:21.272173,6.835864,0.0,0,periodic,1000,10,0.0,0,6.067732833995251,periodic,1000,10,1,0.1384336269272748,360,"{'alpha_edge': [0, 0.001, 0.1, 1, 10], 'alpha_neuron': [0], 'kernel_type': ['rbf', 'matern', 'periodic'], 'layer_width': [100, 250, 500, 750, 1000], 'num_inducing': [10, 25, 50, 75, 100]}",COMPLETE,
361,0.1257332561516351,2026-08-06 19:51:21.277080,2026-08-06 19:51:29.894567,8.617487,0.001,0,rbf,500,50,0.001,0,7.976090208016103,rbf,500,50,1,0.1257332561516351,361,"{'alpha_edge': [0, 0.001, 0.1, 1, 10], 'alpha_neuron': [0], 'kernel_type': ['rbf', 'matern', 'periodic'], 'layer_width': [100, 250, 500, 750, 1000], 'num_inducing': [10, 25, 50, 75, 100]}",COMPLETE,
362,0.2597707728172243,2026-08-06 19:51:29.897681,2026-08-06 19:51:46.216481,16.3188,1.0,0,periodic,750,50,1.0,0,14.712301082996419,periodic,750,50,1,0.2597707728172243,362,"{'alpha_edge': [0, 0.001, 0.1, 1, 10], 'alpha_neuron': [0], 'kernel_type': ['rbf', 'matern', 'periodic'], 'layer_width': [100, 250, 500, 750, 1000], 'num_inducing': [10, 25, 50, 75, 100]}",COMPLETE,
363,0.1303844549371036,2026-08-06 19:51:46.219665,2026-08-06 19:51:58.440166,12.220501,1.0,0,rbf,750,50,1.0,0,11.290209791011875,rbf,750,50,1,0.1303844549371036,363,"{'alpha_edge': [0, 0.001, 0.1, 1, 10], 'alpha_neuron': [0], 'kernel_type': ['rbf', 'matern', 'periodic'], 'layer_width': [100, 250, 500, 750, 1000], 'num_inducing': [10, 25, 50, 75, 100]}",COMPLETE,
364,0.12913615390739921,2026-08-06 19:51:58.445282,2026-08-06 19:52:00.770894,2.325612,1.0,0,periodic,100,50,1.0,0,2.0693916250020266,periodic,100,50,1,0.12913615390739921,364,"{'alpha_edge': [0, 0.001, 0.1, 1, 10], 'alpha_neuron': [0], 'kernel_type': ['rbf', 'matern', 'periodic'], 'layer_width': [100, 250, 500, 750, 1000], 'num_inducing': [10, 25, 50, 75, 100]}",COMPLETE,
365,0.1287600796964529,2026-08-06 19:52:00.774305,2026-08-06 19:52:06.561702,5.787397,0.1,0,periodic,500,25,0.1,0,5.085833000019193,periodic,500,25,1,0.1287600796964529,365,"{'alpha_edge': [0, 0.001, 0.1, 1, 10], 'alpha_neuron': [0], 'kernel_type': ['rbf', 'matern', 'periodic'], 'layer_width': [100, 250, 500, 750, 1000], 'num_inducing': [10, 25, 50, 75, 100]}",COMPLETE,
366,0.12891625458676154,2026-08-06 19:52:06.565124,2026-08-06 19:52:15.142231,8.577107,0.0,0,rbf,250,100,0.0,0,7.89987054100493,rbf,250,100,1,0.12891625458676154,366,"{'alpha_edge': [0, 0.001, 0.1, 1, 10], 'alpha_neuron': [0], 'kernel_type': ['rbf', 'matern', 'periodic'], 'layer_width': [100, 250, 500, 750, 1000], 'num_inducing': [10, 25, 50, 75, 100]}",COMPLETE,
367,0.16325023575039024,2026-08-06 19:52:15.145060,2026-08-06 19:52:26.057339,10.912279,10.0,0,periodic,250,100,10.0,0,9.808173124998575,periodic,250,100,1,0.16325023575039024,367,"{'alpha_edge': [0, 0.001, 0.1, 1, 10], 'alpha_neuron': [0], 'kernel_type': ['rbf', 'matern', 'periodic'], 'layer_width': [100, 250, 500, 750, 1000], 'num_inducing': [10, 25, 50, 75, 100]}",COMPLETE,
368,0.13394550145212603,2026-08-06 19:52:26.061405,2026-08-06 19:52:31.725013,5.663608,0.1,0,matern,1000,10,0.1,0,5.145995500002755,matern,1000,10,1,0.13394550145212603,368,"{'alpha_edge': [0, 0.001, 0.1, 1, 10], 'alpha_neuron': [0], 'kernel_type': ['rbf', 'matern', 'periodic'], 'layer_width': [100, 250, 500, 750, 1000], 'num_inducing': [10, 25, 50, 75, 100]}",COMPLETE,
369,0.13180566110774658,2026-08-06 19:52:31.727744,2026-08-06 19:52:32.706498,0.978754,1.0,0,matern,100,25,1.0,0,0.8929795000003651,matern,100,25,1,0.13180566110774658,369,"{'alpha_edge': [0, 0.001, 0.1, 1, 10], 'alpha_neuron': [0], 'kernel_type': ['rbf', 'matern', 'periodic'], 'layer_width': [100, 250, 500, 750, 1000], 'num_inducing': [10, 25, 50, 75, 100]}",COMPLETE,
370,0.13504454917472086,2026-08-06 19:52:32.710990,2026-08-06 19:52:56.501486,23.790496,10.0,0,rbf,1000,75,10.0,0,22.115695999993477,rbf,1000,75,1,0.13504454917472086,370,"{'alpha_edge': [0, 0.001, 0.1, 1, 10], 'alpha_neuron': [0], 'kernel_type': ['rbf', 'matern', 'periodic'], 'layer_width': [100, 250, 500, 750, 1000], 'num_inducing': [10, 25, 50, 75, 100]}",COMPLETE,
371,0.1287686013400206,2026-08-06 19:52:56.504517,2026-08-06 19:53:11.803969,15.299452,0.1,0,matern,750,50,0.1,0,14.141147707996424,matern,750,50,1,0.1287686013400206,371,"{'alpha_edge': [0, 0.001, 0.1, 1, 10], 'alpha_neuron': [0], 'kernel_type': ['rbf', 'matern', 'periodic'], 'layer_width': [100, 250, 500, 750, 1000], 'num_inducing': [10, 25, 50, 75, 100]}",COMPLETE,
372,0.13049905569706938,2026-08-06 19:53:11.808708,2026-08-06 19:53:27.725251,15.916543,0.001,0,matern,750,50,0.001,0,14.57490954201785,matern,750,50,1,0.13049905569706938,372,"{'alpha_edge': [0, 0.001, 0.1, 1, 10], 'alpha_neuron': [0], 'kernel_type': ['rbf', 'matern', 'periodic'], 'layer_width': [100, 250, 500, 750, 1000], 'num_inducing': [10, 25, 50, 75, 100]}",COMPLETE,
373,0.1361178398950596,2026-08-06 19:53:27.727917,2026-08-06 19:53:48.456451,20.728534,0.0,0,matern,1000,50,0.0,0,19.120938875013962,matern,1000,50,1,0.1361178398950596,373,"{'alpha_edge': [0, 0.001, 0.1, 1, 10], 'alpha_neuron': [0], 'kernel_type': ['rbf', 'matern', 'periodic'], 'layer_width': [100, 250, 500, 750, 1000], 'num_inducing': [10, 25, 50, 75, 100]}",COMPLETE,
374,0.13363128154550685,2026-08-06 19:53:48.461124,2026-08-06 19:54:04.696638,16.235514,0.1,0,rbf,1000,50,0.1,0,15.118405249988427,rbf,1000,50,1,0.13363128154550685,374,"{'alpha_edge': [0, 0.001, 0.1, 1, 10], 'alpha_neuron': [0], 'kernel_type': ['rbf', 'matern', 'periodic'], 'layer_width': [100, 250, 500, 750, 1000], 'num_inducing': [10, 25, 50, 75, 100]}",COMPLETE,
