number,value,datetime_start,datetime_complete,duration,params_alpha_edge,params_alpha_neuron,params_kernel_type,params_layer_width,params_num_inducing,user_attrs_alpha_edge,user_attrs_alpha_neuron,fit_duration_sec,kernel_type,user_attrs_layer_width,user_attrs_num_inducing,sigma_scale,val_rmse,system_attrs_grid_id,system_attrs_search_space,state,test_rmse
231,0.1297437786807023,2026-08-06 19:27:15.584829,2026-08-06 19:27:29.033319,13.44849,1.0,0,periodic,500,50,1.0,0,12.107914666994475,periodic,500,50,1,0.1297437786807023,231,"{'alpha_edge': [0, 0.001, 0.1, 1, 10], 'alpha_neuron': [0], 'kernel_type': ['rbf', 'matern', 'periodic'], 'layer_width': [100, 250, 500, 750, 1000], 'num_inducing': [10, 25, 50, 75, 100]}",COMPLETE,
232,0.1362061585291224,2026-08-06 19:27:29.036391,2026-08-06 19:27:31.546609,2.510218,1.0,0,matern,100,50,1.0,0,2.3350704589975066,matern,100,50,1,0.1362061585291224,232,"{'alpha_edge': [0, 0.001, 0.1, 1, 10], 'alpha_neuron': [0], 'kernel_type': ['rbf', 'matern', 'periodic'], 'layer_width': [100, 250, 500, 750, 1000], 'num_inducing': [10, 25, 50, 75, 100]}",COMPLETE,
233,0.1355626097002159,2026-08-06 19:27:31.551505,2026-08-06 19:28:05.001619,33.450114,10.0,0,matern,1000,75,10.0,0,30.852088125015143,matern,1000,75,1,0.1355626097002159,233,"{'alpha_edge': [0, 0.001, 0.1, 1, 10], 'alpha_neuron': [0], 'kernel_type': ['rbf', 'matern', 'periodic'], 'layer_width': [100, 250, 500, 750, 1000], 'num_inducing': [10, 25, 50, 75, 100]}",COMPLETE,
234,0.12933970831410294,2026-08-06 19:28:05.004717,2026-08-06 19:28:09.513591,4.508874,0.0,0,matern,750,10,0.0,0,4.119088540988741,matern,750,10,1,0.12933970831410294,234,"{'alpha_edge': [0, 0.001, 0.1, 1, 10], 'alpha_neuron': [0], 'kernel_type': ['rbf', 'matern', 'periodic'], 'layer_width': [100, 250, 500, 750, 1000], 'num_inducing': [10, 25, 50, 75, 100]}",COMPLETE,
235,0.12567591212420318,2026-08-06 19:28:09.518052,2026-08-06 19:28:20.228605,10.710553,0.001,0,matern,500,50,0.001,0,9.81392929199501,matern,500,50,1,0.12567591212420318,235,"{'alpha_edge': [0, 0.001, 0.1, 1, 10], 'alpha_neuron': [0], 'kernel_type': ['rbf', 'matern', 'periodic'], 'layer_width': [100, 250, 500, 750, 1000], 'num_inducing': [10, 25, 50, 75, 100]}",COMPLETE,
236,0.12615135250031784,2026-08-06 19:28:20.234958,2026-08-06 19:28:32.483813,12.248855,0.0,0,rbf,500,75,0.0,0,11.417272624996258,rbf,500,75,1,0.12615135250031784,236,"{'alpha_edge': [0, 0.001, 0.1, 1, 10], 'alpha_neuron': [0], 'kernel_type': ['rbf', 'matern', 'periodic'], 'layer_width': [100, 250, 500, 750, 1000], 'num_inducing': [10, 25, 50, 75, 100]}",COMPLETE,
237,0.12331886911847587,2026-08-06 19:28:32.486945,2026-08-06 19:28:37.905749,5.418804,0.001,0,matern,250,50,0.001,0,4.935220709012356,matern,250,50,1,0.12331886911847587,237,"{'alpha_edge': [0, 0.001, 0.1, 1, 10], 'alpha_neuron': [0], 'kernel_type': ['rbf', 'matern', 'periodic'], 'layer_width': [100, 250, 500, 750, 1000], 'num_inducing': [10, 25, 50, 75, 100]}",COMPLETE,
238,0.14181718678224506,2026-08-06 19:28:37.909806,2026-08-06 19:28:38.932723,1.022917,1.0,0,rbf,100,25,1.0,0,0.9289983339840546,rbf,100,25,1,0.14181718678224506,238,"{'alpha_edge': [0, 0.001, 0.1, 1, 10], 'alpha_neuron': [0], 'kernel_type': ['rbf', 'matern', 'periodic'], 'layer_width': [100, 250, 500, 750, 1000], 'num_inducing': [10, 25, 50, 75, 100]}",COMPLETE,
239,0.12808980810482715,2026-08-06 19:28:38.935899,2026-08-06 19:28:54.624997,15.689098,10.0,0,matern,750,50,10.0,0,14.31899387500016,matern,750,50,1,0.12808980810482715,239,"{'alpha_edge': [0, 0.001, 0.1, 1, 10], 'alpha_neuron': [0], 'kernel_type': ['rbf', 'matern', 'periodic'], 'layer_width': [100, 250, 500, 750, 1000], 'num_inducing': [10, 25, 50, 75, 100]}",COMPLETE,
240,0.14820546360472608,2026-08-06 19:28:54.628138,2026-08-06 19:28:57.296872,2.668734,0.0,0,rbf,100,75,0.0,0,2.490118874993641,rbf,100,75,1,0.14820546360472608,240,"{'alpha_edge': [0, 0.001, 0.1, 1, 10], 'alpha_neuron': [0], 'kernel_type': ['rbf', 'matern', 'periodic'], 'layer_width': [100, 250, 500, 750, 1000], 'num_inducing': [10, 25, 50, 75, 100]}",COMPLETE,
241,0.1417340897248051,2026-08-06 19:28:57.301362,2026-08-06 19:28:59.049130,1.747768,0.0,0,rbf,100,50,0.0,0,1.6142194999847561,rbf,100,50,1,0.1417340897248051,241,"{'alpha_edge': [0, 0.001, 0.1, 1, 10], 'alpha_neuron': [0], 'kernel_type': ['rbf', 'matern', 'periodic'], 'layer_width': [100, 250, 500, 750, 1000], 'num_inducing': [10, 25, 50, 75, 100]}",COMPLETE,
242,0.13561626592304318,2026-08-06 19:28:59.052264,2026-08-06 19:28:59.995402,0.943138,0.001,0,periodic,100,10,0.001,0,0.8819182910083327,periodic,100,10,1,0.13561626592304318,242,"{'alpha_edge': [0, 0.001, 0.1, 1, 10], 'alpha_neuron': [0], 'kernel_type': ['rbf', 'matern', 'periodic'], 'layer_width': [100, 250, 500, 750, 1000], 'num_inducing': [10, 25, 50, 75, 100]}",COMPLETE,
243,0.24189029217385885,2026-08-06 19:28:59.999836,2026-08-06 19:29:35.154863,35.155027,0.0,0,rbf,1000,100,0.0,0,32.85389183298685,rbf,1000,100,1,0.24189029217385885,243,"{'alpha_edge': [0, 0.001, 0.1, 1, 10], 'alpha_neuron': [0], 'kernel_type': ['rbf', 'matern', 'periodic'], 'layer_width': [100, 250, 500, 750, 1000], 'num_inducing': [10, 25, 50, 75, 100]}",COMPLETE,
244,0.12655975245797899,2026-08-06 19:29:35.183530,2026-08-06 19:29:36.475536,1.292006,0.0,0,matern,250,10,0.0,0,1.1891302909934893,matern,250,10,1,0.12655975245797899,244,"{'alpha_edge': [0, 0.001, 0.1, 1, 10], 'alpha_neuron': [0], 'kernel_type': ['rbf', 'matern', 'periodic'], 'layer_width': [100, 250, 500, 750, 1000], 'num_inducing': [10, 25, 50, 75, 100]}",COMPLETE,
245,0.15740450679603762,2026-08-06 19:29:36.478323,2026-08-06 19:29:38.043433,1.56511,0.001,0,rbf,100,50,0.001,0,1.4449843330075964,rbf,100,50,1,0.15740450679603762,245,"{'alpha_edge': [0, 0.001, 0.1, 1, 10], 'alpha_neuron': [0], 'kernel_type': ['rbf', 'matern', 'periodic'], 'layer_width': [100, 250, 500, 750, 1000], 'num_inducing': [10, 25, 50, 75, 100]}",COMPLETE,
246,0.13668604413054758,2026-08-06 19:29:38.046367,2026-08-06 19:29:41.906918,3.860551,1.0,0,rbf,250,50,1.0,0,3.4643468750000466,rbf,250,50,1,0.13668604413054758,246,"{'alpha_edge': [0, 0.001, 0.1, 1, 10], 'alpha_neuron': [0], 'kernel_type': ['rbf', 'matern', 'periodic'], 'layer_width': [100, 250, 500, 750, 1000], 'num_inducing': [10, 25, 50, 75, 100]}",COMPLETE,
247,0.12893481210072794,2026-08-06 19:29:41.909764,2026-08-06 19:29:57.151713,15.241949,0.1,0,matern,500,75,0.1,0,13.922851083014393,matern,500,75,1,0.12893481210072794,247,"{'alpha_edge': [0, 0.001, 0.1, 1, 10], 'alpha_neuron': [0], 'kernel_type': ['rbf', 'matern', 'periodic'], 'layer_width': [100, 250, 500, 750, 1000], 'num_inducing': [10, 25, 50, 75, 100]}",COMPLETE,
248,0.13166710919451527,2026-08-06 19:29:57.157143,2026-08-06 19:30:08.521832,11.364689,0.1,0,matern,250,100,0.1,0,10.148741000011796,matern,250,100,1,0.13166710919451527,248,"{'alpha_edge': [0, 0.001, 0.1, 1, 10], 'alpha_neuron': [0], 'kernel_type': ['rbf', 'matern', 'periodic'], 'layer_width': [100, 250, 500, 750, 1000], 'num_inducing': [10, 25, 50, 75, 100]}",COMPLETE,
249,0.13999349809783088,2026-08-06 19:30:08.568628,2026-08-06 19:30:20.328874,11.760246,10.0,0,matern,1000,25,10.0,0,10.695036458986579,matern,1000,25,1,0.13999349809783088,249,"{'alpha_edge': [0, 0.001, 0.1, 1, 10], 'alpha_neuron': [0], 'kernel_type': ['rbf', 'matern', 'periodic'], 'layer_width': [100, 250, 500, 750, 1000], 'num_inducing': [10, 25, 50, 75, 100]}",COMPLETE,
250,0.13072485455168043,2026-08-06 19:30:20.334237,2026-08-06 19:30:23.444642,3.110405,1.0,0,periodic,250,25,1.0,0,2.770233916991856,periodic,250,25,1,0.13072485455168043,250,"{'alpha_edge': [0, 0.001, 0.1, 1, 10], 'alpha_neuron': [0], 'kernel_type': ['rbf', 'matern', 'periodic'], 'layer_width': [100, 250, 500, 750, 1000], 'num_inducing': [10, 25, 50, 75, 100]}",COMPLETE,
251,0.13483004129294776,2026-08-06 19:30:23.450720,2026-08-06 19:30:27.967092,4.516372,10.0,0,periodic,100,100,10.0,0,4.101013415987836,periodic,100,100,1,0.13483004129294776,251,"{'alpha_edge': [0, 0.001, 0.1, 1, 10], 'alpha_neuron': [0], 'kernel_type': ['rbf', 'matern', 'periodic'], 'layer_width': [100, 250, 500, 750, 1000], 'num_inducing': [10, 25, 50, 75, 100]}",COMPLETE,
252,0.13129313476390556,2026-08-06 19:30:27.970510,2026-08-06 19:30:51.149818,23.179308,0.0,0,rbf,750,100,0.0,0,21.426529624994146,rbf,750,100,1,0.13129313476390556,252,"{'alpha_edge': [0, 0.001, 0.1, 1, 10], 'alpha_neuron': [0], 'kernel_type': ['rbf', 'matern', 'periodic'], 'layer_width': [100, 250, 500, 750, 1000], 'num_inducing': [10, 25, 50, 75, 100]}",COMPLETE,
253,0.13163798615641234,2026-08-06 19:30:51.152851,2026-08-06 19:31:16.069915,24.917064,10.0,0,rbf,750,100,10.0,0,23.09683062499971,rbf,750,100,1,0.13163798615641234,253,"{'alpha_edge': [0, 0.001, 0.1, 1, 10], 'alpha_neuron': [0], 'kernel_type': ['rbf', 'matern', 'periodic'], 'layer_width': [100, 250, 500, 750, 1000], 'num_inducing': [10, 25, 50, 75, 100]}",COMPLETE,
254,0.1389301391328464,2026-08-06 19:31:16.072994,2026-08-06 19:31:25.966915,9.893921,10.0,0,rbf,1000,25,10.0,0,8.915660625003511,rbf,1000,25,1,0.1389301391328464,254,"{'alpha_edge': [0, 0.001, 0.1, 1, 10], 'alpha_neuron': [0], 'kernel_type': ['rbf', 'matern', 'periodic'], 'layer_width': [100, 250, 500, 750, 1000], 'num_inducing': [10, 25, 50, 75, 100]}",COMPLETE,
255,0.12405376418783351,2026-08-06 19:31:25.969862,2026-08-06 19:31:30.944706,4.974844,0.1,0,matern,250,50,0.1,0,4.547471750003751,matern,250,50,1,0.12405376418783351,255,"{'alpha_edge': [0, 0.001, 0.1, 1, 10], 'alpha_neuron': [0], 'kernel_type': ['rbf', 'matern', 'periodic'], 'layer_width': [100, 250, 500, 750, 1000], 'num_inducing': [10, 25, 50, 75, 100]}",COMPLETE,
256,0.12388510781514515,2026-08-06 19:31:30.949741,2026-08-06 19:31:33.649422,2.699681,10.0,0,matern,250,25,10.0,0,2.462385125021683,matern,250,25,1,0.12388510781514515,256,"{'alpha_edge': [0, 0.001, 0.1, 1, 10], 'alpha_neuron': [0], 'kernel_type': ['rbf', 'matern', 'periodic'], 'layer_width': [100, 250, 500, 750, 1000], 'num_inducing': [10, 25, 50, 75, 100]}",COMPLETE,
257,0.12458818013935698,2026-08-06 19:31:33.652247,2026-08-06 19:31:34.779850,1.127603,0.001,0,rbf,250,10,0.001,0,1.047237375023542,rbf,250,10,1,0.12458818013935698,257,"{'alpha_edge': [0, 0.001, 0.1, 1, 10], 'alpha_neuron': [0], 'kernel_type': ['rbf', 'matern', 'periodic'], 'layer_width': [100, 250, 500, 750, 1000], 'num_inducing': [10, 25, 50, 75, 100]}",COMPLETE,
258,0.12923463024406245,2026-08-06 19:31:34.784343,2026-08-06 19:31:42.459689,7.675346,1.0,0,matern,250,75,1.0,0,6.968800499977078,matern,250,75,1,0.12923463024406245,258,"{'alpha_edge': [0, 0.001, 0.1, 1, 10], 'alpha_neuron': [0], 'kernel_type': ['rbf', 'matern', 'periodic'], 'layer_width': [100, 250, 500, 750, 1000], 'num_inducing': [10, 25, 50, 75, 100]}",COMPLETE,
259,0.12732805531305597,2026-08-06 19:31:42.462706,2026-08-06 19:31:46.849152,4.386446,0.0,0,rbf,500,25,0.0,0,3.888794708007481,rbf,500,25,1,0.12732805531305597,259,"{'alpha_edge': [0, 0.001, 0.1, 1, 10], 'alpha_neuron': [0], 'kernel_type': ['rbf', 'matern', 'periodic'], 'layer_width': [100, 250, 500, 750, 1000], 'num_inducing': [10, 25, 50, 75, 100]}",COMPLETE,
260,0.13374581605751273,2026-08-06 19:31:46.852359,2026-08-06 19:31:50.584570,3.732211,1.0,0,periodic,100,75,1.0,0,3.347221083007753,periodic,100,75,1,0.13374581605751273,260,"{'alpha_edge': [0, 0.001, 0.1, 1, 10], 'alpha_neuron': [0], 'kernel_type': ['rbf', 'matern', 'periodic'], 'layer_width': [100, 250, 500, 750, 1000], 'num_inducing': [10, 25, 50, 75, 100]}",COMPLETE,
261,0.12660793598365316,2026-08-06 19:31:50.587554,2026-08-06 19:31:54.838050,4.250496,0.001,0,rbf,500,25,0.001,0,3.832351374992868,rbf,500,25,1,0.12660793598365316,261,"{'alpha_edge': [0, 0.001, 0.1, 1, 10], 'alpha_neuron': [0], 'kernel_type': ['rbf', 'matern', 'periodic'], 'layer_width': [100, 250, 500, 750, 1000], 'num_inducing': [10, 25, 50, 75, 100]}",COMPLETE,
262,0.1265796926502989,2026-08-06 19:31:54.841360,2026-08-06 19:32:00.088929,5.247569,0.0,0,matern,500,25,0.0,0,4.810842915991088,matern,500,25,1,0.1265796926502989,262,"{'alpha_edge': [0, 0.001, 0.1, 1, 10], 'alpha_neuron': [0], 'kernel_type': ['rbf', 'matern', 'periodic'], 'layer_width': [100, 250, 500, 750, 1000], 'num_inducing': [10, 25, 50, 75, 100]}",COMPLETE,
263,0.13964137459901255,2026-08-06 19:32:00.092310,2026-08-06 19:32:05.488861,5.396551,10.0,0,periodic,250,50,10.0,0,4.8267000830092,periodic,250,50,1,0.13964137459901255,263,"{'alpha_edge': [0, 0.001, 0.1, 1, 10], 'alpha_neuron': [0], 'kernel_type': ['rbf', 'matern', 'periodic'], 'layer_width': [100, 250, 500, 750, 1000], 'num_inducing': [10, 25, 50, 75, 100]}",COMPLETE,
264,0.12989549894197241,2026-08-06 19:32:05.492125,2026-08-06 19:32:13.958384,8.466259,0.0,0,periodic,250,75,0.0,0,7.707907957985299,periodic,250,75,1,0.12989549894197241,264,"{'alpha_edge': [0, 0.001, 0.1, 1, 10], 'alpha_neuron': [0], 'kernel_type': ['rbf', 'matern', 'periodic'], 'layer_width': [100, 250, 500, 750, 1000], 'num_inducing': [10, 25, 50, 75, 100]}",COMPLETE,
265,0.13166706414335355,2026-08-06 19:32:13.961538,2026-08-06 19:32:21.718881,7.757343,0.0,0,matern,750,25,0.0,0,7.146341667015804,matern,750,25,1,0.13166706414335355,265,"{'alpha_edge': [0, 0.001, 0.1, 1, 10], 'alpha_neuron': [0], 'kernel_type': ['rbf', 'matern', 'periodic'], 'layer_width': [100, 250, 500, 750, 1000], 'num_inducing': [10, 25, 50, 75, 100]}",COMPLETE,
266,0.13508392425140547,2026-08-06 19:32:21.722037,2026-08-06 19:32:22.390931,0.668894,0.0,0,periodic,100,10,0.0,0,0.6010374579927884,periodic,100,10,1,0.13508392425140547,266,"{'alpha_edge': [0, 0.001, 0.1, 1, 10], 'alpha_neuron': [0], 'kernel_type': ['rbf', 'matern', 'periodic'], 'layer_width': [100, 250, 500, 750, 1000], 'num_inducing': [10, 25, 50, 75, 100]}",COMPLETE,
267,0.13033732647960808,2026-08-06 19:32:22.393805,2026-08-06 19:32:33.625855,11.23205,0.1,0,periodic,250,100,0.1,0,10.184529834019486,periodic,250,100,1,0.13033732647960808,267,"{'alpha_edge': [0, 0.001, 0.1, 1, 10], 'alpha_neuron': [0], 'kernel_type': ['rbf', 'matern', 'periodic'], 'layer_width': [100, 250, 500, 750, 1000], 'num_inducing': [10, 25, 50, 75, 100]}",COMPLETE,
268,0.1453219563586375,2026-08-06 19:32:33.628953,2026-08-06 19:32:40.325326,6.696373,1.0,0,periodic,1000,10,1.0,0,6.015709250001237,periodic,1000,10,1,0.1453219563586375,268,"{'alpha_edge': [0, 0.001, 0.1, 1, 10], 'alpha_neuron': [0], 'kernel_type': ['rbf', 'matern', 'periodic'], 'layer_width': [100, 250, 500, 750, 1000], 'num_inducing': [10, 25, 50, 75, 100]}",COMPLETE,
269,0.21398388283509343,2026-08-06 19:32:40.328507,2026-08-06 19:33:12.668382,32.339875,1.0,0,periodic,750,100,1.0,0,29.40464091699687,periodic,750,100,1,0.21398388283509343,269,"{'alpha_edge': [0, 0.001, 0.1, 1, 10], 'alpha_neuron': [0], 'kernel_type': ['rbf', 'matern', 'periodic'], 'layer_width': [100, 250, 500, 750, 1000], 'num_inducing': [10, 25, 50, 75, 100]}",COMPLETE,
270,0.13256314780568448,2026-08-06 19:33:12.671255,2026-08-06 19:33:18.510264,5.839009,10.0,0,rbf,250,75,10.0,0,5.370522582990816,rbf,250,75,1,0.13256314780568448,270,"{'alpha_edge': [0, 0.001, 0.1, 1, 10], 'alpha_neuron': [0], 'kernel_type': ['rbf', 'matern', 'periodic'], 'layer_width': [100, 250, 500, 750, 1000], 'num_inducing': [10, 25, 50, 75, 100]}",COMPLETE,
271,0.1363080939487925,2026-08-06 19:33:18.513351,2026-08-06 19:33:53.070132,34.556781,0.001,0,matern,1000,75,0.001,0,31.770352708990686,matern,1000,75,1,0.1363080939487925,271,"{'alpha_edge': [0, 0.001, 0.1, 1, 10], 'alpha_neuron': [0], 'kernel_type': ['rbf', 'matern', 'periodic'], 'layer_width': [100, 250, 500, 750, 1000], 'num_inducing': [10, 25, 50, 75, 100]}",COMPLETE,
272,0.13562702226796217,2026-08-06 19:33:53.074966,2026-08-06 19:34:16.696858,23.621892,0.1,0,periodic,1000,50,0.1,0,21.411606084002415,periodic,1000,50,1,0.13562702226796217,272,"{'alpha_edge': [0, 0.001, 0.1, 1, 10], 'alpha_neuron': [0], 'kernel_type': ['rbf', 'matern', 'periodic'], 'layer_width': [100, 250, 500, 750, 1000], 'num_inducing': [10, 25, 50, 75, 100]}",COMPLETE,
273,0.12802383578338553,2026-08-06 19:34:16.699805,2026-08-06 19:34:27.398361,10.698556,0.0,0,periodic,500,50,0.0,0,9.697540416993434,periodic,500,50,1,0.12802383578338553,273,"{'alpha_edge': [0, 0.001, 0.1, 1, 10], 'alpha_neuron': [0], 'kernel_type': ['rbf', 'matern', 'periodic'], 'layer_width': [100, 250, 500, 750, 1000], 'num_inducing': [10, 25, 50, 75, 100]}",COMPLETE,
274,0.1305087853615318,2026-08-06 19:34:27.401369,2026-08-06 19:34:32.884266,5.482897,1.0,0,periodic,250,50,1.0,0,4.983310790994437,periodic,250,50,1,0.1305087853615318,274,"{'alpha_edge': [0, 0.001, 0.1, 1, 10], 'alpha_neuron': [0], 'kernel_type': ['rbf', 'matern', 'periodic'], 'layer_width': [100, 250, 500, 750, 1000], 'num_inducing': [10, 25, 50, 75, 100]}",COMPLETE,
275,0.12696957619331628,2026-08-06 19:34:32.888207,2026-08-06 19:34:34.472228,1.584021,0.001,0,periodic,250,10,0.001,0,1.3522713329875842,periodic,250,10,1,0.12696957619331628,275,"{'alpha_edge': [0, 0.001, 0.1, 1, 10], 'alpha_neuron': [0], 'kernel_type': ['rbf', 'matern', 'periodic'], 'layer_width': [100, 250, 500, 750, 1000], 'num_inducing': [10, 25, 50, 75, 100]}",COMPLETE,
276,0.12258668398626123,2026-08-06 19:34:34.476535,2026-08-06 19:34:44.303424,9.826889,0.1,0,matern,500,50,0.1,0,8.990966625016881,matern,500,50,1,0.12258668398626123,276,"{'alpha_edge': [0, 0.001, 0.1, 1, 10], 'alpha_neuron': [0], 'kernel_type': ['rbf', 'matern', 'periodic'], 'layer_width': [100, 250, 500, 750, 1000], 'num_inducing': [10, 25, 50, 75, 100]}",COMPLETE,
277,0.13751141643936576,2026-08-06 19:34:44.306522,2026-08-06 19:35:08.686782,24.38026,0.0,0,rbf,1000,75,0.0,0,22.720064374996582,rbf,1000,75,1,0.13751141643936576,277,"{'alpha_edge': [0, 0.001, 0.1, 1, 10], 'alpha_neuron': [0], 'kernel_type': ['rbf', 'matern', 'periodic'], 'layer_width': [100, 250, 500, 750, 1000], 'num_inducing': [10, 25, 50, 75, 100]}",COMPLETE,
278,0.1300395506903424,2026-08-06 19:35:08.690332,2026-08-06 19:35:31.335814,22.645482,0.0,0,matern,750,75,0.0,0,20.78998233299353,matern,750,75,1,0.1300395506903424,278,"{'alpha_edge': [0, 0.001, 0.1, 1, 10], 'alpha_neuron': [0], 'kernel_type': ['rbf', 'matern', 'periodic'], 'layer_width': [100, 250, 500, 750, 1000], 'num_inducing': [10, 25, 50, 75, 100]}",COMPLETE,
279,0.14662318232919952,2026-08-06 19:35:31.339245,2026-08-06 19:35:31.956065,0.61682,0.0,0,rbf,100,10,0.0,0,0.5538640840095468,rbf,100,10,1,0.14662318232919952,279,"{'alpha_edge': [0, 0.001, 0.1, 1, 10], 'alpha_neuron': [0], 'kernel_type': ['rbf', 'matern', 'periodic'], 'layer_width': [100, 250, 500, 750, 1000], 'num_inducing': [10, 25, 50, 75, 100]}",COMPLETE,
280,0.13936798812203252,2026-08-06 19:35:31.958979,2026-08-06 19:35:33.082042,1.123063,0.1,0,periodic,100,25,0.1,0,0.9747457500197925,periodic,100,25,1,0.13936798812203252,280,"{'alpha_edge': [0, 0.001, 0.1, 1, 10], 'alpha_neuron': [0], 'kernel_type': ['rbf', 'matern', 'periodic'], 'layer_width': [100, 250, 500, 750, 1000], 'num_inducing': [10, 25, 50, 75, 100]}",COMPLETE,
281,0.1312145241449339,2026-08-06 19:35:33.085573,2026-08-06 19:35:36.681783,3.59621,10.0,0,rbf,750,10,10.0,0,3.3403853329946287,rbf,750,10,1,0.1312145241449339,281,"{'alpha_edge': [0, 0.001, 0.1, 1, 10], 'alpha_neuron': [0], 'kernel_type': ['rbf', 'matern', 'periodic'], 'layer_width': [100, 250, 500, 750, 1000], 'num_inducing': [10, 25, 50, 75, 100]}",COMPLETE,
282,0.1345479681302497,2026-08-06 19:35:36.684689,2026-08-06 19:36:00.626220,23.941531,0.001,0,rbf,1000,75,0.001,0,22.23763691599015,rbf,1000,75,1,0.1345479681302497,282,"{'alpha_edge': [0, 0.001, 0.1, 1, 10], 'alpha_neuron': [0], 'kernel_type': ['rbf', 'matern', 'periodic'], 'layer_width': [100, 250, 500, 750, 1000], 'num_inducing': [10, 25, 50, 75, 100]}",COMPLETE,
283,0.14318835455365433,2026-08-06 19:36:00.629270,2026-08-06 19:36:03.592081,2.962811,0.1,0,matern,100,75,0.1,0,2.6571675419982057,matern,100,75,1,0.14318835455365433,283,"{'alpha_edge': [0, 0.001, 0.1, 1, 10], 'alpha_neuron': [0], 'kernel_type': ['rbf', 'matern', 'periodic'], 'layer_width': [100, 250, 500, 750, 1000], 'num_inducing': [10, 25, 50, 75, 100]}",COMPLETE,
284,0.12359938813407953,2026-08-06 19:36:03.600316,2026-08-06 19:36:06.357349,2.757033,1.0,0,matern,250,25,1.0,0,2.5234822079946753,matern,250,25,1,0.12359938813407953,284,"{'alpha_edge': [0, 0.001, 0.1, 1, 10], 'alpha_neuron': [0], 'kernel_type': ['rbf', 'matern', 'periodic'], 'layer_width': [100, 250, 500, 750, 1000], 'num_inducing': [10, 25, 50, 75, 100]}",COMPLETE,
285,0.13069724940607316,2026-08-06 19:36:06.373777,2026-08-06 19:36:31.612792,25.239015,0.001,0,rbf,750,100,0.001,0,23.434924959001364,rbf,750,100,1,0.13069724940607316,285,"{'alpha_edge': [0, 0.001, 0.1, 1, 10], 'alpha_neuron': [0], 'kernel_type': ['rbf', 'matern', 'periodic'], 'layer_width': [100, 250, 500, 750, 1000], 'num_inducing': [10, 25, 50, 75, 100]}",COMPLETE,
286,0.12875261728733103,2026-08-06 19:36:31.615740,2026-08-06 19:37:03.819188,32.203448,10.0,0,matern,750,100,10.0,0,29.51674275001278,matern,750,100,1,0.12875261728733103,286,"{'alpha_edge': [0, 0.001, 0.1, 1, 10], 'alpha_neuron': [0], 'kernel_type': ['rbf', 'matern', 'periodic'], 'layer_width': [100, 250, 500, 750, 1000], 'num_inducing': [10, 25, 50, 75, 100]}",COMPLETE,
287,0.1329316780835352,2026-08-06 19:37:03.822162,2026-08-06 19:37:08.744900,4.922738,0.001,0,rbf,1000,10,0.001,0,4.532684833015082,rbf,1000,10,1,0.1329316780835352,287,"{'alpha_edge': [0, 0.001, 0.1, 1, 10], 'alpha_neuron': [0], 'kernel_type': ['rbf', 'matern', 'periodic'], 'layer_width': [100, 250, 500, 750, 1000], 'num_inducing': [10, 25, 50, 75, 100]}",COMPLETE,
288,0.14430447538942393,2026-08-06 19:37:08.750032,2026-08-06 19:37:09.822798,1.072766,10.0,0,matern,100,25,10.0,0,0.9928779580222908,matern,100,25,1,0.14430447538942393,288,"{'alpha_edge': [0, 0.001, 0.1, 1, 10], 'alpha_neuron': [0], 'kernel_type': ['rbf', 'matern', 'periodic'], 'layer_width': [100, 250, 500, 750, 1000], 'num_inducing': [10, 25, 50, 75, 100]}",COMPLETE,
