number,value,datetime_start,datetime_complete,duration,params_alpha_edge,params_alpha_neuron,params_kernel_type,params_layer_width,params_num_inducing,user_attrs_alpha_edge,user_attrs_alpha_neuron,fit_duration_sec,kernel_type,user_attrs_layer_width,user_attrs_num_inducing,sigma_scale,val_rmse,system_attrs_grid_id,system_attrs_search_space,state,test_rmse
285,0.0027346677234242295,2026-07-30 15:27:41.348112,2026-07-30 15:28:05.274616,23.926504,0.001,0,rbf,750,100,0.001,0,22.356282917025965,rbf,750,100,1,0.0027346677234242295,285,"{'alpha_edge': [0, 0.001, 0.1, 1, 10], 'alpha_neuron': [0], 'kernel_type': ['rbf', 'matern', 'periodic'], 'layer_width': [100, 250, 500, 750, 1000], 'num_inducing': [10, 25, 50, 75, 100]}",COMPLETE,
286,0.004004756072939555,2026-07-30 15:28:05.278170,2026-07-30 15:28:34.720532,29.442362,10.0,0,matern,750,100,10.0,0,26.914737250015605,matern,750,100,1,0.004004756072939555,286,"{'alpha_edge': [0, 0.001, 0.1, 1, 10], 'alpha_neuron': [0], 'kernel_type': ['rbf', 'matern', 'periodic'], 'layer_width': [100, 250, 500, 750, 1000], 'num_inducing': [10, 25, 50, 75, 100]}",COMPLETE,
287,0.0023762605682959947,2026-07-30 15:28:34.723704,2026-07-30 15:28:39.489954,4.76625,0.001,0,rbf,1000,10,0.001,0,4.424414667009842,rbf,1000,10,1,0.0023762605682959947,287,"{'alpha_edge': [0, 0.001, 0.1, 1, 10], 'alpha_neuron': [0], 'kernel_type': ['rbf', 'matern', 'periodic'], 'layer_width': [100, 250, 500, 750, 1000], 'num_inducing': [10, 25, 50, 75, 100]}",COMPLETE,
288,0.059616504650709334,2026-07-30 15:28:39.494717,2026-07-30 15:28:40.508214,1.013497,10.0,0,matern,100,25,10.0,0,0.9330691249924712,matern,100,25,1,0.059616504650709334,288,"{'alpha_edge': [0, 0.001, 0.1, 1, 10], 'alpha_neuron': [0], 'kernel_type': ['rbf', 'matern', 'periodic'], 'layer_width': [100, 250, 500, 750, 1000], 'num_inducing': [10, 25, 50, 75, 100]}",COMPLETE,
289,0.002946636684043203,2026-07-30 15:28:40.511273,2026-07-30 15:29:03.123037,22.611764,0.1,0,rbf,750,100,0.1,0,20.829038625000976,rbf,750,100,1,0.002946636684043203,289,"{'alpha_edge': [0, 0.001, 0.1, 1, 10], 'alpha_neuron': [0], 'kernel_type': ['rbf', 'matern', 'periodic'], 'layer_width': [100, 250, 500, 750, 1000], 'num_inducing': [10, 25, 50, 75, 100]}",COMPLETE,
290,0.8918161335657334,2026-07-30 15:29:03.125729,2026-07-30 15:29:35.820481,32.694752,0.0,0,periodic,750,100,0.0,0,28.81209908303572,periodic,750,100,1,0.8918161335657334,290,"{'alpha_edge': [0, 0.001, 0.1, 1, 10], 'alpha_neuron': [0], 'kernel_type': ['rbf', 'matern', 'periodic'], 'layer_width': [100, 250, 500, 750, 1000], 'num_inducing': [10, 25, 50, 75, 100]}",COMPLETE,
291,0.006267892640280278,2026-07-30 15:29:35.829642,2026-07-30 15:30:05.619993,29.790351,0.0,0,matern,1000,75,0.0,0,27.535168959002476,matern,1000,75,1,0.006267892640280278,291,"{'alpha_edge': [0, 0.001, 0.1, 1, 10], 'alpha_neuron': [0], 'kernel_type': ['rbf', 'matern', 'periodic'], 'layer_width': [100, 250, 500, 750, 1000], 'num_inducing': [10, 25, 50, 75, 100]}",COMPLETE,
292,0.03221371077426888,2026-07-30 15:30:05.623603,2026-07-30 15:30:10.512235,4.888632,0.1,0,periodic,250,50,0.1,0,4.4226230420172215,periodic,250,50,1,0.03221371077426888,292,"{'alpha_edge': [0, 0.001, 0.1, 1, 10], 'alpha_neuron': [0], 'kernel_type': ['rbf', 'matern', 'periodic'], 'layer_width': [100, 250, 500, 750, 1000], 'num_inducing': [10, 25, 50, 75, 100]}",COMPLETE,
293,0.08757346046447612,2026-07-30 15:30:10.515404,2026-07-30 15:30:14.666714,4.15131,1.0,0,periodic,100,100,1.0,0,3.811744207981974,periodic,100,100,1,0.08757346046447612,293,"{'alpha_edge': [0, 0.001, 0.1, 1, 10], 'alpha_neuron': [0], 'kernel_type': ['rbf', 'matern', 'periodic'], 'layer_width': [100, 250, 500, 750, 1000], 'num_inducing': [10, 25, 50, 75, 100]}",COMPLETE,
294,0.07967829929900536,2026-07-30 15:30:14.672138,2026-07-30 15:30:16.161048,1.48891,1.0,0,rbf,100,50,1.0,0,1.3500922080129385,rbf,100,50,1,0.07967829929900536,294,"{'alpha_edge': [0, 0.001, 0.1, 1, 10], 'alpha_neuron': [0], 'kernel_type': ['rbf', 'matern', 'periodic'], 'layer_width': [100, 250, 500, 750, 1000], 'num_inducing': [10, 25, 50, 75, 100]}",COMPLETE,
295,0.018126989776051285,2026-07-30 15:30:16.164136,2026-07-30 15:30:48.907197,32.743061,0.001,0,periodic,1000,75,0.001,0,29.79580912500387,periodic,1000,75,1,0.018126989776051285,295,"{'alpha_edge': [0, 0.001, 0.1, 1, 10], 'alpha_neuron': [0], 'kernel_type': ['rbf', 'matern', 'periodic'], 'layer_width': [100, 250, 500, 750, 1000], 'num_inducing': [10, 25, 50, 75, 100]}",COMPLETE,
296,0.02049204810246821,2026-07-30 15:30:48.925887,2026-07-30 15:31:11.625378,22.699491,0.001,0,periodic,750,75,0.001,0,20.511318832985125,periodic,750,75,1,0.02049204810246821,296,"{'alpha_edge': [0, 0.001, 0.1, 1, 10], 'alpha_neuron': [0], 'kernel_type': ['rbf', 'matern', 'periodic'], 'layer_width': [100, 250, 500, 750, 1000], 'num_inducing': [10, 25, 50, 75, 100]}",COMPLETE,
297,0.028998948163490468,2026-07-30 15:31:11.628643,2026-07-30 15:31:12.718206,1.089563,0.1,0,matern,250,10,0.1,0,0.9879969589528628,matern,250,10,1,0.028998948163490468,297,"{'alpha_edge': [0, 0.001, 0.1, 1, 10], 'alpha_neuron': [0], 'kernel_type': ['rbf', 'matern', 'periodic'], 'layer_width': [100, 250, 500, 750, 1000], 'num_inducing': [10, 25, 50, 75, 100]}",COMPLETE,
298,0.04385338388312388,2026-07-30 15:31:12.721030,2026-07-30 15:31:15.510663,2.789633,0.001,0,periodic,250,25,0.001,0,2.519176708010491,periodic,250,25,1,0.04385338388312388,298,"{'alpha_edge': [0, 0.001, 0.1, 1, 10], 'alpha_neuron': [0], 'kernel_type': ['rbf', 'matern', 'periodic'], 'layer_width': [100, 250, 500, 750, 1000], 'num_inducing': [10, 25, 50, 75, 100]}",COMPLETE,
299,0.016580516481577448,2026-07-30 15:31:15.514146,2026-07-30 15:31:20.195152,4.681006,10.0,0,matern,250,50,10.0,0,4.268954000028316,matern,250,50,1,0.016580516481577448,299,"{'alpha_edge': [0, 0.001, 0.1, 1, 10], 'alpha_neuron': [0], 'kernel_type': ['rbf', 'matern', 'periodic'], 'layer_width': [100, 250, 500, 750, 1000], 'num_inducing': [10, 25, 50, 75, 100]}",COMPLETE,
300,0.027599274104837663,2026-07-30 15:31:20.198283,2026-07-30 15:31:50.642828,30.444545,10.0,0,periodic,1000,75,10.0,0,27.453667958034202,periodic,1000,75,1,0.027599274104837663,300,"{'alpha_edge': [0, 0.001, 0.1, 1, 10], 'alpha_neuron': [0], 'kernel_type': ['rbf', 'matern', 'periodic'], 'layer_width': [100, 250, 500, 750, 1000], 'num_inducing': [10, 25, 50, 75, 100]}",COMPLETE,
301,0.006782845676600252,2026-07-30 15:31:50.646041,2026-07-30 15:32:00.421289,9.775248,1.0,0,matern,500,50,1.0,0,9.01237858296372,matern,500,50,1,0.006782845676600252,301,"{'alpha_edge': [0, 0.001, 0.1, 1, 10], 'alpha_neuron': [0], 'kernel_type': ['rbf', 'matern', 'periodic'], 'layer_width': [100, 250, 500, 750, 1000], 'num_inducing': [10, 25, 50, 75, 100]}",COMPLETE,
302,0.05745036676682437,2026-07-30 15:32:00.424229,2026-07-30 15:32:03.641146,3.216917,0.1,0,periodic,100,75,0.1,0,2.8327767500304617,periodic,100,75,1,0.05745036676682437,302,"{'alpha_edge': [0, 0.001, 0.1, 1, 10], 'alpha_neuron': [0], 'kernel_type': ['rbf', 'matern', 'periodic'], 'layer_width': [100, 250, 500, 750, 1000], 'num_inducing': [10, 25, 50, 75, 100]}",COMPLETE,
303,0.028480938181274517,2026-07-30 15:32:03.645456,2026-07-30 15:32:10.894274,7.248818,0.001,0,rbf,250,100,0.001,0,6.766777708020527,rbf,250,100,1,0.028480938181274517,303,"{'alpha_edge': [0, 0.001, 0.1, 1, 10], 'alpha_neuron': [0], 'kernel_type': ['rbf', 'matern', 'periodic'], 'layer_width': [100, 250, 500, 750, 1000], 'num_inducing': [10, 25, 50, 75, 100]}",COMPLETE,
304,0.0022522221989691848,2026-07-30 15:32:10.899192,2026-07-30 15:32:21.498664,10.599472,0.001,0,matern,1000,25,0.001,0,9.85015537502477,matern,1000,25,1,0.0022522221989691848,304,"{'alpha_edge': [0, 0.001, 0.1, 1, 10], 'alpha_neuron': [0], 'kernel_type': ['rbf', 'matern', 'periodic'], 'layer_width': [100, 250, 500, 750, 1000], 'num_inducing': [10, 25, 50, 75, 100]}",COMPLETE,
305,0.005010522067631286,2026-07-30 15:32:21.501813,2026-07-30 15:32:26.422713,4.9209,10.0,0,rbf,1000,10,10.0,0,4.608180415991228,rbf,1000,10,1,0.005010522067631286,305,"{'alpha_edge': [0, 0.001, 0.1, 1, 10], 'alpha_neuron': [0], 'kernel_type': ['rbf', 'matern', 'periodic'], 'layer_width': [100, 250, 500, 750, 1000], 'num_inducing': [10, 25, 50, 75, 100]}",COMPLETE,
306,0.0024278323365695175,2026-07-30 15:32:26.425857,2026-07-30 15:32:34.526066,8.100209,10.0,0,matern,750,25,10.0,0,7.521003959001973,matern,750,25,1,0.0024278323365695175,306,"{'alpha_edge': [0, 0.001, 0.1, 1, 10], 'alpha_neuron': [0], 'kernel_type': ['rbf', 'matern', 'periodic'], 'layer_width': [100, 250, 500, 750, 1000], 'num_inducing': [10, 25, 50, 75, 100]}",COMPLETE,
307,0.002688731723651149,2026-07-30 15:32:34.530971,2026-07-30 15:32:41.420419,6.889448,0.001,0,rbf,750,25,0.001,0,6.2078573750332,rbf,750,25,1,0.002688731723651149,307,"{'alpha_edge': [0, 0.001, 0.1, 1, 10], 'alpha_neuron': [0], 'kernel_type': ['rbf', 'matern', 'periodic'], 'layer_width': [100, 250, 500, 750, 1000], 'num_inducing': [10, 25, 50, 75, 100]}",COMPLETE,
308,0.02834525831455127,2026-07-30 15:32:41.423682,2026-07-30 15:32:45.515196,4.091514,0.001,0,rbf,250,50,0.001,0,3.7497427919879556,rbf,250,50,1,0.02834525831455127,308,"{'alpha_edge': [0, 0.001, 0.1, 1, 10], 'alpha_neuron': [0], 'kernel_type': ['rbf', 'matern', 'periodic'], 'layer_width': [100, 250, 500, 750, 1000], 'num_inducing': [10, 25, 50, 75, 100]}",COMPLETE,
309,0.004508160148517672,2026-07-30 15:32:45.518163,2026-07-30 15:33:00.345550,14.827387,1.0,0,matern,750,50,1.0,0,13.48039833403891,matern,750,50,1,0.004508160148517672,309,"{'alpha_edge': [0, 0.001, 0.1, 1, 10], 'alpha_neuron': [0], 'kernel_type': ['rbf', 'matern', 'periodic'], 'layer_width': [100, 250, 500, 750, 1000], 'num_inducing': [10, 25, 50, 75, 100]}",COMPLETE,
310,0.0034841543238137607,2026-07-30 15:33:00.349240,2026-07-30 15:33:34.759566,34.410326,0.001,0,matern,750,100,0.001,0,31.750067249988206,matern,750,100,1,0.0034841543238137607,310,"{'alpha_edge': [0, 0.001, 0.1, 1, 10], 'alpha_neuron': [0], 'kernel_type': ['rbf', 'matern', 'periodic'], 'layer_width': [100, 250, 500, 750, 1000], 'num_inducing': [10, 25, 50, 75, 100]}",COMPLETE,
311,0.03498863433382866,2026-07-30 15:33:34.792015,2026-07-30 15:33:43.759798,8.967783,1.0,0,periodic,750,25,1.0,0,7.879521166963968,periodic,750,25,1,0.03498863433382866,311,"{'alpha_edge': [0, 0.001, 0.1, 1, 10], 'alpha_neuron': [0], 'kernel_type': ['rbf', 'matern', 'periodic'], 'layer_width': [100, 250, 500, 750, 1000], 'num_inducing': [10, 25, 50, 75, 100]}",COMPLETE,
312,0.03989532525867354,2026-07-30 15:33:43.764878,2026-07-30 15:33:49.434154,5.669276,0.0,0,periodic,250,50,0.0,0,5.1604549579788,periodic,250,50,1,0.03989532525867354,312,"{'alpha_edge': [0, 0.001, 0.1, 1, 10], 'alpha_neuron': [0], 'kernel_type': ['rbf', 'matern', 'periodic'], 'layer_width': [100, 250, 500, 750, 1000], 'num_inducing': [10, 25, 50, 75, 100]}",COMPLETE,
313,0.015404684449658774,2026-07-30 15:33:49.436994,2026-07-30 15:33:54.929726,5.492732,1.0,0,matern,250,50,1.0,0,5.032484041992575,matern,250,50,1,0.015404684449658774,313,"{'alpha_edge': [0, 0.001, 0.1, 1, 10], 'alpha_neuron': [0], 'kernel_type': ['rbf', 'matern', 'periodic'], 'layer_width': [100, 250, 500, 750, 1000], 'num_inducing': [10, 25, 50, 75, 100]}",COMPLETE,
314,0.0332746531903079,2026-07-30 15:33:54.932613,2026-07-30 15:33:56.286991,1.354378,10.0,0,matern,250,10,10.0,0,1.1852434999891557,matern,250,10,1,0.0332746531903079,314,"{'alpha_edge': [0, 0.001, 0.1, 1, 10], 'alpha_neuron': [0], 'kernel_type': ['rbf', 'matern', 'periodic'], 'layer_width': [100, 250, 500, 750, 1000], 'num_inducing': [10, 25, 50, 75, 100]}",COMPLETE,
315,0.006249148976909395,2026-07-30 15:33:56.290450,2026-07-30 15:34:12.418200,16.12775,0.0,0,matern,750,50,0.0,0,14.785369958961383,matern,750,50,1,0.006249148976909395,315,"{'alpha_edge': [0, 0.001, 0.1, 1, 10], 'alpha_neuron': [0], 'kernel_type': ['rbf', 'matern', 'periodic'], 'layer_width': [100, 250, 500, 750, 1000], 'num_inducing': [10, 25, 50, 75, 100]}",COMPLETE,
316,0.014496521459399156,2026-07-30 15:34:12.424339,2026-07-30 15:34:13.836233,1.411894,0.001,0,matern,250,10,0.001,0,1.315164542000275,matern,250,10,1,0.014496521459399156,316,"{'alpha_edge': [0, 0.001, 0.1, 1, 10], 'alpha_neuron': [0], 'kernel_type': ['rbf', 'matern', 'periodic'], 'layer_width': [100, 250, 500, 750, 1000], 'num_inducing': [10, 25, 50, 75, 100]}",COMPLETE,
317,0.0019390726810060656,2026-07-30 15:34:13.840553,2026-07-30 15:34:45.979013,32.13846,1.0,0,matern,1000,75,1.0,0,29.398343625012785,matern,1000,75,1,0.0019390726810060656,317,"{'alpha_edge': [0, 0.001, 0.1, 1, 10], 'alpha_neuron': [0], 'kernel_type': ['rbf', 'matern', 'periodic'], 'layer_width': [100, 250, 500, 750, 1000], 'num_inducing': [10, 25, 50, 75, 100]}",COMPLETE,
318,0.07689799695757059,2026-07-30 15:34:45.981773,2026-07-30 15:34:48.938905,2.957132,10.0,0,matern,100,75,10.0,0,2.7338057499728166,matern,100,75,1,0.07689799695757059,318,"{'alpha_edge': [0, 0.001, 0.1, 1, 10], 'alpha_neuron': [0], 'kernel_type': ['rbf', 'matern', 'periodic'], 'layer_width': [100, 250, 500, 750, 1000], 'num_inducing': [10, 25, 50, 75, 100]}",COMPLETE,
319,0.017080787229912235,2026-07-30 15:34:48.948033,2026-07-30 15:35:03.402436,14.454403,0.0,0,matern,500,75,0.0,0,13.138896249991376,matern,500,75,1,0.017080787229912235,319,"{'alpha_edge': [0, 0.001, 0.1, 1, 10], 'alpha_neuron': [0], 'kernel_type': ['rbf', 'matern', 'periodic'], 'layer_width': [100, 250, 500, 750, 1000], 'num_inducing': [10, 25, 50, 75, 100]}",COMPLETE,
320,0.5665466301999775,2026-07-30 15:35:03.406947,2026-07-30 15:35:06.862964,3.456017,0.0,0,periodic,100,75,0.0,0,2.9674243750050664,periodic,100,75,1,0.5665466301999775,320,"{'alpha_edge': [0, 0.001, 0.1, 1, 10], 'alpha_neuron': [0], 'kernel_type': ['rbf', 'matern', 'periodic'], 'layer_width': [100, 250, 500, 750, 1000], 'num_inducing': [10, 25, 50, 75, 100]}",COMPLETE,
321,0.004733573669569234,2026-07-30 15:35:06.866110,2026-07-30 15:35:24.235663,17.369553,10.0,0,rbf,1000,50,10.0,0,16.023283749993425,rbf,1000,50,1,0.004733573669569234,321,"{'alpha_edge': [0, 0.001, 0.1, 1, 10], 'alpha_neuron': [0], 'kernel_type': ['rbf', 'matern', 'periodic'], 'layer_width': [100, 250, 500, 750, 1000], 'num_inducing': [10, 25, 50, 75, 100]}",COMPLETE,
322,0.07610337609919786,2026-07-30 15:35:24.240663,2026-07-30 15:35:27.369100,3.128437,0.001,0,periodic,100,75,0.001,0,2.8398022080073133,periodic,100,75,1,0.07610337609919786,322,"{'alpha_edge': [0, 0.001, 0.1, 1, 10], 'alpha_neuron': [0], 'kernel_type': ['rbf', 'matern', 'periodic'], 'layer_width': [100, 250, 500, 750, 1000], 'num_inducing': [10, 25, 50, 75, 100]}",COMPLETE,
323,0.022231163858695873,2026-07-30 15:35:27.374330,2026-07-30 15:35:32.459709,5.085379,1.0,0,periodic,750,10,1.0,0,4.64260550000472,periodic,750,10,1,0.022231163858695873,323,"{'alpha_edge': [0, 0.001, 0.1, 1, 10], 'alpha_neuron': [0], 'kernel_type': ['rbf', 'matern', 'periodic'], 'layer_width': [100, 250, 500, 750, 1000], 'num_inducing': [10, 25, 50, 75, 100]}",COMPLETE,
324,0.07695709653681486,2026-07-30 15:35:32.462700,2026-07-30 15:35:35.736471,3.273771,0.0,0,matern,100,75,0.0,0,3.0150295000057667,matern,100,75,1,0.07695709653681486,324,"{'alpha_edge': [0, 0.001, 0.1, 1, 10], 'alpha_neuron': [0], 'kernel_type': ['rbf', 'matern', 'periodic'], 'layer_width': [100, 250, 500, 750, 1000], 'num_inducing': [10, 25, 50, 75, 100]}",COMPLETE,
325,0.02100188990149933,2026-07-30 15:35:35.741015,2026-07-30 15:35:43.313372,7.572357,0.1,0,matern,250,75,0.1,0,6.888249374984298,matern,250,75,1,0.02100188990149933,325,"{'alpha_edge': [0, 0.001, 0.1, 1, 10], 'alpha_neuron': [0], 'kernel_type': ['rbf', 'matern', 'periodic'], 'layer_width': [100, 250, 500, 750, 1000], 'num_inducing': [10, 25, 50, 75, 100]}",COMPLETE,
326,0.003746670118277617,2026-07-30 15:35:43.316551,2026-07-30 15:35:55.986511,12.66996,0.1,0,rbf,500,75,0.1,0,11.866535541019402,rbf,500,75,1,0.003746670118277617,326,"{'alpha_edge': [0, 0.001, 0.1, 1, 10], 'alpha_neuron': [0], 'kernel_type': ['rbf', 'matern', 'periodic'], 'layer_width': [100, 250, 500, 750, 1000], 'num_inducing': [10, 25, 50, 75, 100]}",COMPLETE,
327,0.07860047195216642,2026-07-30 15:35:55.990923,2026-07-30 15:35:56.809071,0.818148,0.1,0,rbf,100,25,0.1,0,0.7060537919751368,rbf,100,25,1,0.07860047195216642,327,"{'alpha_edge': [0, 0.001, 0.1, 1, 10], 'alpha_neuron': [0], 'kernel_type': ['rbf', 'matern', 'periodic'], 'layer_width': [100, 250, 500, 750, 1000], 'num_inducing': [10, 25, 50, 75, 100]}",COMPLETE,
328,0.002860769763948007,2026-07-30 15:35:56.812989,2026-07-30 15:36:20.558502,23.745513,1.0,0,rbf,750,100,1.0,0,21.991669707989786,rbf,750,100,1,0.002860769763948007,328,"{'alpha_edge': [0, 0.001, 0.1, 1, 10], 'alpha_neuron': [0], 'kernel_type': ['rbf', 'matern', 'periodic'], 'layer_width': [100, 250, 500, 750, 1000], 'num_inducing': [10, 25, 50, 75, 100]}",COMPLETE,
329,0.06396612901933546,2026-07-30 15:36:20.562344,2026-07-30 15:36:22.936333,2.373989,0.1,0,periodic,100,50,0.1,0,2.0737159999553114,periodic,100,50,1,0.06396612901933546,329,"{'alpha_edge': [0, 0.001, 0.1, 1, 10], 'alpha_neuron': [0], 'kernel_type': ['rbf', 'matern', 'periodic'], 'layer_width': [100, 250, 500, 750, 1000], 'num_inducing': [10, 25, 50, 75, 100]}",COMPLETE,
330,0.022685034756044043,2026-07-30 15:36:22.941050,2026-07-30 15:36:25.565987,2.624937,0.0,0,matern,250,25,0.0,0,2.393854957947042,matern,250,25,1,0.022685034756044043,330,"{'alpha_edge': [0, 0.001, 0.1, 1, 10], 'alpha_neuron': [0], 'kernel_type': ['rbf', 'matern', 'periodic'], 'layer_width': [100, 250, 500, 750, 1000], 'num_inducing': [10, 25, 50, 75, 100]}",COMPLETE,
331,0.03386005047957641,2026-07-30 15:36:25.568684,2026-07-30 15:36:30.649560,5.080876,0.0,0,matern,250,50,0.0,0,4.67336208402412,matern,250,50,1,0.03386005047957641,331,"{'alpha_edge': [0, 0.001, 0.1, 1, 10], 'alpha_neuron': [0], 'kernel_type': ['rbf', 'matern', 'periodic'], 'layer_width': [100, 250, 500, 750, 1000], 'num_inducing': [10, 25, 50, 75, 100]}",COMPLETE,
332,0.07710819063820205,2026-07-30 15:36:30.652873,2026-07-30 15:36:32.847449,2.194576,0.001,0,periodic,100,50,0.001,0,2.0027597079752013,periodic,100,50,1,0.07710819063820205,332,"{'alpha_edge': [0, 0.001, 0.1, 1, 10], 'alpha_neuron': [0], 'kernel_type': ['rbf', 'matern', 'periodic'], 'layer_width': [100, 250, 500, 750, 1000], 'num_inducing': [10, 25, 50, 75, 100]}",COMPLETE,
333,0.005746571956656962,2026-07-30 15:36:32.850417,2026-07-30 15:36:35.645305,2.794888,0.1,0,matern,500,10,0.1,0,2.4505937499925494,matern,500,10,1,0.005746571956656962,333,"{'alpha_edge': [0, 0.001, 0.1, 1, 10], 'alpha_neuron': [0], 'kernel_type': ['rbf', 'matern', 'periodic'], 'layer_width': [100, 250, 500, 750, 1000], 'num_inducing': [10, 25, 50, 75, 100]}",COMPLETE,
334,0.002404776272068572,2026-07-30 15:36:35.659082,2026-07-30 15:36:56.609900,20.950818,10.0,0,matern,1000,50,10.0,0,19.186466458020732,matern,1000,50,1,0.002404776272068572,334,"{'alpha_edge': [0, 0.001, 0.1, 1, 10], 'alpha_neuron': [0], 'kernel_type': ['rbf', 'matern', 'periodic'], 'layer_width': [100, 250, 500, 750, 1000], 'num_inducing': [10, 25, 50, 75, 100]}",COMPLETE,
335,0.02776478057375553,2026-07-30 15:36:56.612859,2026-07-30 15:37:12.512857,15.899998,1.0,0,periodic,500,75,1.0,0,14.342147665971424,periodic,500,75,1,0.02776478057375553,335,"{'alpha_edge': [0, 0.001, 0.1, 1, 10], 'alpha_neuron': [0], 'kernel_type': ['rbf', 'matern', 'periodic'], 'layer_width': [100, 250, 500, 750, 1000], 'num_inducing': [10, 25, 50, 75, 100]}",COMPLETE,
336,0.08777938152081827,2026-07-30 15:37:12.515989,2026-07-30 15:37:14.651131,2.135142,10.0,0,periodic,100,50,10.0,0,1.9796518329530954,periodic,100,50,1,0.08777938152081827,336,"{'alpha_edge': [0, 0.001, 0.1, 1, 10], 'alpha_neuron': [0], 'kernel_type': ['rbf', 'matern', 'periodic'], 'layer_width': [100, 250, 500, 750, 1000], 'num_inducing': [10, 25, 50, 75, 100]}",COMPLETE,
337,0.016755659486579495,2026-07-30 15:37:14.653822,2026-07-30 15:37:36.801653,22.147831,0.001,0,periodic,1000,50,0.001,0,19.846425249997992,periodic,1000,50,1,0.016755659486579495,337,"{'alpha_edge': [0, 0.001, 0.1, 1, 10], 'alpha_neuron': [0], 'kernel_type': ['rbf', 'matern', 'periodic'], 'layer_width': [100, 250, 500, 750, 1000], 'num_inducing': [10, 25, 50, 75, 100]}",COMPLETE,
338,0.08023080463807129,2026-07-30 15:37:36.806651,2026-07-30 15:37:40.003336,3.196685,1.0,0,periodic,500,10,1.0,0,2.877544874965679,periodic,500,10,1,0.08023080463807129,338,"{'alpha_edge': [0, 0.001, 0.1, 1, 10], 'alpha_neuron': [0], 'kernel_type': ['rbf', 'matern', 'periodic'], 'layer_width': [100, 250, 500, 750, 1000], 'num_inducing': [10, 25, 50, 75, 100]}",COMPLETE,
339,0.0016689775962095358,2026-07-30 15:37:40.007731,2026-07-30 15:37:46.012116,6.004385,10.0,0,matern,1000,10,10.0,0,5.565641583001707,matern,1000,10,1,0.0016689775962095358,339,"{'alpha_edge': [0, 0.001, 0.1, 1, 10], 'alpha_neuron': [0], 'kernel_type': ['rbf', 'matern', 'periodic'], 'layer_width': [100, 250, 500, 750, 1000], 'num_inducing': [10, 25, 50, 75, 100]}",COMPLETE,0.002170478295979745
340,0.05865335979052955,2026-07-30 15:37:46.015835,2026-07-30 15:37:48.572495,2.55666,0.1,0,matern,100,50,0.1,0,2.3473045409773476,matern,100,50,1,0.05865335979052955,340,"{'alpha_edge': [0, 0.001, 0.1, 1, 10], 'alpha_neuron': [0], 'kernel_type': ['rbf', 'matern', 'periodic'], 'layer_width': [100, 250, 500, 750, 1000], 'num_inducing': [10, 25, 50, 75, 100]}",COMPLETE,
341,0.004595572926333556,2026-07-30 15:37:48.576195,2026-07-30 15:38:23.706422,35.130227,0.001,0,rbf,1000,100,0.001,0,32.48463824996725,rbf,1000,100,1,0.004595572926333556,341,"{'alpha_edge': [0, 0.001, 0.1, 1, 10], 'alpha_neuron': [0], 'kernel_type': ['rbf', 'matern', 'periodic'], 'layer_width': [100, 250, 500, 750, 1000], 'num_inducing': [10, 25, 50, 75, 100]}",COMPLETE,
