number,value,datetime_start,datetime_complete,duration,params_alpha_edge,params_alpha_neuron,params_kernel_type,params_layer_width,params_num_inducing,user_attrs_alpha_edge,user_attrs_alpha_neuron,fit_duration_sec,kernel_type,user_attrs_layer_width,user_attrs_num_inducing,sigma_scale,val_rmse,system_attrs_grid_id,system_attrs_search_space,state,test_rmse
228,0.0038801477118661776,2026-07-30 15:18:17.152204,2026-07-30 15:18:58.779344,41.62714,0.1,0,matern,750,100,0.1,0,39.00306195899611,matern,750,100,1,0.0038801477118661776,228,"{'alpha_edge': [0, 0.001, 0.1, 1, 10], 'alpha_neuron': [0], 'kernel_type': ['rbf', 'matern', 'periodic'], 'layer_width': [100, 250, 500, 750, 1000], 'num_inducing': [10, 25, 50, 75, 100]}",COMPLETE,
229,0.08162573656346804,2026-07-30 15:18:58.782499,2026-07-30 15:19:02.271257,3.488758,0.1,0,rbf,100,100,0.1,0,3.2181561249890365,rbf,100,100,1,0.08162573656346804,229,"{'alpha_edge': [0, 0.001, 0.1, 1, 10], 'alpha_neuron': [0], 'kernel_type': ['rbf', 'matern', 'periodic'], 'layer_width': [100, 250, 500, 750, 1000], 'num_inducing': [10, 25, 50, 75, 100]}",COMPLETE,
230,0.014810438500109867,2026-07-30 15:19:02.283662,2026-07-30 15:19:08.994152,6.71049,1.0,0,rbf,250,75,1.0,0,6.144597459002398,rbf,250,75,1,0.014810438500109867,230,"{'alpha_edge': [0, 0.001, 0.1, 1, 10], 'alpha_neuron': [0], 'kernel_type': ['rbf', 'matern', 'periodic'], 'layer_width': [100, 250, 500, 750, 1000], 'num_inducing': [10, 25, 50, 75, 100]}",COMPLETE,
231,0.027714684597849402,2026-07-30 15:19:08.997180,2026-07-30 15:19:21.255267,12.258087,1.0,0,periodic,500,50,1.0,0,11.119717041030526,periodic,500,50,1,0.027714684597849402,231,"{'alpha_edge': [0, 0.001, 0.1, 1, 10], 'alpha_neuron': [0], 'kernel_type': ['rbf', 'matern', 'periodic'], 'layer_width': [100, 250, 500, 750, 1000], 'num_inducing': [10, 25, 50, 75, 100]}",COMPLETE,
232,0.06911794324875523,2026-07-30 15:19:21.260714,2026-07-30 15:19:23.643778,2.383064,1.0,0,matern,100,50,1.0,0,2.095731874986086,matern,100,50,1,0.06911794324875523,232,"{'alpha_edge': [0, 0.001, 0.1, 1, 10], 'alpha_neuron': [0], 'kernel_type': ['rbf', 'matern', 'periodic'], 'layer_width': [100, 250, 500, 750, 1000], 'num_inducing': [10, 25, 50, 75, 100]}",COMPLETE,
233,0.001819091622449809,2026-07-30 15:19:23.647921,2026-07-30 15:19:56.763238,33.115317,10.0,0,matern,1000,75,10.0,0,30.705199374991935,matern,1000,75,1,0.001819091622449809,233,"{'alpha_edge': [0, 0.001, 0.1, 1, 10], 'alpha_neuron': [0], 'kernel_type': ['rbf', 'matern', 'periodic'], 'layer_width': [100, 250, 500, 750, 1000], 'num_inducing': [10, 25, 50, 75, 100]}",COMPLETE,
234,0.004893765344456327,2026-07-30 15:19:56.766429,2026-07-30 15:20:00.946192,4.179763,0.0,0,matern,750,10,0.0,0,3.864332708006259,matern,750,10,1,0.004893765344456327,234,"{'alpha_edge': [0, 0.001, 0.1, 1, 10], 'alpha_neuron': [0], 'kernel_type': ['rbf', 'matern', 'periodic'], 'layer_width': [100, 250, 500, 750, 1000], 'num_inducing': [10, 25, 50, 75, 100]}",COMPLETE,
235,0.008135988871409367,2026-07-30 15:20:00.948830,2026-07-30 15:20:10.823556,9.874726,0.001,0,matern,500,50,0.001,0,8.91664133296581,matern,500,50,1,0.008135988871409367,235,"{'alpha_edge': [0, 0.001, 0.1, 1, 10], 'alpha_neuron': [0], 'kernel_type': ['rbf', 'matern', 'periodic'], 'layer_width': [100, 250, 500, 750, 1000], 'num_inducing': [10, 25, 50, 75, 100]}",COMPLETE,
236,0.029887725010539677,2026-07-30 15:20:10.828335,2026-07-30 15:20:22.291310,11.462975,0.0,0,rbf,500,75,0.0,0,10.638326957996469,rbf,500,75,1,0.029887725010539677,236,"{'alpha_edge': [0, 0.001, 0.1, 1, 10], 'alpha_neuron': [0], 'kernel_type': ['rbf', 'matern', 'periodic'], 'layer_width': [100, 250, 500, 750, 1000], 'num_inducing': [10, 25, 50, 75, 100]}",COMPLETE,
237,0.025609223007854988,2026-07-30 15:20:22.296224,2026-07-30 15:20:26.987187,4.690963,0.001,0,matern,250,50,0.001,0,4.231365249957889,matern,250,50,1,0.025609223007854988,237,"{'alpha_edge': [0, 0.001, 0.1, 1, 10], 'alpha_neuron': [0], 'kernel_type': ['rbf', 'matern', 'periodic'], 'layer_width': [100, 250, 500, 750, 1000], 'num_inducing': [10, 25, 50, 75, 100]}",COMPLETE,
238,0.07868287742644084,2026-07-30 15:20:26.990270,2026-07-30 15:20:27.938492,0.948222,1.0,0,rbf,100,25,1.0,0,0.8140083749894984,rbf,100,25,1,0.07868287742644084,238,"{'alpha_edge': [0, 0.001, 0.1, 1, 10], 'alpha_neuron': [0], 'kernel_type': ['rbf', 'matern', 'periodic'], 'layer_width': [100, 250, 500, 750, 1000], 'num_inducing': [10, 25, 50, 75, 100]}",COMPLETE,
239,0.004315219551556398,2026-07-30 15:20:27.943036,2026-07-30 15:20:42.242347,14.299311,10.0,0,matern,750,50,10.0,0,13.10176179104019,matern,750,50,1,0.004315219551556398,239,"{'alpha_edge': [0, 0.001, 0.1, 1, 10], 'alpha_neuron': [0], 'kernel_type': ['rbf', 'matern', 'periodic'], 'layer_width': [100, 250, 500, 750, 1000], 'num_inducing': [10, 25, 50, 75, 100]}",COMPLETE,
240,0.07728002031249,2026-07-30 15:20:42.246034,2026-07-30 15:20:44.745289,2.499255,0.0,0,rbf,100,75,0.0,0,2.3145326250232756,rbf,100,75,1,0.07728002031249,240,"{'alpha_edge': [0, 0.001, 0.1, 1, 10], 'alpha_neuron': [0], 'kernel_type': ['rbf', 'matern', 'periodic'], 'layer_width': [100, 250, 500, 750, 1000], 'num_inducing': [10, 25, 50, 75, 100]}",COMPLETE,
241,0.0716397055664797,2026-07-30 15:20:44.748411,2026-07-30 15:20:46.525345,1.776934,0.0,0,rbf,100,50,0.0,0,1.6612047500093468,rbf,100,50,1,0.0716397055664797,241,"{'alpha_edge': [0, 0.001, 0.1, 1, 10], 'alpha_neuron': [0], 'kernel_type': ['rbf', 'matern', 'periodic'], 'layer_width': [100, 250, 500, 750, 1000], 'num_inducing': [10, 25, 50, 75, 100]}",COMPLETE,
242,0.053967481418183284,2026-07-30 15:20:46.529589,2026-07-30 15:20:47.111054,0.581465,0.001,0,periodic,100,10,0.001,0,0.5325753340148367,periodic,100,10,1,0.053967481418183284,242,"{'alpha_edge': [0, 0.001, 0.1, 1, 10], 'alpha_neuron': [0], 'kernel_type': ['rbf', 'matern', 'periodic'], 'layer_width': [100, 250, 500, 750, 1000], 'num_inducing': [10, 25, 50, 75, 100]}",COMPLETE,
243,0.017207390086943303,2026-07-30 15:20:47.114063,2026-07-30 15:21:24.835237,37.721174,0.0,0,rbf,1000,100,0.0,0,35.43959258298855,rbf,1000,100,1,0.017207390086943303,243,"{'alpha_edge': [0, 0.001, 0.1, 1, 10], 'alpha_neuron': [0], 'kernel_type': ['rbf', 'matern', 'periodic'], 'layer_width': [100, 250, 500, 750, 1000], 'num_inducing': [10, 25, 50, 75, 100]}",COMPLETE,
244,0.01669291615580812,2026-07-30 15:21:24.839011,2026-07-30 15:21:26.086786,1.247775,0.0,0,matern,250,10,0.0,0,1.1153420829796232,matern,250,10,1,0.01669291615580812,244,"{'alpha_edge': [0, 0.001, 0.1, 1, 10], 'alpha_neuron': [0], 'kernel_type': ['rbf', 'matern', 'periodic'], 'layer_width': [100, 250, 500, 750, 1000], 'num_inducing': [10, 25, 50, 75, 100]}",COMPLETE,
245,0.04421136717277437,2026-07-30 15:21:26.090016,2026-07-30 15:21:27.759950,1.669934,0.001,0,rbf,100,50,0.001,0,1.540913625038229,rbf,100,50,1,0.04421136717277437,245,"{'alpha_edge': [0, 0.001, 0.1, 1, 10], 'alpha_neuron': [0], 'kernel_type': ['rbf', 'matern', 'periodic'], 'layer_width': [100, 250, 500, 750, 1000], 'num_inducing': [10, 25, 50, 75, 100]}",COMPLETE,
246,0.015501521132886113,2026-07-30 15:21:27.766214,2026-07-30 15:21:31.660090,3.893876,1.0,0,rbf,250,50,1.0,0,3.5598025000072084,rbf,250,50,1,0.015501521132886113,246,"{'alpha_edge': [0, 0.001, 0.1, 1, 10], 'alpha_neuron': [0], 'kernel_type': ['rbf', 'matern', 'periodic'], 'layer_width': [100, 250, 500, 750, 1000], 'num_inducing': [10, 25, 50, 75, 100]}",COMPLETE,
247,0.011613465498364553,2026-07-30 15:21:31.665220,2026-07-30 15:21:46.239186,14.573966,0.1,0,matern,500,75,0.1,0,13.33493950002594,matern,500,75,1,0.011613465498364553,247,"{'alpha_edge': [0, 0.001, 0.1, 1, 10], 'alpha_neuron': [0], 'kernel_type': ['rbf', 'matern', 'periodic'], 'layer_width': [100, 250, 500, 750, 1000], 'num_inducing': [10, 25, 50, 75, 100]}",COMPLETE,
248,0.019909228612524258,2026-07-30 15:21:46.319897,2026-07-30 15:21:56.275569,9.955672,0.1,0,matern,250,100,0.1,0,9.174684582976624,matern,250,100,1,0.019909228612524258,248,"{'alpha_edge': [0, 0.001, 0.1, 1, 10], 'alpha_neuron': [0], 'kernel_type': ['rbf', 'matern', 'periodic'], 'layer_width': [100, 250, 500, 750, 1000], 'num_inducing': [10, 25, 50, 75, 100]}",COMPLETE,
249,0.00208543008692561,2026-07-30 15:21:56.278409,2026-07-30 15:22:06.306328,10.027919,10.0,0,matern,1000,25,10.0,0,9.235539207991678,matern,1000,25,1,0.00208543008692561,249,"{'alpha_edge': [0, 0.001, 0.1, 1, 10], 'alpha_neuron': [0], 'kernel_type': ['rbf', 'matern', 'periodic'], 'layer_width': [100, 250, 500, 750, 1000], 'num_inducing': [10, 25, 50, 75, 100]}",COMPLETE,
250,0.060174913420636716,2026-07-30 15:22:06.309673,2026-07-30 15:22:08.954802,2.645129,1.0,0,periodic,250,25,1.0,0,2.2930828749667853,periodic,250,25,1,0.060174913420636716,250,"{'alpha_edge': [0, 0.001, 0.1, 1, 10], 'alpha_neuron': [0], 'kernel_type': ['rbf', 'matern', 'periodic'], 'layer_width': [100, 250, 500, 750, 1000], 'num_inducing': [10, 25, 50, 75, 100]}",COMPLETE,
251,0.08672436099468778,2026-07-30 15:22:08.957623,2026-07-30 15:22:13.596335,4.638712,10.0,0,periodic,100,100,10.0,0,4.1882699159905314,periodic,100,100,1,0.08672436099468778,251,"{'alpha_edge': [0, 0.001, 0.1, 1, 10], 'alpha_neuron': [0], 'kernel_type': ['rbf', 'matern', 'periodic'], 'layer_width': [100, 250, 500, 750, 1000], 'num_inducing': [10, 25, 50, 75, 100]}",COMPLETE,
252,0.024946003181239042,2026-07-30 15:22:13.599434,2026-07-30 15:22:37.641436,24.042002,0.0,0,rbf,750,100,0.0,0,22.572084666986484,rbf,750,100,1,0.024946003181239042,252,"{'alpha_edge': [0, 0.001, 0.1, 1, 10], 'alpha_neuron': [0], 'kernel_type': ['rbf', 'matern', 'periodic'], 'layer_width': [100, 250, 500, 750, 1000], 'num_inducing': [10, 25, 50, 75, 100]}",COMPLETE,
253,0.0023564540656636373,2026-07-30 15:22:37.644854,2026-07-30 15:23:01.191496,23.546642,10.0,0,rbf,750,100,10.0,0,21.916281417012215,rbf,750,100,1,0.0023564540656636373,253,"{'alpha_edge': [0, 0.001, 0.1, 1, 10], 'alpha_neuron': [0], 'kernel_type': ['rbf', 'matern', 'periodic'], 'layer_width': [100, 250, 500, 750, 1000], 'num_inducing': [10, 25, 50, 75, 100]}",COMPLETE,
254,0.003310120744824533,2026-07-30 15:23:01.194885,2026-07-30 15:23:10.188210,8.993325,10.0,0,rbf,1000,25,10.0,0,8.297391915984917,rbf,1000,25,1,0.003310120744824533,254,"{'alpha_edge': [0, 0.001, 0.1, 1, 10], 'alpha_neuron': [0], 'kernel_type': ['rbf', 'matern', 'periodic'], 'layer_width': [100, 250, 500, 750, 1000], 'num_inducing': [10, 25, 50, 75, 100]}",COMPLETE,
255,0.025158723670421483,2026-07-30 15:23:10.191425,2026-07-30 15:23:15.018158,4.826733,0.1,0,matern,250,50,0.1,0,4.378350457991473,matern,250,50,1,0.025158723670421483,255,"{'alpha_edge': [0, 0.001, 0.1, 1, 10], 'alpha_neuron': [0], 'kernel_type': ['rbf', 'matern', 'periodic'], 'layer_width': [100, 250, 500, 750, 1000], 'num_inducing': [10, 25, 50, 75, 100]}",COMPLETE,
256,0.031364378187411876,2026-07-30 15:23:15.021656,2026-07-30 15:23:17.327153,2.305497,10.0,0,matern,250,25,10.0,0,2.1168269169866107,matern,250,25,1,0.031364378187411876,256,"{'alpha_edge': [0, 0.001, 0.1, 1, 10], 'alpha_neuron': [0], 'kernel_type': ['rbf', 'matern', 'periodic'], 'layer_width': [100, 250, 500, 750, 1000], 'num_inducing': [10, 25, 50, 75, 100]}",COMPLETE,
257,0.02318895257608187,2026-07-30 15:23:17.330219,2026-07-30 15:23:18.388355,1.058136,0.001,0,rbf,250,10,0.001,0,0.9988674999913201,rbf,250,10,1,0.02318895257608187,257,"{'alpha_edge': [0, 0.001, 0.1, 1, 10], 'alpha_neuron': [0], 'kernel_type': ['rbf', 'matern', 'periodic'], 'layer_width': [100, 250, 500, 750, 1000], 'num_inducing': [10, 25, 50, 75, 100]}",COMPLETE,
258,0.016456396149279566,2026-07-30 15:23:18.392011,2026-07-30 15:23:25.842035,7.450024,1.0,0,matern,250,75,1.0,0,6.761636290990282,matern,250,75,1,0.016456396149279566,258,"{'alpha_edge': [0, 0.001, 0.1, 1, 10], 'alpha_neuron': [0], 'kernel_type': ['rbf', 'matern', 'periodic'], 'layer_width': [100, 250, 500, 750, 1000], 'num_inducing': [10, 25, 50, 75, 100]}",COMPLETE,
259,0.02835734557173774,2026-07-30 15:23:25.845539,2026-07-30 15:23:30.038721,4.193182,0.0,0,rbf,500,25,0.0,0,3.8915342499967664,rbf,500,25,1,0.02835734557173774,259,"{'alpha_edge': [0, 0.001, 0.1, 1, 10], 'alpha_neuron': [0], 'kernel_type': ['rbf', 'matern', 'periodic'], 'layer_width': [100, 250, 500, 750, 1000], 'num_inducing': [10, 25, 50, 75, 100]}",COMPLETE,
260,0.069676346975998,2026-07-30 15:23:30.041754,2026-07-30 15:23:33.211050,3.169296,1.0,0,periodic,100,75,1.0,0,2.773293416015804,periodic,100,75,1,0.069676346975998,260,"{'alpha_edge': [0, 0.001, 0.1, 1, 10], 'alpha_neuron': [0], 'kernel_type': ['rbf', 'matern', 'periodic'], 'layer_width': [100, 250, 500, 750, 1000], 'num_inducing': [10, 25, 50, 75, 100]}",COMPLETE,
261,0.005249094545310005,2026-07-30 15:23:33.213840,2026-07-30 15:23:37.739981,4.526141,0.001,0,rbf,500,25,0.001,0,4.191956375027075,rbf,500,25,1,0.005249094545310005,261,"{'alpha_edge': [0, 0.001, 0.1, 1, 10], 'alpha_neuron': [0], 'kernel_type': ['rbf', 'matern', 'periodic'], 'layer_width': [100, 250, 500, 750, 1000], 'num_inducing': [10, 25, 50, 75, 100]}",COMPLETE,
262,0.01280218802858236,2026-07-30 15:23:37.743444,2026-07-30 15:23:42.530696,4.787252,0.0,0,matern,500,25,0.0,0,4.344100666989107,matern,500,25,1,0.01280218802858236,262,"{'alpha_edge': [0, 0.001, 0.1, 1, 10], 'alpha_neuron': [0], 'kernel_type': ['rbf', 'matern', 'periodic'], 'layer_width': [100, 250, 500, 750, 1000], 'num_inducing': [10, 25, 50, 75, 100]}",COMPLETE,
263,0.05450623027031209,2026-07-30 15:23:42.533864,2026-07-30 15:23:47.813491,5.279627,10.0,0,periodic,250,50,10.0,0,4.81247008300852,periodic,250,50,1,0.05450623027031209,263,"{'alpha_edge': [0, 0.001, 0.1, 1, 10], 'alpha_neuron': [0], 'kernel_type': ['rbf', 'matern', 'periodic'], 'layer_width': [100, 250, 500, 750, 1000], 'num_inducing': [10, 25, 50, 75, 100]}",COMPLETE,
264,0.05613059353677679,2026-07-30 15:23:47.816635,2026-07-30 15:23:54.942835,7.1262,0.0,0,periodic,250,75,0.0,0,6.426604792010039,periodic,250,75,1,0.05613059353677679,264,"{'alpha_edge': [0, 0.001, 0.1, 1, 10], 'alpha_neuron': [0], 'kernel_type': ['rbf', 'matern', 'periodic'], 'layer_width': [100, 250, 500, 750, 1000], 'num_inducing': [10, 25, 50, 75, 100]}",COMPLETE,
265,0.005971904970606585,2026-07-30 15:23:54.945921,2026-07-30 15:24:02.656379,7.710458,0.0,0,matern,750,25,0.0,0,7.062834458018187,matern,750,25,1,0.005971904970606585,265,"{'alpha_edge': [0, 0.001, 0.1, 1, 10], 'alpha_neuron': [0], 'kernel_type': ['rbf', 'matern', 'periodic'], 'layer_width': [100, 250, 500, 750, 1000], 'num_inducing': [10, 25, 50, 75, 100]}",COMPLETE,
266,2.5510481067636785,2026-07-30 15:24:02.659513,2026-07-30 15:24:03.392741,0.733228,0.0,0,periodic,100,10,0.0,0,0.6815143749699928,periodic,100,10,1,2.5510481067636785,266,"{'alpha_edge': [0, 0.001, 0.1, 1, 10], 'alpha_neuron': [0], 'kernel_type': ['rbf', 'matern', 'periodic'], 'layer_width': [100, 250, 500, 750, 1000], 'num_inducing': [10, 25, 50, 75, 100]}",COMPLETE,
267,0.03130453519195718,2026-07-30 15:24:03.396121,2026-07-30 15:24:14.226043,10.829922,0.1,0,periodic,250,100,0.1,0,9.774292000045534,periodic,250,100,1,0.03130453519195718,267,"{'alpha_edge': [0, 0.001, 0.1, 1, 10], 'alpha_neuron': [0], 'kernel_type': ['rbf', 'matern', 'periodic'], 'layer_width': [100, 250, 500, 750, 1000], 'num_inducing': [10, 25, 50, 75, 100]}",COMPLETE,
268,0.022103043945541533,2026-07-30 15:24:14.229475,2026-07-30 15:24:20.280492,6.051017,1.0,0,periodic,1000,10,1.0,0,5.513324500003364,periodic,1000,10,1,0.022103043945541533,268,"{'alpha_edge': [0, 0.001, 0.1, 1, 10], 'alpha_neuron': [0], 'kernel_type': ['rbf', 'matern', 'periodic'], 'layer_width': [100, 250, 500, 750, 1000], 'num_inducing': [10, 25, 50, 75, 100]}",COMPLETE,
269,0.020043828644258355,2026-07-30 15:24:20.283448,2026-07-30 15:24:52.971334,32.687886,1.0,0,periodic,750,100,1.0,0,28.909726458019577,periodic,750,100,1,0.020043828644258355,269,"{'alpha_edge': [0, 0.001, 0.1, 1, 10], 'alpha_neuron': [0], 'kernel_type': ['rbf', 'matern', 'periodic'], 'layer_width': [100, 250, 500, 750, 1000], 'num_inducing': [10, 25, 50, 75, 100]}",COMPLETE,
270,0.023846421359288494,2026-07-30 15:24:52.974545,2026-07-30 15:24:58.471724,5.497179,10.0,0,rbf,250,75,10.0,0,5.12156674999278,rbf,250,75,1,0.023846421359288494,270,"{'alpha_edge': [0, 0.001, 0.1, 1, 10], 'alpha_neuron': [0], 'kernel_type': ['rbf', 'matern', 'periodic'], 'layer_width': [100, 250, 500, 750, 1000], 'num_inducing': [10, 25, 50, 75, 100]}",COMPLETE,
271,0.0022256221649098276,2026-07-30 15:24:58.474712,2026-07-30 15:25:32.468779,33.994067,0.001,0,matern,1000,75,0.001,0,31.433279959019274,matern,1000,75,1,0.0022256221649098276,271,"{'alpha_edge': [0, 0.001, 0.1, 1, 10], 'alpha_neuron': [0], 'kernel_type': ['rbf', 'matern', 'periodic'], 'layer_width': [100, 250, 500, 750, 1000], 'num_inducing': [10, 25, 50, 75, 100]}",COMPLETE,
272,0.016252395983882537,2026-07-30 15:25:32.472212,2026-07-30 15:25:54.318330,21.846118,0.1,0,periodic,1000,50,0.1,0,19.984669040946756,periodic,1000,50,1,0.016252395983882537,272,"{'alpha_edge': [0, 0.001, 0.1, 1, 10], 'alpha_neuron': [0], 'kernel_type': ['rbf', 'matern', 'periodic'], 'layer_width': [100, 250, 500, 750, 1000], 'num_inducing': [10, 25, 50, 75, 100]}",COMPLETE,
273,0.034135523042467364,2026-07-30 15:25:54.322890,2026-07-30 15:26:04.627078,10.304188,0.0,0,periodic,500,50,0.0,0,9.260451125039253,periodic,500,50,1,0.034135523042467364,273,"{'alpha_edge': [0, 0.001, 0.1, 1, 10], 'alpha_neuron': [0], 'kernel_type': ['rbf', 'matern', 'periodic'], 'layer_width': [100, 250, 500, 750, 1000], 'num_inducing': [10, 25, 50, 75, 100]}",COMPLETE,
274,0.04764146486315747,2026-07-30 15:26:04.630431,2026-07-30 15:26:09.682299,5.051868,1.0,0,periodic,250,50,1.0,0,4.594714458973613,periodic,250,50,1,0.04764146486315747,274,"{'alpha_edge': [0, 0.001, 0.1, 1, 10], 'alpha_neuron': [0], 'kernel_type': ['rbf', 'matern', 'periodic'], 'layer_width': [100, 250, 500, 750, 1000], 'num_inducing': [10, 25, 50, 75, 100]}",COMPLETE,
275,0.03528601286991112,2026-07-30 15:26:09.687322,2026-07-30 15:26:11.137010,1.449688,0.001,0,periodic,250,10,0.001,0,1.2916566660278477,periodic,250,10,1,0.03528601286991112,275,"{'alpha_edge': [0, 0.001, 0.1, 1, 10], 'alpha_neuron': [0], 'kernel_type': ['rbf', 'matern', 'periodic'], 'layer_width': [100, 250, 500, 750, 1000], 'num_inducing': [10, 25, 50, 75, 100]}",COMPLETE,
276,0.009904966367113565,2026-07-30 15:26:11.140116,2026-07-30 15:26:20.815018,9.674902,0.1,0,matern,500,50,0.1,0,8.931579458992928,matern,500,50,1,0.009904966367113565,276,"{'alpha_edge': [0, 0.001, 0.1, 1, 10], 'alpha_neuron': [0], 'kernel_type': ['rbf', 'matern', 'periodic'], 'layer_width': [100, 250, 500, 750, 1000], 'num_inducing': [10, 25, 50, 75, 100]}",COMPLETE,
277,0.0245714024873967,2026-07-30 15:26:20.820172,2026-07-30 15:26:44.761198,23.941026,0.0,0,rbf,1000,75,0.0,0,22.167734666960314,rbf,1000,75,1,0.0245714024873967,277,"{'alpha_edge': [0, 0.001, 0.1, 1, 10], 'alpha_neuron': [0], 'kernel_type': ['rbf', 'matern', 'periodic'], 'layer_width': [100, 250, 500, 750, 1000], 'num_inducing': [10, 25, 50, 75, 100]}",COMPLETE,
278,0.005812700587039241,2026-07-30 15:26:44.766876,2026-07-30 15:27:07.283631,22.516755,0.0,0,matern,750,75,0.0,0,20.50964175001718,matern,750,75,1,0.005812700587039241,278,"{'alpha_edge': [0, 0.001, 0.1, 1, 10], 'alpha_neuron': [0], 'kernel_type': ['rbf', 'matern', 'periodic'], 'layer_width': [100, 250, 500, 750, 1000], 'num_inducing': [10, 25, 50, 75, 100]}",COMPLETE,
279,0.06836559736978125,2026-07-30 15:27:07.288794,2026-07-30 15:27:07.780491,0.491697,0.0,0,rbf,100,10,0.0,0,0.46035499998833984,rbf,100,10,1,0.06836559736978125,279,"{'alpha_edge': [0, 0.001, 0.1, 1, 10], 'alpha_neuron': [0], 'kernel_type': ['rbf', 'matern', 'periodic'], 'layer_width': [100, 250, 500, 750, 1000], 'num_inducing': [10, 25, 50, 75, 100]}",COMPLETE,
280,0.06720172838754909,2026-07-30 15:27:07.783635,2026-07-30 15:27:08.850174,1.066539,0.1,0,periodic,100,25,0.1,0,0.9580651249852963,periodic,100,25,1,0.06720172838754909,280,"{'alpha_edge': [0, 0.001, 0.1, 1, 10], 'alpha_neuron': [0], 'kernel_type': ['rbf', 'matern', 'periodic'], 'layer_width': [100, 250, 500, 750, 1000], 'num_inducing': [10, 25, 50, 75, 100]}",COMPLETE,
281,0.0026631536497291517,2026-07-30 15:27:08.853422,2026-07-30 15:27:12.634367,3.780945,10.0,0,rbf,750,10,10.0,0,3.411876791040413,rbf,750,10,1,0.0026631536497291517,281,"{'alpha_edge': [0, 0.001, 0.1, 1, 10], 'alpha_neuron': [0], 'kernel_type': ['rbf', 'matern', 'periodic'], 'layer_width': [100, 250, 500, 750, 1000], 'num_inducing': [10, 25, 50, 75, 100]}",COMPLETE,
282,0.002280408560275457,2026-07-30 15:27:12.639446,2026-07-30 15:27:35.998004,23.358558,0.001,0,rbf,1000,75,0.001,0,21.627166333026253,rbf,1000,75,1,0.002280408560275457,282,"{'alpha_edge': [0, 0.001, 0.1, 1, 10], 'alpha_neuron': [0], 'kernel_type': ['rbf', 'matern', 'periodic'], 'layer_width': [100, 250, 500, 750, 1000], 'num_inducing': [10, 25, 50, 75, 100]}",COMPLETE,
283,0.049995578404972214,2026-07-30 15:27:36.001113,2026-07-30 15:27:38.975859,2.974746,0.1,0,matern,100,75,0.1,0,2.7640455000218935,matern,100,75,1,0.049995578404972214,283,"{'alpha_edge': [0, 0.001, 0.1, 1, 10], 'alpha_neuron': [0], 'kernel_type': ['rbf', 'matern', 'periodic'], 'layer_width': [100, 250, 500, 750, 1000], 'num_inducing': [10, 25, 50, 75, 100]}",COMPLETE,
284,0.01799298502615185,2026-07-30 15:27:38.979569,2026-07-30 15:27:41.344943,2.365374,1.0,0,matern,250,25,1.0,0,2.181939665984828,matern,250,25,1,0.01799298502615185,284,"{'alpha_edge': [0, 0.001, 0.1, 1, 10], 'alpha_neuron': [0], 'kernel_type': ['rbf', 'matern', 'periodic'], 'layer_width': [100, 250, 500, 750, 1000], 'num_inducing': [10, 25, 50, 75, 100]}",COMPLETE,
