number,value,datetime_start,datetime_complete,duration,params_alpha_edge,params_alpha_neuron,params_kernel_type,params_layer_width,params_num_inducing,user_attrs_alpha_edge,user_attrs_alpha_neuron,fit_duration_sec,kernel_type,user_attrs_layer_width,user_attrs_num_inducing,sigma_scale,val_rmse,system_attrs_grid_id,system_attrs_search_space,state,test_rmse
171,0.0550954210167033,2026-07-30 15:06:54.676563,2026-07-30 15:06:57.493549,2.816986,0.1,0,periodic,100,10,0.1,0,1.9513780000270344,periodic,100,10,1,0.0550954210167033,171,"{'alpha_edge': [0, 0.001, 0.1, 1, 10], 'alpha_neuron': [0], 'kernel_type': ['rbf', 'matern', 'periodic'], 'layer_width': [100, 250, 500, 750, 1000], 'num_inducing': [10, 25, 50, 75, 100]}",COMPLETE,
172,0.007066326650764726,2026-07-30 15:06:57.548509,2026-07-30 15:07:20.769462,23.220953,0.1,0,matern,500,25,0.1,0,20.851501625031233,matern,500,25,1,0.007066326650764726,172,"{'alpha_edge': [0, 0.001, 0.1, 1, 10], 'alpha_neuron': [0], 'kernel_type': ['rbf', 'matern', 'periodic'], 'layer_width': [100, 250, 500, 750, 1000], 'num_inducing': [10, 25, 50, 75, 100]}",COMPLETE,
173,0.04332294876796981,2026-07-30 15:07:20.989173,2026-07-30 15:07:40.882164,19.892991,1.0,0,periodic,250,100,1.0,0,18.853868625010364,periodic,250,100,1,0.04332294876796981,173,"{'alpha_edge': [0, 0.001, 0.1, 1, 10], 'alpha_neuron': [0], 'kernel_type': ['rbf', 'matern', 'periodic'], 'layer_width': [100, 250, 500, 750, 1000], 'num_inducing': [10, 25, 50, 75, 100]}",COMPLETE,
174,0.006258908205002563,2026-07-30 15:07:40.885647,2026-07-30 15:07:43.955070,3.069423,1.0,0,matern,500,10,1.0,0,2.7190267909900285,matern,500,10,1,0.006258908205002563,174,"{'alpha_edge': [0, 0.001, 0.1, 1, 10], 'alpha_neuron': [0], 'kernel_type': ['rbf', 'matern', 'periodic'], 'layer_width': [100, 250, 500, 750, 1000], 'num_inducing': [10, 25, 50, 75, 100]}",COMPLETE,
175,0.007496260881853747,2026-07-30 15:07:43.959923,2026-07-30 15:07:46.728451,2.768528,0.0,0,matern,500,10,0.0,0,2.562958416994661,matern,500,10,1,0.007496260881853747,175,"{'alpha_edge': [0, 0.001, 0.1, 1, 10], 'alpha_neuron': [0], 'kernel_type': ['rbf', 'matern', 'periodic'], 'layer_width': [100, 250, 500, 750, 1000], 'num_inducing': [10, 25, 50, 75, 100]}",COMPLETE,
176,0.0023364973932954686,2026-07-30 15:07:46.733759,2026-07-30 15:07:50.318253,3.584494,1.0,0,rbf,750,10,1.0,0,3.1662897090427577,rbf,750,10,1,0.0023364973932954686,176,"{'alpha_edge': [0, 0.001, 0.1, 1, 10], 'alpha_neuron': [0], 'kernel_type': ['rbf', 'matern', 'periodic'], 'layer_width': [100, 250, 500, 750, 1000], 'num_inducing': [10, 25, 50, 75, 100]}",COMPLETE,
177,0.005305278080553557,2026-07-30 15:07:50.322998,2026-07-30 15:08:03.347998,13.025,1.0,0,rbf,500,75,1.0,0,11.99514154100325,rbf,500,75,1,0.005305278080553557,177,"{'alpha_edge': [0, 0.001, 0.1, 1, 10], 'alpha_neuron': [0], 'kernel_type': ['rbf', 'matern', 'periodic'], 'layer_width': [100, 250, 500, 750, 1000], 'num_inducing': [10, 25, 50, 75, 100]}",COMPLETE,
178,0.006204686635256375,2026-07-30 15:08:03.351119,2026-07-30 15:08:25.719966,22.368847,10.0,0,matern,500,100,10.0,0,20.5072939999518,matern,500,100,1,0.006204686635256375,178,"{'alpha_edge': [0, 0.001, 0.1, 1, 10], 'alpha_neuron': [0], 'kernel_type': ['rbf', 'matern', 'periodic'], 'layer_width': [100, 250, 500, 750, 1000], 'num_inducing': [10, 25, 50, 75, 100]}",COMPLETE,
179,0.0295401743662123,2026-07-30 15:08:25.722913,2026-07-30 15:08:43.119760,17.396847,10.0,0,periodic,500,75,10.0,0,15.547215834027156,periodic,500,75,1,0.0295401743662123,179,"{'alpha_edge': [0, 0.001, 0.1, 1, 10], 'alpha_neuron': [0], 'kernel_type': ['rbf', 'matern', 'periodic'], 'layer_width': [100, 250, 500, 750, 1000], 'num_inducing': [10, 25, 50, 75, 100]}",COMPLETE,
180,0.007766333452354608,2026-07-30 15:08:43.179489,2026-07-30 15:09:21.287264,38.107775,0.0,0,matern,750,100,0.0,0,35.52974454202922,matern,750,100,1,0.007766333452354608,180,"{'alpha_edge': [0, 0.001, 0.1, 1, 10], 'alpha_neuron': [0], 'kernel_type': ['rbf', 'matern', 'periodic'], 'layer_width': [100, 250, 500, 750, 1000], 'num_inducing': [10, 25, 50, 75, 100]}",COMPLETE,
181,0.017922974635681987,2026-07-30 15:09:21.289977,2026-07-30 15:09:47.518730,26.228753,0.1,0,periodic,750,75,0.1,0,23.61968679196434,periodic,750,75,1,0.017922974635681987,181,"{'alpha_edge': [0, 0.001, 0.1, 1, 10], 'alpha_neuron': [0], 'kernel_type': ['rbf', 'matern', 'periodic'], 'layer_width': [100, 250, 500, 750, 1000], 'num_inducing': [10, 25, 50, 75, 100]}",COMPLETE,
182,0.08824713881302539,2026-07-30 15:09:47.523070,2026-07-30 15:09:52.034584,4.511514,0.001,0,periodic,100,100,0.001,0,4.0425005839788355,periodic,100,100,1,0.08824713881302539,182,"{'alpha_edge': [0, 0.001, 0.1, 1, 10], 'alpha_neuron': [0], 'kernel_type': ['rbf', 'matern', 'periodic'], 'layer_width': [100, 250, 500, 750, 1000], 'num_inducing': [10, 25, 50, 75, 100]}",COMPLETE,
183,0.002504631912056022,2026-07-30 15:09:52.039239,2026-07-30 15:10:14.298834,22.259595,0.001,0,rbf,750,75,0.001,0,20.72655554197263,rbf,750,75,1,0.002504631912056022,183,"{'alpha_edge': [0, 0.001, 0.1, 1, 10], 'alpha_neuron': [0], 'kernel_type': ['rbf', 'matern', 'periodic'], 'layer_width': [100, 250, 500, 750, 1000], 'num_inducing': [10, 25, 50, 75, 100]}",COMPLETE,
184,0.01072739659486762,2026-07-30 15:10:14.339693,2026-07-30 15:10:19.812947,5.473254,0.001,0,matern,500,25,0.001,0,4.999410999997053,matern,500,25,1,0.01072739659486762,184,"{'alpha_edge': [0, 0.001, 0.1, 1, 10], 'alpha_neuron': [0], 'kernel_type': ['rbf', 'matern', 'periodic'], 'layer_width': [100, 250, 500, 750, 1000], 'num_inducing': [10, 25, 50, 75, 100]}",COMPLETE,
185,0.002737249802878955,2026-07-30 15:10:19.816715,2026-07-30 15:10:26.993194,7.176479,0.1,0,rbf,750,25,0.1,0,6.525088833994232,rbf,750,25,1,0.002737249802878955,185,"{'alpha_edge': [0, 0.001, 0.1, 1, 10], 'alpha_neuron': [0], 'kernel_type': ['rbf', 'matern', 'periodic'], 'layer_width': [100, 250, 500, 750, 1000], 'num_inducing': [10, 25, 50, 75, 100]}",COMPLETE,
186,0.017318535769880045,2026-07-30 15:10:26.998767,2026-07-30 15:10:38.558921,11.560154,1.0,0,matern,250,100,1.0,0,10.637747291999403,matern,250,100,1,0.017318535769880045,186,"{'alpha_edge': [0, 0.001, 0.1, 1, 10], 'alpha_neuron': [0], 'kernel_type': ['rbf', 'matern', 'periodic'], 'layer_width': [100, 250, 500, 750, 1000], 'num_inducing': [10, 25, 50, 75, 100]}",COMPLETE,
187,0.032691452184754534,2026-07-30 15:10:38.565080,2026-07-30 15:10:40.139600,1.57452,1.0,0,matern,250,10,1.0,0,1.4565508749801666,matern,250,10,1,0.032691452184754534,187,"{'alpha_edge': [0, 0.001, 0.1, 1, 10], 'alpha_neuron': [0], 'kernel_type': ['rbf', 'matern', 'periodic'], 'layer_width': [100, 250, 500, 750, 1000], 'num_inducing': [10, 25, 50, 75, 100]}",COMPLETE,
188,0.014209567295884884,2026-07-30 15:10:40.142670,2026-07-30 15:10:48.278477,8.135807,1.0,0,rbf,250,100,1.0,0,7.421956083970144,rbf,250,100,1,0.014209567295884884,188,"{'alpha_edge': [0, 0.001, 0.1, 1, 10], 'alpha_neuron': [0], 'kernel_type': ['rbf', 'matern', 'periodic'], 'layer_width': [100, 250, 500, 750, 1000], 'num_inducing': [10, 25, 50, 75, 100]}",COMPLETE,
189,0.06075623629211045,2026-07-30 15:10:48.282858,2026-07-30 15:11:06.356747,18.073889,0.0,0,rbf,750,75,0.0,0,16.566080583026633,rbf,750,75,1,0.06075623629211045,189,"{'alpha_edge': [0, 0.001, 0.1, 1, 10], 'alpha_neuron': [0], 'kernel_type': ['rbf', 'matern', 'periodic'], 'layer_width': [100, 250, 500, 750, 1000], 'num_inducing': [10, 25, 50, 75, 100]}",COMPLETE,
190,0.0308915945958967,2026-07-30 15:11:06.360122,2026-07-30 15:11:16.316874,9.956752,10.0,0,matern,250,100,10.0,0,9.065565666998737,matern,250,100,1,0.0308915945958967,190,"{'alpha_edge': [0, 0.001, 0.1, 1, 10], 'alpha_neuron': [0], 'kernel_type': ['rbf', 'matern', 'periodic'], 'layer_width': [100, 250, 500, 750, 1000], 'num_inducing': [10, 25, 50, 75, 100]}",COMPLETE,
191,0.06182127101551345,2026-07-30 15:11:16.321405,2026-07-30 15:11:19.415059,3.093654,0.001,0,rbf,100,100,0.001,0,2.8692194999894127,rbf,100,100,1,0.06182127101551345,191,"{'alpha_edge': [0, 0.001, 0.1, 1, 10], 'alpha_neuron': [0], 'kernel_type': ['rbf', 'matern', 'periodic'], 'layer_width': [100, 250, 500, 750, 1000], 'num_inducing': [10, 25, 50, 75, 100]}",COMPLETE,
192,0.023155676416990706,2026-07-30 15:11:19.417968,2026-07-30 15:11:29.675521,10.257553,0.1,0,periodic,500,50,0.1,0,9.32141362503171,periodic,500,50,1,0.023155676416990706,192,"{'alpha_edge': [0, 0.001, 0.1, 1, 10], 'alpha_neuron': [0], 'kernel_type': ['rbf', 'matern', 'periodic'], 'layer_width': [100, 250, 500, 750, 1000], 'num_inducing': [10, 25, 50, 75, 100]}",COMPLETE,
193,0.02396314267568182,2026-07-30 15:11:29.680670,2026-07-30 15:11:50.565573,20.884903,0.1,0,periodic,500,100,0.1,0,18.917818665970117,periodic,500,100,1,0.02396314267568182,193,"{'alpha_edge': [0, 0.001, 0.1, 1, 10], 'alpha_neuron': [0], 'kernel_type': ['rbf', 'matern', 'periodic'], 'layer_width': [100, 250, 500, 750, 1000], 'num_inducing': [10, 25, 50, 75, 100]}",COMPLETE,
194,0.03407012842641943,2026-07-30 15:11:50.573400,2026-07-30 15:12:02.637831,12.064431,0.0,0,periodic,1000,25,0.0,0,10.907282583997585,periodic,1000,25,1,0.03407012842641943,194,"{'alpha_edge': [0, 0.001, 0.1, 1, 10], 'alpha_neuron': [0], 'kernel_type': ['rbf', 'matern', 'periodic'], 'layer_width': [100, 250, 500, 750, 1000], 'num_inducing': [10, 25, 50, 75, 100]}",COMPLETE,
195,0.007707429436071249,2026-07-30 15:12:02.640856,2026-07-30 15:12:07.038934,4.398078,1.0,0,rbf,500,25,1.0,0,3.9923252079752274,rbf,500,25,1,0.007707429436071249,195,"{'alpha_edge': [0, 0.001, 0.1, 1, 10], 'alpha_neuron': [0], 'kernel_type': ['rbf', 'matern', 'periodic'], 'layer_width': [100, 250, 500, 750, 1000], 'num_inducing': [10, 25, 50, 75, 100]}",COMPLETE,
196,0.05293333372804943,2026-07-30 15:12:07.042010,2026-07-30 15:12:14.797970,7.75596,10.0,0,periodic,250,75,10.0,0,6.907428500009701,periodic,250,75,1,0.05293333372804943,196,"{'alpha_edge': [0, 0.001, 0.1, 1, 10], 'alpha_neuron': [0], 'kernel_type': ['rbf', 'matern', 'periodic'], 'layer_width': [100, 250, 500, 750, 1000], 'num_inducing': [10, 25, 50, 75, 100]}",COMPLETE,
197,0.04171145685336091,2026-07-30 15:12:14.801000,2026-07-30 15:12:17.793820,2.99282,10.0,0,periodic,500,10,10.0,0,2.6637502079829574,periodic,500,10,1,0.04171145685336091,197,"{'alpha_edge': [0, 0.001, 0.1, 1, 10], 'alpha_neuron': [0], 'kernel_type': ['rbf', 'matern', 'periodic'], 'layer_width': [100, 250, 500, 750, 1000], 'num_inducing': [10, 25, 50, 75, 100]}",COMPLETE,
198,0.039461623437663546,2026-07-30 15:12:17.798278,2026-07-30 15:12:20.711975,2.913697,0.1,0,periodic,250,25,0.1,0,2.6199527920107357,periodic,250,25,1,0.039461623437663546,198,"{'alpha_edge': [0, 0.001, 0.1, 1, 10], 'alpha_neuron': [0], 'kernel_type': ['rbf', 'matern', 'periodic'], 'layer_width': [100, 250, 500, 750, 1000], 'num_inducing': [10, 25, 50, 75, 100]}",COMPLETE,
199,0.0036038300059221358,2026-07-30 15:12:20.715381,2026-07-30 15:12:23.246509,2.531128,0.1,0,rbf,500,10,0.1,0,2.3887880830443464,rbf,500,10,1,0.0036038300059221358,199,"{'alpha_edge': [0, 0.001, 0.1, 1, 10], 'alpha_neuron': [0], 'kernel_type': ['rbf', 'matern', 'periodic'], 'layer_width': [100, 250, 500, 750, 1000], 'num_inducing': [10, 25, 50, 75, 100]}",COMPLETE,
200,0.0484761848442493,2026-07-30 15:12:23.249663,2026-07-30 15:12:27.560627,4.310964,0.001,0,matern,100,100,0.001,0,3.8949659999925643,matern,100,100,1,0.0484761848442493,200,"{'alpha_edge': [0, 0.001, 0.1, 1, 10], 'alpha_neuron': [0], 'kernel_type': ['rbf', 'matern', 'periodic'], 'layer_width': [100, 250, 500, 750, 1000], 'num_inducing': [10, 25, 50, 75, 100]}",COMPLETE,
201,0.005257225248658107,2026-07-30 15:12:27.565028,2026-07-30 15:12:32.107290,4.542262,0.1,0,rbf,500,25,0.1,0,4.191854250035249,rbf,500,25,1,0.005257225248658107,201,"{'alpha_edge': [0, 0.001, 0.1, 1, 10], 'alpha_neuron': [0], 'kernel_type': ['rbf', 'matern', 'periodic'], 'layer_width': [100, 250, 500, 750, 1000], 'num_inducing': [10, 25, 50, 75, 100]}",COMPLETE,
202,0.030506897257976305,2026-07-30 15:12:32.110073,2026-07-30 15:12:37.712483,5.60241,0.001,0,rbf,250,75,0.001,0,5.163866916962434,rbf,250,75,1,0.030506897257976305,202,"{'alpha_edge': [0, 0.001, 0.1, 1, 10], 'alpha_neuron': [0], 'kernel_type': ['rbf', 'matern', 'periodic'], 'layer_width': [100, 250, 500, 750, 1000], 'num_inducing': [10, 25, 50, 75, 100]}",COMPLETE,
203,0.013725087242815414,2026-07-30 15:12:37.717019,2026-07-30 15:12:57.346750,19.629731,0.1,0,matern,500,100,0.1,0,17.94486012501875,matern,500,100,1,0.013725087242815414,203,"{'alpha_edge': [0, 0.001, 0.1, 1, 10], 'alpha_neuron': [0], 'kernel_type': ['rbf', 'matern', 'periodic'], 'layer_width': [100, 250, 500, 750, 1000], 'num_inducing': [10, 25, 50, 75, 100]}",COMPLETE,
204,0.03104897953612864,2026-07-30 15:12:57.349948,2026-07-30 15:13:17.814970,20.465022,10.0,0,periodic,1000,50,10.0,0,18.485516917018685,periodic,1000,50,1,0.03104897953612864,204,"{'alpha_edge': [0, 0.001, 0.1, 1, 10], 'alpha_neuron': [0], 'kernel_type': ['rbf', 'matern', 'periodic'], 'layer_width': [100, 250, 500, 750, 1000], 'num_inducing': [10, 25, 50, 75, 100]}",COMPLETE,
205,0.0035205235721798003,2026-07-30 15:13:17.818307,2026-07-30 15:13:40.911758,23.093451,0.001,0,matern,750,75,0.001,0,21.20336149999639,matern,750,75,1,0.0035205235721798003,205,"{'alpha_edge': [0, 0.001, 0.1, 1, 10], 'alpha_neuron': [0], 'kernel_type': ['rbf', 'matern', 'periodic'], 'layer_width': [100, 250, 500, 750, 1000], 'num_inducing': [10, 25, 50, 75, 100]}",COMPLETE,
206,0.016943076895021968,2026-07-30 15:13:40.915046,2026-07-30 15:13:58.137645,17.222599,0.1,0,periodic,750,50,0.1,0,15.65078787499806,periodic,750,50,1,0.016943076895021968,206,"{'alpha_edge': [0, 0.001, 0.1, 1, 10], 'alpha_neuron': [0], 'kernel_type': ['rbf', 'matern', 'periodic'], 'layer_width': [100, 250, 500, 750, 1000], 'num_inducing': [10, 25, 50, 75, 100]}",COMPLETE,
207,0.011161998811083708,2026-07-30 15:13:58.140749,2026-07-30 15:14:14.912688,16.771939,1.0,0,rbf,1000,50,1.0,0,15.576733458030503,rbf,1000,50,1,0.011161998811083708,207,"{'alpha_edge': [0, 0.001, 0.1, 1, 10], 'alpha_neuron': [0], 'kernel_type': ['rbf', 'matern', 'periodic'], 'layer_width': [100, 250, 500, 750, 1000], 'num_inducing': [10, 25, 50, 75, 100]}",COMPLETE,
208,0.06860190405837165,2026-07-30 15:14:14.915973,2026-07-30 15:14:15.614940,0.698967,10.0,0,periodic,100,10,10.0,0,0.6048011659877375,periodic,100,10,1,0.06860190405837165,208,"{'alpha_edge': [0, 0.001, 0.1, 1, 10], 'alpha_neuron': [0], 'kernel_type': ['rbf', 'matern', 'periodic'], 'layer_width': [100, 250, 500, 750, 1000], 'num_inducing': [10, 25, 50, 75, 100]}",COMPLETE,
209,0.011716635713236627,2026-07-30 15:14:15.621086,2026-07-30 15:14:18.130327,2.509241,0.001,0,matern,500,10,0.001,0,2.3179100419511087,matern,500,10,1,0.011716635713236627,209,"{'alpha_edge': [0, 0.001, 0.1, 1, 10], 'alpha_neuron': [0], 'kernel_type': ['rbf', 'matern', 'periodic'], 'layer_width': [100, 250, 500, 750, 1000], 'num_inducing': [10, 25, 50, 75, 100]}",COMPLETE,
210,0.01740971494054135,2026-07-30 15:14:18.134282,2026-07-30 15:15:00.230013,42.095731,0.001,0,periodic,1000,100,0.001,0,38.149773916986305,periodic,1000,100,1,0.01740971494054135,210,"{'alpha_edge': [0, 0.001, 0.1, 1, 10], 'alpha_neuron': [0], 'kernel_type': ['rbf', 'matern', 'periodic'], 'layer_width': [100, 250, 500, 750, 1000], 'num_inducing': [10, 25, 50, 75, 100]}",COMPLETE,
211,0.016574982043096417,2026-07-30 15:15:00.233673,2026-07-30 15:15:04.365227,4.131554,0.1,0,rbf,250,50,0.1,0,3.7484682080103084,rbf,250,50,1,0.016574982043096417,211,"{'alpha_edge': [0, 0.001, 0.1, 1, 10], 'alpha_neuron': [0], 'kernel_type': ['rbf', 'matern', 'periodic'], 'layer_width': [100, 250, 500, 750, 1000], 'num_inducing': [10, 25, 50, 75, 100]}",COMPLETE,
212,0.07908575935429284,2026-07-30 15:15:04.370926,2026-07-30 15:15:05.985727,1.614801,0.1,0,rbf,100,50,0.1,0,1.4802597080124542,rbf,100,50,1,0.07908575935429284,212,"{'alpha_edge': [0, 0.001, 0.1, 1, 10], 'alpha_neuron': [0], 'kernel_type': ['rbf', 'matern', 'periodic'], 'layer_width': [100, 250, 500, 750, 1000], 'num_inducing': [10, 25, 50, 75, 100]}",COMPLETE,
213,0.021161807213244545,2026-07-30 15:15:05.989064,2026-07-30 15:15:12.924237,6.935173,0.0,0,rbf,750,25,0.0,0,6.278415874985512,rbf,750,25,1,0.021161807213244545,213,"{'alpha_edge': [0, 0.001, 0.1, 1, 10], 'alpha_neuron': [0], 'kernel_type': ['rbf', 'matern', 'periodic'], 'layer_width': [100, 250, 500, 750, 1000], 'num_inducing': [10, 25, 50, 75, 100]}",COMPLETE,
214,0.003235220495290067,2026-07-30 15:15:12.930227,2026-07-30 15:15:37.039577,24.10935,1.0,0,rbf,1000,75,1.0,0,22.241907499963418,rbf,1000,75,1,0.003235220495290067,214,"{'alpha_edge': [0, 0.001, 0.1, 1, 10], 'alpha_neuron': [0], 'kernel_type': ['rbf', 'matern', 'periodic'], 'layer_width': [100, 250, 500, 750, 1000], 'num_inducing': [10, 25, 50, 75, 100]}",COMPLETE,
215,0.0660913260111423,2026-07-30 15:15:37.042828,2026-07-30 15:15:37.532979,0.490151,0.001,0,rbf,100,10,0.001,0,0.4472515410161577,rbf,100,10,1,0.0660913260111423,215,"{'alpha_edge': [0, 0.001, 0.1, 1, 10], 'alpha_neuron': [0], 'kernel_type': ['rbf', 'matern', 'periodic'], 'layer_width': [100, 250, 500, 750, 1000], 'num_inducing': [10, 25, 50, 75, 100]}",COMPLETE,
216,0.027070573719212294,2026-07-30 15:15:37.536234,2026-07-30 15:15:57.127064,19.59083,0.001,0,matern,250,100,0.001,0,18.62084083299851,matern,250,100,1,0.027070573719212294,216,"{'alpha_edge': [0, 0.001, 0.1, 1, 10], 'alpha_neuron': [0], 'kernel_type': ['rbf', 'matern', 'periodic'], 'layer_width': [100, 250, 500, 750, 1000], 'num_inducing': [10, 25, 50, 75, 100]}",COMPLETE,
217,0.0770670501778576,2026-07-30 15:15:57.131461,2026-07-30 15:16:00.384645,3.253184,10.0,0,rbf,100,100,10.0,0,3.0533006659825332,rbf,100,100,1,0.0770670501778576,217,"{'alpha_edge': [0, 0.001, 0.1, 1, 10], 'alpha_neuron': [0], 'kernel_type': ['rbf', 'matern', 'periodic'], 'layer_width': [100, 250, 500, 750, 1000], 'num_inducing': [10, 25, 50, 75, 100]}",COMPLETE,
218,0.056162803629860515,2026-07-30 15:16:00.387787,2026-07-30 15:16:01.895163,1.507376,0.1,0,periodic,250,10,0.1,0,1.372368375014048,periodic,250,10,1,0.056162803629860515,218,"{'alpha_edge': [0, 0.001, 0.1, 1, 10], 'alpha_neuron': [0], 'kernel_type': ['rbf', 'matern', 'periodic'], 'layer_width': [100, 250, 500, 750, 1000], 'num_inducing': [10, 25, 50, 75, 100]}",COMPLETE,
219,0.005876804100318029,2026-07-30 15:16:01.898249,2026-07-30 15:16:07.136795,5.238546,1.0,0,matern,500,25,1.0,0,4.7830682920175605,matern,500,25,1,0.005876804100318029,219,"{'alpha_edge': [0, 0.001, 0.1, 1, 10], 'alpha_neuron': [0], 'kernel_type': ['rbf', 'matern', 'periodic'], 'layer_width': [100, 250, 500, 750, 1000], 'num_inducing': [10, 25, 50, 75, 100]}",COMPLETE,
220,0.021285600442088503,2026-07-30 15:16:07.140798,2026-07-30 15:16:31.155139,24.014341,0.001,0,periodic,500,100,0.001,0,21.695399958000053,periodic,500,100,1,0.021285600442088503,220,"{'alpha_edge': [0, 0.001, 0.1, 1, 10], 'alpha_neuron': [0], 'kernel_type': ['rbf', 'matern', 'periodic'], 'layer_width': [100, 250, 500, 750, 1000], 'num_inducing': [10, 25, 50, 75, 100]}",COMPLETE,
221,0.04447888937423681,2026-07-30 15:16:31.158351,2026-07-30 15:16:56.712292,25.553941,10.0,0,periodic,750,75,10.0,0,23.023210499959532,periodic,750,75,1,0.04447888937423681,221,"{'alpha_edge': [0, 0.001, 0.1, 1, 10], 'alpha_neuron': [0], 'kernel_type': ['rbf', 'matern', 'periodic'], 'layer_width': [100, 250, 500, 750, 1000], 'num_inducing': [10, 25, 50, 75, 100]}",COMPLETE,
222,0.08031789769705633,2026-07-30 15:16:56.715532,2026-07-30 15:17:00.511407,3.795875,0.0,0,rbf,100,100,0.0,0,3.4714070000336505,rbf,100,100,1,0.08031789769705633,222,"{'alpha_edge': [0, 0.001, 0.1, 1, 10], 'alpha_neuron': [0], 'kernel_type': ['rbf', 'matern', 'periodic'], 'layer_width': [100, 250, 500, 750, 1000], 'num_inducing': [10, 25, 50, 75, 100]}",COMPLETE,
223,0.0019312312920458283,2026-07-30 15:17:00.514636,2026-07-30 15:17:10.883728,10.369092,0.001,0,rbf,1000,25,0.001,0,9.581610332999844,rbf,1000,25,1,0.0019312312920458283,223,"{'alpha_edge': [0, 0.001, 0.1, 1, 10], 'alpha_neuron': [0], 'kernel_type': ['rbf', 'matern', 'periodic'], 'layer_width': [100, 250, 500, 750, 1000], 'num_inducing': [10, 25, 50, 75, 100]}",COMPLETE,
224,0.03308343553306917,2026-07-30 15:17:10.887426,2026-07-30 15:17:29.092672,18.205246,0.0,0,rbf,500,100,0.0,0,16.72571083297953,rbf,500,100,1,0.03308343553306917,224,"{'alpha_edge': [0, 0.001, 0.1, 1, 10], 'alpha_neuron': [0], 'kernel_type': ['rbf', 'matern', 'periodic'], 'layer_width': [100, 250, 500, 750, 1000], 'num_inducing': [10, 25, 50, 75, 100]}",COMPLETE,
225,0.031987529074837026,2026-07-30 15:17:29.100518,2026-07-30 15:17:35.880929,6.780411,0.0,0,periodic,500,25,0.0,0,6.097769292013254,periodic,500,25,1,0.031987529074837026,225,"{'alpha_edge': [0, 0.001, 0.1, 1, 10], 'alpha_neuron': [0], 'kernel_type': ['rbf', 'matern', 'periodic'], 'layer_width': [100, 250, 500, 750, 1000], 'num_inducing': [10, 25, 50, 75, 100]}",COMPLETE,
226,0.02165825825372547,2026-07-30 15:17:35.884571,2026-07-30 15:17:52.717193,16.832622,0.0,0,periodic,750,50,0.0,0,14.888235582970083,periodic,750,50,1,0.02165825825372547,226,"{'alpha_edge': [0, 0.001, 0.1, 1, 10], 'alpha_neuron': [0], 'kernel_type': ['rbf', 'matern', 'periodic'], 'layer_width': [100, 250, 500, 750, 1000], 'num_inducing': [10, 25, 50, 75, 100]}",COMPLETE,
227,0.0206702668599611,2026-07-30 15:17:52.721386,2026-07-30 15:18:17.142902,24.421516,1.0,0,periodic,1000,50,1.0,0,21.74643629102502,periodic,1000,50,1,0.0206702668599611,227,"{'alpha_edge': [0, 0.001, 0.1, 1, 10], 'alpha_neuron': [0], 'kernel_type': ['rbf', 'matern', 'periodic'], 'layer_width': [100, 250, 500, 750, 1000], 'num_inducing': [10, 25, 50, 75, 100]}",COMPLETE,
