number,value,datetime_start,datetime_complete,duration,params_alpha_edge,params_alpha_neuron,params_kernel_type,params_layer_width,params_num_inducing,user_attrs_alpha_edge,user_attrs_alpha_neuron,fit_duration_sec,kernel_type,user_attrs_layer_width,user_attrs_num_inducing,sigma_scale,val_rmse,system_attrs_grid_id,system_attrs_search_space,state,test_rmse
342,0.006016330206865907,2026-07-30 15:38:23.709687,2026-07-30 15:38:39.298930,15.589243,10.0,0,matern,500,75,10.0,0,14.381986666994635,matern,500,75,1,0.006016330206865907,342,"{'alpha_edge': [0, 0.001, 0.1, 1, 10], 'alpha_neuron': [0], 'kernel_type': ['rbf', 'matern', 'periodic'], 'layer_width': [100, 250, 500, 750, 1000], 'num_inducing': [10, 25, 50, 75, 100]}",COMPLETE,
343,0.009677714984101152,2026-07-30 15:38:39.302137,2026-07-30 15:38:42.107022,2.804885,10.0,0,matern,500,10,10.0,0,2.6041113340179436,matern,500,10,1,0.009677714984101152,343,"{'alpha_edge': [0, 0.001, 0.1, 1, 10], 'alpha_neuron': [0], 'kernel_type': ['rbf', 'matern', 'periodic'], 'layer_width': [100, 250, 500, 750, 1000], 'num_inducing': [10, 25, 50, 75, 100]}",COMPLETE,
344,0.003696551785412808,2026-07-30 15:38:42.110094,2026-07-30 15:39:02.689602,20.579508,0.1,0,matern,1000,50,0.1,0,18.768794084026013,matern,1000,50,1,0.003696551785412808,344,"{'alpha_edge': [0, 0.001, 0.1, 1, 10], 'alpha_neuron': [0], 'kernel_type': ['rbf', 'matern', 'periodic'], 'layer_width': [100, 250, 500, 750, 1000], 'num_inducing': [10, 25, 50, 75, 100]}",COMPLETE,
345,0.002804893977916298,2026-07-30 15:39:02.692746,2026-07-30 15:39:20.383328,17.690582,1.0,0,rbf,750,75,1.0,0,16.420292916009203,rbf,750,75,1,0.002804893977916298,345,"{'alpha_edge': [0, 0.001, 0.1, 1, 10], 'alpha_neuron': [0], 'kernel_type': ['rbf', 'matern', 'periodic'], 'layer_width': [100, 250, 500, 750, 1000], 'num_inducing': [10, 25, 50, 75, 100]}",COMPLETE,
346,0.00296581608885722,2026-07-30 15:39:20.390971,2026-07-30 15:39:24.855941,4.46497,0.001,0,matern,750,10,0.001,0,4.119072999979835,matern,750,10,1,0.00296581608885722,346,"{'alpha_edge': [0, 0.001, 0.1, 1, 10], 'alpha_neuron': [0], 'kernel_type': ['rbf', 'matern', 'periodic'], 'layer_width': [100, 250, 500, 750, 1000], 'num_inducing': [10, 25, 50, 75, 100]}",COMPLETE,
347,0.0038216752697820557,2026-07-30 15:39:24.858975,2026-07-30 15:39:29.092046,4.233071,1.0,0,matern,750,10,1.0,0,3.884424833988305,matern,750,10,1,0.0038216752697820557,347,"{'alpha_edge': [0, 0.001, 0.1, 1, 10], 'alpha_neuron': [0], 'kernel_type': ['rbf', 'matern', 'periodic'], 'layer_width': [100, 250, 500, 750, 1000], 'num_inducing': [10, 25, 50, 75, 100]}",COMPLETE,
348,63.676975515053584,2026-07-30 15:39:29.095382,2026-07-30 15:39:52.005887,22.910505,0.0,0,periodic,1000,50,0.0,0,20.612538832996506,periodic,1000,50,1,63.676975515053584,348,"{'alpha_edge': [0, 0.001, 0.1, 1, 10], 'alpha_neuron': [0], 'kernel_type': ['rbf', 'matern', 'periodic'], 'layer_width': [100, 250, 500, 750, 1000], 'num_inducing': [10, 25, 50, 75, 100]}",COMPLETE,
349,0.016253021293940892,2026-07-30 15:39:52.009021,2026-07-30 15:39:59.739675,7.730654,10.0,0,matern,250,75,10.0,0,7.03585316700628,matern,250,75,1,0.016253021293940892,349,"{'alpha_edge': [0, 0.001, 0.1, 1, 10], 'alpha_neuron': [0], 'kernel_type': ['rbf', 'matern', 'periodic'], 'layer_width': [100, 250, 500, 750, 1000], 'num_inducing': [10, 25, 50, 75, 100]}",COMPLETE,
350,0.044599734695345075,2026-07-30 15:39:59.742750,2026-07-30 15:40:00.334815,0.592065,0.0,0,matern,100,10,0.0,0,0.526290042034816,matern,100,10,1,0.044599734695345075,350,"{'alpha_edge': [0, 0.001, 0.1, 1, 10], 'alpha_neuron': [0], 'kernel_type': ['rbf', 'matern', 'periodic'], 'layer_width': [100, 250, 500, 750, 1000], 'num_inducing': [10, 25, 50, 75, 100]}",COMPLETE,
351,0.0027073143999181825,2026-07-30 15:40:00.339671,2026-07-30 15:40:04.297792,3.958121,0.1,0,rbf,750,10,0.1,0,3.627665416977834,rbf,750,10,1,0.0027073143999181825,351,"{'alpha_edge': [0, 0.001, 0.1, 1, 10], 'alpha_neuron': [0], 'kernel_type': ['rbf', 'matern', 'periodic'], 'layer_width': [100, 250, 500, 750, 1000], 'num_inducing': [10, 25, 50, 75, 100]}",COMPLETE,
352,0.005521652691014095,2026-07-30 15:40:04.300445,2026-07-30 15:40:15.822674,11.522229,10.0,0,matern,500,50,10.0,0,10.544063374982215,matern,500,50,1,0.005521652691014095,352,"{'alpha_edge': [0, 0.001, 0.1, 1, 10], 'alpha_neuron': [0], 'kernel_type': ['rbf', 'matern', 'periodic'], 'layer_width': [100, 250, 500, 750, 1000], 'num_inducing': [10, 25, 50, 75, 100]}",COMPLETE,
353,0.05725347736131836,2026-07-30 15:40:15.825835,2026-07-30 15:40:32.541910,16.716075,10.0,0,periodic,750,50,10.0,0,15.037961832946166,periodic,750,50,1,0.05725347736131836,353,"{'alpha_edge': [0, 0.001, 0.1, 1, 10], 'alpha_neuron': [0], 'kernel_type': ['rbf', 'matern', 'periodic'], 'layer_width': [100, 250, 500, 750, 1000], 'num_inducing': [10, 25, 50, 75, 100]}",COMPLETE,
354,0.006216786720785764,2026-07-30 15:40:32.545070,2026-07-30 15:41:06.810938,34.265868,0.1,0,rbf,1000,100,0.1,0,31.87901462498121,rbf,1000,100,1,0.006216786720785764,354,"{'alpha_edge': [0, 0.001, 0.1, 1, 10], 'alpha_neuron': [0], 'kernel_type': ['rbf', 'matern', 'periodic'], 'layer_width': [100, 250, 500, 750, 1000], 'num_inducing': [10, 25, 50, 75, 100]}",COMPLETE,
355,0.036470402434044535,2026-07-30 15:41:06.814782,2026-07-30 15:41:12.832012,6.01723,10.0,0,periodic,500,25,10.0,0,5.402593542006798,periodic,500,25,1,0.036470402434044535,355,"{'alpha_edge': [0, 0.001, 0.1, 1, 10], 'alpha_neuron': [0], 'kernel_type': ['rbf', 'matern', 'periodic'], 'layer_width': [100, 250, 500, 750, 1000], 'num_inducing': [10, 25, 50, 75, 100]}",COMPLETE,
356,0.012054011466498482,2026-07-30 15:41:12.834983,2026-07-30 15:41:34.562222,21.727239,0.0,0,matern,500,100,0.0,0,19.857137082959525,matern,500,100,1,0.012054011466498482,356,"{'alpha_edge': [0, 0.001, 0.1, 1, 10], 'alpha_neuron': [0], 'kernel_type': ['rbf', 'matern', 'periodic'], 'layer_width': [100, 250, 500, 750, 1000], 'num_inducing': [10, 25, 50, 75, 100]}",COMPLETE,
357,0.0031090955573657214,2026-07-30 15:41:34.565573,2026-07-30 15:41:57.908205,23.342632,0.1,0,matern,750,75,0.1,0,21.503367499972228,matern,750,75,1,0.0031090955573657214,357,"{'alpha_edge': [0, 0.001, 0.1, 1, 10], 'alpha_neuron': [0], 'kernel_type': ['rbf', 'matern', 'periodic'], 'layer_width': [100, 250, 500, 750, 1000], 'num_inducing': [10, 25, 50, 75, 100]}",COMPLETE,
358,0.004569115413443434,2026-07-30 15:41:57.911098,2026-07-30 15:42:14.586715,16.675617,10.0,0,rbf,500,100,10.0,0,15.506337166996673,rbf,500,100,1,0.004569115413443434,358,"{'alpha_edge': [0, 0.001, 0.1, 1, 10], 'alpha_neuron': [0], 'kernel_type': ['rbf', 'matern', 'periodic'], 'layer_width': [100, 250, 500, 750, 1000], 'num_inducing': [10, 25, 50, 75, 100]}",COMPLETE,
359,0.01194556151087321,2026-07-30 15:42:14.591896,2026-07-30 15:42:25.917264,11.325368,0.001,0,rbf,500,75,0.001,0,10.472289625031408,rbf,500,75,1,0.01194556151087321,359,"{'alpha_edge': [0, 0.001, 0.1, 1, 10], 'alpha_neuron': [0], 'kernel_type': ['rbf', 'matern', 'periodic'], 'layer_width': [100, 250, 500, 750, 1000], 'num_inducing': [10, 25, 50, 75, 100]}",COMPLETE,
360,0.07714834958643191,2026-07-30 15:42:25.920123,2026-07-30 15:42:32.757498,6.837375,0.0,0,periodic,1000,10,0.0,0,6.120630707999226,periodic,1000,10,1,0.07714834958643191,360,"{'alpha_edge': [0, 0.001, 0.1, 1, 10], 'alpha_neuron': [0], 'kernel_type': ['rbf', 'matern', 'periodic'], 'layer_width': [100, 250, 500, 750, 1000], 'num_inducing': [10, 25, 50, 75, 100]}",COMPLETE,
361,0.012240723390964927,2026-07-30 15:42:32.760649,2026-07-30 15:42:40.903915,8.143266,0.001,0,rbf,500,50,0.001,0,7.504409333982039,rbf,500,50,1,0.012240723390964927,361,"{'alpha_edge': [0, 0.001, 0.1, 1, 10], 'alpha_neuron': [0], 'kernel_type': ['rbf', 'matern', 'periodic'], 'layer_width': [100, 250, 500, 750, 1000], 'num_inducing': [10, 25, 50, 75, 100]}",COMPLETE,
362,0.02289145844102393,2026-07-30 15:42:40.909260,2026-07-30 15:42:57.640407,16.731147,1.0,0,periodic,750,50,1.0,0,14.909012500022072,periodic,750,50,1,0.02289145844102393,362,"{'alpha_edge': [0, 0.001, 0.1, 1, 10], 'alpha_neuron': [0], 'kernel_type': ['rbf', 'matern', 'periodic'], 'layer_width': [100, 250, 500, 750, 1000], 'num_inducing': [10, 25, 50, 75, 100]}",COMPLETE,
363,0.0027261493533773697,2026-07-30 15:42:57.643422,2026-07-30 15:43:09.821716,12.178294,1.0,0,rbf,750,50,1.0,0,11.355928167002276,rbf,750,50,1,0.0027261493533773697,363,"{'alpha_edge': [0, 0.001, 0.1, 1, 10], 'alpha_neuron': [0], 'kernel_type': ['rbf', 'matern', 'periodic'], 'layer_width': [100, 250, 500, 750, 1000], 'num_inducing': [10, 25, 50, 75, 100]}",COMPLETE,
364,0.0902137647283268,2026-07-30 15:43:09.826814,2026-07-30 15:43:11.846123,2.019309,1.0,0,periodic,100,50,1.0,0,1.779643916990608,periodic,100,50,1,0.0902137647283268,364,"{'alpha_edge': [0, 0.001, 0.1, 1, 10], 'alpha_neuron': [0], 'kernel_type': ['rbf', 'matern', 'periodic'], 'layer_width': [100, 250, 500, 750, 1000], 'num_inducing': [10, 25, 50, 75, 100]}",COMPLETE,
365,0.026761601558799995,2026-07-30 15:43:11.848817,2026-07-30 15:43:17.838381,5.989564,0.1,0,periodic,500,25,0.1,0,5.406466167012695,periodic,500,25,1,0.026761601558799995,365,"{'alpha_edge': [0, 0.001, 0.1, 1, 10], 'alpha_neuron': [0], 'kernel_type': ['rbf', 'matern', 'periodic'], 'layer_width': [100, 250, 500, 750, 1000], 'num_inducing': [10, 25, 50, 75, 100]}",COMPLETE,
366,0.04033528380239158,2026-07-30 15:43:17.842097,2026-07-30 15:43:26.315070,8.472973,0.0,0,rbf,250,100,0.0,0,7.922807750001084,rbf,250,100,1,0.04033528380239158,366,"{'alpha_edge': [0, 0.001, 0.1, 1, 10], 'alpha_neuron': [0], 'kernel_type': ['rbf', 'matern', 'periodic'], 'layer_width': [100, 250, 500, 750, 1000], 'num_inducing': [10, 25, 50, 75, 100]}",COMPLETE,
367,0.05139417859564272,2026-07-30 15:43:26.318185,2026-07-30 15:43:37.066724,10.748539,10.0,0,periodic,250,100,10.0,0,9.702119000023231,periodic,250,100,1,0.05139417859564272,367,"{'alpha_edge': [0, 0.001, 0.1, 1, 10], 'alpha_neuron': [0], 'kernel_type': ['rbf', 'matern', 'periodic'], 'layer_width': [100, 250, 500, 750, 1000], 'num_inducing': [10, 25, 50, 75, 100]}",COMPLETE,
368,0.0026094339001513024,2026-07-30 15:43:37.072736,2026-07-30 15:43:42.635216,5.56248,0.1,0,matern,1000,10,0.1,0,5.1467807500157505,matern,1000,10,1,0.0026094339001513024,368,"{'alpha_edge': [0, 0.001, 0.1, 1, 10], 'alpha_neuron': [0], 'kernel_type': ['rbf', 'matern', 'periodic'], 'layer_width': [100, 250, 500, 750, 1000], 'num_inducing': [10, 25, 50, 75, 100]}",COMPLETE,
369,0.07427685340786591,2026-07-30 15:43:42.640488,2026-07-30 15:43:43.843215,1.202727,1.0,0,matern,100,25,1.0,0,1.0936839579953812,matern,100,25,1,0.07427685340786591,369,"{'alpha_edge': [0, 0.001, 0.1, 1, 10], 'alpha_neuron': [0], 'kernel_type': ['rbf', 'matern', 'periodic'], 'layer_width': [100, 250, 500, 750, 1000], 'num_inducing': [10, 25, 50, 75, 100]}",COMPLETE,
370,0.004311657068924049,2026-07-30 15:43:43.846280,2026-07-30 15:44:08.696888,24.850608,10.0,0,rbf,1000,75,10.0,0,22.99583845800953,rbf,1000,75,1,0.004311657068924049,370,"{'alpha_edge': [0, 0.001, 0.1, 1, 10], 'alpha_neuron': [0], 'kernel_type': ['rbf', 'matern', 'periodic'], 'layer_width': [100, 250, 500, 750, 1000], 'num_inducing': [10, 25, 50, 75, 100]}",COMPLETE,
371,0.0036197123263302256,2026-07-30 15:44:08.701533,2026-07-30 15:44:24.508862,15.807329,0.1,0,matern,750,50,0.1,0,14.510831625026185,matern,750,50,1,0.0036197123263302256,371,"{'alpha_edge': [0, 0.001, 0.1, 1, 10], 'alpha_neuron': [0], 'kernel_type': ['rbf', 'matern', 'periodic'], 'layer_width': [100, 250, 500, 750, 1000], 'num_inducing': [10, 25, 50, 75, 100]}",COMPLETE,
372,0.0035659351696792586,2026-07-30 15:44:24.511645,2026-07-30 15:44:40.690933,16.179288,0.001,0,matern,750,50,0.001,0,14.798849666956812,matern,750,50,1,0.0035659351696792586,372,"{'alpha_edge': [0, 0.001, 0.1, 1, 10], 'alpha_neuron': [0], 'kernel_type': ['rbf', 'matern', 'periodic'], 'layer_width': [100, 250, 500, 750, 1000], 'num_inducing': [10, 25, 50, 75, 100]}",COMPLETE,
373,0.007427846028476478,2026-07-30 15:44:40.693963,2026-07-30 15:45:00.849113,20.15515,0.0,0,matern,1000,50,0.0,0,18.302474540949333,matern,1000,50,1,0.007427846028476478,373,"{'alpha_edge': [0, 0.001, 0.1, 1, 10], 'alpha_neuron': [0], 'kernel_type': ['rbf', 'matern', 'periodic'], 'layer_width': [100, 250, 500, 750, 1000], 'num_inducing': [10, 25, 50, 75, 100]}",COMPLETE,
374,0.006192744822862045,2026-07-30 15:45:00.856666,2026-07-30 15:45:18.030220,17.173554,0.1,0,rbf,1000,50,0.1,0,15.983211542014033,rbf,1000,50,1,0.006192744822862045,374,"{'alpha_edge': [0, 0.001, 0.1, 1, 10], 'alpha_neuron': [0], 'kernel_type': ['rbf', 'matern', 'periodic'], 'layer_width': [100, 250, 500, 750, 1000], 'num_inducing': [10, 25, 50, 75, 100]}",COMPLETE,
