number,value,datetime_start,datetime_complete,duration,params_alpha_edge,params_alpha_neuron,params_kernel_type,params_layer_width,params_num_inducing,user_attrs_alpha_edge,user_attrs_alpha_neuron,fit_duration_sec,kernel_type,user_attrs_layer_width,user_attrs_num_inducing,sigma_scale,val_rmse,system_attrs_grid_id,system_attrs_search_space,state,test_rmse
343,0.008093790495313339,2026-07-30 22:58:18.232984,2026-07-30 22:58:20.920664,2.68768,10.0,0,matern,500,10,10.0,0,2.4424233339959756,matern,500,10,1,0.008093790495313339,343,"{'alpha_edge': [0, 0.001, 0.1, 1, 10], 'alpha_neuron': [0], 'kernel_type': ['rbf', 'matern', 'periodic'], 'layer_width': [100, 250, 500, 750, 1000], 'num_inducing': [10, 25, 50, 75, 100]}",COMPLETE,
344,0.0018850097555345832,2026-07-30 22:58:20.953213,2026-07-30 22:58:42.564664,21.611451,0.1,0,matern,1000,50,0.1,0,19.780062082980294,matern,1000,50,1,0.0018850097555345832,344,"{'alpha_edge': [0, 0.001, 0.1, 1, 10], 'alpha_neuron': [0], 'kernel_type': ['rbf', 'matern', 'periodic'], 'layer_width': [100, 250, 500, 750, 1000], 'num_inducing': [10, 25, 50, 75, 100]}",COMPLETE,
345,0.00238925581195547,2026-07-30 22:58:42.567818,2026-07-30 22:59:01.056800,18.488982,1.0,0,rbf,750,75,1.0,0,17.267511042009573,rbf,750,75,1,0.00238925581195547,345,"{'alpha_edge': [0, 0.001, 0.1, 1, 10], 'alpha_neuron': [0], 'kernel_type': ['rbf', 'matern', 'periodic'], 'layer_width': [100, 250, 500, 750, 1000], 'num_inducing': [10, 25, 50, 75, 100]}",COMPLETE,
346,0.0022491972662591845,2026-07-30 22:59:01.059821,2026-07-30 22:59:05.678537,4.618716,0.001,0,matern,750,10,0.001,0,4.2666765410103835,matern,750,10,1,0.0022491972662591845,346,"{'alpha_edge': [0, 0.001, 0.1, 1, 10], 'alpha_neuron': [0], 'kernel_type': ['rbf', 'matern', 'periodic'], 'layer_width': [100, 250, 500, 750, 1000], 'num_inducing': [10, 25, 50, 75, 100]}",COMPLETE,
347,0.004417390024515966,2026-07-30 22:59:05.683558,2026-07-30 22:59:09.699787,4.016229,1.0,0,matern,750,10,1.0,0,3.719954708998557,matern,750,10,1,0.004417390024515966,347,"{'alpha_edge': [0, 0.001, 0.1, 1, 10], 'alpha_neuron': [0], 'kernel_type': ['rbf', 'matern', 'periodic'], 'layer_width': [100, 250, 500, 750, 1000], 'num_inducing': [10, 25, 50, 75, 100]}",COMPLETE,
348,0.03639941737094208,2026-07-30 22:59:09.702744,2026-07-30 22:59:30.548091,20.845347,0.0,0,periodic,1000,50,0.0,0,18.907177917019,periodic,1000,50,1,0.03639941737094208,348,"{'alpha_edge': [0, 0.001, 0.1, 1, 10], 'alpha_neuron': [0], 'kernel_type': ['rbf', 'matern', 'periodic'], 'layer_width': [100, 250, 500, 750, 1000], 'num_inducing': [10, 25, 50, 75, 100]}",COMPLETE,
349,0.009316291024604913,2026-07-30 22:59:30.551306,2026-07-30 22:59:38.686762,8.135456,10.0,0,matern,250,75,10.0,0,7.50823387503624,matern,250,75,1,0.009316291024604913,349,"{'alpha_edge': [0, 0.001, 0.1, 1, 10], 'alpha_neuron': [0], 'kernel_type': ['rbf', 'matern', 'periodic'], 'layer_width': [100, 250, 500, 750, 1000], 'num_inducing': [10, 25, 50, 75, 100]}",COMPLETE,
350,0.04410278486074556,2026-07-30 22:59:38.691855,2026-07-30 22:59:39.176428,0.484573,0.0,0,matern,100,10,0.0,0,0.44333491602446884,matern,100,10,1,0.04410278486074556,350,"{'alpha_edge': [0, 0.001, 0.1, 1, 10], 'alpha_neuron': [0], 'kernel_type': ['rbf', 'matern', 'periodic'], 'layer_width': [100, 250, 500, 750, 1000], 'num_inducing': [10, 25, 50, 75, 100]}",COMPLETE,
351,0.003286797870844647,2026-07-30 22:59:39.182102,2026-07-30 22:59:43.020910,3.838808,0.1,0,rbf,750,10,0.1,0,3.564884624967817,rbf,750,10,1,0.003286797870844647,351,"{'alpha_edge': [0, 0.001, 0.1, 1, 10], 'alpha_neuron': [0], 'kernel_type': ['rbf', 'matern', 'periodic'], 'layer_width': [100, 250, 500, 750, 1000], 'num_inducing': [10, 25, 50, 75, 100]}",COMPLETE,
352,0.007356266367855207,2026-07-30 22:59:43.024163,2026-07-30 22:59:53.731000,10.706837,10.0,0,matern,500,50,10.0,0,9.691818291030359,matern,500,50,1,0.007356266367855207,352,"{'alpha_edge': [0, 0.001, 0.1, 1, 10], 'alpha_neuron': [0], 'kernel_type': ['rbf', 'matern', 'periodic'], 'layer_width': [100, 250, 500, 750, 1000], 'num_inducing': [10, 25, 50, 75, 100]}",COMPLETE,
353,0.01275627656728929,2026-07-30 22:59:53.734580,2026-07-30 23:00:12.743055,19.008475,10.0,0,periodic,750,50,10.0,0,17.097469792002812,periodic,750,50,1,0.01275627656728929,353,"{'alpha_edge': [0, 0.001, 0.1, 1, 10], 'alpha_neuron': [0], 'kernel_type': ['rbf', 'matern', 'periodic'], 'layer_width': [100, 250, 500, 750, 1000], 'num_inducing': [10, 25, 50, 75, 100]}",COMPLETE,
354,0.003004580992044303,2026-07-30 23:00:12.746533,2026-07-30 23:00:46.685017,33.938484,0.1,0,rbf,1000,100,0.1,0,31.557835040963255,rbf,1000,100,1,0.003004580992044303,354,"{'alpha_edge': [0, 0.001, 0.1, 1, 10], 'alpha_neuron': [0], 'kernel_type': ['rbf', 'matern', 'periodic'], 'layer_width': [100, 250, 500, 750, 1000], 'num_inducing': [10, 25, 50, 75, 100]}",COMPLETE,
355,0.023808492742344294,2026-07-30 23:00:46.691195,2026-07-30 23:00:52.281766,5.590571,10.0,0,periodic,500,25,10.0,0,4.994386832986493,periodic,500,25,1,0.023808492742344294,355,"{'alpha_edge': [0, 0.001, 0.1, 1, 10], 'alpha_neuron': [0], 'kernel_type': ['rbf', 'matern', 'periodic'], 'layer_width': [100, 250, 500, 750, 1000], 'num_inducing': [10, 25, 50, 75, 100]}",COMPLETE,
356,0.014404766256961748,2026-07-30 23:00:52.284844,2026-07-30 23:01:13.837175,21.552331,0.0,0,matern,500,100,0.0,0,19.732577125017997,matern,500,100,1,0.014404766256961748,356,"{'alpha_edge': [0, 0.001, 0.1, 1, 10], 'alpha_neuron': [0], 'kernel_type': ['rbf', 'matern', 'periodic'], 'layer_width': [100, 250, 500, 750, 1000], 'num_inducing': [10, 25, 50, 75, 100]}",COMPLETE,
357,0.0035900441040109753,2026-07-30 23:01:13.842764,2026-07-30 23:01:37.053778,23.211014,0.1,0,matern,750,75,0.1,0,21.41187249997165,matern,750,75,1,0.0035900441040109753,357,"{'alpha_edge': [0, 0.001, 0.1, 1, 10], 'alpha_neuron': [0], 'kernel_type': ['rbf', 'matern', 'periodic'], 'layer_width': [100, 250, 500, 750, 1000], 'num_inducing': [10, 25, 50, 75, 100]}",COMPLETE,
358,0.002851109295238521,2026-07-30 23:01:37.058576,2026-07-30 23:01:54.175075,17.116499,10.0,0,rbf,500,100,10.0,0,15.860525875003077,rbf,500,100,1,0.002851109295238521,358,"{'alpha_edge': [0, 0.001, 0.1, 1, 10], 'alpha_neuron': [0], 'kernel_type': ['rbf', 'matern', 'periodic'], 'layer_width': [100, 250, 500, 750, 1000], 'num_inducing': [10, 25, 50, 75, 100]}",COMPLETE,
359,0.0031837914861587544,2026-07-30 23:01:54.266508,2026-07-30 23:02:06.502642,12.236134,0.001,0,rbf,500,75,0.001,0,11.309044249996077,rbf,500,75,1,0.0031837914861587544,359,"{'alpha_edge': [0, 0.001, 0.1, 1, 10], 'alpha_neuron': [0], 'kernel_type': ['rbf', 'matern', 'periodic'], 'layer_width': [100, 250, 500, 750, 1000], 'num_inducing': [10, 25, 50, 75, 100]}",COMPLETE,
360,1.490047598019804,2026-07-30 23:02:06.507852,2026-07-30 23:02:13.003816,6.495964,0.0,0,periodic,1000,10,0.0,0,5.843674290983472,periodic,1000,10,1,1.490047598019804,360,"{'alpha_edge': [0, 0.001, 0.1, 1, 10], 'alpha_neuron': [0], 'kernel_type': ['rbf', 'matern', 'periodic'], 'layer_width': [100, 250, 500, 750, 1000], 'num_inducing': [10, 25, 50, 75, 100]}",COMPLETE,
361,0.002753678985439102,2026-07-30 23:02:13.009333,2026-07-30 23:02:21.430245,8.420912,0.001,0,rbf,500,50,0.001,0,7.790641666972078,rbf,500,50,1,0.002753678985439102,361,"{'alpha_edge': [0, 0.001, 0.1, 1, 10], 'alpha_neuron': [0], 'kernel_type': ['rbf', 'matern', 'periodic'], 'layer_width': [100, 250, 500, 750, 1000], 'num_inducing': [10, 25, 50, 75, 100]}",COMPLETE,
362,0.03414367548624267,2026-07-30 23:02:21.433743,2026-07-30 23:02:37.798095,16.364352,1.0,0,periodic,750,50,1.0,0,14.793686499993782,periodic,750,50,1,0.03414367548624267,362,"{'alpha_edge': [0, 0.001, 0.1, 1, 10], 'alpha_neuron': [0], 'kernel_type': ['rbf', 'matern', 'periodic'], 'layer_width': [100, 250, 500, 750, 1000], 'num_inducing': [10, 25, 50, 75, 100]}",COMPLETE,
363,0.00277649722819836,2026-07-30 23:02:37.800787,2026-07-30 23:02:50.418733,12.617946,1.0,0,rbf,750,50,1.0,0,11.738904417026788,rbf,750,50,1,0.00277649722819836,363,"{'alpha_edge': [0, 0.001, 0.1, 1, 10], 'alpha_neuron': [0], 'kernel_type': ['rbf', 'matern', 'periodic'], 'layer_width': [100, 250, 500, 750, 1000], 'num_inducing': [10, 25, 50, 75, 100]}",COMPLETE,
364,0.04410729944725138,2026-07-30 23:02:50.424330,2026-07-30 23:02:52.858528,2.434198,1.0,0,periodic,100,50,1.0,0,2.191848708956968,periodic,100,50,1,0.04410729944725138,364,"{'alpha_edge': [0, 0.001, 0.1, 1, 10], 'alpha_neuron': [0], 'kernel_type': ['rbf', 'matern', 'periodic'], 'layer_width': [100, 250, 500, 750, 1000], 'num_inducing': [10, 25, 50, 75, 100]}",COMPLETE,
365,0.009932888300897518,2026-07-30 23:02:52.892334,2026-07-30 23:02:59.520921,6.628587,0.1,0,periodic,500,25,0.1,0,5.960209708020557,periodic,500,25,1,0.009932888300897518,365,"{'alpha_edge': [0, 0.001, 0.1, 1, 10], 'alpha_neuron': [0], 'kernel_type': ['rbf', 'matern', 'periodic'], 'layer_width': [100, 250, 500, 750, 1000], 'num_inducing': [10, 25, 50, 75, 100]}",COMPLETE,
366,0.09873661425351933,2026-07-30 23:02:59.529135,2026-07-30 23:03:09.186257,9.657122,0.0,0,rbf,250,100,0.0,0,8.978369582968298,rbf,250,100,1,0.09873661425351933,366,"{'alpha_edge': [0, 0.001, 0.1, 1, 10], 'alpha_neuron': [0], 'kernel_type': ['rbf', 'matern', 'periodic'], 'layer_width': [100, 250, 500, 750, 1000], 'num_inducing': [10, 25, 50, 75, 100]}",COMPLETE,
367,0.25658521663410255,2026-07-30 23:03:09.192924,2026-07-30 23:03:20.508843,11.315919,10.0,0,periodic,250,100,10.0,0,10.273307707975619,periodic,250,100,1,0.25658521663410255,367,"{'alpha_edge': [0, 0.001, 0.1, 1, 10], 'alpha_neuron': [0], 'kernel_type': ['rbf', 'matern', 'periodic'], 'layer_width': [100, 250, 500, 750, 1000], 'num_inducing': [10, 25, 50, 75, 100]}",COMPLETE,
368,0.0025288870700564924,2026-07-30 23:03:20.512016,2026-07-30 23:03:26.238481,5.726465,0.1,0,matern,1000,10,0.1,0,5.237081874976866,matern,1000,10,1,0.0025288870700564924,368,"{'alpha_edge': [0, 0.001, 0.1, 1, 10], 'alpha_neuron': [0], 'kernel_type': ['rbf', 'matern', 'periodic'], 'layer_width': [100, 250, 500, 750, 1000], 'num_inducing': [10, 25, 50, 75, 100]}",COMPLETE,
369,0.042412174897269325,2026-07-30 23:03:26.241481,2026-07-30 23:03:27.272932,1.031451,1.0,0,matern,100,25,1.0,0,0.9135566669865511,matern,100,25,1,0.042412174897269325,369,"{'alpha_edge': [0, 0.001, 0.1, 1, 10], 'alpha_neuron': [0], 'kernel_type': ['rbf', 'matern', 'periodic'], 'layer_width': [100, 250, 500, 750, 1000], 'num_inducing': [10, 25, 50, 75, 100]}",COMPLETE,
370,0.003536145178965222,2026-07-30 23:03:27.276613,2026-07-30 23:03:51.271518,23.994905,10.0,0,rbf,1000,75,10.0,0,22.183410457975697,rbf,1000,75,1,0.003536145178965222,370,"{'alpha_edge': [0, 0.001, 0.1, 1, 10], 'alpha_neuron': [0], 'kernel_type': ['rbf', 'matern', 'periodic'], 'layer_width': [100, 250, 500, 750, 1000], 'num_inducing': [10, 25, 50, 75, 100]}",COMPLETE,
371,0.0023721198393398465,2026-07-30 23:03:51.284128,2026-07-30 23:04:07.271079,15.986951,0.1,0,matern,750,50,0.1,0,14.646141249977518,matern,750,50,1,0.0023721198393398465,371,"{'alpha_edge': [0, 0.001, 0.1, 1, 10], 'alpha_neuron': [0], 'kernel_type': ['rbf', 'matern', 'periodic'], 'layer_width': [100, 250, 500, 750, 1000], 'num_inducing': [10, 25, 50, 75, 100]}",COMPLETE,
372,0.0021454582011078685,2026-07-30 23:04:07.276828,2026-07-30 23:04:23.191280,15.914452,0.001,0,matern,750,50,0.001,0,14.553753708023578,matern,750,50,1,0.0021454582011078685,372,"{'alpha_edge': [0, 0.001, 0.1, 1, 10], 'alpha_neuron': [0], 'kernel_type': ['rbf', 'matern', 'periodic'], 'layer_width': [100, 250, 500, 750, 1000], 'num_inducing': [10, 25, 50, 75, 100]}",COMPLETE,
373,0.005669965177596716,2026-07-30 23:04:23.194883,2026-07-30 23:04:45.008140,21.813257,0.0,0,matern,1000,50,0.0,0,20.111282458005007,matern,1000,50,1,0.005669965177596716,373,"{'alpha_edge': [0, 0.001, 0.1, 1, 10], 'alpha_neuron': [0], 'kernel_type': ['rbf', 'matern', 'periodic'], 'layer_width': [100, 250, 500, 750, 1000], 'num_inducing': [10, 25, 50, 75, 100]}",COMPLETE,
374,0.0024696915028750463,2026-07-30 23:04:45.011654,2026-07-30 23:05:02.179029,17.167375,0.1,0,rbf,1000,50,0.1,0,16.035085332987364,rbf,1000,50,1,0.0024696915028750463,374,"{'alpha_edge': [0, 0.001, 0.1, 1, 10], 'alpha_neuron': [0], 'kernel_type': ['rbf', 'matern', 'periodic'], 'layer_width': [100, 250, 500, 750, 1000], 'num_inducing': [10, 25, 50, 75, 100]}",COMPLETE,
