number,value,datetime_start,datetime_complete,duration,params_alpha_edge,params_alpha_neuron,params_kernel_type,params_layer_width,params_num_inducing,user_attrs_alpha_edge,user_attrs_alpha_neuron,fit_duration_sec,kernel_type,user_attrs_layer_width,user_attrs_num_inducing,sigma_scale,val_rmse,system_attrs_grid_id,system_attrs_search_space,state,test_rmse
228,0.0027691039934136436,2026-08-06 23:04:46.552733,2026-08-06 23:05:21.819911,35.267178,0.1,0,matern,750,100,0.1,0,32.638962750000246,matern,750,100,1,0.0027691039934136436,228,"{'alpha_edge': [0, 0.001, 0.1, 1, 10], 'alpha_neuron': [0], 'kernel_type': ['rbf', 'matern', 'periodic'], 'layer_width': [100, 250, 500, 750, 1000], 'num_inducing': [10, 25, 50, 75, 100]}",COMPLETE,
229,0.040529184306488476,2026-08-06 23:05:21.823262,2026-08-06 23:05:25.240129,3.416867,0.1,0,rbf,100,100,0.1,0,3.1381055410001863,rbf,100,100,1,0.040529184306488476,229,"{'alpha_edge': [0, 0.001, 0.1, 1, 10], 'alpha_neuron': [0], 'kernel_type': ['rbf', 'matern', 'periodic'], 'layer_width': [100, 250, 500, 750, 1000], 'num_inducing': [10, 25, 50, 75, 100]}",COMPLETE,
230,0.008821034573318403,2026-08-06 23:05:25.243240,2026-08-06 23:05:31.566196,6.322956,1.0,0,rbf,250,75,1.0,0,5.879609874999915,rbf,250,75,1,0.008821034573318403,230,"{'alpha_edge': [0, 0.001, 0.1, 1, 10], 'alpha_neuron': [0], 'kernel_type': ['rbf', 'matern', 'periodic'], 'layer_width': [100, 250, 500, 750, 1000], 'num_inducing': [10, 25, 50, 75, 100]}",COMPLETE,
231,0.01839452360021797,2026-08-06 23:05:31.569288,2026-08-06 23:05:42.541421,10.972133,1.0,0,periodic,500,50,1.0,0,10.103873958999884,periodic,500,50,1,0.01839452360021797,231,"{'alpha_edge': [0, 0.001, 0.1, 1, 10], 'alpha_neuron': [0], 'kernel_type': ['rbf', 'matern', 'periodic'], 'layer_width': [100, 250, 500, 750, 1000], 'num_inducing': [10, 25, 50, 75, 100]}",COMPLETE,
232,0.09288420882727529,2026-08-06 23:05:42.544761,2026-08-06 23:05:44.765005,2.220244,1.0,0,matern,100,50,1.0,0,2.029960625000058,matern,100,50,1,0.09288420882727529,232,"{'alpha_edge': [0, 0.001, 0.1, 1, 10], 'alpha_neuron': [0], 'kernel_type': ['rbf', 'matern', 'periodic'], 'layer_width': [100, 250, 500, 750, 1000], 'num_inducing': [10, 25, 50, 75, 100]}",COMPLETE,
233,0.002736568288735719,2026-08-06 23:05:44.768304,2026-08-06 23:06:15.962753,31.194449,10.0,0,matern,1000,75,10.0,0,28.673741749999863,matern,1000,75,1,0.002736568288735719,233,"{'alpha_edge': [0, 0.001, 0.1, 1, 10], 'alpha_neuron': [0], 'kernel_type': ['rbf', 'matern', 'periodic'], 'layer_width': [100, 250, 500, 750, 1000], 'num_inducing': [10, 25, 50, 75, 100]}",COMPLETE,
234,0.004617635864320785,2026-08-06 23:06:15.965850,2026-08-06 23:06:20.017999,4.052149,0.0,0,matern,750,10,0.0,0,3.7926045829999566,matern,750,10,1,0.004617635864320785,234,"{'alpha_edge': [0, 0.001, 0.1, 1, 10], 'alpha_neuron': [0], 'kernel_type': ['rbf', 'matern', 'periodic'], 'layer_width': [100, 250, 500, 750, 1000], 'num_inducing': [10, 25, 50, 75, 100]}",COMPLETE,
235,0.005425283254743472,2026-08-06 23:06:20.021358,2026-08-06 23:06:30.360648,10.33929,0.001,0,matern,500,50,0.001,0,9.46617916699961,matern,500,50,1,0.005425283254743472,235,"{'alpha_edge': [0, 0.001, 0.1, 1, 10], 'alpha_neuron': [0], 'kernel_type': ['rbf', 'matern', 'periodic'], 'layer_width': [100, 250, 500, 750, 1000], 'num_inducing': [10, 25, 50, 75, 100]}",COMPLETE,
236,0.06360600656147014,2026-08-06 23:06:30.363889,2026-08-06 23:06:42.453440,12.089551,0.0,0,rbf,500,75,0.0,0,11.281949582999914,rbf,500,75,1,0.06360600656147014,236,"{'alpha_edge': [0, 0.001, 0.1, 1, 10], 'alpha_neuron': [0], 'kernel_type': ['rbf', 'matern', 'periodic'], 'layer_width': [100, 250, 500, 750, 1000], 'num_inducing': [10, 25, 50, 75, 100]}",COMPLETE,
237,0.008077901791172532,2026-08-06 23:06:42.456436,2026-08-06 23:06:48.337422,5.880986,0.001,0,matern,250,50,0.001,0,5.5086382089994,matern,250,50,1,0.008077901791172532,237,"{'alpha_edge': [0, 0.001, 0.1, 1, 10], 'alpha_neuron': [0], 'kernel_type': ['rbf', 'matern', 'periodic'], 'layer_width': [100, 250, 500, 750, 1000], 'num_inducing': [10, 25, 50, 75, 100]}",COMPLETE,
238,0.09166168374601827,2026-08-06 23:06:48.340648,2026-08-06 23:06:49.265426,0.924778,1.0,0,rbf,100,25,1.0,0,0.8241232919999675,rbf,100,25,1,0.09166168374601827,238,"{'alpha_edge': [0, 0.001, 0.1, 1, 10], 'alpha_neuron': [0], 'kernel_type': ['rbf', 'matern', 'periodic'], 'layer_width': [100, 250, 500, 750, 1000], 'num_inducing': [10, 25, 50, 75, 100]}",COMPLETE,
239,0.0008833622680375837,2026-08-06 23:06:49.268435,2026-08-06 23:07:04.643079,15.374644,10.0,0,matern,750,50,10.0,0,13.971754999999575,matern,750,50,1,0.0008833622680375837,239,"{'alpha_edge': [0, 0.001, 0.1, 1, 10], 'alpha_neuron': [0], 'kernel_type': ['rbf', 'matern', 'periodic'], 'layer_width': [100, 250, 500, 750, 1000], 'num_inducing': [10, 25, 50, 75, 100]}",COMPLETE,
240,0.08031315773829513,2026-08-06 23:07:04.646524,2026-08-06 23:07:07.205731,2.559207,0.0,0,rbf,100,75,0.0,0,2.39423749999969,rbf,100,75,1,0.08031315773829513,240,"{'alpha_edge': [0, 0.001, 0.1, 1, 10], 'alpha_neuron': [0], 'kernel_type': ['rbf', 'matern', 'periodic'], 'layer_width': [100, 250, 500, 750, 1000], 'num_inducing': [10, 25, 50, 75, 100]}",COMPLETE,
241,0.09000414048257559,2026-08-06 23:07:07.208730,2026-08-06 23:07:08.897843,1.689113,0.0,0,rbf,100,50,0.0,0,1.5773844589994042,rbf,100,50,1,0.09000414048257559,241,"{'alpha_edge': [0, 0.001, 0.1, 1, 10], 'alpha_neuron': [0], 'kernel_type': ['rbf', 'matern', 'periodic'], 'layer_width': [100, 250, 500, 750, 1000], 'num_inducing': [10, 25, 50, 75, 100]}",COMPLETE,
242,0.024338400048542822,2026-08-06 23:07:08.902978,2026-08-06 23:07:09.440389,0.537411,0.001,0,periodic,100,10,0.001,0,0.5016541249997317,periodic,100,10,1,0.024338400048542822,242,"{'alpha_edge': [0, 0.001, 0.1, 1, 10], 'alpha_neuron': [0], 'kernel_type': ['rbf', 'matern', 'periodic'], 'layer_width': [100, 250, 500, 750, 1000], 'num_inducing': [10, 25, 50, 75, 100]}",COMPLETE,
243,0.033241380495864906,2026-08-06 23:07:09.443783,2026-08-06 23:07:43.305670,33.861887,0.0,0,rbf,1000,100,0.0,0,31.445677875,rbf,1000,100,1,0.033241380495864906,243,"{'alpha_edge': [0, 0.001, 0.1, 1, 10], 'alpha_neuron': [0], 'kernel_type': ['rbf', 'matern', 'periodic'], 'layer_width': [100, 250, 500, 750, 1000], 'num_inducing': [10, 25, 50, 75, 100]}",COMPLETE,
244,0.0218599843776459,2026-08-06 23:07:43.308800,2026-08-06 23:07:44.727952,1.419152,0.0,0,matern,250,10,0.0,0,1.29984366699955,matern,250,10,1,0.0218599843776459,244,"{'alpha_edge': [0, 0.001, 0.1, 1, 10], 'alpha_neuron': [0], 'kernel_type': ['rbf', 'matern', 'periodic'], 'layer_width': [100, 250, 500, 750, 1000], 'num_inducing': [10, 25, 50, 75, 100]}",COMPLETE,
245,0.019526054528455804,2026-08-06 23:07:44.731833,2026-08-06 23:07:46.266803,1.53497,0.001,0,rbf,100,50,0.001,0,1.4000575000000026,rbf,100,50,1,0.019526054528455804,245,"{'alpha_edge': [0, 0.001, 0.1, 1, 10], 'alpha_neuron': [0], 'kernel_type': ['rbf', 'matern', 'periodic'], 'layer_width': [100, 250, 500, 750, 1000], 'num_inducing': [10, 25, 50, 75, 100]}",COMPLETE,
246,0.006429386909327866,2026-08-06 23:07:46.269809,2026-08-06 23:07:50.416184,4.146375,1.0,0,rbf,250,50,1.0,0,3.8240262090002943,rbf,250,50,1,0.006429386909327866,246,"{'alpha_edge': [0, 0.001, 0.1, 1, 10], 'alpha_neuron': [0], 'kernel_type': ['rbf', 'matern', 'periodic'], 'layer_width': [100, 250, 500, 750, 1000], 'num_inducing': [10, 25, 50, 75, 100]}",COMPLETE,
247,0.006429500469743114,2026-08-06 23:07:50.444212,2026-08-06 23:08:06.005594,15.561382,0.1,0,matern,500,75,0.1,0,14.202777292000064,matern,500,75,1,0.006429500469743114,247,"{'alpha_edge': [0, 0.001, 0.1, 1, 10], 'alpha_neuron': [0], 'kernel_type': ['rbf', 'matern', 'periodic'], 'layer_width': [100, 250, 500, 750, 1000], 'num_inducing': [10, 25, 50, 75, 100]}",COMPLETE,
248,0.011926823927324972,2026-08-06 23:08:06.010124,2026-08-06 23:08:16.686578,10.676454,0.1,0,matern,250,100,0.1,0,9.711426042000312,matern,250,100,1,0.011926823927324972,248,"{'alpha_edge': [0, 0.001, 0.1, 1, 10], 'alpha_neuron': [0], 'kernel_type': ['rbf', 'matern', 'periodic'], 'layer_width': [100, 250, 500, 750, 1000], 'num_inducing': [10, 25, 50, 75, 100]}",COMPLETE,
249,0.002426150780982972,2026-08-06 23:08:16.689684,2026-08-06 23:08:27.574351,10.884667,10.0,0,matern,1000,25,10.0,0,10.103289917000438,matern,1000,25,1,0.002426150780982972,249,"{'alpha_edge': [0, 0.001, 0.1, 1, 10], 'alpha_neuron': [0], 'kernel_type': ['rbf', 'matern', 'periodic'], 'layer_width': [100, 250, 500, 750, 1000], 'num_inducing': [10, 25, 50, 75, 100]}",COMPLETE,
250,0.08055378203662729,2026-08-06 23:08:27.577670,2026-08-06 23:08:30.250502,2.672832,1.0,0,periodic,250,25,1.0,0,2.382671709000533,periodic,250,25,1,0.08055378203662729,250,"{'alpha_edge': [0, 0.001, 0.1, 1, 10], 'alpha_neuron': [0], 'kernel_type': ['rbf', 'matern', 'periodic'], 'layer_width': [100, 250, 500, 750, 1000], 'num_inducing': [10, 25, 50, 75, 100]}",COMPLETE,
251,0.11801427831932673,2026-08-06 23:08:30.253885,2026-08-06 23:08:34.535203,4.281318,10.0,0,periodic,100,100,10.0,0,3.73565758299992,periodic,100,100,1,0.11801427831932673,251,"{'alpha_edge': [0, 0.001, 0.1, 1, 10], 'alpha_neuron': [0], 'kernel_type': ['rbf', 'matern', 'periodic'], 'layer_width': [100, 250, 500, 750, 1000], 'num_inducing': [10, 25, 50, 75, 100]}",COMPLETE,
252,0.03838801701622166,2026-08-06 23:08:34.538251,2026-08-06 23:08:59.910862,25.372611,0.0,0,rbf,750,100,0.0,0,23.594643375000487,rbf,750,100,1,0.03838801701622166,252,"{'alpha_edge': [0, 0.001, 0.1, 1, 10], 'alpha_neuron': [0], 'kernel_type': ['rbf', 'matern', 'periodic'], 'layer_width': [100, 250, 500, 750, 1000], 'num_inducing': [10, 25, 50, 75, 100]}",COMPLETE,
253,0.003977358711326255,2026-08-06 23:08:59.913854,2026-08-06 23:09:25.018171,25.104317,10.0,0,rbf,750,100,10.0,0,23.244925291999607,rbf,750,100,1,0.003977358711326255,253,"{'alpha_edge': [0, 0.001, 0.1, 1, 10], 'alpha_neuron': [0], 'kernel_type': ['rbf', 'matern', 'periodic'], 'layer_width': [100, 250, 500, 750, 1000], 'num_inducing': [10, 25, 50, 75, 100]}",COMPLETE,
254,0.0024965672934961253,2026-08-06 23:09:25.021337,2026-08-06 23:09:33.962712,8.941375,10.0,0,rbf,1000,25,10.0,0,8.401252458000272,rbf,1000,25,1,0.0024965672934961253,254,"{'alpha_edge': [0, 0.001, 0.1, 1, 10], 'alpha_neuron': [0], 'kernel_type': ['rbf', 'matern', 'periodic'], 'layer_width': [100, 250, 500, 750, 1000], 'num_inducing': [10, 25, 50, 75, 100]}",COMPLETE,
255,0.010098413808438412,2026-08-06 23:09:33.965792,2026-08-06 23:09:39.455585,5.489793,0.1,0,matern,250,50,0.1,0,5.120513333000417,matern,250,50,1,0.010098413808438412,255,"{'alpha_edge': [0, 0.001, 0.1, 1, 10], 'alpha_neuron': [0], 'kernel_type': ['rbf', 'matern', 'periodic'], 'layer_width': [100, 250, 500, 750, 1000], 'num_inducing': [10, 25, 50, 75, 100]}",COMPLETE,
256,0.008480371523128926,2026-08-06 23:09:39.458899,2026-08-06 23:09:42.240461,2.781562,10.0,0,matern,250,25,10.0,0,2.563123416000053,matern,250,25,1,0.008480371523128926,256,"{'alpha_edge': [0, 0.001, 0.1, 1, 10], 'alpha_neuron': [0], 'kernel_type': ['rbf', 'matern', 'periodic'], 'layer_width': [100, 250, 500, 750, 1000], 'num_inducing': [10, 25, 50, 75, 100]}",COMPLETE,
257,0.01351632765508469,2026-08-06 23:09:42.280764,2026-08-06 23:09:43.428432,1.147668,0.001,0,rbf,250,10,0.001,0,1.0540929589997177,rbf,250,10,1,0.01351632765508469,257,"{'alpha_edge': [0, 0.001, 0.1, 1, 10], 'alpha_neuron': [0], 'kernel_type': ['rbf', 'matern', 'periodic'], 'layer_width': [100, 250, 500, 750, 1000], 'num_inducing': [10, 25, 50, 75, 100]}",COMPLETE,
258,0.01767719579528381,2026-08-06 23:09:43.431505,2026-08-06 23:09:51.160287,7.728782,1.0,0,matern,250,75,1.0,0,7.131079165999836,matern,250,75,1,0.01767719579528381,258,"{'alpha_edge': [0, 0.001, 0.1, 1, 10], 'alpha_neuron': [0], 'kernel_type': ['rbf', 'matern', 'periodic'], 'layer_width': [100, 250, 500, 750, 1000], 'num_inducing': [10, 25, 50, 75, 100]}",COMPLETE,
259,0.28028387728929594,2026-08-06 23:09:51.163378,2026-08-06 23:09:55.686540,4.523162,0.0,0,rbf,500,25,0.0,0,4.237724790999891,rbf,500,25,1,0.28028387728929594,259,"{'alpha_edge': [0, 0.001, 0.1, 1, 10], 'alpha_neuron': [0], 'kernel_type': ['rbf', 'matern', 'periodic'], 'layer_width': [100, 250, 500, 750, 1000], 'num_inducing': [10, 25, 50, 75, 100]}",COMPLETE,
260,0.030971887128813595,2026-08-06 23:09:55.689690,2026-08-06 23:09:59.223188,3.533498,1.0,0,periodic,100,75,1.0,0,3.1861608339995655,periodic,100,75,1,0.030971887128813595,260,"{'alpha_edge': [0, 0.001, 0.1, 1, 10], 'alpha_neuron': [0], 'kernel_type': ['rbf', 'matern', 'periodic'], 'layer_width': [100, 250, 500, 750, 1000], 'num_inducing': [10, 25, 50, 75, 100]}",COMPLETE,
261,0.004971666936844213,2026-08-06 23:09:59.226569,2026-08-06 23:10:03.754252,4.527683,0.001,0,rbf,500,25,0.001,0,4.210752457999661,rbf,500,25,1,0.004971666936844213,261,"{'alpha_edge': [0, 0.001, 0.1, 1, 10], 'alpha_neuron': [0], 'kernel_type': ['rbf', 'matern', 'periodic'], 'layer_width': [100, 250, 500, 750, 1000], 'num_inducing': [10, 25, 50, 75, 100]}",COMPLETE,
262,0.011242096066819644,2026-08-06 23:10:03.757331,2026-08-06 23:10:09.082054,5.324723,0.0,0,matern,500,25,0.0,0,4.938370792000569,matern,500,25,1,0.011242096066819644,262,"{'alpha_edge': [0, 0.001, 0.1, 1, 10], 'alpha_neuron': [0], 'kernel_type': ['rbf', 'matern', 'periodic'], 'layer_width': [100, 250, 500, 750, 1000], 'num_inducing': [10, 25, 50, 75, 100]}",COMPLETE,
263,0.031155004640947573,2026-08-06 23:10:09.087264,2026-08-06 23:10:14.871949,5.784685,10.0,0,periodic,250,50,10.0,0,5.250558959000045,periodic,250,50,1,0.031155004640947573,263,"{'alpha_edge': [0, 0.001, 0.1, 1, 10], 'alpha_neuron': [0], 'kernel_type': ['rbf', 'matern', 'periodic'], 'layer_width': [100, 250, 500, 750, 1000], 'num_inducing': [10, 25, 50, 75, 100]}",COMPLETE,
264,0.04053233797299986,2026-08-06 23:10:14.902897,2026-08-06 23:10:23.377054,8.474157,0.0,0,periodic,250,75,0.0,0,7.778087207999306,periodic,250,75,1,0.04053233797299986,264,"{'alpha_edge': [0, 0.001, 0.1, 1, 10], 'alpha_neuron': [0], 'kernel_type': ['rbf', 'matern', 'periodic'], 'layer_width': [100, 250, 500, 750, 1000], 'num_inducing': [10, 25, 50, 75, 100]}",COMPLETE,
265,0.0072305137883425154,2026-08-06 23:10:23.402550,2026-08-06 23:10:31.394737,7.992187,0.0,0,matern,750,25,0.0,0,7.459033582999837,matern,750,25,1,0.0072305137883425154,265,"{'alpha_edge': [0, 0.001, 0.1, 1, 10], 'alpha_neuron': [0], 'kernel_type': ['rbf', 'matern', 'periodic'], 'layer_width': [100, 250, 500, 750, 1000], 'num_inducing': [10, 25, 50, 75, 100]}",COMPLETE,
266,0.0379906196321293,2026-08-06 23:10:31.397476,2026-08-06 23:10:32.111612,0.714136,0.0,0,periodic,100,10,0.0,0,0.630987541999275,periodic,100,10,1,0.0379906196321293,266,"{'alpha_edge': [0, 0.001, 0.1, 1, 10], 'alpha_neuron': [0], 'kernel_type': ['rbf', 'matern', 'periodic'], 'layer_width': [100, 250, 500, 750, 1000], 'num_inducing': [10, 25, 50, 75, 100]}",COMPLETE,
267,0.01228511661112811,2026-08-06 23:10:32.114525,2026-08-06 23:10:43.767119,11.652594,0.1,0,periodic,250,100,0.1,0,10.642648916000326,periodic,250,100,1,0.01228511661112811,267,"{'alpha_edge': [0, 0.001, 0.1, 1, 10], 'alpha_neuron': [0], 'kernel_type': ['rbf', 'matern', 'periodic'], 'layer_width': [100, 250, 500, 750, 1000], 'num_inducing': [10, 25, 50, 75, 100]}",COMPLETE,
268,0.05199482048118361,2026-08-06 23:10:43.771432,2026-08-06 23:10:49.889933,6.118501,1.0,0,periodic,1000,10,1.0,0,5.696284416999333,periodic,1000,10,1,0.05199482048118361,268,"{'alpha_edge': [0, 0.001, 0.1, 1, 10], 'alpha_neuron': [0], 'kernel_type': ['rbf', 'matern', 'periodic'], 'layer_width': [100, 250, 500, 750, 1000], 'num_inducing': [10, 25, 50, 75, 100]}",COMPLETE,
269,0.008355082838000011,2026-08-06 23:10:49.893633,2026-08-06 23:11:23.719867,33.826234,1.0,0,periodic,750,100,1.0,0,30.777867292000337,periodic,750,100,1,0.008355082838000011,269,"{'alpha_edge': [0, 0.001, 0.1, 1, 10], 'alpha_neuron': [0], 'kernel_type': ['rbf', 'matern', 'periodic'], 'layer_width': [100, 250, 500, 750, 1000], 'num_inducing': [10, 25, 50, 75, 100]}",COMPLETE,
270,0.012099897869867928,2026-08-06 23:11:23.722959,2026-08-06 23:11:29.543821,5.820862,10.0,0,rbf,250,75,10.0,0,5.350023375000092,rbf,250,75,1,0.012099897869867928,270,"{'alpha_edge': [0, 0.001, 0.1, 1, 10], 'alpha_neuron': [0], 'kernel_type': ['rbf', 'matern', 'periodic'], 'layer_width': [100, 250, 500, 750, 1000], 'num_inducing': [10, 25, 50, 75, 100]}",COMPLETE,
271,0.0011265281370650532,2026-08-06 23:11:29.546977,2026-08-06 23:12:01.508657,31.96168,0.001,0,matern,1000,75,0.001,0,29.323292541999763,matern,1000,75,1,0.0011265281370650532,271,"{'alpha_edge': [0, 0.001, 0.1, 1, 10], 'alpha_neuron': [0], 'kernel_type': ['rbf', 'matern', 'periodic'], 'layer_width': [100, 250, 500, 750, 1000], 'num_inducing': [10, 25, 50, 75, 100]}",COMPLETE,
272,0.005779959294232754,2026-08-06 23:12:01.512312,2026-08-06 23:12:23.895411,22.383099,0.1,0,periodic,1000,50,0.1,0,20.340349874999447,periodic,1000,50,1,0.005779959294232754,272,"{'alpha_edge': [0, 0.001, 0.1, 1, 10], 'alpha_neuron': [0], 'kernel_type': ['rbf', 'matern', 'periodic'], 'layer_width': [100, 250, 500, 750, 1000], 'num_inducing': [10, 25, 50, 75, 100]}",COMPLETE,
273,0.05049540564765063,2026-08-06 23:12:23.898549,2026-08-06 23:12:34.770751,10.872202,0.0,0,periodic,500,50,0.0,0,9.963576208000632,periodic,500,50,1,0.05049540564765063,273,"{'alpha_edge': [0, 0.001, 0.1, 1, 10], 'alpha_neuron': [0], 'kernel_type': ['rbf', 'matern', 'periodic'], 'layer_width': [100, 250, 500, 750, 1000], 'num_inducing': [10, 25, 50, 75, 100]}",COMPLETE,
274,0.025479993170828674,2026-08-06 23:12:34.773759,2026-08-06 23:12:40.465426,5.691667,1.0,0,periodic,250,50,1.0,0,5.19179716599956,periodic,250,50,1,0.025479993170828674,274,"{'alpha_edge': [0, 0.001, 0.1, 1, 10], 'alpha_neuron': [0], 'kernel_type': ['rbf', 'matern', 'periodic'], 'layer_width': [100, 250, 500, 750, 1000], 'num_inducing': [10, 25, 50, 75, 100]}",COMPLETE,
275,0.012733377474667861,2026-08-06 23:12:40.468540,2026-08-06 23:12:42.036211,1.567671,0.001,0,periodic,250,10,0.001,0,1.4191035419999025,periodic,250,10,1,0.012733377474667861,275,"{'alpha_edge': [0, 0.001, 0.1, 1, 10], 'alpha_neuron': [0], 'kernel_type': ['rbf', 'matern', 'periodic'], 'layer_width': [100, 250, 500, 750, 1000], 'num_inducing': [10, 25, 50, 75, 100]}",COMPLETE,
276,0.0051246858318326335,2026-08-06 23:12:42.039231,2026-08-06 23:12:52.809998,10.770767,0.1,0,matern,500,50,0.1,0,9.748246874999495,matern,500,50,1,0.0051246858318326335,276,"{'alpha_edge': [0, 0.001, 0.1, 1, 10], 'alpha_neuron': [0], 'kernel_type': ['rbf', 'matern', 'periodic'], 'layer_width': [100, 250, 500, 750, 1000], 'num_inducing': [10, 25, 50, 75, 100]}",COMPLETE,
277,0.04158020573060156,2026-08-06 23:12:52.813147,2026-08-06 23:13:18.309926,25.496779,0.0,0,rbf,1000,75,0.0,0,23.411130790999778,rbf,1000,75,1,0.04158020573060156,277,"{'alpha_edge': [0, 0.001, 0.1, 1, 10], 'alpha_neuron': [0], 'kernel_type': ['rbf', 'matern', 'periodic'], 'layer_width': [100, 250, 500, 750, 1000], 'num_inducing': [10, 25, 50, 75, 100]}",COMPLETE,
278,0.008711609473636826,2026-08-06 23:13:18.313675,2026-08-06 23:13:53.011623,34.697948,0.0,0,matern,750,75,0.0,0,31.623618125000576,matern,750,75,1,0.008711609473636826,278,"{'alpha_edge': [0, 0.001, 0.1, 1, 10], 'alpha_neuron': [0], 'kernel_type': ['rbf', 'matern', 'periodic'], 'layer_width': [100, 250, 500, 750, 1000], 'num_inducing': [10, 25, 50, 75, 100]}",COMPLETE,
279,0.08044086477687655,2026-08-06 23:13:53.015229,2026-08-06 23:13:53.684801,0.669572,0.0,0,rbf,100,10,0.0,0,0.6113714579996667,rbf,100,10,1,0.08044086477687655,279,"{'alpha_edge': [0, 0.001, 0.1, 1, 10], 'alpha_neuron': [0], 'kernel_type': ['rbf', 'matern', 'periodic'], 'layer_width': [100, 250, 500, 750, 1000], 'num_inducing': [10, 25, 50, 75, 100]}",COMPLETE,
280,0.04074238862810167,2026-08-06 23:13:53.692752,2026-08-06 23:13:55.489766,1.797014,0.1,0,periodic,100,25,0.1,0,1.6004970419999154,periodic,100,25,1,0.04074238862810167,280,"{'alpha_edge': [0, 0.001, 0.1, 1, 10], 'alpha_neuron': [0], 'kernel_type': ['rbf', 'matern', 'periodic'], 'layer_width': [100, 250, 500, 750, 1000], 'num_inducing': [10, 25, 50, 75, 100]}",COMPLETE,
281,0.0006983969885916231,2026-08-06 23:13:55.493638,2026-08-06 23:14:01.374441,5.880803,10.0,0,rbf,750,10,10.0,0,5.4644029999999475,rbf,750,10,1,0.0006983969885916231,281,"{'alpha_edge': [0, 0.001, 0.1, 1, 10], 'alpha_neuron': [0], 'kernel_type': ['rbf', 'matern', 'periodic'], 'layer_width': [100, 250, 500, 750, 1000], 'num_inducing': [10, 25, 50, 75, 100]}",COMPLETE,
282,0.0008159303177673598,2026-08-06 23:14:01.382043,2026-08-06 23:14:38.569759,37.187716,0.001,0,rbf,1000,75,0.001,0,34.32951283300008,rbf,1000,75,1,0.0008159303177673598,282,"{'alpha_edge': [0, 0.001, 0.1, 1, 10], 'alpha_neuron': [0], 'kernel_type': ['rbf', 'matern', 'periodic'], 'layer_width': [100, 250, 500, 750, 1000], 'num_inducing': [10, 25, 50, 75, 100]}",COMPLETE,
283,0.02068224788545949,2026-08-06 23:14:38.573493,2026-08-06 23:14:43.466177,4.892684,0.1,0,matern,100,75,0.1,0,4.504231541000081,matern,100,75,1,0.02068224788545949,283,"{'alpha_edge': [0, 0.001, 0.1, 1, 10], 'alpha_neuron': [0], 'kernel_type': ['rbf', 'matern', 'periodic'], 'layer_width': [100, 250, 500, 750, 1000], 'num_inducing': [10, 25, 50, 75, 100]}",COMPLETE,
284,0.017489610898821773,2026-08-06 23:14:43.471870,2026-08-06 23:14:47.908138,4.436268,1.0,0,matern,250,25,1.0,0,4.100249959000394,matern,250,25,1,0.017489610898821773,284,"{'alpha_edge': [0, 0.001, 0.1, 1, 10], 'alpha_neuron': [0], 'kernel_type': ['rbf', 'matern', 'periodic'], 'layer_width': [100, 250, 500, 750, 1000], 'num_inducing': [10, 25, 50, 75, 100]}",COMPLETE,
