number,value,datetime_start,datetime_complete,duration,params_alpha_edge,params_alpha_neuron,params_kernel_type,params_layer_width,params_num_inducing,user_attrs_alpha_edge,user_attrs_alpha_neuron,fit_duration_sec,kernel_type,user_attrs_layer_width,user_attrs_num_inducing,sigma_scale,val_rmse,system_attrs_grid_id,system_attrs_search_space,state,test_rmse
0,0.0013083529008341256,2026-07-30 21:52:15.714188,2026-07-30 21:52:42.138916,26.424728,0.001,0,matern,1000,50,0.001,0,24.120977999991737,matern,1000,50,1,0.0013083529008341256,0,"{'alpha_edge': [0, 0.001, 0.1, 1, 10], 'alpha_neuron': [0], 'kernel_type': ['rbf', 'matern', 'periodic'], 'layer_width': [100, 250, 500, 750, 1000], 'num_inducing': [10, 25, 50, 75, 100]}",COMPLETE,
1,0.008759980124423443,2026-07-30 21:52:42.144732,2026-07-30 21:53:01.929055,19.784323,1.0,0,periodic,1000,25,1.0,0,18.104205875017215,periodic,1000,25,1,0.008759980124423443,1,"{'alpha_edge': [0, 0.001, 0.1, 1, 10], 'alpha_neuron': [0], 'kernel_type': ['rbf', 'matern', 'periodic'], 'layer_width': [100, 250, 500, 750, 1000], 'num_inducing': [10, 25, 50, 75, 100]}",COMPLETE,
2,0.0066447025395079,2026-07-30 21:53:01.932849,2026-07-30 21:53:15.414858,13.482009,10.0,0,rbf,500,50,10.0,0,12.777019708009902,rbf,500,50,1,0.0066447025395079,2,"{'alpha_edge': [0, 0.001, 0.1, 1, 10], 'alpha_neuron': [0], 'kernel_type': ['rbf', 'matern', 'periodic'], 'layer_width': [100, 250, 500, 750, 1000], 'num_inducing': [10, 25, 50, 75, 100]}",COMPLETE,
3,0.014512024992080645,2026-07-30 21:53:15.420765,2026-07-30 21:53:18.832219,3.411454,0.1,0,periodic,500,10,0.1,0,3.110499541973695,periodic,500,10,1,0.014512024992080645,3,"{'alpha_edge': [0, 0.001, 0.1, 1, 10], 'alpha_neuron': [0], 'kernel_type': ['rbf', 'matern', 'periodic'], 'layer_width': [100, 250, 500, 750, 1000], 'num_inducing': [10, 25, 50, 75, 100]}",COMPLETE,
4,0.03189899909606517,2026-07-30 21:53:18.836532,2026-07-30 21:53:24.324418,5.487886,0.1,0,periodic,100,100,0.1,0,5.0271139580290765,periodic,100,100,1,0.03189899909606517,4,"{'alpha_edge': [0, 0.001, 0.1, 1, 10], 'alpha_neuron': [0], 'kernel_type': ['rbf', 'matern', 'periodic'], 'layer_width': [100, 250, 500, 750, 1000], 'num_inducing': [10, 25, 50, 75, 100]}",COMPLETE,
5,0.03219158881351908,2026-07-30 21:53:24.331324,2026-07-30 21:53:27.195737,2.864413,0.001,0,matern,100,50,0.001,0,2.6329416669905186,matern,100,50,1,0.03219158881351908,5,"{'alpha_edge': [0, 0.001, 0.1, 1, 10], 'alpha_neuron': [0], 'kernel_type': ['rbf', 'matern', 'periodic'], 'layer_width': [100, 250, 500, 750, 1000], 'num_inducing': [10, 25, 50, 75, 100]}",COMPLETE,
6,0.0020662030789735056,2026-07-30 21:53:27.199156,2026-07-30 21:54:08.367945,41.168789,1.0,0,rbf,1000,100,1.0,0,37.993334500002675,rbf,1000,100,1,0.0020662030789735056,6,"{'alpha_edge': [0, 0.001, 0.1, 1, 10], 'alpha_neuron': [0], 'kernel_type': ['rbf', 'matern', 'periodic'], 'layer_width': [100, 250, 500, 750, 1000], 'num_inducing': [10, 25, 50, 75, 100]}",COMPLETE,
7,0.006575091332937163,2026-07-30 21:54:08.370652,2026-07-30 21:54:16.278928,7.908276,0.001,0,periodic,1000,10,0.001,0,6.978157166973688,periodic,1000,10,1,0.006575091332937163,7,"{'alpha_edge': [0, 0.001, 0.1, 1, 10], 'alpha_neuron': [0], 'kernel_type': ['rbf', 'matern', 'periodic'], 'layer_width': [100, 250, 500, 750, 1000], 'num_inducing': [10, 25, 50, 75, 100]}",COMPLETE,
8,0.025777847498742606,2026-07-30 21:54:16.282862,2026-07-30 21:54:18.034481,1.751619,0.001,0,rbf,100,25,0.001,0,1.010228790983092,rbf,100,25,1,0.025777847498742606,8,"{'alpha_edge': [0, 0.001, 0.1, 1, 10], 'alpha_neuron': [0], 'kernel_type': ['rbf', 'matern', 'periodic'], 'layer_width': [100, 250, 500, 750, 1000], 'num_inducing': [10, 25, 50, 75, 100]}",COMPLETE,
9,0.07634661702057946,2026-07-30 21:54:18.037932,2026-07-30 21:54:21.303604,3.265672,0.0,0,periodic,100,50,0.0,0,2.8906575409928337,periodic,100,50,1,0.07634661702057946,9,"{'alpha_edge': [0, 0.001, 0.1, 1, 10], 'alpha_neuron': [0], 'kernel_type': ['rbf', 'matern', 'periodic'], 'layer_width': [100, 250, 500, 750, 1000], 'num_inducing': [10, 25, 50, 75, 100]}",COMPLETE,
10,0.06990773257187687,2026-07-30 21:54:21.307263,2026-07-30 21:54:21.743782,0.436519,10.0,0,rbf,100,10,10.0,0,0.41227216698462144,rbf,100,10,1,0.06990773257187687,10,"{'alpha_edge': [0, 0.001, 0.1, 1, 10], 'alpha_neuron': [0], 'kernel_type': ['rbf', 'matern', 'periodic'], 'layer_width': [100, 250, 500, 750, 1000], 'num_inducing': [10, 25, 50, 75, 100]}",COMPLETE,
11,0.0027277658194860173,2026-07-30 21:54:21.746757,2026-07-30 21:54:31.352524,9.605767,0.1,0,rbf,1000,25,0.1,0,9.003074124979321,rbf,1000,25,1,0.0027277658194860173,11,"{'alpha_edge': [0, 0.001, 0.1, 1, 10], 'alpha_neuron': [0], 'kernel_type': ['rbf', 'matern', 'periodic'], 'layer_width': [100, 250, 500, 750, 1000], 'num_inducing': [10, 25, 50, 75, 100]}",COMPLETE,
12,0.04559318424606915,2026-07-30 21:54:31.356026,2026-07-30 21:54:34.340543,2.984517,0.0,0,periodic,500,10,0.0,0,2.7496614170377143,periodic,500,10,1,0.04559318424606915,12,"{'alpha_edge': [0, 0.001, 0.1, 1, 10], 'alpha_neuron': [0], 'kernel_type': ['rbf', 'matern', 'periodic'], 'layer_width': [100, 250, 500, 750, 1000], 'num_inducing': [10, 25, 50, 75, 100]}",COMPLETE,
13,0.0031625271448421787,2026-07-30 21:54:34.345706,2026-07-30 21:54:53.121737,18.776031,10.0,0,rbf,750,50,10.0,0,17.621371625049505,rbf,750,50,1,0.0031625271448421787,13,"{'alpha_edge': [0, 0.001, 0.1, 1, 10], 'alpha_neuron': [0], 'kernel_type': ['rbf', 'matern', 'periodic'], 'layer_width': [100, 250, 500, 750, 1000], 'num_inducing': [10, 25, 50, 75, 100]}",COMPLETE,
14,0.07437144333107244,2026-07-30 21:54:53.127651,2026-07-30 21:54:55.329068,2.201417,10.0,0,periodic,250,10,10.0,0,2.0688275000429712,periodic,250,10,1,0.07437144333107244,14,"{'alpha_edge': [0, 0.001, 0.1, 1, 10], 'alpha_neuron': [0], 'kernel_type': ['rbf', 'matern', 'periodic'], 'layer_width': [100, 250, 500, 750, 1000], 'num_inducing': [10, 25, 50, 75, 100]}",COMPLETE,
15,0.009779977371511902,2026-07-30 21:54:55.332520,2026-07-30 21:55:08.289567,12.957047,0.1,0,periodic,750,25,0.1,0,11.982720707950648,periodic,750,25,1,0.009779977371511902,15,"{'alpha_edge': [0, 0.001, 0.1, 1, 10], 'alpha_neuron': [0], 'kernel_type': ['rbf', 'matern', 'periodic'], 'layer_width': [100, 250, 500, 750, 1000], 'num_inducing': [10, 25, 50, 75, 100]}",COMPLETE,
16,0.06924086724324484,2026-07-30 21:55:08.297454,2026-07-30 21:55:14.857030,6.559576,0.0,0,periodic,100,100,0.0,0,5.864409834030084,periodic,100,100,1,0.06924086724324484,16,"{'alpha_edge': [0, 0.001, 0.1, 1, 10], 'alpha_neuron': [0], 'kernel_type': ['rbf', 'matern', 'periodic'], 'layer_width': [100, 250, 500, 750, 1000], 'num_inducing': [10, 25, 50, 75, 100]}",COMPLETE,
17,0.002732067395459874,2026-07-30 21:55:14.861781,2026-07-30 21:55:35.102859,20.241078,0.1,0,rbf,750,75,0.1,0,19.014564540993888,rbf,750,75,1,0.002732067395459874,17,"{'alpha_edge': [0, 0.001, 0.1, 1, 10], 'alpha_neuron': [0], 'kernel_type': ['rbf', 'matern', 'periodic'], 'layer_width': [100, 250, 500, 750, 1000], 'num_inducing': [10, 25, 50, 75, 100]}",COMPLETE,
18,0.0020964838307852562,2026-07-30 21:55:35.183548,2026-07-30 21:55:40.770533,5.586985,10.0,0,matern,500,25,10.0,0,5.119238833023701,matern,500,25,1,0.0020964838307852562,18,"{'alpha_edge': [0, 0.001, 0.1, 1, 10], 'alpha_neuron': [0], 'kernel_type': ['rbf', 'matern', 'periodic'], 'layer_width': [100, 250, 500, 750, 1000], 'num_inducing': [10, 25, 50, 75, 100]}",COMPLETE,
19,0.003158122034659342,2026-07-30 21:55:40.773713,2026-07-30 21:55:47.704051,6.930338,10.0,0,rbf,750,25,10.0,0,6.410370832949411,rbf,750,25,1,0.003158122034659342,19,"{'alpha_edge': [0, 0.001, 0.1, 1, 10], 'alpha_neuron': [0], 'kernel_type': ['rbf', 'matern', 'periodic'], 'layer_width': [100, 250, 500, 750, 1000], 'num_inducing': [10, 25, 50, 75, 100]}",COMPLETE,
20,0.0059846177729440345,2026-07-30 21:55:47.706940,2026-07-30 21:55:58.766683,11.059743,0.001,0,periodic,1000,25,0.001,0,10.064093916036654,periodic,1000,25,1,0.0059846177729440345,20,"{'alpha_edge': [0, 0.001, 0.1, 1, 10], 'alpha_neuron': [0], 'kernel_type': ['rbf', 'matern', 'periodic'], 'layer_width': [100, 250, 500, 750, 1000], 'num_inducing': [10, 25, 50, 75, 100]}",COMPLETE,
21,0.011484826575483725,2026-07-30 21:55:58.770079,2026-07-30 21:56:08.585505,9.815426,0.0,0,matern,500,50,0.0,0,9.017936667019967,matern,500,50,1,0.011484826575483725,21,"{'alpha_edge': [0, 0.001, 0.1, 1, 10], 'alpha_neuron': [0], 'kernel_type': ['rbf', 'matern', 'periodic'], 'layer_width': [100, 250, 500, 750, 1000], 'num_inducing': [10, 25, 50, 75, 100]}",COMPLETE,
22,0.014391949566040658,2026-07-30 21:56:08.588870,2026-07-30 21:56:12.687380,4.09851,1.0,0,rbf,250,25,1.0,0,3.391547625011299,rbf,250,25,1,0.014391949566040658,22,"{'alpha_edge': [0, 0.001, 0.1, 1, 10], 'alpha_neuron': [0], 'kernel_type': ['rbf', 'matern', 'periodic'], 'layer_width': [100, 250, 500, 750, 1000], 'num_inducing': [10, 25, 50, 75, 100]}",COMPLETE,
23,0.0018364323792142492,2026-07-30 21:56:12.691334,2026-07-30 21:56:55.507185,42.815851,0.1,0,matern,1000,100,0.1,0,39.515761416987516,matern,1000,100,1,0.0018364323792142492,23,"{'alpha_edge': [0, 0.001, 0.1, 1, 10], 'alpha_neuron': [0], 'kernel_type': ['rbf', 'matern', 'periodic'], 'layer_width': [100, 250, 500, 750, 1000], 'num_inducing': [10, 25, 50, 75, 100]}",COMPLETE,
24,0.0023943083105386754,2026-07-30 21:56:55.510831,2026-07-30 21:57:35.975472,40.464641,1.0,0,matern,1000,100,1.0,0,37.064042084035464,matern,1000,100,1,0.0023943083105386754,24,"{'alpha_edge': [0, 0.001, 0.1, 1, 10], 'alpha_neuron': [0], 'kernel_type': ['rbf', 'matern', 'periodic'], 'layer_width': [100, 250, 500, 750, 1000], 'num_inducing': [10, 25, 50, 75, 100]}",COMPLETE,
25,0.024293531388101624,2026-07-30 21:57:35.980828,2026-07-30 21:57:38.268738,2.28791,0.001,0,rbf,100,75,0.001,0,2.122627292003017,rbf,100,75,1,0.024293531388101624,25,"{'alpha_edge': [0, 0.001, 0.1, 1, 10], 'alpha_neuron': [0], 'kernel_type': ['rbf', 'matern', 'periodic'], 'layer_width': [100, 250, 500, 750, 1000], 'num_inducing': [10, 25, 50, 75, 100]}",COMPLETE,
26,0.007286269185693693,2026-07-30 21:57:38.271729,2026-07-30 21:58:09.209110,30.937381,0.1,0,periodic,750,100,0.1,0,28.16819762502564,periodic,750,100,1,0.007286269185693693,26,"{'alpha_edge': [0, 0.001, 0.1, 1, 10], 'alpha_neuron': [0], 'kernel_type': ['rbf', 'matern', 'periodic'], 'layer_width': [100, 250, 500, 750, 1000], 'num_inducing': [10, 25, 50, 75, 100]}",COMPLETE,
27,0.053089342186365795,2026-07-30 21:58:09.212535,2026-07-30 21:58:12.086424,2.873889,1.0,0,matern,100,75,1.0,0,2.6361174170160666,matern,100,75,1,0.053089342186365795,27,"{'alpha_edge': [0, 0.001, 0.1, 1, 10], 'alpha_neuron': [0], 'kernel_type': ['rbf', 'matern', 'periodic'], 'layer_width': [100, 250, 500, 750, 1000], 'num_inducing': [10, 25, 50, 75, 100]}",COMPLETE,
28,0.0703248678519421,2026-07-30 21:58:12.092846,2026-07-30 21:58:14.310522,2.217676,0.0,0,rbf,250,25,0.0,0,2.0690067500108853,rbf,250,25,1,0.0703248678519421,28,"{'alpha_edge': [0, 0.001, 0.1, 1, 10], 'alpha_neuron': [0], 'kernel_type': ['rbf', 'matern', 'periodic'], 'layer_width': [100, 250, 500, 750, 1000], 'num_inducing': [10, 25, 50, 75, 100]}",COMPLETE,
29,0.08838630512823098,2026-07-30 21:58:14.313189,2026-07-30 21:58:15.280211,0.967022,0.0,0,rbf,100,25,0.0,0,0.8817525409976952,rbf,100,25,1,0.08838630512823098,29,"{'alpha_edge': [0, 0.001, 0.1, 1, 10], 'alpha_neuron': [0], 'kernel_type': ['rbf', 'matern', 'periodic'], 'layer_width': [100, 250, 500, 750, 1000], 'num_inducing': [10, 25, 50, 75, 100]}",COMPLETE,
30,0.035786197923911654,2026-07-30 21:58:15.283365,2026-07-30 21:58:36.504153,21.220788,10.0,0,periodic,500,100,10.0,0,19.238209084025584,periodic,500,100,1,0.035786197923911654,30,"{'alpha_edge': [0, 0.001, 0.1, 1, 10], 'alpha_neuron': [0], 'kernel_type': ['rbf', 'matern', 'periodic'], 'layer_width': [100, 250, 500, 750, 1000], 'num_inducing': [10, 25, 50, 75, 100]}",COMPLETE,
31,0.0023276717965926125,2026-07-30 21:58:36.507228,2026-07-30 21:58:52.476313,15.969085,0.001,0,rbf,500,100,0.001,0,14.83232504199259,rbf,500,100,1,0.0023276717965926125,31,"{'alpha_edge': [0, 0.001, 0.1, 1, 10], 'alpha_neuron': [0], 'kernel_type': ['rbf', 'matern', 'periodic'], 'layer_width': [100, 250, 500, 750, 1000], 'num_inducing': [10, 25, 50, 75, 100]}",COMPLETE,
32,0.015518951934290185,2026-07-30 21:58:52.491476,2026-07-30 21:58:57.146514,4.655038,0.0,0,periodic,750,10,0.0,0,4.288329959032126,periodic,750,10,1,0.015518951934290185,32,"{'alpha_edge': [0, 0.001, 0.1, 1, 10], 'alpha_neuron': [0], 'kernel_type': ['rbf', 'matern', 'periodic'], 'layer_width': [100, 250, 500, 750, 1000], 'num_inducing': [10, 25, 50, 75, 100]}",COMPLETE,
33,0.005623392714803959,2026-07-30 21:58:57.149601,2026-07-30 21:59:28.189046,31.039445,0.1,0,periodic,1000,75,0.1,0,28.29829091602005,periodic,1000,75,1,0.005623392714803959,33,"{'alpha_edge': [0, 0.001, 0.1, 1, 10], 'alpha_neuron': [0], 'kernel_type': ['rbf', 'matern', 'periodic'], 'layer_width': [100, 250, 500, 750, 1000], 'num_inducing': [10, 25, 50, 75, 100]}",COMPLETE,
34,0.00988619993806266,2026-07-30 21:59:28.192496,2026-07-30 21:59:33.748642,5.556146,0.001,0,periodic,500,25,0.001,0,5.024925958015956,periodic,500,25,1,0.00988619993806266,34,"{'alpha_edge': [0, 0.001, 0.1, 1, 10], 'alpha_neuron': [0], 'kernel_type': ['rbf', 'matern', 'periodic'], 'layer_width': [100, 250, 500, 750, 1000], 'num_inducing': [10, 25, 50, 75, 100]}",COMPLETE,
35,0.008449084905173595,2026-07-30 21:59:33.752006,2026-07-30 21:59:41.450444,7.698438,10.0,0,rbf,250,100,10.0,0,7.0904057919979095,rbf,250,100,1,0.008449084905173595,35,"{'alpha_edge': [0, 0.001, 0.1, 1, 10], 'alpha_neuron': [0], 'kernel_type': ['rbf', 'matern', 'periodic'], 'layer_width': [100, 250, 500, 750, 1000], 'num_inducing': [10, 25, 50, 75, 100]}",COMPLETE,
36,0.005227304302515232,2026-07-30 21:59:41.454802,2026-07-30 21:59:49.135045,7.680243,0.1,0,rbf,500,50,0.1,0,7.15228624996962,rbf,500,50,1,0.005227304302515232,36,"{'alpha_edge': [0, 0.001, 0.1, 1, 10], 'alpha_neuron': [0], 'kernel_type': ['rbf', 'matern', 'periodic'], 'layer_width': [100, 250, 500, 750, 1000], 'num_inducing': [10, 25, 50, 75, 100]}",COMPLETE,
37,0.0074547139435112274,2026-07-30 21:59:49.140036,2026-07-30 22:00:20.251787,31.111751,0.001,0,periodic,750,100,0.001,0,28.312315208022483,periodic,750,100,1,0.0074547139435112274,37,"{'alpha_edge': [0, 0.001, 0.1, 1, 10], 'alpha_neuron': [0], 'kernel_type': ['rbf', 'matern', 'periodic'], 'layer_width': [100, 250, 500, 750, 1000], 'num_inducing': [10, 25, 50, 75, 100]}",COMPLETE,
38,0.04143457901441681,2026-07-30 22:00:20.256048,2026-07-30 22:00:22.704185,2.448137,0.0,0,rbf,500,10,0.0,0,2.3261604590225033,rbf,500,10,1,0.04143457901441681,38,"{'alpha_edge': [0, 0.001, 0.1, 1, 10], 'alpha_neuron': [0], 'kernel_type': ['rbf', 'matern', 'periodic'], 'layer_width': [100, 250, 500, 750, 1000], 'num_inducing': [10, 25, 50, 75, 100]}",COMPLETE,
39,0.04641093119446959,2026-07-30 22:00:22.706925,2026-07-30 22:00:23.900566,1.193641,0.0,0,matern,100,25,0.0,0,1.1211670420016162,matern,100,25,1,0.04641093119446959,39,"{'alpha_edge': [0, 0.001, 0.1, 1, 10], 'alpha_neuron': [0], 'kernel_type': ['rbf', 'matern', 'periodic'], 'layer_width': [100, 250, 500, 750, 1000], 'num_inducing': [10, 25, 50, 75, 100]}",COMPLETE,
40,0.016705085488099337,2026-07-30 22:00:23.903790,2026-07-30 22:01:04.446278,40.542488,0.0,0,periodic,1000,100,0.0,0,36.78426787501667,periodic,1000,100,1,0.016705085488099337,40,"{'alpha_edge': [0, 0.001, 0.1, 1, 10], 'alpha_neuron': [0], 'kernel_type': ['rbf', 'matern', 'periodic'], 'layer_width': [100, 250, 500, 750, 1000], 'num_inducing': [10, 25, 50, 75, 100]}",COMPLETE,
41,0.0156610681394404,2026-07-30 22:01:04.449381,2026-07-30 22:01:06.676097,2.226716,10.0,0,rbf,250,25,10.0,0,2.069634750019759,rbf,250,25,1,0.0156610681394404,41,"{'alpha_edge': [0, 0.001, 0.1, 1, 10], 'alpha_neuron': [0], 'kernel_type': ['rbf', 'matern', 'periodic'], 'layer_width': [100, 250, 500, 750, 1000], 'num_inducing': [10, 25, 50, 75, 100]}",COMPLETE,
42,0.0023283951736461153,2026-07-30 22:01:06.681272,2026-07-30 22:01:09.032625,2.351353,10.0,0,rbf,500,10,10.0,0,2.197134666959755,rbf,500,10,1,0.0023283951736461153,42,"{'alpha_edge': [0, 0.001, 0.1, 1, 10], 'alpha_neuron': [0], 'kernel_type': ['rbf', 'matern', 'periodic'], 'layer_width': [100, 250, 500, 750, 1000], 'num_inducing': [10, 25, 50, 75, 100]}",COMPLETE,
43,0.014907630630072463,2026-07-30 22:01:09.035908,2026-07-30 22:01:51.612060,42.576152,10.0,0,periodic,1000,100,10.0,0,38.77723462495487,periodic,1000,100,1,0.014907630630072463,43,"{'alpha_edge': [0, 0.001, 0.1, 1, 10], 'alpha_neuron': [0], 'kernel_type': ['rbf', 'matern', 'periodic'], 'layer_width': [100, 250, 500, 750, 1000], 'num_inducing': [10, 25, 50, 75, 100]}",COMPLETE,
44,0.002546732789427633,2026-07-30 22:01:51.615820,2026-07-30 22:01:57.031409,5.415589,0.0,0,matern,1000,10,0.0,0,4.964579416031484,matern,1000,10,1,0.002546732789427633,44,"{'alpha_edge': [0, 0.001, 0.1, 1, 10], 'alpha_neuron': [0], 'kernel_type': ['rbf', 'matern', 'periodic'], 'layer_width': [100, 250, 500, 750, 1000], 'num_inducing': [10, 25, 50, 75, 100]}",COMPLETE,
45,0.023535944856031683,2026-07-30 22:01:57.034622,2026-07-30 22:02:01.153619,4.118997,0.0,0,rbf,750,10,0.0,0,3.7709444589563645,rbf,750,10,1,0.023535944856031683,45,"{'alpha_edge': [0, 0.001, 0.1, 1, 10], 'alpha_neuron': [0], 'kernel_type': ['rbf', 'matern', 'periodic'], 'layer_width': [100, 250, 500, 750, 1000], 'num_inducing': [10, 25, 50, 75, 100]}",COMPLETE,
46,0.0007351696555224682,2026-07-30 22:02:01.157249,2026-07-30 22:02:09.292586,8.135337,1.0,0,matern,750,25,1.0,0,7.5475810000207275,matern,750,25,1,0.0007351696555224682,46,"{'alpha_edge': [0, 0.001, 0.1, 1, 10], 'alpha_neuron': [0], 'kernel_type': ['rbf', 'matern', 'periodic'], 'layer_width': [100, 250, 500, 750, 1000], 'num_inducing': [10, 25, 50, 75, 100]}",COMPLETE,
47,0.008655398489127518,2026-07-30 22:02:09.296133,2026-07-30 22:02:20.738267,11.442134,10.0,0,periodic,1000,25,10.0,0,10.403749540972058,periodic,1000,25,1,0.008655398489127518,47,"{'alpha_edge': [0, 0.001, 0.1, 1, 10], 'alpha_neuron': [0], 'kernel_type': ['rbf', 'matern', 'periodic'], 'layer_width': [100, 250, 500, 750, 1000], 'num_inducing': [10, 25, 50, 75, 100]}",COMPLETE,
48,0.05696005857015988,2026-07-30 22:02:20.741458,2026-07-30 22:02:21.873735,1.132277,0.0,0,rbf,250,10,0.0,0,1.060951167019084,rbf,250,10,1,0.05696005857015988,48,"{'alpha_edge': [0, 0.001, 0.1, 1, 10], 'alpha_neuron': [0], 'kernel_type': ['rbf', 'matern', 'periodic'], 'layer_width': [100, 250, 500, 750, 1000], 'num_inducing': [10, 25, 50, 75, 100]}",COMPLETE,
49,0.016578318857467633,2026-07-30 22:02:21.877075,2026-07-30 22:02:45.338549,23.461474,0.0,0,periodic,750,75,0.0,0,21.293896457995288,periodic,750,75,1,0.016578318857467633,49,"{'alpha_edge': [0, 0.001, 0.1, 1, 10], 'alpha_neuron': [0], 'kernel_type': ['rbf', 'matern', 'periodic'], 'layer_width': [100, 250, 500, 750, 1000], 'num_inducing': [10, 25, 50, 75, 100]}",COMPLETE,
50,0.01677964520834045,2026-07-30 22:02:45.341936,2026-07-30 22:02:46.628254,1.286318,1.0,0,rbf,250,10,1.0,0,1.194228957989253,rbf,250,10,1,0.01677964520834045,50,"{'alpha_edge': [0, 0.001, 0.1, 1, 10], 'alpha_neuron': [0], 'kernel_type': ['rbf', 'matern', 'periodic'], 'layer_width': [100, 250, 500, 750, 1000], 'num_inducing': [10, 25, 50, 75, 100]}",COMPLETE,
51,0.08420038679904131,2026-07-30 22:02:46.632765,2026-07-30 22:02:50.590538,3.957773,0.0,0,rbf,250,50,0.0,0,3.5825515000033192,rbf,250,50,1,0.08420038679904131,51,"{'alpha_edge': [0, 0.001, 0.1, 1, 10], 'alpha_neuron': [0], 'kernel_type': ['rbf', 'matern', 'periodic'], 'layer_width': [100, 250, 500, 750, 1000], 'num_inducing': [10, 25, 50, 75, 100]}",COMPLETE,
52,0.0046263919634545615,2026-07-30 22:02:50.593766,2026-07-30 22:02:59.103823,8.510057,1.0,0,rbf,500,50,1.0,0,7.887863458017819,rbf,500,50,1,0.0046263919634545615,52,"{'alpha_edge': [0, 0.001, 0.1, 1, 10], 'alpha_neuron': [0], 'kernel_type': ['rbf', 'matern', 'periodic'], 'layer_width': [100, 250, 500, 750, 1000], 'num_inducing': [10, 25, 50, 75, 100]}",COMPLETE,
53,0.008597542807602441,2026-07-30 22:02:59.107634,2026-07-30 22:03:01.753512,2.645878,0.1,0,matern,250,25,0.1,0,2.454053249966819,matern,250,25,1,0.008597542807602441,53,"{'alpha_edge': [0, 0.001, 0.1, 1, 10], 'alpha_neuron': [0], 'kernel_type': ['rbf', 'matern', 'periodic'], 'layer_width': [100, 250, 500, 750, 1000], 'num_inducing': [10, 25, 50, 75, 100]}",COMPLETE,
54,0.056551133254467485,2026-07-30 22:03:01.756534,2026-07-30 22:03:12.287261,10.530727,0.0,0,periodic,250,100,0.0,0,9.668871458037756,periodic,250,100,1,0.056551133254467485,54,"{'alpha_edge': [0, 0.001, 0.1, 1, 10], 'alpha_neuron': [0], 'kernel_type': ['rbf', 'matern', 'periodic'], 'layer_width': [100, 250, 500, 750, 1000], 'num_inducing': [10, 25, 50, 75, 100]}",COMPLETE,
55,0.0020749772529639896,2026-07-30 22:03:12.290559,2026-07-30 22:03:32.584647,20.294088,1.0,0,matern,1000,50,1.0,0,18.578719082986936,matern,1000,50,1,0.0020749772529639896,55,"{'alpha_edge': [0, 0.001, 0.1, 1, 10], 'alpha_neuron': [0], 'kernel_type': ['rbf', 'matern', 'periodic'], 'layer_width': [100, 250, 500, 750, 1000], 'num_inducing': [10, 25, 50, 75, 100]}",COMPLETE,
56,0.002459545198179886,2026-07-30 22:03:32.622057,2026-07-30 22:03:44.266281,11.644224,0.001,0,rbf,750,50,0.001,0,10.784581083978992,rbf,750,50,1,0.002459545198179886,56,"{'alpha_edge': [0, 0.001, 0.1, 1, 10], 'alpha_neuron': [0], 'kernel_type': ['rbf', 'matern', 'periodic'], 'layer_width': [100, 250, 500, 750, 1000], 'num_inducing': [10, 25, 50, 75, 100]}",COMPLETE,
