number,value,datetime_start,datetime_complete,duration,params_alpha_edge,params_alpha_neuron,params_kernel_type,params_layer_width,params_num_inducing,user_attrs_alpha_edge,user_attrs_alpha_neuron,fit_duration_sec,kernel_type,user_attrs_layer_width,user_attrs_num_inducing,sigma_scale,val_rmse,system_attrs_grid_id,system_attrs_search_space,state,test_rmse
342,0.002538385678781862,2026-08-06 23:28:40.241898,2026-08-06 23:28:56.322407,16.080509,10.0,0,matern,500,75,10.0,0,14.826029625000047,matern,500,75,1,0.002538385678781862,342,"{'alpha_edge': [0, 0.001, 0.1, 1, 10], 'alpha_neuron': [0], 'kernel_type': ['rbf', 'matern', 'periodic'], 'layer_width': [100, 250, 500, 750, 1000], 'num_inducing': [10, 25, 50, 75, 100]}",COMPLETE,
343,0.0027276159964212676,2026-08-06 23:28:56.444666,2026-08-06 23:28:59.279622,2.834956,10.0,0,matern,500,10,10.0,0,2.629577374999826,matern,500,10,1,0.0027276159964212676,343,"{'alpha_edge': [0, 0.001, 0.1, 1, 10], 'alpha_neuron': [0], 'kernel_type': ['rbf', 'matern', 'periodic'], 'layer_width': [100, 250, 500, 750, 1000], 'num_inducing': [10, 25, 50, 75, 100]}",COMPLETE,
344,0.0023503093438515046,2026-08-06 23:28:59.283119,2026-08-06 23:29:20.420690,21.137571,0.1,0,matern,1000,50,0.1,0,19.442931583000245,matern,1000,50,1,0.0023503093438515046,344,"{'alpha_edge': [0, 0.001, 0.1, 1, 10], 'alpha_neuron': [0], 'kernel_type': ['rbf', 'matern', 'periodic'], 'layer_width': [100, 250, 500, 750, 1000], 'num_inducing': [10, 25, 50, 75, 100]}",COMPLETE,
345,0.0024536728647372523,2026-08-06 23:29:20.425201,2026-08-06 23:29:38.726822,18.301621,1.0,0,rbf,750,75,1.0,0,16.818127833999824,rbf,750,75,1,0.0024536728647372523,345,"{'alpha_edge': [0, 0.001, 0.1, 1, 10], 'alpha_neuron': [0], 'kernel_type': ['rbf', 'matern', 'periodic'], 'layer_width': [100, 250, 500, 750, 1000], 'num_inducing': [10, 25, 50, 75, 100]}",COMPLETE,
346,0.0025618422467872473,2026-08-06 23:29:38.730433,2026-08-06 23:29:43.319504,4.589071,0.001,0,matern,750,10,0.001,0,4.299345875000654,matern,750,10,1,0.0025618422467872473,346,"{'alpha_edge': [0, 0.001, 0.1, 1, 10], 'alpha_neuron': [0], 'kernel_type': ['rbf', 'matern', 'periodic'], 'layer_width': [100, 250, 500, 750, 1000], 'num_inducing': [10, 25, 50, 75, 100]}",COMPLETE,
347,0.0007614306154961269,2026-08-06 23:29:43.325055,2026-08-06 23:29:47.607017,4.281962,1.0,0,matern,750,10,1.0,0,3.9956895000004806,matern,750,10,1,0.0007614306154961269,347,"{'alpha_edge': [0, 0.001, 0.1, 1, 10], 'alpha_neuron': [0], 'kernel_type': ['rbf', 'matern', 'periodic'], 'layer_width': [100, 250, 500, 750, 1000], 'num_inducing': [10, 25, 50, 75, 100]}",COMPLETE,
348,0.018307845018232353,2026-08-06 23:29:47.611443,2026-08-06 23:30:09.078084,21.466641,0.0,0,periodic,1000,50,0.0,0,19.497743916999752,periodic,1000,50,1,0.018307845018232353,348,"{'alpha_edge': [0, 0.001, 0.1, 1, 10], 'alpha_neuron': [0], 'kernel_type': ['rbf', 'matern', 'periodic'], 'layer_width': [100, 250, 500, 750, 1000], 'num_inducing': [10, 25, 50, 75, 100]}",COMPLETE,
349,0.009290075628800748,2026-08-06 23:30:09.081048,2026-08-06 23:30:17.170786,8.089738,10.0,0,matern,250,75,10.0,0,7.492409000000407,matern,250,75,1,0.009290075628800748,349,"{'alpha_edge': [0, 0.001, 0.1, 1, 10], 'alpha_neuron': [0], 'kernel_type': ['rbf', 'matern', 'periodic'], 'layer_width': [100, 250, 500, 750, 1000], 'num_inducing': [10, 25, 50, 75, 100]}",COMPLETE,
350,0.04970142851621244,2026-08-06 23:30:17.175200,2026-08-06 23:30:17.688381,0.513181,0.0,0,matern,100,10,0.0,0,0.47689833299955353,matern,100,10,1,0.04970142851621244,350,"{'alpha_edge': [0, 0.001, 0.1, 1, 10], 'alpha_neuron': [0], 'kernel_type': ['rbf', 'matern', 'periodic'], 'layer_width': [100, 250, 500, 750, 1000], 'num_inducing': [10, 25, 50, 75, 100]}",COMPLETE,
351,0.0020186279075135724,2026-08-06 23:30:17.691131,2026-08-06 23:30:21.491278,3.800147,0.1,0,rbf,750,10,0.1,0,3.5885863330004213,rbf,750,10,1,0.0020186279075135724,351,"{'alpha_edge': [0, 0.001, 0.1, 1, 10], 'alpha_neuron': [0], 'kernel_type': ['rbf', 'matern', 'periodic'], 'layer_width': [100, 250, 500, 750, 1000], 'num_inducing': [10, 25, 50, 75, 100]}",COMPLETE,
352,0.002538560066870279,2026-08-06 23:30:21.494628,2026-08-06 23:30:31.873212,10.378584,10.0,0,matern,500,50,10.0,0,9.559278334000737,matern,500,50,1,0.002538560066870279,352,"{'alpha_edge': [0, 0.001, 0.1, 1, 10], 'alpha_neuron': [0], 'kernel_type': ['rbf', 'matern', 'periodic'], 'layer_width': [100, 250, 500, 750, 1000], 'num_inducing': [10, 25, 50, 75, 100]}",COMPLETE,
353,0.014154669119029037,2026-08-06 23:30:31.876395,2026-08-06 23:30:48.790160,16.913765,10.0,0,periodic,750,50,10.0,0,15.415691125000194,periodic,750,50,1,0.014154669119029037,353,"{'alpha_edge': [0, 0.001, 0.1, 1, 10], 'alpha_neuron': [0], 'kernel_type': ['rbf', 'matern', 'periodic'], 'layer_width': [100, 250, 500, 750, 1000], 'num_inducing': [10, 25, 50, 75, 100]}",COMPLETE,
354,0.0024272871031143163,2026-08-06 23:30:48.793564,2026-08-06 23:31:23.717430,34.923866,0.1,0,rbf,1000,100,0.1,0,31.985452082999473,rbf,1000,100,1,0.0024272871031143163,354,"{'alpha_edge': [0, 0.001, 0.1, 1, 10], 'alpha_neuron': [0], 'kernel_type': ['rbf', 'matern', 'periodic'], 'layer_width': [100, 250, 500, 750, 1000], 'num_inducing': [10, 25, 50, 75, 100]}",COMPLETE,
355,0.07144211755512032,2026-08-06 23:31:23.723950,2026-08-06 23:31:29.685931,5.961981,10.0,0,periodic,500,25,10.0,0,5.456871708000108,periodic,500,25,1,0.07144211755512032,355,"{'alpha_edge': [0, 0.001, 0.1, 1, 10], 'alpha_neuron': [0], 'kernel_type': ['rbf', 'matern', 'periodic'], 'layer_width': [100, 250, 500, 750, 1000], 'num_inducing': [10, 25, 50, 75, 100]}",COMPLETE,
356,0.015461388772370032,2026-08-06 23:31:29.691311,2026-08-06 23:31:53.499438,23.808127,0.0,0,matern,500,100,0.0,0,21.972774832999676,matern,500,100,1,0.015461388772370032,356,"{'alpha_edge': [0, 0.001, 0.1, 1, 10], 'alpha_neuron': [0], 'kernel_type': ['rbf', 'matern', 'periodic'], 'layer_width': [100, 250, 500, 750, 1000], 'num_inducing': [10, 25, 50, 75, 100]}",COMPLETE,
357,0.0032712109124332293,2026-08-06 23:31:53.502588,2026-08-06 23:32:17.888462,24.385874,0.1,0,matern,750,75,0.1,0,22.313743332999366,matern,750,75,1,0.0032712109124332293,357,"{'alpha_edge': [0, 0.001, 0.1, 1, 10], 'alpha_neuron': [0], 'kernel_type': ['rbf', 'matern', 'periodic'], 'layer_width': [100, 250, 500, 750, 1000], 'num_inducing': [10, 25, 50, 75, 100]}",COMPLETE,
358,0.006061964342184002,2026-08-06 23:32:17.892704,2026-08-06 23:32:35.085110,17.192406,10.0,0,rbf,500,100,10.0,0,15.968961666000723,rbf,500,100,1,0.006061964342184002,358,"{'alpha_edge': [0, 0.001, 0.1, 1, 10], 'alpha_neuron': [0], 'kernel_type': ['rbf', 'matern', 'periodic'], 'layer_width': [100, 250, 500, 750, 1000], 'num_inducing': [10, 25, 50, 75, 100]}",COMPLETE,
359,0.0025072791092194324,2026-08-06 23:32:35.156825,2026-08-06 23:32:48.399041,13.242216,0.001,0,rbf,500,75,0.001,0,12.438764542000172,rbf,500,75,1,0.0025072791092194324,359,"{'alpha_edge': [0, 0.001, 0.1, 1, 10], 'alpha_neuron': [0], 'kernel_type': ['rbf', 'matern', 'periodic'], 'layer_width': [100, 250, 500, 750, 1000], 'num_inducing': [10, 25, 50, 75, 100]}",COMPLETE,
360,63.81954521091106,2026-08-06 23:32:48.402247,2026-08-06 23:32:54.429266,6.027019,0.0,0,periodic,1000,10,0.0,0,5.523501917000431,periodic,1000,10,1,63.81954521091106,360,"{'alpha_edge': [0, 0.001, 0.1, 1, 10], 'alpha_neuron': [0], 'kernel_type': ['rbf', 'matern', 'periodic'], 'layer_width': [100, 250, 500, 750, 1000], 'num_inducing': [10, 25, 50, 75, 100]}",COMPLETE,
361,0.0034444918726008016,2026-08-06 23:32:54.432897,2026-08-06 23:33:02.947886,8.514989,0.001,0,rbf,500,50,0.001,0,7.81546037499993,rbf,500,50,1,0.0034444918726008016,361,"{'alpha_edge': [0, 0.001, 0.1, 1, 10], 'alpha_neuron': [0], 'kernel_type': ['rbf', 'matern', 'periodic'], 'layer_width': [100, 250, 500, 750, 1000], 'num_inducing': [10, 25, 50, 75, 100]}",COMPLETE,
362,0.04419595320014648,2026-08-06 23:33:02.951026,2026-08-06 23:33:19.511881,16.560855,1.0,0,periodic,750,50,1.0,0,15.010030333000032,periodic,750,50,1,0.04419595320014648,362,"{'alpha_edge': [0, 0.001, 0.1, 1, 10], 'alpha_neuron': [0], 'kernel_type': ['rbf', 'matern', 'periodic'], 'layer_width': [100, 250, 500, 750, 1000], 'num_inducing': [10, 25, 50, 75, 100]}",COMPLETE,
363,0.0024628109764521736,2026-08-06 23:33:19.514737,2026-08-06 23:33:32.484389,12.969652,1.0,0,rbf,750,50,1.0,0,11.9987161250001,rbf,750,50,1,0.0024628109764521736,363,"{'alpha_edge': [0, 0.001, 0.1, 1, 10], 'alpha_neuron': [0], 'kernel_type': ['rbf', 'matern', 'periodic'], 'layer_width': [100, 250, 500, 750, 1000], 'num_inducing': [10, 25, 50, 75, 100]}",COMPLETE,
364,0.04200909961758407,2026-08-06 23:33:32.487519,2026-08-06 23:33:34.702941,2.215422,1.0,0,periodic,100,50,1.0,0,2.0176991250000356,periodic,100,50,1,0.04200909961758407,364,"{'alpha_edge': [0, 0.001, 0.1, 1, 10], 'alpha_neuron': [0], 'kernel_type': ['rbf', 'matern', 'periodic'], 'layer_width': [100, 250, 500, 750, 1000], 'num_inducing': [10, 25, 50, 75, 100]}",COMPLETE,
365,0.010383901531531839,2026-08-06 23:33:34.707877,2026-08-06 23:33:40.364230,5.656353,0.1,0,periodic,500,25,0.1,0,5.117920499999855,periodic,500,25,1,0.010383901531531839,365,"{'alpha_edge': [0, 0.001, 0.1, 1, 10], 'alpha_neuron': [0], 'kernel_type': ['rbf', 'matern', 'periodic'], 'layer_width': [100, 250, 500, 750, 1000], 'num_inducing': [10, 25, 50, 75, 100]}",COMPLETE,
366,0.09231719911103263,2026-08-06 23:33:40.367187,2026-08-06 23:33:49.408948,9.041761,0.0,0,rbf,250,100,0.0,0,8.418427249999695,rbf,250,100,1,0.09231719911103263,366,"{'alpha_edge': [0, 0.001, 0.1, 1, 10], 'alpha_neuron': [0], 'kernel_type': ['rbf', 'matern', 'periodic'], 'layer_width': [100, 250, 500, 750, 1000], 'num_inducing': [10, 25, 50, 75, 100]}",COMPLETE,
367,0.09269368906543034,2026-08-06 23:33:49.412361,2026-08-06 23:34:00.755494,11.343133,10.0,0,periodic,250,100,10.0,0,10.395850750000136,periodic,250,100,1,0.09269368906543034,367,"{'alpha_edge': [0, 0.001, 0.1, 1, 10], 'alpha_neuron': [0], 'kernel_type': ['rbf', 'matern', 'periodic'], 'layer_width': [100, 250, 500, 750, 1000], 'num_inducing': [10, 25, 50, 75, 100]}",COMPLETE,
368,0.0014590231816522744,2026-08-06 23:34:00.759790,2026-08-06 23:34:06.584703,5.824913,0.1,0,matern,1000,10,0.1,0,5.452296999999817,matern,1000,10,1,0.0014590231816522744,368,"{'alpha_edge': [0, 0.001, 0.1, 1, 10], 'alpha_neuron': [0], 'kernel_type': ['rbf', 'matern', 'periodic'], 'layer_width': [100, 250, 500, 750, 1000], 'num_inducing': [10, 25, 50, 75, 100]}",COMPLETE,
369,0.08715936685454405,2026-08-06 23:34:06.587840,2026-08-06 23:34:07.607755,1.019915,1.0,0,matern,100,25,1.0,0,0.9126067079996574,matern,100,25,1,0.08715936685454405,369,"{'alpha_edge': [0, 0.001, 0.1, 1, 10], 'alpha_neuron': [0], 'kernel_type': ['rbf', 'matern', 'periodic'], 'layer_width': [100, 250, 500, 750, 1000], 'num_inducing': [10, 25, 50, 75, 100]}",COMPLETE,
370,0.004461923829674468,2026-08-06 23:34:07.610958,2026-08-06 23:34:34.089050,26.478092,10.0,0,rbf,1000,75,10.0,0,24.28912025000045,rbf,1000,75,1,0.004461923829674468,370,"{'alpha_edge': [0, 0.001, 0.1, 1, 10], 'alpha_neuron': [0], 'kernel_type': ['rbf', 'matern', 'periodic'], 'layer_width': [100, 250, 500, 750, 1000], 'num_inducing': [10, 25, 50, 75, 100]}",COMPLETE,
371,0.003137347961087345,2026-08-06 23:34:34.095199,2026-08-06 23:34:55.501960,21.406761,0.1,0,matern,750,50,0.1,0,19.605445207999765,matern,750,50,1,0.003137347961087345,371,"{'alpha_edge': [0, 0.001, 0.1, 1, 10], 'alpha_neuron': [0], 'kernel_type': ['rbf', 'matern', 'periodic'], 'layer_width': [100, 250, 500, 750, 1000], 'num_inducing': [10, 25, 50, 75, 100]}",COMPLETE,
372,0.0020408549995722097,2026-08-06 23:34:55.507488,2026-08-06 23:35:14.811105,19.303617,0.001,0,matern,750,50,0.001,0,17.715454625000348,matern,750,50,1,0.0020408549995722097,372,"{'alpha_edge': [0, 0.001, 0.1, 1, 10], 'alpha_neuron': [0], 'kernel_type': ['rbf', 'matern', 'periodic'], 'layer_width': [100, 250, 500, 750, 1000], 'num_inducing': [10, 25, 50, 75, 100]}",COMPLETE,
373,0.01079285990593009,2026-08-06 23:35:14.815303,2026-08-06 23:35:39.757855,24.942552,0.0,0,matern,1000,50,0.0,0,22.7690473749999,matern,1000,50,1,0.01079285990593009,373,"{'alpha_edge': [0, 0.001, 0.1, 1, 10], 'alpha_neuron': [0], 'kernel_type': ['rbf', 'matern', 'periodic'], 'layer_width': [100, 250, 500, 750, 1000], 'num_inducing': [10, 25, 50, 75, 100]}",COMPLETE,
374,0.0033244630259829386,2026-08-06 23:35:39.761086,2026-08-06 23:35:59.949252,20.188166,0.1,0,rbf,1000,50,0.1,0,18.67551950000052,rbf,1000,50,1,0.0033244630259829386,374,"{'alpha_edge': [0, 0.001, 0.1, 1, 10], 'alpha_neuron': [0], 'kernel_type': ['rbf', 'matern', 'periodic'], 'layer_width': [100, 250, 500, 750, 1000], 'num_inducing': [10, 25, 50, 75, 100]}",COMPLETE,
