number,value,datetime_start,datetime_complete,duration,params_alpha_edge,params_alpha_neuron,params_kernel_type,params_layer_width,params_num_inducing,user_attrs_alpha_edge,user_attrs_alpha_neuron,fit_duration_sec,kernel_type,user_attrs_layer_width,user_attrs_num_inducing,sigma_scale,val_rmse,system_attrs_grid_id,system_attrs_search_space,state,test_rmse
285,0.0006386336891756225,2026-08-06 23:14:47.911630,2026-08-06 23:15:26.044923,38.133293,0.001,0,rbf,750,100,0.001,0,35.175436500000615,rbf,750,100,1,0.0006386336891756225,285,"{'alpha_edge': [0, 0.001, 0.1, 1, 10], 'alpha_neuron': [0], 'kernel_type': ['rbf', 'matern', 'periodic'], 'layer_width': [100, 250, 500, 750, 1000], 'num_inducing': [10, 25, 50, 75, 100]}",COMPLETE,
286,0.004716490802007698,2026-08-06 23:15:26.049241,2026-08-06 23:16:17.677439,51.628198,10.0,0,matern,750,100,10.0,0,46.70796362500005,matern,750,100,1,0.004716490802007698,286,"{'alpha_edge': [0, 0.001, 0.1, 1, 10], 'alpha_neuron': [0], 'kernel_type': ['rbf', 'matern', 'periodic'], 'layer_width': [100, 250, 500, 750, 1000], 'num_inducing': [10, 25, 50, 75, 100]}",COMPLETE,
287,0.0023993312338366573,2026-08-06 23:16:17.680706,2026-08-06 23:16:26.057161,8.376455,0.001,0,rbf,1000,10,0.001,0,7.745594916999835,rbf,1000,10,1,0.0023993312338366573,287,"{'alpha_edge': [0, 0.001, 0.1, 1, 10], 'alpha_neuron': [0], 'kernel_type': ['rbf', 'matern', 'periodic'], 'layer_width': [100, 250, 500, 750, 1000], 'num_inducing': [10, 25, 50, 75, 100]}",COMPLETE,
288,0.03366595155125582,2026-08-06 23:16:26.061288,2026-08-06 23:16:27.923527,1.862239,10.0,0,matern,100,25,10.0,0,1.7103803330001028,matern,100,25,1,0.03366595155125582,288,"{'alpha_edge': [0, 0.001, 0.1, 1, 10], 'alpha_neuron': [0], 'kernel_type': ['rbf', 'matern', 'periodic'], 'layer_width': [100, 250, 500, 750, 1000], 'num_inducing': [10, 25, 50, 75, 100]}",COMPLETE,
289,0.003968546927997127,2026-08-06 23:16:27.928499,2026-08-06 23:17:10.138782,42.210283,0.1,0,rbf,750,100,0.1,0,39.05619325000043,rbf,750,100,1,0.003968546927997127,289,"{'alpha_edge': [0, 0.001, 0.1, 1, 10], 'alpha_neuron': [0], 'kernel_type': ['rbf', 'matern', 'periodic'], 'layer_width': [100, 250, 500, 750, 1000], 'num_inducing': [10, 25, 50, 75, 100]}",COMPLETE,
290,0.016090914805272676,2026-08-06 23:17:10.143606,2026-08-06 23:18:06.269506,56.1259,0.0,0,periodic,750,100,0.0,0,49.514029375000064,periodic,750,100,1,0.016090914805272676,290,"{'alpha_edge': [0, 0.001, 0.1, 1, 10], 'alpha_neuron': [0], 'kernel_type': ['rbf', 'matern', 'periodic'], 'layer_width': [100, 250, 500, 750, 1000], 'num_inducing': [10, 25, 50, 75, 100]}",COMPLETE,
291,0.009127577452133601,2026-08-06 23:18:06.280565,2026-08-06 23:19:02.502522,56.221957,0.0,0,matern,1000,75,0.0,0,51.40955979200044,matern,1000,75,1,0.009127577452133601,291,"{'alpha_edge': [0, 0.001, 0.1, 1, 10], 'alpha_neuron': [0], 'kernel_type': ['rbf', 'matern', 'periodic'], 'layer_width': [100, 250, 500, 750, 1000], 'num_inducing': [10, 25, 50, 75, 100]}",COMPLETE,
292,0.01169535621294304,2026-08-06 23:19:02.507183,2026-08-06 23:19:12.616595,10.109412,0.1,0,periodic,250,50,0.1,0,9.180831374999798,periodic,250,50,1,0.01169535621294304,292,"{'alpha_edge': [0, 0.001, 0.1, 1, 10], 'alpha_neuron': [0], 'kernel_type': ['rbf', 'matern', 'periodic'], 'layer_width': [100, 250, 500, 750, 1000], 'num_inducing': [10, 25, 50, 75, 100]}",COMPLETE,
293,0.02726683113291187,2026-08-06 23:19:12.621260,2026-08-06 23:19:20.579189,7.957929,1.0,0,periodic,100,100,1.0,0,7.068857290999404,periodic,100,100,1,0.02726683113291187,293,"{'alpha_edge': [0, 0.001, 0.1, 1, 10], 'alpha_neuron': [0], 'kernel_type': ['rbf', 'matern', 'periodic'], 'layer_width': [100, 250, 500, 750, 1000], 'num_inducing': [10, 25, 50, 75, 100]}",COMPLETE,
294,0.0878985763023103,2026-08-06 23:19:20.587552,2026-08-06 23:19:23.589581,3.002029,1.0,0,rbf,100,50,1.0,0,2.752422624999781,rbf,100,50,1,0.0878985763023103,294,"{'alpha_edge': [0, 0.001, 0.1, 1, 10], 'alpha_neuron': [0], 'kernel_type': ['rbf', 'matern', 'periodic'], 'layer_width': [100, 250, 500, 750, 1000], 'num_inducing': [10, 25, 50, 75, 100]}",COMPLETE,
295,0.004748915425727959,2026-08-06 23:19:23.593089,2026-08-06 23:20:19.887409,56.29432,0.001,0,periodic,1000,75,0.001,0,51.284195624999484,periodic,1000,75,1,0.004748915425727959,295,"{'alpha_edge': [0, 0.001, 0.1, 1, 10], 'alpha_neuron': [0], 'kernel_type': ['rbf', 'matern', 'periodic'], 'layer_width': [100, 250, 500, 750, 1000], 'num_inducing': [10, 25, 50, 75, 100]}",COMPLETE,
296,0.006848238943655262,2026-08-06 23:20:19.890975,2026-08-06 23:20:56.513073,36.622098,0.001,0,periodic,750,75,0.001,0,33.01142274999984,periodic,750,75,1,0.006848238943655262,296,"{'alpha_edge': [0, 0.001, 0.1, 1, 10], 'alpha_neuron': [0], 'kernel_type': ['rbf', 'matern', 'periodic'], 'layer_width': [100, 250, 500, 750, 1000], 'num_inducing': [10, 25, 50, 75, 100]}",COMPLETE,
297,0.007951731303390216,2026-08-06 23:20:56.517371,2026-08-06 23:20:58.511392,1.994021,0.1,0,matern,250,10,0.1,0,1.8946880000003148,matern,250,10,1,0.007951731303390216,297,"{'alpha_edge': [0, 0.001, 0.1, 1, 10], 'alpha_neuron': [0], 'kernel_type': ['rbf', 'matern', 'periodic'], 'layer_width': [100, 250, 500, 750, 1000], 'num_inducing': [10, 25, 50, 75, 100]}",COMPLETE,
298,0.015840962569329625,2026-08-06 23:20:58.514612,2026-08-06 23:21:01.242180,2.727568,0.001,0,periodic,250,25,0.001,0,2.5024847920003594,periodic,250,25,1,0.015840962569329625,298,"{'alpha_edge': [0, 0.001, 0.1, 1, 10], 'alpha_neuron': [0], 'kernel_type': ['rbf', 'matern', 'periodic'], 'layer_width': [100, 250, 500, 750, 1000], 'num_inducing': [10, 25, 50, 75, 100]}",COMPLETE,
299,0.008533184568994294,2026-08-06 23:21:01.247112,2026-08-06 23:21:06.866573,5.619461,10.0,0,matern,250,50,10.0,0,5.204285333000371,matern,250,50,1,0.008533184568994294,299,"{'alpha_edge': [0, 0.001, 0.1, 1, 10], 'alpha_neuron': [0], 'kernel_type': ['rbf', 'matern', 'periodic'], 'layer_width': [100, 250, 500, 750, 1000], 'num_inducing': [10, 25, 50, 75, 100]}",COMPLETE,
300,0.04192486968438177,2026-08-06 23:21:06.871631,2026-08-06 23:21:37.684991,30.81336,10.0,0,periodic,1000,75,10.0,0,27.735296540999116,periodic,1000,75,1,0.04192486968438177,300,"{'alpha_edge': [0, 0.001, 0.1, 1, 10], 'alpha_neuron': [0], 'kernel_type': ['rbf', 'matern', 'periodic'], 'layer_width': [100, 250, 500, 750, 1000], 'num_inducing': [10, 25, 50, 75, 100]}",COMPLETE,
301,0.003101785335306197,2026-08-06 23:21:37.690109,2026-08-06 23:21:48.481542,10.791433,1.0,0,matern,500,50,1.0,0,9.900401165999938,matern,500,50,1,0.003101785335306197,301,"{'alpha_edge': [0, 0.001, 0.1, 1, 10], 'alpha_neuron': [0], 'kernel_type': ['rbf', 'matern', 'periodic'], 'layer_width': [100, 250, 500, 750, 1000], 'num_inducing': [10, 25, 50, 75, 100]}",COMPLETE,
302,0.03563580668000478,2026-08-06 23:21:48.484900,2026-08-06 23:21:51.882984,3.398084,0.1,0,periodic,100,75,0.1,0,3.0738579580001897,periodic,100,75,1,0.03563580668000478,302,"{'alpha_edge': [0, 0.001, 0.1, 1, 10], 'alpha_neuron': [0], 'kernel_type': ['rbf', 'matern', 'periodic'], 'layer_width': [100, 250, 500, 750, 1000], 'num_inducing': [10, 25, 50, 75, 100]}",COMPLETE,
303,0.007332906926998728,2026-08-06 23:21:51.887628,2026-08-06 23:22:00.500793,8.613165,0.001,0,rbf,250,100,0.001,0,8.04996279199986,rbf,250,100,1,0.007332906926998728,303,"{'alpha_edge': [0, 0.001, 0.1, 1, 10], 'alpha_neuron': [0], 'kernel_type': ['rbf', 'matern', 'periodic'], 'layer_width': [100, 250, 500, 750, 1000], 'num_inducing': [10, 25, 50, 75, 100]}",COMPLETE,
304,0.0007739432143066419,2026-08-06 23:22:00.505518,2026-08-06 23:22:11.842770,11.337252,0.001,0,matern,1000,25,0.001,0,10.587528125000063,matern,1000,25,1,0.0007739432143066419,304,"{'alpha_edge': [0, 0.001, 0.1, 1, 10], 'alpha_neuron': [0], 'kernel_type': ['rbf', 'matern', 'periodic'], 'layer_width': [100, 250, 500, 750, 1000], 'num_inducing': [10, 25, 50, 75, 100]}",COMPLETE,
305,0.0014935046589755435,2026-08-06 23:22:11.846364,2026-08-06 23:22:17.164785,5.318421,10.0,0,rbf,1000,10,10.0,0,5.062170041999707,rbf,1000,10,1,0.0014935046589755435,305,"{'alpha_edge': [0, 0.001, 0.1, 1, 10], 'alpha_neuron': [0], 'kernel_type': ['rbf', 'matern', 'periodic'], 'layer_width': [100, 250, 500, 750, 1000], 'num_inducing': [10, 25, 50, 75, 100]}",COMPLETE,
306,0.001002422032296237,2026-08-06 23:22:17.167842,2026-08-06 23:22:25.429556,8.261714,10.0,0,matern,750,25,10.0,0,7.558712041000035,matern,750,25,1,0.001002422032296237,306,"{'alpha_edge': [0, 0.001, 0.1, 1, 10], 'alpha_neuron': [0], 'kernel_type': ['rbf', 'matern', 'periodic'], 'layer_width': [100, 250, 500, 750, 1000], 'num_inducing': [10, 25, 50, 75, 100]}",COMPLETE,
307,0.004692578991489433,2026-08-06 23:22:25.432763,2026-08-06 23:22:32.243800,6.811037,0.001,0,rbf,750,25,0.001,0,6.305708584000058,rbf,750,25,1,0.004692578991489433,307,"{'alpha_edge': [0, 0.001, 0.1, 1, 10], 'alpha_neuron': [0], 'kernel_type': ['rbf', 'matern', 'periodic'], 'layer_width': [100, 250, 500, 750, 1000], 'num_inducing': [10, 25, 50, 75, 100]}",COMPLETE,
308,0.00999560164444383,2026-08-06 23:22:32.249023,2026-08-06 23:22:36.396408,4.147385,0.001,0,rbf,250,50,0.001,0,3.857191667000734,rbf,250,50,1,0.00999560164444383,308,"{'alpha_edge': [0, 0.001, 0.1, 1, 10], 'alpha_neuron': [0], 'kernel_type': ['rbf', 'matern', 'periodic'], 'layer_width': [100, 250, 500, 750, 1000], 'num_inducing': [10, 25, 50, 75, 100]}",COMPLETE,
309,0.003681450688528639,2026-08-06 23:22:36.399273,2026-08-06 23:22:51.841750,15.442477,1.0,0,matern,750,50,1.0,0,14.334288957999888,matern,750,50,1,0.003681450688528639,309,"{'alpha_edge': [0, 0.001, 0.1, 1, 10], 'alpha_neuron': [0], 'kernel_type': ['rbf', 'matern', 'periodic'], 'layer_width': [100, 250, 500, 750, 1000], 'num_inducing': [10, 25, 50, 75, 100]}",COMPLETE,
310,0.003318403084686402,2026-08-06 23:22:51.845183,2026-08-06 23:23:24.187390,32.342207,0.001,0,matern,750,100,0.001,0,29.616975417000504,matern,750,100,1,0.003318403084686402,310,"{'alpha_edge': [0, 0.001, 0.1, 1, 10], 'alpha_neuron': [0], 'kernel_type': ['rbf', 'matern', 'periodic'], 'layer_width': [100, 250, 500, 750, 1000], 'num_inducing': [10, 25, 50, 75, 100]}",COMPLETE,
311,0.022987823713028016,2026-08-06 23:23:24.191080,2026-08-06 23:23:33.276780,9.0857,1.0,0,periodic,750,25,1.0,0,8.090398209000341,periodic,750,25,1,0.022987823713028016,311,"{'alpha_edge': [0, 0.001, 0.1, 1, 10], 'alpha_neuron': [0], 'kernel_type': ['rbf', 'matern', 'periodic'], 'layer_width': [100, 250, 500, 750, 1000], 'num_inducing': [10, 25, 50, 75, 100]}",COMPLETE,
312,0.03909158545118285,2026-08-06 23:23:33.280030,2026-08-06 23:23:38.781947,5.501917,0.0,0,periodic,250,50,0.0,0,5.039369500000248,periodic,250,50,1,0.03909158545118285,312,"{'alpha_edge': [0, 0.001, 0.1, 1, 10], 'alpha_neuron': [0], 'kernel_type': ['rbf', 'matern', 'periodic'], 'layer_width': [100, 250, 500, 750, 1000], 'num_inducing': [10, 25, 50, 75, 100]}",COMPLETE,
313,0.00826556137209193,2026-08-06 23:23:38.784860,2026-08-06 23:23:44.392975,5.608115,1.0,0,matern,250,50,1.0,0,5.15383833299984,matern,250,50,1,0.00826556137209193,313,"{'alpha_edge': [0, 0.001, 0.1, 1, 10], 'alpha_neuron': [0], 'kernel_type': ['rbf', 'matern', 'periodic'], 'layer_width': [100, 250, 500, 750, 1000], 'num_inducing': [10, 25, 50, 75, 100]}",COMPLETE,
314,0.015372213363956394,2026-08-06 23:23:44.396653,2026-08-06 23:23:45.700721,1.304068,10.0,0,matern,250,10,10.0,0,1.1288028330000088,matern,250,10,1,0.015372213363956394,314,"{'alpha_edge': [0, 0.001, 0.1, 1, 10], 'alpha_neuron': [0], 'kernel_type': ['rbf', 'matern', 'periodic'], 'layer_width': [100, 250, 500, 750, 1000], 'num_inducing': [10, 25, 50, 75, 100]}",COMPLETE,
315,0.00850799001774548,2026-08-06 23:23:45.707503,2026-08-06 23:24:01.421975,15.714472,0.0,0,matern,750,50,0.0,0,14.28732220800066,matern,750,50,1,0.00850799001774548,315,"{'alpha_edge': [0, 0.001, 0.1, 1, 10], 'alpha_neuron': [0], 'kernel_type': ['rbf', 'matern', 'periodic'], 'layer_width': [100, 250, 500, 750, 1000], 'num_inducing': [10, 25, 50, 75, 100]}",COMPLETE,
316,0.015729203337220356,2026-08-06 23:24:01.424863,2026-08-06 23:24:02.872951,1.448088,0.001,0,matern,250,10,0.001,0,1.3417053749999468,matern,250,10,1,0.015729203337220356,316,"{'alpha_edge': [0, 0.001, 0.1, 1, 10], 'alpha_neuron': [0], 'kernel_type': ['rbf', 'matern', 'periodic'], 'layer_width': [100, 250, 500, 750, 1000], 'num_inducing': [10, 25, 50, 75, 100]}",COMPLETE,
317,0.002153818318540681,2026-08-06 23:24:02.875800,2026-08-06 23:24:34.215370,31.33957,1.0,0,matern,1000,75,1.0,0,28.903379666000546,matern,1000,75,1,0.002153818318540681,317,"{'alpha_edge': [0, 0.001, 0.1, 1, 10], 'alpha_neuron': [0], 'kernel_type': ['rbf', 'matern', 'periodic'], 'layer_width': [100, 250, 500, 750, 1000], 'num_inducing': [10, 25, 50, 75, 100]}",COMPLETE,
318,0.03110194507798086,2026-08-06 23:24:34.218473,2026-08-06 23:24:37.640547,3.422074,10.0,0,matern,100,75,10.0,0,3.1326234170001044,matern,100,75,1,0.03110194507798086,318,"{'alpha_edge': [0, 0.001, 0.1, 1, 10], 'alpha_neuron': [0], 'kernel_type': ['rbf', 'matern', 'periodic'], 'layer_width': [100, 250, 500, 750, 1000], 'num_inducing': [10, 25, 50, 75, 100]}",COMPLETE,
319,0.016437690612224658,2026-08-06 23:24:37.643504,2026-08-06 23:24:53.120457,15.476953,0.0,0,matern,500,75,0.0,0,14.287032582999927,matern,500,75,1,0.016437690612224658,319,"{'alpha_edge': [0, 0.001, 0.1, 1, 10], 'alpha_neuron': [0], 'kernel_type': ['rbf', 'matern', 'periodic'], 'layer_width': [100, 250, 500, 750, 1000], 'num_inducing': [10, 25, 50, 75, 100]}",COMPLETE,
320,0.075473609807384,2026-08-06 23:24:53.123968,2026-08-06 23:24:56.274913,3.150945,0.0,0,periodic,100,75,0.0,0,2.854927499999576,periodic,100,75,1,0.075473609807384,320,"{'alpha_edge': [0, 0.001, 0.1, 1, 10], 'alpha_neuron': [0], 'kernel_type': ['rbf', 'matern', 'periodic'], 'layer_width': [100, 250, 500, 750, 1000], 'num_inducing': [10, 25, 50, 75, 100]}",COMPLETE,
321,0.0013295596308799799,2026-08-06 23:24:56.278018,2026-08-06 23:25:16.064252,19.786234,10.0,0,rbf,1000,50,10.0,0,18.286794665999878,rbf,1000,50,1,0.0013295596308799799,321,"{'alpha_edge': [0, 0.001, 0.1, 1, 10], 'alpha_neuron': [0], 'kernel_type': ['rbf', 'matern', 'periodic'], 'layer_width': [100, 250, 500, 750, 1000], 'num_inducing': [10, 25, 50, 75, 100]}",COMPLETE,
322,0.04587532391713483,2026-08-06 23:25:16.067378,2026-08-06 23:25:19.697792,3.630414,0.001,0,periodic,100,75,0.001,0,3.281584207999913,periodic,100,75,1,0.04587532391713483,322,"{'alpha_edge': [0, 0.001, 0.1, 1, 10], 'alpha_neuron': [0], 'kernel_type': ['rbf', 'matern', 'periodic'], 'layer_width': [100, 250, 500, 750, 1000], 'num_inducing': [10, 25, 50, 75, 100]}",COMPLETE,
323,0.0119568715212284,2026-08-06 23:25:19.700875,2026-08-06 23:25:25.546718,5.845843,1.0,0,periodic,750,10,1.0,0,5.30028029100049,periodic,750,10,1,0.0119568715212284,323,"{'alpha_edge': [0, 0.001, 0.1, 1, 10], 'alpha_neuron': [0], 'kernel_type': ['rbf', 'matern', 'periodic'], 'layer_width': [100, 250, 500, 750, 1000], 'num_inducing': [10, 25, 50, 75, 100]}",COMPLETE,
324,0.04761803334113609,2026-08-06 23:25:25.549783,2026-08-06 23:25:29.398808,3.849025,0.0,0,matern,100,75,0.0,0,3.4684262079999826,matern,100,75,1,0.04761803334113609,324,"{'alpha_edge': [0, 0.001, 0.1, 1, 10], 'alpha_neuron': [0], 'kernel_type': ['rbf', 'matern', 'periodic'], 'layer_width': [100, 250, 500, 750, 1000], 'num_inducing': [10, 25, 50, 75, 100]}",COMPLETE,
325,0.013755448418696775,2026-08-06 23:25:29.401737,2026-08-06 23:25:38.579290,9.177553,0.1,0,matern,250,75,0.1,0,8.296967582999969,matern,250,75,1,0.013755448418696775,325,"{'alpha_edge': [0, 0.001, 0.1, 1, 10], 'alpha_neuron': [0], 'kernel_type': ['rbf', 'matern', 'periodic'], 'layer_width': [100, 250, 500, 750, 1000], 'num_inducing': [10, 25, 50, 75, 100]}",COMPLETE,
326,0.003935071087025873,2026-08-06 23:25:38.583047,2026-08-06 23:25:52.660464,14.077417,0.1,0,rbf,500,75,0.1,0,13.213130000000092,rbf,500,75,1,0.003935071087025873,326,"{'alpha_edge': [0, 0.001, 0.1, 1, 10], 'alpha_neuron': [0], 'kernel_type': ['rbf', 'matern', 'periodic'], 'layer_width': [100, 250, 500, 750, 1000], 'num_inducing': [10, 25, 50, 75, 100]}",COMPLETE,
327,0.094270695335765,2026-08-06 23:25:52.663579,2026-08-06 23:25:53.775876,1.112297,0.1,0,rbf,100,25,0.1,0,1.010829458000444,rbf,100,25,1,0.094270695335765,327,"{'alpha_edge': [0, 0.001, 0.1, 1, 10], 'alpha_neuron': [0], 'kernel_type': ['rbf', 'matern', 'periodic'], 'layer_width': [100, 250, 500, 750, 1000], 'num_inducing': [10, 25, 50, 75, 100]}",COMPLETE,
328,0.0033122676097307358,2026-08-06 23:25:53.779199,2026-08-06 23:26:22.988646,29.209447,1.0,0,rbf,750,100,1.0,0,27.076811207999526,rbf,750,100,1,0.0033122676097307358,328,"{'alpha_edge': [0, 0.001, 0.1, 1, 10], 'alpha_neuron': [0], 'kernel_type': ['rbf', 'matern', 'periodic'], 'layer_width': [100, 250, 500, 750, 1000], 'num_inducing': [10, 25, 50, 75, 100]}",COMPLETE,
329,0.01806905677185905,2026-08-06 23:26:22.991649,2026-08-06 23:26:25.452444,2.460795,0.1,0,periodic,100,50,0.1,0,2.234503833000417,periodic,100,50,1,0.01806905677185905,329,"{'alpha_edge': [0, 0.001, 0.1, 1, 10], 'alpha_neuron': [0], 'kernel_type': ['rbf', 'matern', 'periodic'], 'layer_width': [100, 250, 500, 750, 1000], 'num_inducing': [10, 25, 50, 75, 100]}",COMPLETE,
330,0.026618220082366816,2026-08-06 23:26:25.457524,2026-08-06 23:26:28.375902,2.918378,0.0,0,matern,250,25,0.0,0,2.6441930829996636,matern,250,25,1,0.026618220082366816,330,"{'alpha_edge': [0, 0.001, 0.1, 1, 10], 'alpha_neuron': [0], 'kernel_type': ['rbf', 'matern', 'periodic'], 'layer_width': [100, 250, 500, 750, 1000], 'num_inducing': [10, 25, 50, 75, 100]}",COMPLETE,
331,0.034497324783802734,2026-08-06 23:26:28.379662,2026-08-06 23:26:34.376478,5.996816,0.0,0,matern,250,50,0.0,0,5.502214582999841,matern,250,50,1,0.034497324783802734,331,"{'alpha_edge': [0, 0.001, 0.1, 1, 10], 'alpha_neuron': [0], 'kernel_type': ['rbf', 'matern', 'periodic'], 'layer_width': [100, 250, 500, 750, 1000], 'num_inducing': [10, 25, 50, 75, 100]}",COMPLETE,
332,0.06942328672114309,2026-08-06 23:26:34.380038,2026-08-06 23:26:36.846459,2.466421,0.001,0,periodic,100,50,0.001,0,2.2301572919996033,periodic,100,50,1,0.06942328672114309,332,"{'alpha_edge': [0, 0.001, 0.1, 1, 10], 'alpha_neuron': [0], 'kernel_type': ['rbf', 'matern', 'periodic'], 'layer_width': [100, 250, 500, 750, 1000], 'num_inducing': [10, 25, 50, 75, 100]}",COMPLETE,
333,0.0030626020787495015,2026-08-06 23:26:36.849769,2026-08-06 23:26:40.255672,3.405903,0.1,0,matern,500,10,0.1,0,3.0289372500001264,matern,500,10,1,0.0030626020787495015,333,"{'alpha_edge': [0, 0.001, 0.1, 1, 10], 'alpha_neuron': [0], 'kernel_type': ['rbf', 'matern', 'periodic'], 'layer_width': [100, 250, 500, 750, 1000], 'num_inducing': [10, 25, 50, 75, 100]}",COMPLETE,
334,0.0006190976893248121,2026-08-06 23:26:40.259308,2026-08-06 23:27:05.656791,25.397483,10.0,0,matern,1000,50,10.0,0,23.286564874999385,matern,1000,50,1,0.0006190976893248121,334,"{'alpha_edge': [0, 0.001, 0.1, 1, 10], 'alpha_neuron': [0], 'kernel_type': ['rbf', 'matern', 'periodic'], 'layer_width': [100, 250, 500, 750, 1000], 'num_inducing': [10, 25, 50, 75, 100]}",COMPLETE,
335,0.016206795075694714,2026-08-06 23:27:05.660222,2026-08-06 23:27:24.758639,19.098417,1.0,0,periodic,500,75,1.0,0,17.252765790999547,periodic,500,75,1,0.016206795075694714,335,"{'alpha_edge': [0, 0.001, 0.1, 1, 10], 'alpha_neuron': [0], 'kernel_type': ['rbf', 'matern', 'periodic'], 'layer_width': [100, 250, 500, 750, 1000], 'num_inducing': [10, 25, 50, 75, 100]}",COMPLETE,
336,0.045196193269594453,2026-08-06 23:27:24.761583,2026-08-06 23:27:27.402448,2.640865,10.0,0,periodic,100,50,10.0,0,2.396818666999934,periodic,100,50,1,0.045196193269594453,336,"{'alpha_edge': [0, 0.001, 0.1, 1, 10], 'alpha_neuron': [0], 'kernel_type': ['rbf', 'matern', 'periodic'], 'layer_width': [100, 250, 500, 750, 1000], 'num_inducing': [10, 25, 50, 75, 100]}",COMPLETE,
337,0.00474559347518947,2026-08-06 23:27:27.406909,2026-08-06 23:27:54.113952,26.707043,0.001,0,periodic,1000,50,0.001,0,24.376072750000276,periodic,1000,50,1,0.00474559347518947,337,"{'alpha_edge': [0, 0.001, 0.1, 1, 10], 'alpha_neuron': [0], 'kernel_type': ['rbf', 'matern', 'periodic'], 'layer_width': [100, 250, 500, 750, 1000], 'num_inducing': [10, 25, 50, 75, 100]}",COMPLETE,
338,0.015422967581319294,2026-08-06 23:27:54.126813,2026-08-06 23:27:57.191227,3.064414,1.0,0,periodic,500,10,1.0,0,2.808707790999506,periodic,500,10,1,0.015422967581319294,338,"{'alpha_edge': [0, 0.001, 0.1, 1, 10], 'alpha_neuron': [0], 'kernel_type': ['rbf', 'matern', 'periodic'], 'layer_width': [100, 250, 500, 750, 1000], 'num_inducing': [10, 25, 50, 75, 100]}",COMPLETE,
339,0.0009456661034278347,2026-08-06 23:27:57.194245,2026-08-06 23:28:03.238505,6.04426,10.0,0,matern,1000,10,10.0,0,5.633549874999517,matern,1000,10,1,0.0009456661034278347,339,"{'alpha_edge': [0, 0.001, 0.1, 1, 10], 'alpha_neuron': [0], 'kernel_type': ['rbf', 'matern', 'periodic'], 'layer_width': [100, 250, 500, 750, 1000], 'num_inducing': [10, 25, 50, 75, 100]}",COMPLETE,
340,0.017737050711393868,2026-08-06 23:28:03.241784,2026-08-06 23:28:05.676698,2.434914,0.1,0,matern,100,50,0.1,0,2.253952875000323,matern,100,50,1,0.017737050711393868,340,"{'alpha_edge': [0, 0.001, 0.1, 1, 10], 'alpha_neuron': [0], 'kernel_type': ['rbf', 'matern', 'periodic'], 'layer_width': [100, 250, 500, 750, 1000], 'num_inducing': [10, 25, 50, 75, 100]}",COMPLETE,
341,0.0003012967324811237,2026-08-06 23:28:05.679946,2026-08-06 23:28:40.237560,34.557614,0.001,0,rbf,1000,100,0.001,0,32.23120104099962,rbf,1000,100,1,0.0003012967324811237,341,"{'alpha_edge': [0, 0.001, 0.1, 1, 10], 'alpha_neuron': [0], 'kernel_type': ['rbf', 'matern', 'periodic'], 'layer_width': [100, 250, 500, 750, 1000], 'num_inducing': [10, 25, 50, 75, 100]}",COMPLETE,
